{"uid":"96f9bc85533e4f67","name":"User should be able to create buildType by creating project with URL","fullName":"com.example.teamcity.ui.CreateBuildTypeTest.userCreatesBuildTypeAutomaticallyByProjectCreationWithUrl","historyId":"5a5c3628ee07470fde7d4100dff6f390","time":{"start":1732490294983,"stop":1732490295049,"duration":66},"status":"failed","statusMessage":"1 expectation failed.\nExpected status code <200> but was <503>.\n","statusTrace":"java.lang.AssertionError: 1 expectation failed.\nExpected status code <200> but was <503>.\n\n\tat java.base/jdk.internal.reflect.NativeConstructorAccessorImpl.newInstance0(Native Method)\n\tat java.base/jdk.internal.reflect.NativeConstructorAccessorImpl.newInstance(NativeConstructorAccessorImpl.java:77)\n\tat java.base/jdk.internal.reflect.DelegatingConstructorAccessorImpl.newInstance(DelegatingConstructorAccessorImpl.java:45)\n\tat java.base/java.lang.reflect.Constructor.newInstanceWithCaller(Constructor.java:500)\n\tat java.base/java.lang.reflect.Constructor.newInstance(Constructor.java:481)\n\tat org.codehaus.groovy.reflection.CachedConstructor.invoke(CachedConstructor.java:73)\n\tat org.codehaus.groovy.runtime.callsite.ConstructorSite$ConstructorSiteNoUnwrapNoCoerce.callConstructor(ConstructorSite.java:108)\n\tat org.codehaus.groovy.runtime.callsite.AbstractCallSite.callConstructor(AbstractCallSite.java:277)\n\tat io.restassured.internal.ResponseSpecificationImpl$HamcrestAssertionClosure.validate(ResponseSpecificationImpl.groovy:512)\n\tat io.restassured.internal.ResponseSpecificationImpl$HamcrestAssertionClosure$validate$1.call(Unknown Source)\n\tat io.restassured.internal.ResponseSpecificationImpl.validateResponseIfRequired(ResponseSpecificationImpl.groovy:696)\n\tat io.restassured.internal.ResponseSpecificationImpl.this$2$validateResponseIfRequired(ResponseSpecificationImpl.groovy)\n\tat java.base/jdk.internal.reflect.NativeMethodAccessorImpl.invoke0(Native Method)\n\tat java.base/jdk.internal.reflect.NativeMethodAccessorImpl.invoke(NativeMethodAccessorImpl.java:77)\n\tat java.base/jdk.internal.reflect.DelegatingMethodAccessorImpl.invoke(DelegatingMethodAccessorImpl.java:43)\n\tat java.base/java.lang.reflect.Method.invoke(Method.java:569)\n\tat org.codehaus.groovy.runtime.callsite.PlainObjectMetaMethodSite.doInvoke(PlainObjectMetaMethodSite.java:43)\n\tat org.codehaus.groovy.runtime.callsite.PogoMetaMethodSite$PogoCachedMethodSiteNoUnwrapNoCoerce.invoke(PogoMetaMethodSite.java:198)\n\tat org.codehaus.groovy.runtime.callsite.PogoMetaMethodSite.callCurrent(PogoMetaMethodSite.java:62)\n\tat org.codehaus.groovy.runtime.callsite.AbstractCallSite.callCurrent(AbstractCallSite.java:185)\n\tat io.restassured.internal.ResponseSpecificationImpl.statusCode(ResponseSpecificationImpl.groovy:135)\n\tat io.restassured.specification.ResponseSpecification$statusCode$0.callCurrent(Unknown Source)\n\tat io.restassured.internal.ResponseSpecificationImpl.statusCode(ResponseSpecificationImpl.groovy:143)\n\tat io.restassured.internal.ValidatableResponseOptionsImpl.statusCode(ValidatableResponseOptionsImpl.java:89)\n\tat com.example.teamcity.api.requests.checked.CheckedBase.create(CheckedBase.java:25)\n\tat com.example.teamcity.ui.BaseUiTest.loginAs(BaseUiTest.java:52)\n\tat com.example.teamcity.ui.CreateBuildTypeTest.userCreatesBuildTypeAutomaticallyByProjectCreationWithUrl(CreateBuildTypeTest.java:50)\n\tat java.base/jdk.internal.reflect.NativeMethodAccessorImpl.invoke0(Native Method)\n\tat java.base/jdk.internal.reflect.NativeMethodAccessorImpl.invoke(NativeMethodAccessorImpl.java:77)\n\tat java.base/jdk.internal.reflect.DelegatingMethodAccessorImpl.invoke(DelegatingMethodAccessorImpl.java:43)\n\tat java.base/java.lang.reflect.Method.invoke(Method.java:569)\n\tat org.testng.internal.invokers.MethodInvocationHelper.invokeMethod(MethodInvocationHelper.java:139)\n\tat org.testng.internal.invokers.TestInvoker.invokeMethod(TestInvoker.java:677)\n\tat org.testng.internal.invokers.TestInvoker.invokeTestMethod(TestInvoker.java:221)\n\tat org.testng.internal.invokers.MethodRunner.runInSequence(MethodRunner.java:50)\n\tat org.testng.internal.invokers.TestInvoker$MethodInvocationAgent.invoke(TestInvoker.java:969)\n\tat org.testng.internal.invokers.TestInvoker.invokeTestMethods(TestInvoker.java:194)\n\tat org.testng.internal.invokers.TestMethodWorker.invokeTestMethods(TestMethodWorker.java:148)\n\tat org.testng.internal.invokers.TestMethodWorker.run(TestMethodWorker.java:128)\n\tat java.base/java.util.ArrayList.forEach(ArrayList.java:1511)\n\tat org.testng.TestRunner.privateRun(TestRunner.java:829)\n\tat org.testng.TestRunner.run(TestRunner.java:602)\n\tat org.testng.SuiteRunner.runTest(SuiteRunner.java:437)\n\tat org.testng.SuiteRunner.runSequentially(SuiteRunner.java:431)\n\tat org.testng.SuiteRunner.privateRun(SuiteRunner.java:391)\n\tat org.testng.SuiteRunner.run(SuiteRunner.java:330)\n\tat org.testng.SuiteRunnerWorker.runSuite(SuiteRunnerWorker.java:52)\n\tat org.testng.SuiteRunnerWorker.run(SuiteRunnerWorker.java:95)\n\tat org.testng.TestNG.runSuitesSequentially(TestNG.java:1256)\n\tat org.testng.TestNG.runSuitesLocally(TestNG.java:1176)\n\tat org.testng.TestNG.runSuites(TestNG.java:1099)\n\tat org.testng.TestNG.run(TestNG.java:1067)\n\tat org.apache.maven.surefire.testng.TestNGExecutor.run(TestNGExecutor.java:135)\n\tat org.apache.maven.surefire.testng.TestNGDirectoryTestSuite.executeMulti(TestNGDirectoryTestSuite.java:193)\n\tat org.apache.maven.surefire.testng.TestNGDirectoryTestSuite.execute(TestNGDirectoryTestSuite.java:94)\n\tat org.apache.maven.surefire.testng.TestNGProvider.invoke(TestNGProvider.java:146)\n\tat org.apache.maven.surefire.booter.ForkedBooter.invokeProviderInSameClassLoader(ForkedBooter.java:384)\n\tat org.apache.maven.surefire.booter.ForkedBooter.runSuitesInProcess(ForkedBooter.java:345)\n\tat org.apache.maven.surefire.booter.ForkedBooter.execute(ForkedBooter.java:126)\n\tat org.apache.maven.surefire.booter.ForkedBooter.main(ForkedBooter.java:418)\n","flaky":false,"newFailed":false,"newBroken":false,"newPassed":false,"retriesCount":0,"retriesStatusChange":false,"beforeStages":[{"name":"beforeTest","time":{"start":1732490294977,"stop":1732490294977,"duration":0},"description":"","status":"passed","steps":[],"attachments":[],"parameters":[],"shouldDisplayMessage":false,"stepsCount":0,"attachmentsCount":0,"hasContent":false}],"testStage":{"status":"failed","statusMessage":"1 expectation failed.\nExpected status code <200> but was <503>.\n","statusTrace":"java.lang.AssertionError: 1 expectation failed.\nExpected status code <200> but was <503>.\n\n\tat java.base/jdk.internal.reflect.NativeConstructorAccessorImpl.newInstance0(Native Method)\n\tat java.base/jdk.internal.reflect.NativeConstructorAccessorImpl.newInstance(NativeConstructorAccessorImpl.java:77)\n\tat java.base/jdk.internal.reflect.DelegatingConstructorAccessorImpl.newInstance(DelegatingConstructorAccessorImpl.java:45)\n\tat java.base/java.lang.reflect.Constructor.newInstanceWithCaller(Constructor.java:500)\n\tat java.base/java.lang.reflect.Constructor.newInstance(Constructor.java:481)\n\tat org.codehaus.groovy.reflection.CachedConstructor.invoke(CachedConstructor.java:73)\n\tat org.codehaus.groovy.runtime.callsite.ConstructorSite$ConstructorSiteNoUnwrapNoCoerce.callConstructor(ConstructorSite.java:108)\n\tat org.codehaus.groovy.runtime.callsite.AbstractCallSite.callConstructor(AbstractCallSite.java:277)\n\tat io.restassured.internal.ResponseSpecificationImpl$HamcrestAssertionClosure.validate(ResponseSpecificationImpl.groovy:512)\n\tat io.restassured.internal.ResponseSpecificationImpl$HamcrestAssertionClosure$validate$1.call(Unknown Source)\n\tat io.restassured.internal.ResponseSpecificationImpl.validateResponseIfRequired(ResponseSpecificationImpl.groovy:696)\n\tat io.restassured.internal.ResponseSpecificationImpl.this$2$validateResponseIfRequired(ResponseSpecificationImpl.groovy)\n\tat java.base/jdk.internal.reflect.NativeMethodAccessorImpl.invoke0(Native Method)\n\tat java.base/jdk.internal.reflect.NativeMethodAccessorImpl.invoke(NativeMethodAccessorImpl.java:77)\n\tat java.base/jdk.internal.reflect.DelegatingMethodAccessorImpl.invoke(DelegatingMethodAccessorImpl.java:43)\n\tat java.base/java.lang.reflect.Method.invoke(Method.java:569)\n\tat org.codehaus.groovy.runtime.callsite.PlainObjectMetaMethodSite.doInvoke(PlainObjectMetaMethodSite.java:43)\n\tat org.codehaus.groovy.runtime.callsite.PogoMetaMethodSite$PogoCachedMethodSiteNoUnwrapNoCoerce.invoke(PogoMetaMethodSite.java:198)\n\tat org.codehaus.groovy.runtime.callsite.PogoMetaMethodSite.callCurrent(PogoMetaMethodSite.java:62)\n\tat org.codehaus.groovy.runtime.callsite.AbstractCallSite.callCurrent(AbstractCallSite.java:185)\n\tat io.restassured.internal.ResponseSpecificationImpl.statusCode(ResponseSpecificationImpl.groovy:135)\n\tat io.restassured.specification.ResponseSpecification$statusCode$0.callCurrent(Unknown Source)\n\tat io.restassured.internal.ResponseSpecificationImpl.statusCode(ResponseSpecificationImpl.groovy:143)\n\tat io.restassured.internal.ValidatableResponseOptionsImpl.statusCode(ValidatableResponseOptionsImpl.java:89)\n\tat com.example.teamcity.api.requests.checked.CheckedBase.create(CheckedBase.java:25)\n\tat com.example.teamcity.ui.BaseUiTest.loginAs(BaseUiTest.java:52)\n\tat com.example.teamcity.ui.CreateBuildTypeTest.userCreatesBuildTypeAutomaticallyByProjectCreationWithUrl(CreateBuildTypeTest.java:50)\n\tat java.base/jdk.internal.reflect.NativeMethodAccessorImpl.invoke0(Native Method)\n\tat java.base/jdk.internal.reflect.NativeMethodAccessorImpl.invoke(NativeMethodAccessorImpl.java:77)\n\tat java.base/jdk.internal.reflect.DelegatingMethodAccessorImpl.invoke(DelegatingMethodAccessorImpl.java:43)\n\tat java.base/java.lang.reflect.Method.invoke(Method.java:569)\n\tat org.testng.internal.invokers.MethodInvocationHelper.invokeMethod(MethodInvocationHelper.java:139)\n\tat org.testng.internal.invokers.TestInvoker.invokeMethod(TestInvoker.java:677)\n\tat org.testng.internal.invokers.TestInvoker.invokeTestMethod(TestInvoker.java:221)\n\tat org.testng.internal.invokers.MethodRunner.runInSequence(MethodRunner.java:50)\n\tat org.testng.internal.invokers.TestInvoker$MethodInvocationAgent.invoke(TestInvoker.java:969)\n\tat org.testng.internal.invokers.TestInvoker.invokeTestMethods(TestInvoker.java:194)\n\tat org.testng.internal.invokers.TestMethodWorker.invokeTestMethods(TestMethodWorker.java:148)\n\tat org.testng.internal.invokers.TestMethodWorker.run(TestMethodWorker.java:128)\n\tat java.base/java.util.ArrayList.forEach(ArrayList.java:1511)\n\tat org.testng.TestRunner.privateRun(TestRunner.java:829)\n\tat org.testng.TestRunner.run(TestRunner.java:602)\n\tat org.testng.SuiteRunner.runTest(SuiteRunner.java:437)\n\tat org.testng.SuiteRunner.runSequentially(SuiteRunner.java:431)\n\tat org.testng.SuiteRunner.privateRun(SuiteRunner.java:391)\n\tat org.testng.SuiteRunner.run(SuiteRunner.java:330)\n\tat org.testng.SuiteRunnerWorker.runSuite(SuiteRunnerWorker.java:52)\n\tat org.testng.SuiteRunnerWorker.run(SuiteRunnerWorker.java:95)\n\tat org.testng.TestNG.runSuitesSequentially(TestNG.java:1256)\n\tat org.testng.TestNG.runSuitesLocally(TestNG.java:1176)\n\tat org.testng.TestNG.runSuites(TestNG.java:1099)\n\tat org.testng.TestNG.run(TestNG.java:1067)\n\tat org.apache.maven.surefire.testng.TestNGExecutor.run(TestNGExecutor.java:135)\n\tat org.apache.maven.surefire.testng.TestNGDirectoryTestSuite.executeMulti(TestNGDirectoryTestSuite.java:193)\n\tat org.apache.maven.surefire.testng.TestNGDirectoryTestSuite.execute(TestNGDirectoryTestSuite.java:94)\n\tat org.apache.maven.surefire.testng.TestNGProvider.invoke(TestNGProvider.java:146)\n\tat org.apache.maven.surefire.booter.ForkedBooter.invokeProviderInSameClassLoader(ForkedBooter.java:384)\n\tat org.apache.maven.surefire.booter.ForkedBooter.runSuitesInProcess(ForkedBooter.java:345)\n\tat org.apache.maven.surefire.booter.ForkedBooter.execute(ForkedBooter.java:126)\n\tat org.apache.maven.surefire.booter.ForkedBooter.main(ForkedBooter.java:418)\n","steps":[{"name":"Login as a user","time":{"start":1732490294983,"stop":1732490294983,"duration":0},"status":"passed","steps":[],"attachments":[],"parameters":[],"shouldDisplayMessage":false,"stepsCount":0,"attachmentsCount":0,"hasContent":false}],"attachments":[{"uid":"3b97c33e83a290b1","name":"Request","source":"3b97c33e83a290b1.html","type":"text/html","size":1313},{"uid":"95d8e03527820dcb","name":"HTTP/1.1 503 ","source":"95d8e03527820dcb.html","type":"text/html","size":4914}],"parameters":[],"shouldDisplayMessage":true,"stepsCount":1,"attachmentsCount":2,"hasContent":true},"afterStages":[{"name":"closeWebDriver","time":{"start":1732490295057,"stop":1732490295058,"duration":1},"description":"","status":"passed","steps":[{"name":"$(\"webdriver\") close()","time":{"start":1732490295058,"stop":1732490295058,"duration":0},"status":"passed","steps":[],"attachments":[],"parameters":[],"shouldDisplayMessage":false,"stepsCount":0,"attachmentsCount":0,"hasContent":false}],"attachments":[],"parameters":[],"shouldDisplayMessage":false,"stepsCount":1,"attachmentsCount":0,"hasContent":true},{"name":"afterTest","time":{"start":1732490295059,"stop":1732490295059,"duration":0},"description":"","status":"passed","steps":[],"attachments":[],"parameters":[],"shouldDisplayMessage":false,"stepsCount":0,"attachmentsCount":0,"hasContent":false}],"labels":[{"name":"package","value":"com.example.teamcity.ui.CreateBuildTypeTest"},{"name":"testClass","value":"com.example.teamcity.ui.CreateBuildTypeTest"},{"name":"testMethod","value":"userCreatesBuildTypeAutomaticallyByProjectCreationWithUrl"},{"name":"parentSuite","value":"Surefire suite"},{"name":"suite","value":"Surefire test"},{"name":"subSuite","value":"com.example.teamcity.ui.CreateBuildTypeTest"},{"name":"host","value":"fv-az1251-79"},{"name":"thread","value":"3653@fv-az1251-79.main(1)"},{"name":"framework","value":"testng"},{"name":"language","value":"java"},{"name":"resultFormat","value":"allure2"}],"parameters":[],"links":[],"hidden":false,"retry":false,"extra":{"severity":"normal","retries":[],"categories":[{"name":"Product defects","matchedStatuses":[],"flaky":false}],"history":{"statistic":{"failed":6,"broken":0,"skipped":0,"passed":0,"unknown":0,"total":6},"items":[{"uid":"d93230e8e686b332","reportUrl":"https://malashko-kristina.github.io/teamcity-testing-framework/ui/25//#testresult/d93230e8e686b332","status":"failed","statusDetails":"1 expectation failed.\nExpected status code <200> but was <503>.\n","time":{"start":1732489589381,"stop":1732489589435,"duration":54}},{"uid":"87579da2e8c6cb4","reportUrl":"https://malashko-kristina.github.io/teamcity-testing-framework/ui/24//#testresult/87579da2e8c6cb4","status":"failed","statusDetails":"1 expectation failed.\nExpected status code <200> but was <503>.\n","time":{"start":1732488132202,"stop":1732488132253,"duration":51}},{"uid":"5421945a5eb28f2","reportUrl":"https://malashko-kristina.github.io/teamcity-testing-framework/ui/23//#testresult/5421945a5eb28f2","status":"failed","statusDetails":"1 expectation failed.\nExpected status code <200> but was <503>.\n","time":{"start":1732404799047,"stop":1732404799093,"duration":46}},{"uid":"1350f8d4dd7b13c","reportUrl":"https://malashko-kristina.github.io/teamcity-testing-framework/ui/22//#testresult/1350f8d4dd7b13c","status":"failed","statusDetails":"1 expectation failed.\nExpected status code <200> but was <503>.\n","time":{"start":1732404369907,"stop":1732404369956,"duration":49}},{"uid":"425147bf8f626bba","reportUrl":"https://malashko-kristina.github.io/teamcity-testing-framework/ui/20//#testresult/425147bf8f626bba","status":"failed","statusDetails":"1 expectation failed.\nExpected status code <200> but was <503>.\n","time":{"start":1732403190421,"stop":1732403190472,"duration":51}}]},"tags":[]},"source":"96f9bc85533e4f67.json","parameterValues":[]}