{"uid":"478ab37fc5f2c719","name":"User should not be able to create a project if id includes invalid symbols","fullName":"com.example.teamcity.api.ProjectTest.userCreatesProjectWithIdWithInvalidSymbolsTest","historyId":"f00c255b6fbc8170584847dc6d3469de","time":{"start":1732788356114,"stop":1732788356416,"duration":302},"status":"failed","statusMessage":"1 expectation failed.\nExpected status code <500> but was <200>.\n","statusTrace":"java.lang.AssertionError: 1 expectation failed.\nExpected status code <500> but was <200>.\n\n\tat java.base/jdk.internal.reflect.NativeConstructorAccessorImpl.newInstance0(Native Method)\n\tat java.base/jdk.internal.reflect.NativeConstructorAccessorImpl.newInstance(NativeConstructorAccessorImpl.java:77)\n\tat java.base/jdk.internal.reflect.DelegatingConstructorAccessorImpl.newInstance(DelegatingConstructorAccessorImpl.java:45)\n\tat java.base/java.lang.reflect.Constructor.newInstanceWithCaller(Constructor.java:500)\n\tat java.base/java.lang.reflect.Constructor.newInstance(Constructor.java:481)\n\tat org.codehaus.groovy.reflection.CachedConstructor.invoke(CachedConstructor.java:73)\n\tat org.codehaus.groovy.runtime.callsite.ConstructorSite$ConstructorSiteNoUnwrapNoCoerce.callConstructor(ConstructorSite.java:108)\n\tat org.codehaus.groovy.runtime.callsite.CallSiteArray.defaultCallConstructor(CallSiteArray.java:57)\n\tat org.codehaus.groovy.runtime.callsite.AbstractCallSite.callConstructor(AbstractCallSite.java:263)\n\tat org.codehaus.groovy.runtime.callsite.AbstractCallSite.callConstructor(AbstractCallSite.java:277)\n\tat io.restassured.internal.ResponseSpecificationImpl$HamcrestAssertionClosure.validate(ResponseSpecificationImpl.groovy:512)\n\tat io.restassured.internal.ResponseSpecificationImpl$HamcrestAssertionClosure$validate$1.call(Unknown Source)\n\tat io.restassured.internal.ResponseSpecificationImpl.validateResponseIfRequired(ResponseSpecificationImpl.groovy:696)\n\tat io.restassured.internal.ResponseSpecificationImpl.this$2$validateResponseIfRequired(ResponseSpecificationImpl.groovy)\n\tat jdk.internal.reflect.GeneratedMethodAccessor221.invoke(Unknown Source)\n\tat java.base/jdk.internal.reflect.DelegatingMethodAccessorImpl.invoke(DelegatingMethodAccessorImpl.java:43)\n\tat java.base/java.lang.reflect.Method.invoke(Method.java:569)\n\tat org.codehaus.groovy.runtime.callsite.PlainObjectMetaMethodSite.doInvoke(PlainObjectMetaMethodSite.java:43)\n\tat org.codehaus.groovy.runtime.callsite.PogoMetaMethodSite$PogoCachedMethodSiteNoUnwrapNoCoerce.invoke(PogoMetaMethodSite.java:198)\n\tat org.codehaus.groovy.runtime.callsite.PogoMetaMethodSite.callCurrent(PogoMetaMethodSite.java:62)\n\tat org.codehaus.groovy.runtime.callsite.AbstractCallSite.callCurrent(AbstractCallSite.java:185)\n\tat io.restassured.internal.ResponseSpecificationImpl.statusCode(ResponseSpecificationImpl.groovy:135)\n\tat io.restassured.specification.ResponseSpecification$statusCode$0.callCurrent(Unknown Source)\n\tat io.restassured.internal.ResponseSpecificationImpl.statusCode(ResponseSpecificationImpl.groovy:143)\n\tat io.restassured.internal.ValidatableResponseOptionsImpl.statusCode(ValidatableResponseOptionsImpl.java:89)\n\tat com.example.teamcity.api.ProjectTest.userCreatesProjectWithIdWithInvalidSymbolsTest(ProjectTest.java:93)\n\tat java.base/jdk.internal.reflect.NativeMethodAccessorImpl.invoke0(Native Method)\n\tat java.base/jdk.internal.reflect.NativeMethodAccessorImpl.invoke(NativeMethodAccessorImpl.java:77)\n\tat java.base/jdk.internal.reflect.DelegatingMethodAccessorImpl.invoke(DelegatingMethodAccessorImpl.java:43)\n\tat java.base/java.lang.reflect.Method.invoke(Method.java:569)\n\tat org.testng.internal.invokers.MethodInvocationHelper.invokeMethod(MethodInvocationHelper.java:139)\n\tat org.testng.internal.invokers.TestInvoker.invokeMethod(TestInvoker.java:677)\n\tat org.testng.internal.invokers.TestInvoker.invokeTestMethod(TestInvoker.java:221)\n\tat org.testng.internal.invokers.MethodRunner.runInSequence(MethodRunner.java:50)\n\tat org.testng.internal.invokers.TestInvoker$MethodInvocationAgent.invoke(TestInvoker.java:969)\n\tat org.testng.internal.invokers.TestInvoker.invokeTestMethods(TestInvoker.java:194)\n\tat org.testng.internal.invokers.TestMethodWorker.invokeTestMethods(TestMethodWorker.java:148)\n\tat org.testng.internal.invokers.TestMethodWorker.run(TestMethodWorker.java:128)\n\tat java.base/java.util.ArrayList.forEach(ArrayList.java:1511)\n\tat org.testng.TestRunner.privateRun(TestRunner.java:829)\n\tat org.testng.TestRunner.run(TestRunner.java:602)\n\tat org.testng.SuiteRunner.runTest(SuiteRunner.java:437)\n\tat org.testng.SuiteRunner.runSequentially(SuiteRunner.java:431)\n\tat org.testng.SuiteRunner.privateRun(SuiteRunner.java:391)\n\tat org.testng.SuiteRunner.run(SuiteRunner.java:330)\n\tat org.testng.SuiteRunnerWorker.runSuite(SuiteRunnerWorker.java:52)\n\tat org.testng.SuiteRunnerWorker.run(SuiteRunnerWorker.java:95)\n\tat org.testng.TestNG.runSuitesSequentially(TestNG.java:1256)\n\tat org.testng.TestNG.runSuitesLocally(TestNG.java:1176)\n\tat org.testng.TestNG.runSuites(TestNG.java:1099)\n\tat org.testng.TestNG.run(TestNG.java:1067)\n\tat org.apache.maven.surefire.testng.TestNGExecutor.run(TestNGExecutor.java:135)\n\tat org.apache.maven.surefire.testng.TestNGDirectoryTestSuite.executeMulti(TestNGDirectoryTestSuite.java:193)\n\tat org.apache.maven.surefire.testng.TestNGDirectoryTestSuite.execute(TestNGDirectoryTestSuite.java:94)\n\tat org.apache.maven.surefire.testng.TestNGProvider.invoke(TestNGProvider.java:146)\n\tat org.apache.maven.surefire.booter.ForkedBooter.invokeProviderInSameClassLoader(ForkedBooter.java:384)\n\tat org.apache.maven.surefire.booter.ForkedBooter.runSuitesInProcess(ForkedBooter.java:345)\n\tat org.apache.maven.surefire.booter.ForkedBooter.execute(ForkedBooter.java:126)\n\tat org.apache.maven.surefire.booter.ForkedBooter.main(ForkedBooter.java:418)\n","flaky":false,"newFailed":false,"newBroken":false,"newPassed":false,"retriesCount":0,"retriesStatusChange":false,"beforeStages":[{"name":"beforeTest","time":{"start":1732788356112,"stop":1732788356113,"duration":1},"description":"","status":"passed","steps":[],"attachments":[],"parameters":[],"shouldDisplayMessage":false,"stepsCount":0,"attachmentsCount":0,"hasContent":false}],"testStage":{"status":"failed","statusMessage":"1 expectation failed.\nExpected status code <500> but was <200>.\n","statusTrace":"java.lang.AssertionError: 1 expectation failed.\nExpected status code <500> but was <200>.\n\n\tat java.base/jdk.internal.reflect.NativeConstructorAccessorImpl.newInstance0(Native Method)\n\tat java.base/jdk.internal.reflect.NativeConstructorAccessorImpl.newInstance(NativeConstructorAccessorImpl.java:77)\n\tat java.base/jdk.internal.reflect.DelegatingConstructorAccessorImpl.newInstance(DelegatingConstructorAccessorImpl.java:45)\n\tat java.base/java.lang.reflect.Constructor.newInstanceWithCaller(Constructor.java:500)\n\tat java.base/java.lang.reflect.Constructor.newInstance(Constructor.java:481)\n\tat org.codehaus.groovy.reflection.CachedConstructor.invoke(CachedConstructor.java:73)\n\tat org.codehaus.groovy.runtime.callsite.ConstructorSite$ConstructorSiteNoUnwrapNoCoerce.callConstructor(ConstructorSite.java:108)\n\tat org.codehaus.groovy.runtime.callsite.CallSiteArray.defaultCallConstructor(CallSiteArray.java:57)\n\tat org.codehaus.groovy.runtime.callsite.AbstractCallSite.callConstructor(AbstractCallSite.java:263)\n\tat org.codehaus.groovy.runtime.callsite.AbstractCallSite.callConstructor(AbstractCallSite.java:277)\n\tat io.restassured.internal.ResponseSpecificationImpl$HamcrestAssertionClosure.validate(ResponseSpecificationImpl.groovy:512)\n\tat io.restassured.internal.ResponseSpecificationImpl$HamcrestAssertionClosure$validate$1.call(Unknown Source)\n\tat io.restassured.internal.ResponseSpecificationImpl.validateResponseIfRequired(ResponseSpecificationImpl.groovy:696)\n\tat io.restassured.internal.ResponseSpecificationImpl.this$2$validateResponseIfRequired(ResponseSpecificationImpl.groovy)\n\tat jdk.internal.reflect.GeneratedMethodAccessor221.invoke(Unknown Source)\n\tat java.base/jdk.internal.reflect.DelegatingMethodAccessorImpl.invoke(DelegatingMethodAccessorImpl.java:43)\n\tat java.base/java.lang.reflect.Method.invoke(Method.java:569)\n\tat org.codehaus.groovy.runtime.callsite.PlainObjectMetaMethodSite.doInvoke(PlainObjectMetaMethodSite.java:43)\n\tat org.codehaus.groovy.runtime.callsite.PogoMetaMethodSite$PogoCachedMethodSiteNoUnwrapNoCoerce.invoke(PogoMetaMethodSite.java:198)\n\tat org.codehaus.groovy.runtime.callsite.PogoMetaMethodSite.callCurrent(PogoMetaMethodSite.java:62)\n\tat org.codehaus.groovy.runtime.callsite.AbstractCallSite.callCurrent(AbstractCallSite.java:185)\n\tat io.restassured.internal.ResponseSpecificationImpl.statusCode(ResponseSpecificationImpl.groovy:135)\n\tat io.restassured.specification.ResponseSpecification$statusCode$0.callCurrent(Unknown Source)\n\tat io.restassured.internal.ResponseSpecificationImpl.statusCode(ResponseSpecificationImpl.groovy:143)\n\tat io.restassured.internal.ValidatableResponseOptionsImpl.statusCode(ValidatableResponseOptionsImpl.java:89)\n\tat com.example.teamcity.api.ProjectTest.userCreatesProjectWithIdWithInvalidSymbolsTest(ProjectTest.java:93)\n\tat java.base/jdk.internal.reflect.NativeMethodAccessorImpl.invoke0(Native Method)\n\tat java.base/jdk.internal.reflect.NativeMethodAccessorImpl.invoke(NativeMethodAccessorImpl.java:77)\n\tat java.base/jdk.internal.reflect.DelegatingMethodAccessorImpl.invoke(DelegatingMethodAccessorImpl.java:43)\n\tat java.base/java.lang.reflect.Method.invoke(Method.java:569)\n\tat org.testng.internal.invokers.MethodInvocationHelper.invokeMethod(MethodInvocationHelper.java:139)\n\tat org.testng.internal.invokers.TestInvoker.invokeMethod(TestInvoker.java:677)\n\tat org.testng.internal.invokers.TestInvoker.invokeTestMethod(TestInvoker.java:221)\n\tat org.testng.internal.invokers.MethodRunner.runInSequence(MethodRunner.java:50)\n\tat org.testng.internal.invokers.TestInvoker$MethodInvocationAgent.invoke(TestInvoker.java:969)\n\tat org.testng.internal.invokers.TestInvoker.invokeTestMethods(TestInvoker.java:194)\n\tat org.testng.internal.invokers.TestMethodWorker.invokeTestMethods(TestMethodWorker.java:148)\n\tat org.testng.internal.invokers.TestMethodWorker.run(TestMethodWorker.java:128)\n\tat java.base/java.util.ArrayList.forEach(ArrayList.java:1511)\n\tat org.testng.TestRunner.privateRun(TestRunner.java:829)\n\tat org.testng.TestRunner.run(TestRunner.java:602)\n\tat org.testng.SuiteRunner.runTest(SuiteRunner.java:437)\n\tat org.testng.SuiteRunner.runSequentially(SuiteRunner.java:431)\n\tat org.testng.SuiteRunner.privateRun(SuiteRunner.java:391)\n\tat org.testng.SuiteRunner.run(SuiteRunner.java:330)\n\tat org.testng.SuiteRunnerWorker.runSuite(SuiteRunnerWorker.java:52)\n\tat org.testng.SuiteRunnerWorker.run(SuiteRunnerWorker.java:95)\n\tat org.testng.TestNG.runSuitesSequentially(TestNG.java:1256)\n\tat org.testng.TestNG.runSuitesLocally(TestNG.java:1176)\n\tat org.testng.TestNG.runSuites(TestNG.java:1099)\n\tat org.testng.TestNG.run(TestNG.java:1067)\n\tat org.apache.maven.surefire.testng.TestNGExecutor.run(TestNGExecutor.java:135)\n\tat org.apache.maven.surefire.testng.TestNGDirectoryTestSuite.executeMulti(TestNGDirectoryTestSuite.java:193)\n\tat org.apache.maven.surefire.testng.TestNGDirectoryTestSuite.execute(TestNGDirectoryTestSuite.java:94)\n\tat org.apache.maven.surefire.testng.TestNGProvider.invoke(TestNGProvider.java:146)\n\tat org.apache.maven.surefire.booter.ForkedBooter.invokeProviderInSameClassLoader(ForkedBooter.java:384)\n\tat org.apache.maven.surefire.booter.ForkedBooter.runSuitesInProcess(ForkedBooter.java:345)\n\tat org.apache.maven.surefire.booter.ForkedBooter.execute(ForkedBooter.java:126)\n\tat org.apache.maven.surefire.booter.ForkedBooter.main(ForkedBooter.java:418)\n","steps":[],"attachments":[{"uid":"fefdc2256df17339","name":"Request","source":"fefdc2256df17339.html","type":"text/html","size":1298},{"uid":"b92578d4d2349f1","name":"HTTP/1.1 200 ","source":"b92578d4d2349f1.html","type":"text/html","size":2128},{"uid":"2a62dbbd8dad741","name":"Request","source":"2a62dbbd8dad741.html","type":"text/html","size":1106},{"uid":"469e1311f1b5edf6","name":"HTTP/1.1 200 ","source":"469e1311f1b5edf6.html","type":"text/html","size":2195}],"parameters":[],"shouldDisplayMessage":true,"stepsCount":0,"attachmentsCount":4,"hasContent":true},"afterStages":[{"name":"afterTest","time":{"start":1732788356431,"stop":1732788356473,"duration":42},"description":"","status":"passed","steps":[],"attachments":[{"uid":"f5f878ea43595ad5","name":"Request","source":"f5f878ea43595ad5.html","type":"text/html","size":533},{"uid":"bc786da7edd2ef02","name":"HTTP/1.1 404 ","source":"bc786da7edd2ef02.html","type":"text/html","size":823}],"parameters":[],"shouldDisplayMessage":false,"stepsCount":0,"attachmentsCount":2,"hasContent":true}],"labels":[{"name":"package","value":"com.example.teamcity.api.ProjectTest"},{"name":"testClass","value":"com.example.teamcity.api.ProjectTest"},{"name":"testMethod","value":"userCreatesProjectWithIdWithInvalidSymbolsTest"},{"name":"parentSuite","value":"Surefire suite"},{"name":"suite","value":"Surefire test"},{"name":"subSuite","value":"com.example.teamcity.api.ProjectTest"},{"name":"host","value":"fv-az1442-141"},{"name":"thread","value":"4280@fv-az1442-141.main(1)"},{"name":"framework","value":"testng"},{"name":"language","value":"java"},{"name":"resultFormat","value":"allure2"}],"parameters":[],"links":[],"hidden":false,"retry":false,"extra":{"severity":"normal","retries":[],"categories":[{"name":"Product defects","matchedStatuses":[],"flaky":false}],"history":{"statistic":{"failed":4,"broken":0,"skipped":11,"passed":8,"unknown":0,"total":23},"items":[{"uid":"ed2ee0360ab23354","reportUrl":"https://malashko-kristina.github.io/teamcity-testing-framework/api/51//#testresult/ed2ee0360ab23354","status":"failed","statusDetails":"1 expectation failed.\nExpected status code <404> but was <406>.\n","time":{"start":1732787016436,"stop":1732787016895,"duration":459}},{"uid":"5320e944323b7e0d","reportUrl":"https://malashko-kristina.github.io/teamcity-testing-framework/api/50//#testresult/5320e944323b7e0d","status":"failed","statusDetails":"1 expectation failed.\nResponse body doesn't match expectation.\nExpected: a string containing \"Project cannot be found by external id 'EDp,oumgHv'\"\n  Actual: Responding with error, status code: 404 (Not Found).\nDetails: jetbrains.buildServer.server.rest.errors.NotFoundException: No project found by locator 'count:1,id:EDp,oumgHv:'. Project cannot be found by external id 'EDp'.\nCould not find the entity requested. Check the reference is correct and the user has permissions to access the entity.\n","time":{"start":1732785319213,"stop":1732785319444,"duration":231}},{"uid":"96de977ead74f972","reportUrl":"https://malashko-kristina.github.io/teamcity-testing-framework/api/49//#testresult/96de977ead74f972","status":"passed","time":{"start":1732784569753,"stop":1732784570013,"duration":260}},{"uid":"4199ef56cfdb9413","reportUrl":"https://malashko-kristina.github.io/teamcity-testing-framework/api/48//#testresult/4199ef56cfdb9413","status":"skipped","statusDetails":"Cannot generate a test data","time":{"start":1732745646240,"stop":1732745646240,"duration":0}},{"uid":"1ac9639e156ff264","reportUrl":"https://malashko-kristina.github.io/teamcity-testing-framework/api/47//#testresult/1ac9639e156ff264","status":"passed","time":{"start":1732712842485,"stop":1732712842718,"duration":233}},{"uid":"b246fbf2c1e73c99","reportUrl":"https://malashko-kristina.github.io/teamcity-testing-framework/api/46//#testresult/b246fbf2c1e73c99","status":"passed","time":{"start":1732665359873,"stop":1732665360188,"duration":315}},{"uid":"59127162e9f3945f","reportUrl":"https://malashko-kristina.github.io/teamcity-testing-framework/api/45//#testresult/59127162e9f3945f","status":"passed","time":{"start":1732664546167,"stop":1732664546399,"duration":232}},{"uid":"5cec1f407e3b5c50","reportUrl":"https://malashko-kristina.github.io/teamcity-testing-framework/api/44//#testresult/5cec1f407e3b5c50","status":"passed","time":{"start":1732662806903,"stop":1732662808105,"duration":1202}},{"uid":"eb90e7621c0664ff","reportUrl":"https://malashko-kristina.github.io/teamcity-testing-framework/api/43//#testresult/eb90e7621c0664ff","status":"passed","time":{"start":1732661925102,"stop":1732661925382,"duration":280}},{"uid":"30e0161b62fb8192","reportUrl":"https://malashko-kristina.github.io/teamcity-testing-framework/api/42//#testresult/30e0161b62fb8192","status":"passed","time":{"start":1732660882326,"stop":1732660882605,"duration":279}},{"uid":"3d0fa4978dde5b7a","reportUrl":"https://malashko-kristina.github.io/teamcity-testing-framework/api/41//#testresult/3d0fa4978dde5b7a","status":"failed","statusDetails":"1 expectation failed.\nExpected status code <404> but was <400>.\n","time":{"start":1732574686309,"stop":1732574686612,"duration":303}},{"uid":"787e35014ec788b4","reportUrl":"https://malashko-kristina.github.io/teamcity-testing-framework/api/40//#testresult/787e35014ec788b4","status":"passed","time":{"start":1732572431790,"stop":1732572432029,"duration":239}},{"uid":"71c723f12de92ed0","reportUrl":"https://malashko-kristina.github.io/teamcity-testing-framework/api/39//#testresult/71c723f12de92ed0","status":"skipped","statusDetails":"null: Temporary failure in name resolution","time":{"start":1732570204509,"stop":1732570204509,"duration":0}},{"uid":"bce3ac4d4e5cb98d","reportUrl":"https://malashko-kristina.github.io/teamcity-testing-framework/api/37//#testresult/bce3ac4d4e5cb98d","status":"skipped","statusDetails":"null: Temporary failure in name resolution","time":{"start":1732550587620,"stop":1732550587621,"duration":1}},{"uid":"9241e39b7256167","reportUrl":"https://malashko-kristina.github.io/teamcity-testing-framework/api/35//#testresult/9241e39b7256167","status":"skipped","statusDetails":"Connection timed out","time":{"start":1732549757280,"stop":1732549757280,"duration":0}},{"uid":"7559b5b8c1b9164b","reportUrl":"https://malashko-kristina.github.io/teamcity-testing-framework/api/34//#testresult/7559b5b8c1b9164b","status":"skipped","statusDetails":"null: Temporary failure in name resolution","time":{"start":1732549031692,"stop":1732549031692,"duration":0}},{"uid":"2d9a125295195eda","reportUrl":"https://malashko-kristina.github.io/teamcity-testing-framework/api/32//#testresult/2d9a125295195eda","status":"skipped","statusDetails":"Connection timed out","time":{"start":1732547860963,"stop":1732547860963,"duration":0}},{"uid":"e5cf8df63b3e1bc7","reportUrl":"https://malashko-kristina.github.io/teamcity-testing-framework/api/29//#testresult/e5cf8df63b3e1bc7","status":"skipped","statusDetails":"null: Temporary failure in name resolution","time":{"start":1732533347161,"stop":1732533347162,"duration":1}},{"uid":"e7534f1524f8bef","reportUrl":"https://malashko-kristina.github.io/teamcity-testing-framework/api/28//#testresult/e7534f1524f8bef","status":"skipped","statusDetails":"Connection timed out","time":{"start":1732491662510,"stop":1732491662510,"duration":0}},{"uid":"7ed0dfe12b9714e2","reportUrl":"https://malashko-kristina.github.io/teamcity-testing-framework/api/27//#testresult/7ed0dfe12b9714e2","status":"skipped","statusDetails":"1 expectation failed.\nExpected status code <200> but was <503>.\n","time":{"start":1732490681887,"stop":1732490681887,"duration":0}}]},"tags":[]},"source":"478ab37fc5f2c719.json","parameterValues":[]}