{"uid":"11b7df164421c9f8","name":"User should not be able to create project as Project Developer","fullName":"com.example.teamcity.api.ProjectTest.projectDeveloperCreatesProjectAsProjectDeveloperTest","historyId":"3a68c5afb4049fb3b5b6f0a6d4efeff4","time":{"start":1732745646145,"stop":1732745646145,"duration":0},"status":"skipped","statusMessage":"Cannot generate a test data","statusTrace":"java.lang.IllegalStateException: Cannot generate a test data\n\tat com.example.teamcity.api.generators.TestDataGenerator.generate(TestDataGenerator.java:106)\n\tat com.example.teamcity.BaseTest.beforeTest(BaseTest.java:22)\n\tat java.base/jdk.internal.reflect.NativeMethodAccessorImpl.invoke0(Native Method)\n\tat java.base/jdk.internal.reflect.NativeMethodAccessorImpl.invoke(NativeMethodAccessorImpl.java:77)\n\tat java.base/jdk.internal.reflect.DelegatingMethodAccessorImpl.invoke(DelegatingMethodAccessorImpl.java:43)\n\tat java.base/java.lang.reflect.Method.invoke(Method.java:569)\n\tat org.testng.internal.invokers.MethodInvocationHelper.invokeMethod(MethodInvocationHelper.java:139)\n\tat org.testng.internal.invokers.MethodInvocationHelper.invokeMethodConsideringTimeout(MethodInvocationHelper.java:69)\n\tat org.testng.internal.invokers.ConfigInvoker.invokeConfigurationMethod(ConfigInvoker.java:361)\n\tat org.testng.internal.invokers.ConfigInvoker.invokeConfigurations(ConfigInvoker.java:296)\n\tat org.testng.internal.invokers.TestInvoker.runConfigMethods(TestInvoker.java:823)\n\tat org.testng.internal.invokers.TestInvoker.invokeMethod(TestInvoker.java:590)\n\tat org.testng.internal.invokers.TestInvoker.invokeTestMethod(TestInvoker.java:221)\n\tat org.testng.internal.invokers.MethodRunner.runInSequence(MethodRunner.java:50)\n\tat org.testng.internal.invokers.TestInvoker$MethodInvocationAgent.invoke(TestInvoker.java:969)\n\tat org.testng.internal.invokers.TestInvoker.invokeTestMethods(TestInvoker.java:194)\n\tat org.testng.internal.invokers.TestMethodWorker.invokeTestMethods(TestMethodWorker.java:148)\n\tat org.testng.internal.invokers.TestMethodWorker.run(TestMethodWorker.java:128)\n\tat java.base/java.util.ArrayList.forEach(ArrayList.java:1511)\n\tat org.testng.TestRunner.privateRun(TestRunner.java:829)\n\tat org.testng.TestRunner.run(TestRunner.java:602)\n\tat org.testng.SuiteRunner.runTest(SuiteRunner.java:437)\n\tat org.testng.SuiteRunner.runSequentially(SuiteRunner.java:431)\n\tat org.testng.SuiteRunner.privateRun(SuiteRunner.java:391)\n\tat org.testng.SuiteRunner.run(SuiteRunner.java:330)\n\tat org.testng.SuiteRunnerWorker.runSuite(SuiteRunnerWorker.java:52)\n\tat org.testng.SuiteRunnerWorker.run(SuiteRunnerWorker.java:95)\n\tat org.testng.TestNG.runSuitesSequentially(TestNG.java:1256)\n\tat org.testng.TestNG.runSuitesLocally(TestNG.java:1176)\n\tat org.testng.TestNG.runSuites(TestNG.java:1099)\n\tat org.testng.TestNG.run(TestNG.java:1067)\n\tat org.apache.maven.surefire.testng.TestNGExecutor.run(TestNGExecutor.java:135)\n\tat org.apache.maven.surefire.testng.TestNGDirectoryTestSuite.executeMulti(TestNGDirectoryTestSuite.java:193)\n\tat org.apache.maven.surefire.testng.TestNGDirectoryTestSuite.execute(TestNGDirectoryTestSuite.java:94)\n\tat org.apache.maven.surefire.testng.TestNGProvider.invoke(TestNGProvider.java:146)\n\tat org.apache.maven.surefire.booter.ForkedBooter.invokeProviderInSameClassLoader(ForkedBooter.java:384)\n\tat org.apache.maven.surefire.booter.ForkedBooter.runSuitesInProcess(ForkedBooter.java:345)\n\tat org.apache.maven.surefire.booter.ForkedBooter.execute(ForkedBooter.java:126)\n\tat org.apache.maven.surefire.booter.ForkedBooter.main(ForkedBooter.java:418)\nCaused by: java.lang.NoSuchMethodException: com.example.teamcity.api.models.TestData.<init>()\n\tat java.base/java.lang.Class.getConstructor0(Class.java:3585)\n\tat java.base/java.lang.Class.getDeclaredConstructor(Class.java:2754)\n\tat com.example.teamcity.api.generators.TestDataGenerator.generate(TestDataGenerator.java:91)\n\t... 38 more\n","flaky":false,"newFailed":false,"newBroken":false,"newPassed":false,"retriesCount":0,"retriesStatusChange":false,"beforeStages":[{"name":"beforeTest","time":{"start":1732745646142,"stop":1732745646142,"duration":0},"description":"","status":"broken","statusMessage":"Cannot generate a test data","statusTrace":"java.lang.IllegalStateException: Cannot generate a test data\n\tat com.example.teamcity.api.generators.TestDataGenerator.generate(TestDataGenerator.java:106)\n\tat com.example.teamcity.BaseTest.beforeTest(BaseTest.java:22)\n\tat java.base/jdk.internal.reflect.NativeMethodAccessorImpl.invoke0(Native Method)\n\tat java.base/jdk.internal.reflect.NativeMethodAccessorImpl.invoke(NativeMethodAccessorImpl.java:77)\n\tat java.base/jdk.internal.reflect.DelegatingMethodAccessorImpl.invoke(DelegatingMethodAccessorImpl.java:43)\n\tat java.base/java.lang.reflect.Method.invoke(Method.java:569)\n\tat org.testng.internal.invokers.MethodInvocationHelper.invokeMethod(MethodInvocationHelper.java:139)\n\tat org.testng.internal.invokers.MethodInvocationHelper.invokeMethodConsideringTimeout(MethodInvocationHelper.java:69)\n\tat org.testng.internal.invokers.ConfigInvoker.invokeConfigurationMethod(ConfigInvoker.java:361)\n\tat org.testng.internal.invokers.ConfigInvoker.invokeConfigurations(ConfigInvoker.java:296)\n\tat org.testng.internal.invokers.TestInvoker.runConfigMethods(TestInvoker.java:823)\n\tat org.testng.internal.invokers.TestInvoker.invokeMethod(TestInvoker.java:590)\n\tat org.testng.internal.invokers.TestInvoker.invokeTestMethod(TestInvoker.java:221)\n\tat org.testng.internal.invokers.MethodRunner.runInSequence(MethodRunner.java:50)\n\tat org.testng.internal.invokers.TestInvoker$MethodInvocationAgent.invoke(TestInvoker.java:969)\n\tat org.testng.internal.invokers.TestInvoker.invokeTestMethods(TestInvoker.java:194)\n\tat org.testng.internal.invokers.TestMethodWorker.invokeTestMethods(TestMethodWorker.java:148)\n\tat org.testng.internal.invokers.TestMethodWorker.run(TestMethodWorker.java:128)\n\tat java.base/java.util.ArrayList.forEach(ArrayList.java:1511)\n\tat org.testng.TestRunner.privateRun(TestRunner.java:829)\n\tat org.testng.TestRunner.run(TestRunner.java:602)\n\tat org.testng.SuiteRunner.runTest(SuiteRunner.java:437)\n\tat org.testng.SuiteRunner.runSequentially(SuiteRunner.java:431)\n\tat org.testng.SuiteRunner.privateRun(SuiteRunner.java:391)\n\tat org.testng.SuiteRunner.run(SuiteRunner.java:330)\n\tat org.testng.SuiteRunnerWorker.runSuite(SuiteRunnerWorker.java:52)\n\tat org.testng.SuiteRunnerWorker.run(SuiteRunnerWorker.java:95)\n\tat org.testng.TestNG.runSuitesSequentially(TestNG.java:1256)\n\tat org.testng.TestNG.runSuitesLocally(TestNG.java:1176)\n\tat org.testng.TestNG.runSuites(TestNG.java:1099)\n\tat org.testng.TestNG.run(TestNG.java:1067)\n\tat org.apache.maven.surefire.testng.TestNGExecutor.run(TestNGExecutor.java:135)\n\tat org.apache.maven.surefire.testng.TestNGDirectoryTestSuite.executeMulti(TestNGDirectoryTestSuite.java:193)\n\tat org.apache.maven.surefire.testng.TestNGDirectoryTestSuite.execute(TestNGDirectoryTestSuite.java:94)\n\tat org.apache.maven.surefire.testng.TestNGProvider.invoke(TestNGProvider.java:146)\n\tat org.apache.maven.surefire.booter.ForkedBooter.invokeProviderInSameClassLoader(ForkedBooter.java:384)\n\tat org.apache.maven.surefire.booter.ForkedBooter.runSuitesInProcess(ForkedBooter.java:345)\n\tat org.apache.maven.surefire.booter.ForkedBooter.execute(ForkedBooter.java:126)\n\tat org.apache.maven.surefire.booter.ForkedBooter.main(ForkedBooter.java:418)\nCaused by: java.lang.NoSuchMethodException: com.example.teamcity.api.models.TestData.<init>()\n\tat java.base/java.lang.Class.getConstructor0(Class.java:3585)\n\tat java.base/java.lang.Class.getDeclaredConstructor(Class.java:2754)\n\tat com.example.teamcity.api.generators.TestDataGenerator.generate(TestDataGenerator.java:91)\n\t... 38 more\n","steps":[],"attachments":[],"parameters":[],"shouldDisplayMessage":true,"stepsCount":0,"attachmentsCount":0,"hasContent":true}],"afterStages":[{"name":"afterTest","time":{"start":1732745646146,"stop":1732745646146,"duration":0},"description":"","status":"passed","steps":[],"attachments":[],"parameters":[],"shouldDisplayMessage":false,"stepsCount":0,"attachmentsCount":0,"hasContent":false}],"labels":[{"name":"package","value":"com.example.teamcity.api.ProjectTest"},{"name":"testClass","value":"com.example.teamcity.api.ProjectTest"},{"name":"testMethod","value":"projectDeveloperCreatesProjectAsProjectDeveloperTest"},{"name":"parentSuite","value":"Surefire suite"},{"name":"suite","value":"Surefire test"},{"name":"subSuite","value":"com.example.teamcity.api.ProjectTest"},{"name":"host","value":"fv-az801-978"},{"name":"thread","value":"3618@fv-az801-978.main(1)"},{"name":"framework","value":"testng"},{"name":"language","value":"java"},{"name":"resultFormat","value":"allure2"}],"parameters":[],"links":[],"hidden":false,"retry":false,"extra":{"severity":"normal","retries":[],"categories":[],"history":{"statistic":{"failed":0,"broken":0,"skipped":11,"passed":8,"unknown":0,"total":19},"items":[{"uid":"f075a187bdd24f26","reportUrl":"https://malashko-kristina.github.io/teamcity-testing-framework/api/47//#testresult/f075a187bdd24f26","status":"passed","time":{"start":1732712834829,"stop":1732712835151,"duration":322}},{"uid":"ab9c999e09ca55e","reportUrl":"https://malashko-kristina.github.io/teamcity-testing-framework/api/46//#testresult/ab9c999e09ca55e","status":"passed","time":{"start":1732665353785,"stop":1732665354033,"duration":248}},{"uid":"886ebcb898ea3e76","reportUrl":"https://malashko-kristina.github.io/teamcity-testing-framework/api/45//#testresult/886ebcb898ea3e76","status":"passed","time":{"start":1732664538869,"stop":1732664539154,"duration":285}},{"uid":"28608f6c353abae5","reportUrl":"https://malashko-kristina.github.io/teamcity-testing-framework/api/44//#testresult/28608f6c353abae5","status":"passed","time":{"start":1732662800400,"stop":1732662800666,"duration":266}},{"uid":"6f1ac4faf95e8323","reportUrl":"https://malashko-kristina.github.io/teamcity-testing-framework/api/43//#testresult/6f1ac4faf95e8323","status":"passed","time":{"start":1732661918744,"stop":1732661919093,"duration":349}},{"uid":"88c7beec8dd404f0","reportUrl":"https://malashko-kristina.github.io/teamcity-testing-framework/api/42//#testresult/88c7beec8dd404f0","status":"passed","time":{"start":1732660876288,"stop":1732660876595,"duration":307}},{"uid":"228cba9192a9c1d9","reportUrl":"https://malashko-kristina.github.io/teamcity-testing-framework/api/41//#testresult/228cba9192a9c1d9","status":"passed","time":{"start":1732574678816,"stop":1732574679090,"duration":274}},{"uid":"ef62f6454c18f29b","reportUrl":"https://malashko-kristina.github.io/teamcity-testing-framework/api/40//#testresult/ef62f6454c18f29b","status":"passed","time":{"start":1732572424386,"stop":1732572424676,"duration":290}},{"uid":"b600e9583fb22e70","reportUrl":"https://malashko-kristina.github.io/teamcity-testing-framework/api/39//#testresult/b600e9583fb22e70","status":"skipped","statusDetails":"null: Temporary failure in name resolution","time":{"start":1732570204427,"stop":1732570204427,"duration":0}},{"uid":"3a2d8a00e9e3605d","reportUrl":"https://malashko-kristina.github.io/teamcity-testing-framework/api/37//#testresult/3a2d8a00e9e3605d","status":"skipped","statusDetails":"null: Temporary failure in name resolution","time":{"start":1732550587530,"stop":1732550587530,"duration":0}},{"uid":"1d8607470a78ad75","reportUrl":"https://malashko-kristina.github.io/teamcity-testing-framework/api/35//#testresult/1d8607470a78ad75","status":"skipped","statusDetails":"Connection timed out","time":{"start":1732549757203,"stop":1732549757203,"duration":0}},{"uid":"55b0e30fa29dd928","reportUrl":"https://malashko-kristina.github.io/teamcity-testing-framework/api/34//#testresult/55b0e30fa29dd928","status":"skipped","statusDetails":"null: Temporary failure in name resolution","time":{"start":1732549031610,"stop":1732549031610,"duration":0}},{"uid":"dcbdbc15bc5b0dc9","reportUrl":"https://malashko-kristina.github.io/teamcity-testing-framework/api/32//#testresult/dcbdbc15bc5b0dc9","status":"skipped","statusDetails":"Connection timed out","time":{"start":1732547860874,"stop":1732547860874,"duration":0}},{"uid":"6444a1770b141cb5","reportUrl":"https://malashko-kristina.github.io/teamcity-testing-framework/api/29//#testresult/6444a1770b141cb5","status":"skipped","statusDetails":"null: Temporary failure in name resolution","time":{"start":1732533347081,"stop":1732533347081,"duration":0}},{"uid":"40c7756823160b9a","reportUrl":"https://malashko-kristina.github.io/teamcity-testing-framework/api/28//#testresult/40c7756823160b9a","status":"skipped","statusDetails":"Connection timed out","time":{"start":1732491662417,"stop":1732491662417,"duration":0}},{"uid":"7b98bc6f9977a74b","reportUrl":"https://malashko-kristina.github.io/teamcity-testing-framework/api/27//#testresult/7b98bc6f9977a74b","status":"skipped","statusDetails":"1 expectation failed.\nExpected status code <200> but was <503>.\n","time":{"start":1732490681785,"stop":1732490681786,"duration":1}},{"uid":"97e506080c66bd64","reportUrl":"https://malashko-kristina.github.io/teamcity-testing-framework/api/26//#testresult/97e506080c66bd64","status":"skipped","statusDetails":"1 expectation failed.\nExpected status code <200> but was <503>.\n","time":{"start":1732490301950,"stop":1732490301951,"duration":1}},{"uid":"f5e58a3845b6ec0a","reportUrl":"https://malashko-kristina.github.io/teamcity-testing-framework/api/22//#testresult/f5e58a3845b6ec0a","status":"skipped","statusDetails":"1 expectation failed.\nExpected status code <200> but was <503>.\n","time":{"start":1732404426458,"stop":1732404426458,"duration":0}}]},"tags":[]},"source":"11b7df164421c9f8.json","parameterValues":[]}