{"uid":"1f98c55a60e1c54b","name":"User should be able to create a copy of a project","fullName":"com.example.teamcity.api.ProjectTest.userCreatesACopyOfAlreadyCreatedProjectTest","historyId":"6ab24369aaaf99045bc810355c040a1d","time":{"start":1732745646160,"stop":1732745646160,"duration":0},"status":"skipped","statusMessage":"Cannot generate a test data","statusTrace":"java.lang.IllegalStateException: Cannot generate a test data\n\tat com.example.teamcity.api.generators.TestDataGenerator.generate(TestDataGenerator.java:106)\n\tat com.example.teamcity.BaseTest.beforeTest(BaseTest.java:22)\n\tat java.base/jdk.internal.reflect.NativeMethodAccessorImpl.invoke0(Native Method)\n\tat java.base/jdk.internal.reflect.NativeMethodAccessorImpl.invoke(NativeMethodAccessorImpl.java:77)\n\tat java.base/jdk.internal.reflect.DelegatingMethodAccessorImpl.invoke(DelegatingMethodAccessorImpl.java:43)\n\tat java.base/java.lang.reflect.Method.invoke(Method.java:569)\n\tat org.testng.internal.invokers.MethodInvocationHelper.invokeMethod(MethodInvocationHelper.java:139)\n\tat org.testng.internal.invokers.MethodInvocationHelper.invokeMethodConsideringTimeout(MethodInvocationHelper.java:69)\n\tat org.testng.internal.invokers.ConfigInvoker.invokeConfigurationMethod(ConfigInvoker.java:361)\n\tat org.testng.internal.invokers.ConfigInvoker.invokeConfigurations(ConfigInvoker.java:296)\n\tat org.testng.internal.invokers.TestInvoker.runConfigMethods(TestInvoker.java:823)\n\tat org.testng.internal.invokers.TestInvoker.invokeMethod(TestInvoker.java:590)\n\tat org.testng.internal.invokers.TestInvoker.invokeTestMethod(TestInvoker.java:221)\n\tat org.testng.internal.invokers.MethodRunner.runInSequence(MethodRunner.java:50)\n\tat org.testng.internal.invokers.TestInvoker$MethodInvocationAgent.invoke(TestInvoker.java:969)\n\tat org.testng.internal.invokers.TestInvoker.invokeTestMethods(TestInvoker.java:194)\n\tat org.testng.internal.invokers.TestMethodWorker.invokeTestMethods(TestMethodWorker.java:148)\n\tat org.testng.internal.invokers.TestMethodWorker.run(TestMethodWorker.java:128)\n\tat java.base/java.util.ArrayList.forEach(ArrayList.java:1511)\n\tat org.testng.TestRunner.privateRun(TestRunner.java:829)\n\tat org.testng.TestRunner.run(TestRunner.java:602)\n\tat org.testng.SuiteRunner.runTest(SuiteRunner.java:437)\n\tat org.testng.SuiteRunner.runSequentially(SuiteRunner.java:431)\n\tat org.testng.SuiteRunner.privateRun(SuiteRunner.java:391)\n\tat org.testng.SuiteRunner.run(SuiteRunner.java:330)\n\tat org.testng.SuiteRunnerWorker.runSuite(SuiteRunnerWorker.java:52)\n\tat org.testng.SuiteRunnerWorker.run(SuiteRunnerWorker.java:95)\n\tat org.testng.TestNG.runSuitesSequentially(TestNG.java:1256)\n\tat org.testng.TestNG.runSuitesLocally(TestNG.java:1176)\n\tat org.testng.TestNG.runSuites(TestNG.java:1099)\n\tat org.testng.TestNG.run(TestNG.java:1067)\n\tat org.apache.maven.surefire.testng.TestNGExecutor.run(TestNGExecutor.java:135)\n\tat org.apache.maven.surefire.testng.TestNGDirectoryTestSuite.executeMulti(TestNGDirectoryTestSuite.java:193)\n\tat org.apache.maven.surefire.testng.TestNGDirectoryTestSuite.execute(TestNGDirectoryTestSuite.java:94)\n\tat org.apache.maven.surefire.testng.TestNGProvider.invoke(TestNGProvider.java:146)\n\tat org.apache.maven.surefire.booter.ForkedBooter.invokeProviderInSameClassLoader(ForkedBooter.java:384)\n\tat org.apache.maven.surefire.booter.ForkedBooter.runSuitesInProcess(ForkedBooter.java:345)\n\tat org.apache.maven.surefire.booter.ForkedBooter.execute(ForkedBooter.java:126)\n\tat org.apache.maven.surefire.booter.ForkedBooter.main(ForkedBooter.java:418)\nCaused by: java.lang.NoSuchMethodException: com.example.teamcity.api.models.TestData.<init>()\n\tat java.base/java.lang.Class.getConstructor0(Class.java:3585)\n\tat java.base/java.lang.Class.getDeclaredConstructor(Class.java:2754)\n\tat com.example.teamcity.api.generators.TestDataGenerator.generate(TestDataGenerator.java:91)\n\t... 38 more\n","flaky":false,"newFailed":false,"newBroken":false,"newPassed":false,"retriesCount":0,"retriesStatusChange":false,"beforeStages":[{"name":"beforeTest","time":{"start":1732745646153,"stop":1732745646154,"duration":1},"description":"","status":"broken","statusMessage":"Cannot generate a test data","statusTrace":"java.lang.IllegalStateException: Cannot generate a test data\n\tat com.example.teamcity.api.generators.TestDataGenerator.generate(TestDataGenerator.java:106)\n\tat com.example.teamcity.BaseTest.beforeTest(BaseTest.java:22)\n\tat java.base/jdk.internal.reflect.NativeMethodAccessorImpl.invoke0(Native Method)\n\tat java.base/jdk.internal.reflect.NativeMethodAccessorImpl.invoke(NativeMethodAccessorImpl.java:77)\n\tat java.base/jdk.internal.reflect.DelegatingMethodAccessorImpl.invoke(DelegatingMethodAccessorImpl.java:43)\n\tat java.base/java.lang.reflect.Method.invoke(Method.java:569)\n\tat org.testng.internal.invokers.MethodInvocationHelper.invokeMethod(MethodInvocationHelper.java:139)\n\tat org.testng.internal.invokers.MethodInvocationHelper.invokeMethodConsideringTimeout(MethodInvocationHelper.java:69)\n\tat org.testng.internal.invokers.ConfigInvoker.invokeConfigurationMethod(ConfigInvoker.java:361)\n\tat org.testng.internal.invokers.ConfigInvoker.invokeConfigurations(ConfigInvoker.java:296)\n\tat org.testng.internal.invokers.TestInvoker.runConfigMethods(TestInvoker.java:823)\n\tat org.testng.internal.invokers.TestInvoker.invokeMethod(TestInvoker.java:590)\n\tat org.testng.internal.invokers.TestInvoker.invokeTestMethod(TestInvoker.java:221)\n\tat org.testng.internal.invokers.MethodRunner.runInSequence(MethodRunner.java:50)\n\tat org.testng.internal.invokers.TestInvoker$MethodInvocationAgent.invoke(TestInvoker.java:969)\n\tat org.testng.internal.invokers.TestInvoker.invokeTestMethods(TestInvoker.java:194)\n\tat org.testng.internal.invokers.TestMethodWorker.invokeTestMethods(TestMethodWorker.java:148)\n\tat org.testng.internal.invokers.TestMethodWorker.run(TestMethodWorker.java:128)\n\tat java.base/java.util.ArrayList.forEach(ArrayList.java:1511)\n\tat org.testng.TestRunner.privateRun(TestRunner.java:829)\n\tat org.testng.TestRunner.run(TestRunner.java:602)\n\tat org.testng.SuiteRunner.runTest(SuiteRunner.java:437)\n\tat org.testng.SuiteRunner.runSequentially(SuiteRunner.java:431)\n\tat org.testng.SuiteRunner.privateRun(SuiteRunner.java:391)\n\tat org.testng.SuiteRunner.run(SuiteRunner.java:330)\n\tat org.testng.SuiteRunnerWorker.runSuite(SuiteRunnerWorker.java:52)\n\tat org.testng.SuiteRunnerWorker.run(SuiteRunnerWorker.java:95)\n\tat org.testng.TestNG.runSuitesSequentially(TestNG.java:1256)\n\tat org.testng.TestNG.runSuitesLocally(TestNG.java:1176)\n\tat org.testng.TestNG.runSuites(TestNG.java:1099)\n\tat org.testng.TestNG.run(TestNG.java:1067)\n\tat org.apache.maven.surefire.testng.TestNGExecutor.run(TestNGExecutor.java:135)\n\tat org.apache.maven.surefire.testng.TestNGDirectoryTestSuite.executeMulti(TestNGDirectoryTestSuite.java:193)\n\tat org.apache.maven.surefire.testng.TestNGDirectoryTestSuite.execute(TestNGDirectoryTestSuite.java:94)\n\tat org.apache.maven.surefire.testng.TestNGProvider.invoke(TestNGProvider.java:146)\n\tat org.apache.maven.surefire.booter.ForkedBooter.invokeProviderInSameClassLoader(ForkedBooter.java:384)\n\tat org.apache.maven.surefire.booter.ForkedBooter.runSuitesInProcess(ForkedBooter.java:345)\n\tat org.apache.maven.surefire.booter.ForkedBooter.execute(ForkedBooter.java:126)\n\tat org.apache.maven.surefire.booter.ForkedBooter.main(ForkedBooter.java:418)\nCaused by: java.lang.NoSuchMethodException: com.example.teamcity.api.models.TestData.<init>()\n\tat java.base/java.lang.Class.getConstructor0(Class.java:3585)\n\tat java.base/java.lang.Class.getDeclaredConstructor(Class.java:2754)\n\tat com.example.teamcity.api.generators.TestDataGenerator.generate(TestDataGenerator.java:91)\n\t... 38 more\n","steps":[],"attachments":[],"parameters":[],"shouldDisplayMessage":true,"stepsCount":0,"attachmentsCount":0,"hasContent":true}],"afterStages":[{"name":"afterTest","time":{"start":1732745646162,"stop":1732745646162,"duration":0},"description":"","status":"passed","steps":[],"attachments":[],"parameters":[],"shouldDisplayMessage":false,"stepsCount":0,"attachmentsCount":0,"hasContent":false}],"labels":[{"name":"package","value":"com.example.teamcity.api.ProjectTest"},{"name":"testClass","value":"com.example.teamcity.api.ProjectTest"},{"name":"testMethod","value":"userCreatesACopyOfAlreadyCreatedProjectTest"},{"name":"parentSuite","value":"Surefire suite"},{"name":"suite","value":"Surefire test"},{"name":"subSuite","value":"com.example.teamcity.api.ProjectTest"},{"name":"host","value":"fv-az801-978"},{"name":"thread","value":"3618@fv-az801-978.main(1)"},{"name":"framework","value":"testng"},{"name":"language","value":"java"},{"name":"resultFormat","value":"allure2"}],"parameters":[],"links":[],"hidden":false,"retry":false,"extra":{"severity":"normal","retries":[],"categories":[],"history":{"statistic":{"failed":0,"broken":0,"skipped":11,"passed":8,"unknown":0,"total":19},"items":[{"uid":"ccf17d0db15164f8","reportUrl":"https://malashko-kristina.github.io/teamcity-testing-framework/api/47//#testresult/ccf17d0db15164f8","status":"passed","time":{"start":1732712835544,"stop":1732712836208,"duration":664}},{"uid":"537d4b923f566586","reportUrl":"https://malashko-kristina.github.io/teamcity-testing-framework/api/46//#testresult/537d4b923f566586","status":"passed","time":{"start":1732665354456,"stop":1732665355034,"duration":578}},{"uid":"457111a2788d0015","reportUrl":"https://malashko-kristina.github.io/teamcity-testing-framework/api/45//#testresult/457111a2788d0015","status":"passed","time":{"start":1732664539466,"stop":1732664540109,"duration":643}},{"uid":"9aba9a8bab19e4b0","reportUrl":"https://malashko-kristina.github.io/teamcity-testing-framework/api/44//#testresult/9aba9a8bab19e4b0","status":"passed","time":{"start":1732662801000,"stop":1732662801653,"duration":653}},{"uid":"72be2f8701b27085","reportUrl":"https://malashko-kristina.github.io/teamcity-testing-framework/api/43//#testresult/72be2f8701b27085","status":"passed","time":{"start":1732661919487,"stop":1732661920036,"duration":549}},{"uid":"b5c21cfe08fb7228","reportUrl":"https://malashko-kristina.github.io/teamcity-testing-framework/api/42//#testresult/b5c21cfe08fb7228","status":"passed","time":{"start":1732660876874,"stop":1732660877511,"duration":637}},{"uid":"9b151de8b15a7ae7","reportUrl":"https://malashko-kristina.github.io/teamcity-testing-framework/api/41//#testresult/9b151de8b15a7ae7","status":"passed","time":{"start":1732574679469,"stop":1732574680124,"duration":655}},{"uid":"2922051aafa50eff","reportUrl":"https://malashko-kristina.github.io/teamcity-testing-framework/api/40//#testresult/2922051aafa50eff","status":"passed","time":{"start":1732572425539,"stop":1732572426759,"duration":1220}},{"uid":"dfd2eff80d39b9a","reportUrl":"https://malashko-kristina.github.io/teamcity-testing-framework/api/39//#testresult/dfd2eff80d39b9a","status":"skipped","statusDetails":"null: Temporary failure in name resolution","time":{"start":1732570204436,"stop":1732570204437,"duration":1}},{"uid":"7d33b3f434f2f624","reportUrl":"https://malashko-kristina.github.io/teamcity-testing-framework/api/37//#testresult/7d33b3f434f2f624","status":"skipped","statusDetails":"null: Temporary failure in name resolution","time":{"start":1732550587539,"stop":1732550587539,"duration":0}},{"uid":"cd8ef3be1ac0a4da","reportUrl":"https://malashko-kristina.github.io/teamcity-testing-framework/api/35//#testresult/cd8ef3be1ac0a4da","status":"skipped","statusDetails":"Connection timed out","time":{"start":1732549757211,"stop":1732549757211,"duration":0}},{"uid":"e7a5fc11fadc81d7","reportUrl":"https://malashko-kristina.github.io/teamcity-testing-framework/api/34//#testresult/e7a5fc11fadc81d7","status":"skipped","statusDetails":"null: Temporary failure in name resolution","time":{"start":1732549031619,"stop":1732549031619,"duration":0}},{"uid":"f6698e8d0c359819","reportUrl":"https://malashko-kristina.github.io/teamcity-testing-framework/api/32//#testresult/f6698e8d0c359819","status":"skipped","statusDetails":"Connection timed out","time":{"start":1732547860883,"stop":1732547860883,"duration":0}},{"uid":"2206c44179bd097e","reportUrl":"https://malashko-kristina.github.io/teamcity-testing-framework/api/29//#testresult/2206c44179bd097e","status":"skipped","statusDetails":"null: Temporary failure in name resolution","time":{"start":1732533347089,"stop":1732533347090,"duration":1}},{"uid":"75cc0ea85c6f1bb4","reportUrl":"https://malashko-kristina.github.io/teamcity-testing-framework/api/28//#testresult/75cc0ea85c6f1bb4","status":"skipped","statusDetails":"Connection timed out","time":{"start":1732491662426,"stop":1732491662426,"duration":0}},{"uid":"d1bccaa4f940036a","reportUrl":"https://malashko-kristina.github.io/teamcity-testing-framework/api/27//#testresult/d1bccaa4f940036a","status":"skipped","statusDetails":"1 expectation failed.\nExpected status code <200> but was <503>.\n","time":{"start":1732490681795,"stop":1732490681795,"duration":0}},{"uid":"62d3ad7f525f4185","reportUrl":"https://malashko-kristina.github.io/teamcity-testing-framework/api/26//#testresult/62d3ad7f525f4185","status":"skipped","statusDetails":"1 expectation failed.\nExpected status code <200> but was <503>.\n","time":{"start":1732490301959,"stop":1732490301959,"duration":0}},{"uid":"18b597273a28a93b","reportUrl":"https://malashko-kristina.github.io/teamcity-testing-framework/api/22//#testresult/18b597273a28a93b","status":"skipped","statusDetails":"1 expectation failed.\nExpected status code <200> but was <503>.\n","time":{"start":1732404426466,"stop":1732404426466,"duration":0}}]},"tags":[]},"source":"1f98c55a60e1c54b.json","parameterValues":[]}