{"uid":"3647b0209125b5b4","name":"User should not be able to create a project if id starts with number","fullName":"com.example.teamcity.api.ProjectTest.userCreatesProjectWithIdStartsWithNumberTest","historyId":"10f4fd3e74027e699571b7f6716c923b","time":{"start":1732745646231,"stop":1732745646232,"duration":1},"status":"skipped","statusMessage":"Cannot generate a test data","statusTrace":"java.lang.IllegalStateException: Cannot generate a test data\n\tat com.example.teamcity.api.generators.TestDataGenerator.generate(TestDataGenerator.java:106)\n\tat com.example.teamcity.BaseTest.beforeTest(BaseTest.java:22)\n\tat java.base/jdk.internal.reflect.NativeMethodAccessorImpl.invoke0(Native Method)\n\tat java.base/jdk.internal.reflect.NativeMethodAccessorImpl.invoke(NativeMethodAccessorImpl.java:77)\n\tat java.base/jdk.internal.reflect.DelegatingMethodAccessorImpl.invoke(DelegatingMethodAccessorImpl.java:43)\n\tat java.base/java.lang.reflect.Method.invoke(Method.java:569)\n\tat org.testng.internal.invokers.MethodInvocationHelper.invokeMethod(MethodInvocationHelper.java:139)\n\tat org.testng.internal.invokers.MethodInvocationHelper.invokeMethodConsideringTimeout(MethodInvocationHelper.java:69)\n\tat org.testng.internal.invokers.ConfigInvoker.invokeConfigurationMethod(ConfigInvoker.java:361)\n\tat org.testng.internal.invokers.ConfigInvoker.invokeConfigurations(ConfigInvoker.java:296)\n\tat org.testng.internal.invokers.TestInvoker.runConfigMethods(TestInvoker.java:823)\n\tat org.testng.internal.invokers.TestInvoker.invokeMethod(TestInvoker.java:590)\n\tat org.testng.internal.invokers.TestInvoker.invokeTestMethod(TestInvoker.java:221)\n\tat org.testng.internal.invokers.MethodRunner.runInSequence(MethodRunner.java:50)\n\tat org.testng.internal.invokers.TestInvoker$MethodInvocationAgent.invoke(TestInvoker.java:969)\n\tat org.testng.internal.invokers.TestInvoker.invokeTestMethods(TestInvoker.java:194)\n\tat org.testng.internal.invokers.TestMethodWorker.invokeTestMethods(TestMethodWorker.java:148)\n\tat org.testng.internal.invokers.TestMethodWorker.run(TestMethodWorker.java:128)\n\tat java.base/java.util.ArrayList.forEach(ArrayList.java:1511)\n\tat org.testng.TestRunner.privateRun(TestRunner.java:829)\n\tat org.testng.TestRunner.run(TestRunner.java:602)\n\tat org.testng.SuiteRunner.runTest(SuiteRunner.java:437)\n\tat org.testng.SuiteRunner.runSequentially(SuiteRunner.java:431)\n\tat org.testng.SuiteRunner.privateRun(SuiteRunner.java:391)\n\tat org.testng.SuiteRunner.run(SuiteRunner.java:330)\n\tat org.testng.SuiteRunnerWorker.runSuite(SuiteRunnerWorker.java:52)\n\tat org.testng.SuiteRunnerWorker.run(SuiteRunnerWorker.java:95)\n\tat org.testng.TestNG.runSuitesSequentially(TestNG.java:1256)\n\tat org.testng.TestNG.runSuitesLocally(TestNG.java:1176)\n\tat org.testng.TestNG.runSuites(TestNG.java:1099)\n\tat org.testng.TestNG.run(TestNG.java:1067)\n\tat org.apache.maven.surefire.testng.TestNGExecutor.run(TestNGExecutor.java:135)\n\tat org.apache.maven.surefire.testng.TestNGDirectoryTestSuite.executeMulti(TestNGDirectoryTestSuite.java:193)\n\tat org.apache.maven.surefire.testng.TestNGDirectoryTestSuite.execute(TestNGDirectoryTestSuite.java:94)\n\tat org.apache.maven.surefire.testng.TestNGProvider.invoke(TestNGProvider.java:146)\n\tat org.apache.maven.surefire.booter.ForkedBooter.invokeProviderInSameClassLoader(ForkedBooter.java:384)\n\tat org.apache.maven.surefire.booter.ForkedBooter.runSuitesInProcess(ForkedBooter.java:345)\n\tat org.apache.maven.surefire.booter.ForkedBooter.execute(ForkedBooter.java:126)\n\tat org.apache.maven.surefire.booter.ForkedBooter.main(ForkedBooter.java:418)\nCaused by: java.lang.NoSuchMethodException: com.example.teamcity.api.models.TestData.<init>()\n\tat java.base/java.lang.Class.getConstructor0(Class.java:3585)\n\tat java.base/java.lang.Class.getDeclaredConstructor(Class.java:2754)\n\tat com.example.teamcity.api.generators.TestDataGenerator.generate(TestDataGenerator.java:91)\n\t... 38 more\n","flaky":false,"newFailed":false,"newBroken":false,"newPassed":false,"retriesCount":0,"retriesStatusChange":false,"beforeStages":[{"name":"beforeTest","time":{"start":1732745646229,"stop":1732745646229,"duration":0},"description":"","status":"broken","statusMessage":"Cannot generate a test data","statusTrace":"java.lang.IllegalStateException: Cannot generate a test data\n\tat com.example.teamcity.api.generators.TestDataGenerator.generate(TestDataGenerator.java:106)\n\tat com.example.teamcity.BaseTest.beforeTest(BaseTest.java:22)\n\tat jdk.internal.reflect.GeneratedMethodAccessor71.invoke(Unknown Source)\n\tat java.base/jdk.internal.reflect.DelegatingMethodAccessorImpl.invoke(DelegatingMethodAccessorImpl.java:43)\n\tat java.base/java.lang.reflect.Method.invoke(Method.java:569)\n\tat org.testng.internal.invokers.MethodInvocationHelper.invokeMethod(MethodInvocationHelper.java:139)\n\tat org.testng.internal.invokers.MethodInvocationHelper.invokeMethodConsideringTimeout(MethodInvocationHelper.java:69)\n\tat org.testng.internal.invokers.ConfigInvoker.invokeConfigurationMethod(ConfigInvoker.java:361)\n\tat org.testng.internal.invokers.ConfigInvoker.invokeConfigurations(ConfigInvoker.java:296)\n\tat org.testng.internal.invokers.TestInvoker.runConfigMethods(TestInvoker.java:823)\n\tat org.testng.internal.invokers.TestInvoker.invokeMethod(TestInvoker.java:590)\n\tat org.testng.internal.invokers.TestInvoker.invokeTestMethod(TestInvoker.java:221)\n\tat org.testng.internal.invokers.MethodRunner.runInSequence(MethodRunner.java:50)\n\tat org.testng.internal.invokers.TestInvoker$MethodInvocationAgent.invoke(TestInvoker.java:969)\n\tat org.testng.internal.invokers.TestInvoker.invokeTestMethods(TestInvoker.java:194)\n\tat org.testng.internal.invokers.TestMethodWorker.invokeTestMethods(TestMethodWorker.java:148)\n\tat org.testng.internal.invokers.TestMethodWorker.run(TestMethodWorker.java:128)\n\tat java.base/java.util.ArrayList.forEach(ArrayList.java:1511)\n\tat org.testng.TestRunner.privateRun(TestRunner.java:829)\n\tat org.testng.TestRunner.run(TestRunner.java:602)\n\tat org.testng.SuiteRunner.runTest(SuiteRunner.java:437)\n\tat org.testng.SuiteRunner.runSequentially(SuiteRunner.java:431)\n\tat org.testng.SuiteRunner.privateRun(SuiteRunner.java:391)\n\tat org.testng.SuiteRunner.run(SuiteRunner.java:330)\n\tat org.testng.SuiteRunnerWorker.runSuite(SuiteRunnerWorker.java:52)\n\tat org.testng.SuiteRunnerWorker.run(SuiteRunnerWorker.java:95)\n\tat org.testng.TestNG.runSuitesSequentially(TestNG.java:1256)\n\tat org.testng.TestNG.runSuitesLocally(TestNG.java:1176)\n\tat org.testng.TestNG.runSuites(TestNG.java:1099)\n\tat org.testng.TestNG.run(TestNG.java:1067)\n\tat org.apache.maven.surefire.testng.TestNGExecutor.run(TestNGExecutor.java:135)\n\tat org.apache.maven.surefire.testng.TestNGDirectoryTestSuite.executeMulti(TestNGDirectoryTestSuite.java:193)\n\tat org.apache.maven.surefire.testng.TestNGDirectoryTestSuite.execute(TestNGDirectoryTestSuite.java:94)\n\tat org.apache.maven.surefire.testng.TestNGProvider.invoke(TestNGProvider.java:146)\n\tat org.apache.maven.surefire.booter.ForkedBooter.invokeProviderInSameClassLoader(ForkedBooter.java:384)\n\tat org.apache.maven.surefire.booter.ForkedBooter.runSuitesInProcess(ForkedBooter.java:345)\n\tat org.apache.maven.surefire.booter.ForkedBooter.execute(ForkedBooter.java:126)\n\tat org.apache.maven.surefire.booter.ForkedBooter.main(ForkedBooter.java:418)\nCaused by: java.lang.NoSuchMethodException: com.example.teamcity.api.models.TestData.<init>()\n\tat java.base/java.lang.Class.getConstructor0(Class.java:3585)\n\tat java.base/java.lang.Class.getDeclaredConstructor(Class.java:2754)\n\tat com.example.teamcity.api.generators.TestDataGenerator.generate(TestDataGenerator.java:91)\n\t... 37 more\n","steps":[],"attachments":[],"parameters":[],"shouldDisplayMessage":true,"stepsCount":0,"attachmentsCount":0,"hasContent":true}],"afterStages":[{"name":"afterTest","time":{"start":1732745646232,"stop":1732745646232,"duration":0},"description":"","status":"passed","steps":[],"attachments":[],"parameters":[],"shouldDisplayMessage":false,"stepsCount":0,"attachmentsCount":0,"hasContent":false}],"labels":[{"name":"package","value":"com.example.teamcity.api.ProjectTest"},{"name":"testClass","value":"com.example.teamcity.api.ProjectTest"},{"name":"testMethod","value":"userCreatesProjectWithIdStartsWithNumberTest"},{"name":"parentSuite","value":"Surefire suite"},{"name":"suite","value":"Surefire test"},{"name":"subSuite","value":"com.example.teamcity.api.ProjectTest"},{"name":"host","value":"fv-az801-978"},{"name":"thread","value":"3618@fv-az801-978.main(1)"},{"name":"framework","value":"testng"},{"name":"language","value":"java"},{"name":"resultFormat","value":"allure2"}],"parameters":[],"links":[],"hidden":false,"retry":false,"extra":{"severity":"normal","retries":[],"categories":[],"history":{"statistic":{"failed":0,"broken":0,"skipped":11,"passed":8,"unknown":0,"total":19},"items":[{"uid":"89314c2df1ddf1a5","reportUrl":"https://malashko-kristina.github.io/teamcity-testing-framework/api/47//#testresult/89314c2df1ddf1a5","status":"passed","time":{"start":1732712841936,"stop":1732712842178,"duration":242}},{"uid":"21a94c23edb872b8","reportUrl":"https://malashko-kristina.github.io/teamcity-testing-framework/api/46//#testresult/21a94c23edb872b8","status":"passed","time":{"start":1732665359343,"stop":1732665359556,"duration":213}},{"uid":"31c21c52c068747b","reportUrl":"https://malashko-kristina.github.io/teamcity-testing-framework/api/45//#testresult/31c21c52c068747b","status":"passed","time":{"start":1732664545596,"stop":1732664545850,"duration":254}},{"uid":"dbf018508bc77320","reportUrl":"https://malashko-kristina.github.io/teamcity-testing-framework/api/44//#testresult/dbf018508bc77320","status":"passed","time":{"start":1732662806225,"stop":1732662806476,"duration":251}},{"uid":"69f67c3b1e60d4a2","reportUrl":"https://malashko-kristina.github.io/teamcity-testing-framework/api/43//#testresult/69f67c3b1e60d4a2","status":"passed","time":{"start":1732661924598,"stop":1732661924774,"duration":176}},{"uid":"162176e5bfd98f67","reportUrl":"https://malashko-kristina.github.io/teamcity-testing-framework/api/42//#testresult/162176e5bfd98f67","status":"passed","time":{"start":1732660881857,"stop":1732660882027,"duration":170}},{"uid":"6c406f72ffade211","reportUrl":"https://malashko-kristina.github.io/teamcity-testing-framework/api/41//#testresult/6c406f72ffade211","status":"passed","time":{"start":1732574685788,"stop":1732574686011,"duration":223}},{"uid":"1f6fde37bf33e1d9","reportUrl":"https://malashko-kristina.github.io/teamcity-testing-framework/api/40//#testresult/1f6fde37bf33e1d9","status":"passed","time":{"start":1732572431282,"stop":1732572431426,"duration":144}},{"uid":"cddaeb8004ba0f31","reportUrl":"https://malashko-kristina.github.io/teamcity-testing-framework/api/39//#testresult/cddaeb8004ba0f31","status":"skipped","statusDetails":"null: Temporary failure in name resolution","time":{"start":1732570204502,"stop":1732570204502,"duration":0}},{"uid":"b8259bc78e501fa2","reportUrl":"https://malashko-kristina.github.io/teamcity-testing-framework/api/37//#testresult/b8259bc78e501fa2","status":"skipped","statusDetails":"null: Temporary failure in name resolution","time":{"start":1732550587611,"stop":1732550587612,"duration":1}},{"uid":"e6afec52531fab68","reportUrl":"https://malashko-kristina.github.io/teamcity-testing-framework/api/35//#testresult/e6afec52531fab68","status":"skipped","statusDetails":"Connection timed out","time":{"start":1732549757273,"stop":1732549757273,"duration":0}},{"uid":"9e1f69dd8a9c29b7","reportUrl":"https://malashko-kristina.github.io/teamcity-testing-framework/api/34//#testresult/9e1f69dd8a9c29b7","status":"skipped","statusDetails":"null: Temporary failure in name resolution","time":{"start":1732549031685,"stop":1732549031685,"duration":0}},{"uid":"ec8c38103a2b90ed","reportUrl":"https://malashko-kristina.github.io/teamcity-testing-framework/api/32//#testresult/ec8c38103a2b90ed","status":"skipped","statusDetails":"Connection timed out","time":{"start":1732547860956,"stop":1732547860956,"duration":0}},{"uid":"62edbdfaa6051830","reportUrl":"https://malashko-kristina.github.io/teamcity-testing-framework/api/29//#testresult/62edbdfaa6051830","status":"skipped","statusDetails":"null: Temporary failure in name resolution","time":{"start":1732533347154,"stop":1732533347154,"duration":0}},{"uid":"6377e341b0146da2","reportUrl":"https://malashko-kristina.github.io/teamcity-testing-framework/api/28//#testresult/6377e341b0146da2","status":"skipped","statusDetails":"Connection timed out","time":{"start":1732491662502,"stop":1732491662502,"duration":0}},{"uid":"91792e0e5eac55d","reportUrl":"https://malashko-kristina.github.io/teamcity-testing-framework/api/27//#testresult/91792e0e5eac55d","status":"skipped","statusDetails":"1 expectation failed.\nExpected status code <200> but was <503>.\n","time":{"start":1732490681872,"stop":1732490681873,"duration":1}},{"uid":"2bb2676c5f7ad58e","reportUrl":"https://malashko-kristina.github.io/teamcity-testing-framework/api/26//#testresult/2bb2676c5f7ad58e","status":"skipped","statusDetails":"1 expectation failed.\nExpected status code <200> but was <503>.\n","time":{"start":1732490302029,"stop":1732490302029,"duration":0}},{"uid":"7dfbf4bd3e42c33e","reportUrl":"https://malashko-kristina.github.io/teamcity-testing-framework/api/22//#testresult/7dfbf4bd3e42c33e","status":"skipped","statusDetails":"1 expectation failed.\nExpected status code <200> but was <503>.\n","time":{"start":1732404426522,"stop":1732404426522,"duration":0}}]},"tags":[]},"source":"3647b0209125b5b4.json","parameterValues":[]}