{"uid":"38dce20c9c8fdc72","name":"User should not be able to create a project with invalid id and empty name","fullName":"com.example.teamcity.api.ProjectTest.userCreatesProjectWithEmptyNameAndInvalidIdTest","historyId":"34dfd9616d5b3daad94d933e3e01a188","time":{"start":1732745646196,"stop":1732745646196,"duration":0},"status":"skipped","statusMessage":"Cannot generate a test data","statusTrace":"java.lang.IllegalStateException: Cannot generate a test data\n\tat com.example.teamcity.api.generators.TestDataGenerator.generate(TestDataGenerator.java:106)\n\tat com.example.teamcity.BaseTest.beforeTest(BaseTest.java:22)\n\tat java.base/jdk.internal.reflect.NativeMethodAccessorImpl.invoke0(Native Method)\n\tat java.base/jdk.internal.reflect.NativeMethodAccessorImpl.invoke(NativeMethodAccessorImpl.java:77)\n\tat java.base/jdk.internal.reflect.DelegatingMethodAccessorImpl.invoke(DelegatingMethodAccessorImpl.java:43)\n\tat java.base/java.lang.reflect.Method.invoke(Method.java:569)\n\tat org.testng.internal.invokers.MethodInvocationHelper.invokeMethod(MethodInvocationHelper.java:139)\n\tat org.testng.internal.invokers.MethodInvocationHelper.invokeMethodConsideringTimeout(MethodInvocationHelper.java:69)\n\tat org.testng.internal.invokers.ConfigInvoker.invokeConfigurationMethod(ConfigInvoker.java:361)\n\tat org.testng.internal.invokers.ConfigInvoker.invokeConfigurations(ConfigInvoker.java:296)\n\tat org.testng.internal.invokers.TestInvoker.runConfigMethods(TestInvoker.java:823)\n\tat org.testng.internal.invokers.TestInvoker.invokeMethod(TestInvoker.java:590)\n\tat org.testng.internal.invokers.TestInvoker.invokeTestMethod(TestInvoker.java:221)\n\tat org.testng.internal.invokers.MethodRunner.runInSequence(MethodRunner.java:50)\n\tat org.testng.internal.invokers.TestInvoker$MethodInvocationAgent.invoke(TestInvoker.java:969)\n\tat org.testng.internal.invokers.TestInvoker.invokeTestMethods(TestInvoker.java:194)\n\tat org.testng.internal.invokers.TestMethodWorker.invokeTestMethods(TestMethodWorker.java:148)\n\tat org.testng.internal.invokers.TestMethodWorker.run(TestMethodWorker.java:128)\n\tat java.base/java.util.ArrayList.forEach(ArrayList.java:1511)\n\tat org.testng.TestRunner.privateRun(TestRunner.java:829)\n\tat org.testng.TestRunner.run(TestRunner.java:602)\n\tat org.testng.SuiteRunner.runTest(SuiteRunner.java:437)\n\tat org.testng.SuiteRunner.runSequentially(SuiteRunner.java:431)\n\tat org.testng.SuiteRunner.privateRun(SuiteRunner.java:391)\n\tat org.testng.SuiteRunner.run(SuiteRunner.java:330)\n\tat org.testng.SuiteRunnerWorker.runSuite(SuiteRunnerWorker.java:52)\n\tat org.testng.SuiteRunnerWorker.run(SuiteRunnerWorker.java:95)\n\tat org.testng.TestNG.runSuitesSequentially(TestNG.java:1256)\n\tat org.testng.TestNG.runSuitesLocally(TestNG.java:1176)\n\tat org.testng.TestNG.runSuites(TestNG.java:1099)\n\tat org.testng.TestNG.run(TestNG.java:1067)\n\tat org.apache.maven.surefire.testng.TestNGExecutor.run(TestNGExecutor.java:135)\n\tat org.apache.maven.surefire.testng.TestNGDirectoryTestSuite.executeMulti(TestNGDirectoryTestSuite.java:193)\n\tat org.apache.maven.surefire.testng.TestNGDirectoryTestSuite.execute(TestNGDirectoryTestSuite.java:94)\n\tat org.apache.maven.surefire.testng.TestNGProvider.invoke(TestNGProvider.java:146)\n\tat org.apache.maven.surefire.booter.ForkedBooter.invokeProviderInSameClassLoader(ForkedBooter.java:384)\n\tat org.apache.maven.surefire.booter.ForkedBooter.runSuitesInProcess(ForkedBooter.java:345)\n\tat org.apache.maven.surefire.booter.ForkedBooter.execute(ForkedBooter.java:126)\n\tat org.apache.maven.surefire.booter.ForkedBooter.main(ForkedBooter.java:418)\nCaused by: java.lang.NoSuchMethodException: com.example.teamcity.api.models.TestData.<init>()\n\tat java.base/java.lang.Class.getConstructor0(Class.java:3585)\n\tat java.base/java.lang.Class.getDeclaredConstructor(Class.java:2754)\n\tat com.example.teamcity.api.generators.TestDataGenerator.generate(TestDataGenerator.java:91)\n\t... 38 more\n","flaky":false,"newFailed":false,"newBroken":false,"newPassed":false,"retriesCount":0,"retriesStatusChange":false,"beforeStages":[{"name":"beforeTest","time":{"start":1732745646193,"stop":1732745646193,"duration":0},"description":"","status":"broken","statusMessage":"Cannot generate a test data","statusTrace":"java.lang.IllegalStateException: Cannot generate a test data\n\tat com.example.teamcity.api.generators.TestDataGenerator.generate(TestDataGenerator.java:106)\n\tat com.example.teamcity.BaseTest.beforeTest(BaseTest.java:22)\n\tat java.base/jdk.internal.reflect.NativeMethodAccessorImpl.invoke0(Native Method)\n\tat java.base/jdk.internal.reflect.NativeMethodAccessorImpl.invoke(NativeMethodAccessorImpl.java:77)\n\tat java.base/jdk.internal.reflect.DelegatingMethodAccessorImpl.invoke(DelegatingMethodAccessorImpl.java:43)\n\tat java.base/java.lang.reflect.Method.invoke(Method.java:569)\n\tat org.testng.internal.invokers.MethodInvocationHelper.invokeMethod(MethodInvocationHelper.java:139)\n\tat org.testng.internal.invokers.MethodInvocationHelper.invokeMethodConsideringTimeout(MethodInvocationHelper.java:69)\n\tat org.testng.internal.invokers.ConfigInvoker.invokeConfigurationMethod(ConfigInvoker.java:361)\n\tat org.testng.internal.invokers.ConfigInvoker.invokeConfigurations(ConfigInvoker.java:296)\n\tat org.testng.internal.invokers.TestInvoker.runConfigMethods(TestInvoker.java:823)\n\tat org.testng.internal.invokers.TestInvoker.invokeMethod(TestInvoker.java:590)\n\tat org.testng.internal.invokers.TestInvoker.invokeTestMethod(TestInvoker.java:221)\n\tat org.testng.internal.invokers.MethodRunner.runInSequence(MethodRunner.java:50)\n\tat org.testng.internal.invokers.TestInvoker$MethodInvocationAgent.invoke(TestInvoker.java:969)\n\tat org.testng.internal.invokers.TestInvoker.invokeTestMethods(TestInvoker.java:194)\n\tat org.testng.internal.invokers.TestMethodWorker.invokeTestMethods(TestMethodWorker.java:148)\n\tat org.testng.internal.invokers.TestMethodWorker.run(TestMethodWorker.java:128)\n\tat java.base/java.util.ArrayList.forEach(ArrayList.java:1511)\n\tat org.testng.TestRunner.privateRun(TestRunner.java:829)\n\tat org.testng.TestRunner.run(TestRunner.java:602)\n\tat org.testng.SuiteRunner.runTest(SuiteRunner.java:437)\n\tat org.testng.SuiteRunner.runSequentially(SuiteRunner.java:431)\n\tat org.testng.SuiteRunner.privateRun(SuiteRunner.java:391)\n\tat org.testng.SuiteRunner.run(SuiteRunner.java:330)\n\tat org.testng.SuiteRunnerWorker.runSuite(SuiteRunnerWorker.java:52)\n\tat org.testng.SuiteRunnerWorker.run(SuiteRunnerWorker.java:95)\n\tat org.testng.TestNG.runSuitesSequentially(TestNG.java:1256)\n\tat org.testng.TestNG.runSuitesLocally(TestNG.java:1176)\n\tat org.testng.TestNG.runSuites(TestNG.java:1099)\n\tat org.testng.TestNG.run(TestNG.java:1067)\n\tat org.apache.maven.surefire.testng.TestNGExecutor.run(TestNGExecutor.java:135)\n\tat org.apache.maven.surefire.testng.TestNGDirectoryTestSuite.executeMulti(TestNGDirectoryTestSuite.java:193)\n\tat org.apache.maven.surefire.testng.TestNGDirectoryTestSuite.execute(TestNGDirectoryTestSuite.java:94)\n\tat org.apache.maven.surefire.testng.TestNGProvider.invoke(TestNGProvider.java:146)\n\tat org.apache.maven.surefire.booter.ForkedBooter.invokeProviderInSameClassLoader(ForkedBooter.java:384)\n\tat org.apache.maven.surefire.booter.ForkedBooter.runSuitesInProcess(ForkedBooter.java:345)\n\tat org.apache.maven.surefire.booter.ForkedBooter.execute(ForkedBooter.java:126)\n\tat org.apache.maven.surefire.booter.ForkedBooter.main(ForkedBooter.java:418)\nCaused by: java.lang.NoSuchMethodException: com.example.teamcity.api.models.TestData.<init>()\n\tat java.base/java.lang.Class.getConstructor0(Class.java:3585)\n\tat java.base/java.lang.Class.getDeclaredConstructor(Class.java:2754)\n\tat com.example.teamcity.api.generators.TestDataGenerator.generate(TestDataGenerator.java:91)\n\t... 38 more\n","steps":[],"attachments":[],"parameters":[],"shouldDisplayMessage":true,"stepsCount":0,"attachmentsCount":0,"hasContent":true}],"afterStages":[{"name":"afterTest","time":{"start":1732745646196,"stop":1732745646197,"duration":1},"description":"","status":"passed","steps":[],"attachments":[],"parameters":[],"shouldDisplayMessage":false,"stepsCount":0,"attachmentsCount":0,"hasContent":false}],"labels":[{"name":"package","value":"com.example.teamcity.api.ProjectTest"},{"name":"testClass","value":"com.example.teamcity.api.ProjectTest"},{"name":"testMethod","value":"userCreatesProjectWithEmptyNameAndInvalidIdTest"},{"name":"parentSuite","value":"Surefire suite"},{"name":"suite","value":"Surefire test"},{"name":"subSuite","value":"com.example.teamcity.api.ProjectTest"},{"name":"host","value":"fv-az801-978"},{"name":"thread","value":"3618@fv-az801-978.main(1)"},{"name":"framework","value":"testng"},{"name":"language","value":"java"},{"name":"resultFormat","value":"allure2"}],"parameters":[],"links":[],"hidden":false,"retry":false,"extra":{"severity":"normal","retries":[],"categories":[],"history":{"statistic":{"failed":0,"broken":0,"skipped":11,"passed":8,"unknown":0,"total":19},"items":[{"uid":"b9c79ae6761e3c93","reportUrl":"https://malashko-kristina.github.io/teamcity-testing-framework/api/47//#testresult/b9c79ae6761e3c93","status":"passed","time":{"start":1732712838721,"stop":1732712839913,"duration":1192}},{"uid":"c2b8e72663686b57","reportUrl":"https://malashko-kristina.github.io/teamcity-testing-framework/api/46//#testresult/c2b8e72663686b57","status":"passed","time":{"start":1732665356757,"stop":1732665356941,"duration":184}},{"uid":"de5b6b204f40e0b0","reportUrl":"https://malashko-kristina.github.io/teamcity-testing-framework/api/45//#testresult/de5b6b204f40e0b0","status":"passed","time":{"start":1732664542922,"stop":1732664543143,"duration":221}},{"uid":"2ebc51b259389521","reportUrl":"https://malashko-kristina.github.io/teamcity-testing-framework/api/44//#testresult/2ebc51b259389521","status":"passed","time":{"start":1732662803578,"stop":1732662803756,"duration":178}},{"uid":"2d7714c663b381ae","reportUrl":"https://malashko-kristina.github.io/teamcity-testing-framework/api/43//#testresult/2d7714c663b381ae","status":"passed","time":{"start":1732661921676,"stop":1732661921925,"duration":249}},{"uid":"cf4a352ef1a1f125","reportUrl":"https://malashko-kristina.github.io/teamcity-testing-framework/api/42//#testresult/cf4a352ef1a1f125","status":"passed","time":{"start":1732660879391,"stop":1732660879529,"duration":138}},{"uid":"2ab5ca69cd49ed26","reportUrl":"https://malashko-kristina.github.io/teamcity-testing-framework/api/41//#testresult/2ab5ca69cd49ed26","status":"passed","time":{"start":1732574683303,"stop":1732574683500,"duration":197}},{"uid":"fbc4a076e47a36fa","reportUrl":"https://malashko-kristina.github.io/teamcity-testing-framework/api/40//#testresult/fbc4a076e47a36fa","status":"passed","time":{"start":1732572428685,"stop":1732572428871,"duration":186}},{"uid":"77f3b011c9586cc","reportUrl":"https://malashko-kristina.github.io/teamcity-testing-framework/api/39//#testresult/77f3b011c9586cc","status":"skipped","statusDetails":"null: Temporary failure in name resolution","time":{"start":1732570204465,"stop":1732570204465,"duration":0}},{"uid":"b7e39f088174ab8f","reportUrl":"https://malashko-kristina.github.io/teamcity-testing-framework/api/37//#testresult/b7e39f088174ab8f","status":"skipped","statusDetails":"null: Temporary failure in name resolution","time":{"start":1732550587571,"stop":1732550587571,"duration":0}},{"uid":"ff01ffd66850d135","reportUrl":"https://malashko-kristina.github.io/teamcity-testing-framework/api/35//#testresult/ff01ffd66850d135","status":"skipped","statusDetails":"Connection timed out","time":{"start":1732549757238,"stop":1732549757238,"duration":0}},{"uid":"a6c77b1aad09f360","reportUrl":"https://malashko-kristina.github.io/teamcity-testing-framework/api/34//#testresult/a6c77b1aad09f360","status":"skipped","statusDetails":"null: Temporary failure in name resolution","time":{"start":1732549031646,"stop":1732549031647,"duration":1}},{"uid":"c7d16c55f27dec4e","reportUrl":"https://malashko-kristina.github.io/teamcity-testing-framework/api/32//#testresult/c7d16c55f27dec4e","status":"skipped","statusDetails":"Connection timed out","time":{"start":1732547860917,"stop":1732547860917,"duration":0}},{"uid":"36b60a67bc0ab5ae","reportUrl":"https://malashko-kristina.github.io/teamcity-testing-framework/api/29//#testresult/36b60a67bc0ab5ae","status":"skipped","statusDetails":"null: Temporary failure in name resolution","time":{"start":1732533347117,"stop":1732533347117,"duration":0}},{"uid":"dead6347fabfeda","reportUrl":"https://malashko-kristina.github.io/teamcity-testing-framework/api/28//#testresult/dead6347fabfeda","status":"skipped","statusDetails":"Connection timed out","time":{"start":1732491662458,"stop":1732491662459,"duration":1}},{"uid":"ee5d526248f86f76","reportUrl":"https://malashko-kristina.github.io/teamcity-testing-framework/api/27//#testresult/ee5d526248f86f76","status":"skipped","statusDetails":"1 expectation failed.\nExpected status code <200> but was <503>.\n","time":{"start":1732490681824,"stop":1732490681824,"duration":0}},{"uid":"708dcb937c2ba2c0","reportUrl":"https://malashko-kristina.github.io/teamcity-testing-framework/api/26//#testresult/708dcb937c2ba2c0","status":"skipped","statusDetails":"1 expectation failed.\nExpected status code <200> but was <503>.\n","time":{"start":1732490301986,"stop":1732490301986,"duration":0}},{"uid":"e33347edc1631039","reportUrl":"https://malashko-kristina.github.io/teamcity-testing-framework/api/22//#testresult/e33347edc1631039","status":"skipped","statusDetails":"1 expectation failed.\nExpected status code <200> but was <503>.\n","time":{"start":1732404426490,"stop":1732404426490,"duration":0}}]},"tags":[]},"source":"38dce20c9c8fdc72.json","parameterValues":[]}