{"uid":"3e4a7524e47e96cc","name":"User should be able to create a project with correct data","fullName":"com.example.teamcity.api.ProjectTest.userCreatesProjectTest","historyId":"9dfdb09eeb80e2082e11cc6808cfbf6d","time":{"start":1732745646181,"stop":1732745646181,"duration":0},"status":"skipped","statusMessage":"Cannot generate a test data","statusTrace":"java.lang.IllegalStateException: Cannot generate a test data\n\tat com.example.teamcity.api.generators.TestDataGenerator.generate(TestDataGenerator.java:106)\n\tat com.example.teamcity.BaseTest.beforeTest(BaseTest.java:22)\n\tat java.base/jdk.internal.reflect.NativeMethodAccessorImpl.invoke0(Native Method)\n\tat java.base/jdk.internal.reflect.NativeMethodAccessorImpl.invoke(NativeMethodAccessorImpl.java:77)\n\tat java.base/jdk.internal.reflect.DelegatingMethodAccessorImpl.invoke(DelegatingMethodAccessorImpl.java:43)\n\tat java.base/java.lang.reflect.Method.invoke(Method.java:569)\n\tat org.testng.internal.invokers.MethodInvocationHelper.invokeMethod(MethodInvocationHelper.java:139)\n\tat org.testng.internal.invokers.MethodInvocationHelper.invokeMethodConsideringTimeout(MethodInvocationHelper.java:69)\n\tat org.testng.internal.invokers.ConfigInvoker.invokeConfigurationMethod(ConfigInvoker.java:361)\n\tat org.testng.internal.invokers.ConfigInvoker.invokeConfigurations(ConfigInvoker.java:296)\n\tat org.testng.internal.invokers.TestInvoker.runConfigMethods(TestInvoker.java:823)\n\tat org.testng.internal.invokers.TestInvoker.invokeMethod(TestInvoker.java:590)\n\tat org.testng.internal.invokers.TestInvoker.invokeTestMethod(TestInvoker.java:221)\n\tat org.testng.internal.invokers.MethodRunner.runInSequence(MethodRunner.java:50)\n\tat org.testng.internal.invokers.TestInvoker$MethodInvocationAgent.invoke(TestInvoker.java:969)\n\tat org.testng.internal.invokers.TestInvoker.invokeTestMethods(TestInvoker.java:194)\n\tat org.testng.internal.invokers.TestMethodWorker.invokeTestMethods(TestMethodWorker.java:148)\n\tat org.testng.internal.invokers.TestMethodWorker.run(TestMethodWorker.java:128)\n\tat java.base/java.util.ArrayList.forEach(ArrayList.java:1511)\n\tat org.testng.TestRunner.privateRun(TestRunner.java:829)\n\tat org.testng.TestRunner.run(TestRunner.java:602)\n\tat org.testng.SuiteRunner.runTest(SuiteRunner.java:437)\n\tat org.testng.SuiteRunner.runSequentially(SuiteRunner.java:431)\n\tat org.testng.SuiteRunner.privateRun(SuiteRunner.java:391)\n\tat org.testng.SuiteRunner.run(SuiteRunner.java:330)\n\tat org.testng.SuiteRunnerWorker.runSuite(SuiteRunnerWorker.java:52)\n\tat org.testng.SuiteRunnerWorker.run(SuiteRunnerWorker.java:95)\n\tat org.testng.TestNG.runSuitesSequentially(TestNG.java:1256)\n\tat org.testng.TestNG.runSuitesLocally(TestNG.java:1176)\n\tat org.testng.TestNG.runSuites(TestNG.java:1099)\n\tat org.testng.TestNG.run(TestNG.java:1067)\n\tat org.apache.maven.surefire.testng.TestNGExecutor.run(TestNGExecutor.java:135)\n\tat org.apache.maven.surefire.testng.TestNGDirectoryTestSuite.executeMulti(TestNGDirectoryTestSuite.java:193)\n\tat org.apache.maven.surefire.testng.TestNGDirectoryTestSuite.execute(TestNGDirectoryTestSuite.java:94)\n\tat org.apache.maven.surefire.testng.TestNGProvider.invoke(TestNGProvider.java:146)\n\tat org.apache.maven.surefire.booter.ForkedBooter.invokeProviderInSameClassLoader(ForkedBooter.java:384)\n\tat org.apache.maven.surefire.booter.ForkedBooter.runSuitesInProcess(ForkedBooter.java:345)\n\tat org.apache.maven.surefire.booter.ForkedBooter.execute(ForkedBooter.java:126)\n\tat org.apache.maven.surefire.booter.ForkedBooter.main(ForkedBooter.java:418)\nCaused by: java.lang.NoSuchMethodException: com.example.teamcity.api.models.TestData.<init>()\n\tat java.base/java.lang.Class.getConstructor0(Class.java:3585)\n\tat java.base/java.lang.Class.getDeclaredConstructor(Class.java:2754)\n\tat com.example.teamcity.api.generators.TestDataGenerator.generate(TestDataGenerator.java:91)\n\t... 38 more\n","flaky":false,"newFailed":false,"newBroken":false,"newPassed":false,"retriesCount":0,"retriesStatusChange":false,"beforeStages":[{"name":"beforeTest","time":{"start":1732745646178,"stop":1732745646178,"duration":0},"description":"","status":"broken","statusMessage":"Cannot generate a test data","statusTrace":"java.lang.IllegalStateException: Cannot generate a test data\n\tat com.example.teamcity.api.generators.TestDataGenerator.generate(TestDataGenerator.java:106)\n\tat com.example.teamcity.BaseTest.beforeTest(BaseTest.java:22)\n\tat java.base/jdk.internal.reflect.NativeMethodAccessorImpl.invoke0(Native Method)\n\tat java.base/jdk.internal.reflect.NativeMethodAccessorImpl.invoke(NativeMethodAccessorImpl.java:77)\n\tat java.base/jdk.internal.reflect.DelegatingMethodAccessorImpl.invoke(DelegatingMethodAccessorImpl.java:43)\n\tat java.base/java.lang.reflect.Method.invoke(Method.java:569)\n\tat org.testng.internal.invokers.MethodInvocationHelper.invokeMethod(MethodInvocationHelper.java:139)\n\tat org.testng.internal.invokers.MethodInvocationHelper.invokeMethodConsideringTimeout(MethodInvocationHelper.java:69)\n\tat org.testng.internal.invokers.ConfigInvoker.invokeConfigurationMethod(ConfigInvoker.java:361)\n\tat org.testng.internal.invokers.ConfigInvoker.invokeConfigurations(ConfigInvoker.java:296)\n\tat org.testng.internal.invokers.TestInvoker.runConfigMethods(TestInvoker.java:823)\n\tat org.testng.internal.invokers.TestInvoker.invokeMethod(TestInvoker.java:590)\n\tat org.testng.internal.invokers.TestInvoker.invokeTestMethod(TestInvoker.java:221)\n\tat org.testng.internal.invokers.MethodRunner.runInSequence(MethodRunner.java:50)\n\tat org.testng.internal.invokers.TestInvoker$MethodInvocationAgent.invoke(TestInvoker.java:969)\n\tat org.testng.internal.invokers.TestInvoker.invokeTestMethods(TestInvoker.java:194)\n\tat org.testng.internal.invokers.TestMethodWorker.invokeTestMethods(TestMethodWorker.java:148)\n\tat org.testng.internal.invokers.TestMethodWorker.run(TestMethodWorker.java:128)\n\tat java.base/java.util.ArrayList.forEach(ArrayList.java:1511)\n\tat org.testng.TestRunner.privateRun(TestRunner.java:829)\n\tat org.testng.TestRunner.run(TestRunner.java:602)\n\tat org.testng.SuiteRunner.runTest(SuiteRunner.java:437)\n\tat org.testng.SuiteRunner.runSequentially(SuiteRunner.java:431)\n\tat org.testng.SuiteRunner.privateRun(SuiteRunner.java:391)\n\tat org.testng.SuiteRunner.run(SuiteRunner.java:330)\n\tat org.testng.SuiteRunnerWorker.runSuite(SuiteRunnerWorker.java:52)\n\tat org.testng.SuiteRunnerWorker.run(SuiteRunnerWorker.java:95)\n\tat org.testng.TestNG.runSuitesSequentially(TestNG.java:1256)\n\tat org.testng.TestNG.runSuitesLocally(TestNG.java:1176)\n\tat org.testng.TestNG.runSuites(TestNG.java:1099)\n\tat org.testng.TestNG.run(TestNG.java:1067)\n\tat org.apache.maven.surefire.testng.TestNGExecutor.run(TestNGExecutor.java:135)\n\tat org.apache.maven.surefire.testng.TestNGDirectoryTestSuite.executeMulti(TestNGDirectoryTestSuite.java:193)\n\tat org.apache.maven.surefire.testng.TestNGDirectoryTestSuite.execute(TestNGDirectoryTestSuite.java:94)\n\tat org.apache.maven.surefire.testng.TestNGProvider.invoke(TestNGProvider.java:146)\n\tat org.apache.maven.surefire.booter.ForkedBooter.invokeProviderInSameClassLoader(ForkedBooter.java:384)\n\tat org.apache.maven.surefire.booter.ForkedBooter.runSuitesInProcess(ForkedBooter.java:345)\n\tat org.apache.maven.surefire.booter.ForkedBooter.execute(ForkedBooter.java:126)\n\tat org.apache.maven.surefire.booter.ForkedBooter.main(ForkedBooter.java:418)\nCaused by: java.lang.NoSuchMethodException: com.example.teamcity.api.models.TestData.<init>()\n\tat java.base/java.lang.Class.getConstructor0(Class.java:3585)\n\tat java.base/java.lang.Class.getDeclaredConstructor(Class.java:2754)\n\tat com.example.teamcity.api.generators.TestDataGenerator.generate(TestDataGenerator.java:91)\n\t... 38 more\n","steps":[],"attachments":[],"parameters":[],"shouldDisplayMessage":true,"stepsCount":0,"attachmentsCount":0,"hasContent":true}],"afterStages":[{"name":"afterTest","time":{"start":1732745646182,"stop":1732745646182,"duration":0},"description":"","status":"passed","steps":[],"attachments":[],"parameters":[],"shouldDisplayMessage":false,"stepsCount":0,"attachmentsCount":0,"hasContent":false}],"labels":[{"name":"package","value":"com.example.teamcity.api.ProjectTest"},{"name":"testClass","value":"com.example.teamcity.api.ProjectTest"},{"name":"testMethod","value":"userCreatesProjectTest"},{"name":"parentSuite","value":"Surefire suite"},{"name":"suite","value":"Surefire test"},{"name":"subSuite","value":"com.example.teamcity.api.ProjectTest"},{"name":"host","value":"fv-az801-978"},{"name":"thread","value":"3618@fv-az801-978.main(1)"},{"name":"framework","value":"testng"},{"name":"language","value":"java"},{"name":"resultFormat","value":"allure2"}],"parameters":[],"links":[],"hidden":false,"retry":false,"extra":{"severity":"normal","retries":[],"categories":[],"history":{"statistic":{"failed":0,"broken":0,"skipped":11,"passed":8,"unknown":0,"total":19},"items":[{"uid":"3161fdf7489e52ed","reportUrl":"https://malashko-kristina.github.io/teamcity-testing-framework/api/47//#testresult/3161fdf7489e52ed","status":"passed","time":{"start":1732712836959,"stop":1732712837365,"duration":406}},{"uid":"2de2f9a4af13eb93","reportUrl":"https://malashko-kristina.github.io/teamcity-testing-framework/api/46//#testresult/2de2f9a4af13eb93","status":"passed","time":{"start":1732665355857,"stop":1732665356215,"duration":358}},{"uid":"b10c8f592898719f","reportUrl":"https://malashko-kristina.github.io/teamcity-testing-framework/api/45//#testresult/b10c8f592898719f","status":"passed","time":{"start":1732664541013,"stop":1732664541564,"duration":551}},{"uid":"70f961ff0e33175a","reportUrl":"https://malashko-kristina.github.io/teamcity-testing-framework/api/44//#testresult/70f961ff0e33175a","status":"passed","time":{"start":1732662802513,"stop":1732662802957,"duration":444}},{"uid":"9454a66b6e51697b","reportUrl":"https://malashko-kristina.github.io/teamcity-testing-framework/api/43//#testresult/9454a66b6e51697b","status":"passed","time":{"start":1732661920716,"stop":1732661921104,"duration":388}},{"uid":"f25cd7a58aab9530","reportUrl":"https://malashko-kristina.github.io/teamcity-testing-framework/api/42//#testresult/f25cd7a58aab9530","status":"passed","time":{"start":1732660878314,"stop":1732660878797,"duration":483}},{"uid":"56917847020a0660","reportUrl":"https://malashko-kristina.github.io/teamcity-testing-framework/api/41//#testresult/56917847020a0660","status":"passed","time":{"start":1732574680961,"stop":1732574681910,"duration":949}},{"uid":"a27d3a59df47f691","reportUrl":"https://malashko-kristina.github.io/teamcity-testing-framework/api/40//#testresult/a27d3a59df47f691","status":"passed","time":{"start":1732572427614,"stop":1732572428082,"duration":468}},{"uid":"30392e2fd096d554","reportUrl":"https://malashko-kristina.github.io/teamcity-testing-framework/api/39//#testresult/30392e2fd096d554","status":"skipped","statusDetails":"null: Temporary failure in name resolution","time":{"start":1732570204452,"stop":1732570204452,"duration":0}},{"uid":"e979ac033aa58b79","reportUrl":"https://malashko-kristina.github.io/teamcity-testing-framework/api/37//#testresult/e979ac033aa58b79","status":"skipped","statusDetails":"null: Temporary failure in name resolution","time":{"start":1732550587558,"stop":1732550587558,"duration":0}},{"uid":"6204ba0e38a77159","reportUrl":"https://malashko-kristina.github.io/teamcity-testing-framework/api/35//#testresult/6204ba0e38a77159","status":"skipped","statusDetails":"Connection timed out","time":{"start":1732549757226,"stop":1732549757226,"duration":0}},{"uid":"65c726568b2ccb6e","reportUrl":"https://malashko-kristina.github.io/teamcity-testing-framework/api/34//#testresult/65c726568b2ccb6e","status":"skipped","statusDetails":"null: Temporary failure in name resolution","time":{"start":1732549031634,"stop":1732549031635,"duration":1}},{"uid":"5b74881f042310dd","reportUrl":"https://malashko-kristina.github.io/teamcity-testing-framework/api/32//#testresult/5b74881f042310dd","status":"skipped","statusDetails":"Connection timed out","time":{"start":1732547860904,"stop":1732547860904,"duration":0}},{"uid":"bd4a0ce33cb1f68d","reportUrl":"https://malashko-kristina.github.io/teamcity-testing-framework/api/29//#testresult/bd4a0ce33cb1f68d","status":"skipped","statusDetails":"null: Temporary failure in name resolution","time":{"start":1732533347105,"stop":1732533347105,"duration":0}},{"uid":"25875725fcc87363","reportUrl":"https://malashko-kristina.github.io/teamcity-testing-framework/api/28//#testresult/25875725fcc87363","status":"skipped","statusDetails":"Connection timed out","time":{"start":1732491662445,"stop":1732491662445,"duration":0}},{"uid":"d41bce53a483b5f9","reportUrl":"https://malashko-kristina.github.io/teamcity-testing-framework/api/27//#testresult/d41bce53a483b5f9","status":"skipped","statusDetails":"1 expectation failed.\nExpected status code <200> but was <503>.\n","time":{"start":1732490681811,"stop":1732490681811,"duration":0}},{"uid":"79e5bfaaafdb9db4","reportUrl":"https://malashko-kristina.github.io/teamcity-testing-framework/api/26//#testresult/79e5bfaaafdb9db4","status":"skipped","statusDetails":"1 expectation failed.\nExpected status code <200> but was <503>.\n","time":{"start":1732490301974,"stop":1732490301974,"duration":0}},{"uid":"be16ddf386abb57","reportUrl":"https://malashko-kristina.github.io/teamcity-testing-framework/api/22//#testresult/be16ddf386abb57","status":"skipped","statusDetails":"1 expectation failed.\nExpected status code <200> but was <503>.\n","time":{"start":1732404426480,"stop":1732404426480,"duration":0}}]},"tags":[]},"source":"3e4a7524e47e96cc.json","parameterValues":[]}