{"uid":"490051aaf99ac01d","name":"User should not be able to create two build types with the same id","fullName":"com.example.teamcity.api.BuildTypeTest.userCreatesTwoBuildTypeWithTheSameIdTest","historyId":"c8bfd8408c8ef0aca41c0771da753daa","time":{"start":1732745646130,"stop":1732745646131,"duration":1},"status":"skipped","statusMessage":"Cannot generate a test data","statusTrace":"java.lang.IllegalStateException: Cannot generate a test data\n\tat com.example.teamcity.api.generators.TestDataGenerator.generate(TestDataGenerator.java:106)\n\tat com.example.teamcity.BaseTest.beforeTest(BaseTest.java:22)\n\tat java.base/jdk.internal.reflect.NativeMethodAccessorImpl.invoke0(Native Method)\n\tat java.base/jdk.internal.reflect.NativeMethodAccessorImpl.invoke(NativeMethodAccessorImpl.java:77)\n\tat java.base/jdk.internal.reflect.DelegatingMethodAccessorImpl.invoke(DelegatingMethodAccessorImpl.java:43)\n\tat java.base/java.lang.reflect.Method.invoke(Method.java:569)\n\tat org.testng.internal.invokers.MethodInvocationHelper.invokeMethod(MethodInvocationHelper.java:139)\n\tat org.testng.internal.invokers.MethodInvocationHelper.invokeMethodConsideringTimeout(MethodInvocationHelper.java:69)\n\tat org.testng.internal.invokers.ConfigInvoker.invokeConfigurationMethod(ConfigInvoker.java:361)\n\tat org.testng.internal.invokers.ConfigInvoker.invokeConfigurations(ConfigInvoker.java:296)\n\tat org.testng.internal.invokers.TestInvoker.runConfigMethods(TestInvoker.java:823)\n\tat org.testng.internal.invokers.TestInvoker.invokeMethod(TestInvoker.java:590)\n\tat org.testng.internal.invokers.TestInvoker.invokeTestMethod(TestInvoker.java:221)\n\tat org.testng.internal.invokers.MethodRunner.runInSequence(MethodRunner.java:50)\n\tat org.testng.internal.invokers.TestInvoker$MethodInvocationAgent.invoke(TestInvoker.java:969)\n\tat org.testng.internal.invokers.TestInvoker.invokeTestMethods(TestInvoker.java:194)\n\tat org.testng.internal.invokers.TestMethodWorker.invokeTestMethods(TestMethodWorker.java:148)\n\tat org.testng.internal.invokers.TestMethodWorker.run(TestMethodWorker.java:128)\n\tat java.base/java.util.ArrayList.forEach(ArrayList.java:1511)\n\tat org.testng.TestRunner.privateRun(TestRunner.java:829)\n\tat org.testng.TestRunner.run(TestRunner.java:602)\n\tat org.testng.SuiteRunner.runTest(SuiteRunner.java:437)\n\tat org.testng.SuiteRunner.runSequentially(SuiteRunner.java:431)\n\tat org.testng.SuiteRunner.privateRun(SuiteRunner.java:391)\n\tat org.testng.SuiteRunner.run(SuiteRunner.java:330)\n\tat org.testng.SuiteRunnerWorker.runSuite(SuiteRunnerWorker.java:52)\n\tat org.testng.SuiteRunnerWorker.run(SuiteRunnerWorker.java:95)\n\tat org.testng.TestNG.runSuitesSequentially(TestNG.java:1256)\n\tat org.testng.TestNG.runSuitesLocally(TestNG.java:1176)\n\tat org.testng.TestNG.runSuites(TestNG.java:1099)\n\tat org.testng.TestNG.run(TestNG.java:1067)\n\tat org.apache.maven.surefire.testng.TestNGExecutor.run(TestNGExecutor.java:135)\n\tat org.apache.maven.surefire.testng.TestNGDirectoryTestSuite.executeMulti(TestNGDirectoryTestSuite.java:193)\n\tat org.apache.maven.surefire.testng.TestNGDirectoryTestSuite.execute(TestNGDirectoryTestSuite.java:94)\n\tat org.apache.maven.surefire.testng.TestNGProvider.invoke(TestNGProvider.java:146)\n\tat org.apache.maven.surefire.booter.ForkedBooter.invokeProviderInSameClassLoader(ForkedBooter.java:384)\n\tat org.apache.maven.surefire.booter.ForkedBooter.runSuitesInProcess(ForkedBooter.java:345)\n\tat org.apache.maven.surefire.booter.ForkedBooter.execute(ForkedBooter.java:126)\n\tat org.apache.maven.surefire.booter.ForkedBooter.main(ForkedBooter.java:418)\nCaused by: java.lang.NoSuchMethodException: com.example.teamcity.api.models.TestData.<init>()\n\tat java.base/java.lang.Class.getConstructor0(Class.java:3585)\n\tat java.base/java.lang.Class.getDeclaredConstructor(Class.java:2754)\n\tat com.example.teamcity.api.generators.TestDataGenerator.generate(TestDataGenerator.java:91)\n\t... 38 more\n","flaky":false,"newFailed":false,"newBroken":false,"newPassed":false,"retriesCount":0,"retriesStatusChange":false,"beforeStages":[{"name":"beforeTest","time":{"start":1732745646127,"stop":1732745646127,"duration":0},"description":"","status":"broken","statusMessage":"Cannot generate a test data","statusTrace":"java.lang.IllegalStateException: Cannot generate a test data\n\tat com.example.teamcity.api.generators.TestDataGenerator.generate(TestDataGenerator.java:106)\n\tat com.example.teamcity.BaseTest.beforeTest(BaseTest.java:22)\n\tat java.base/jdk.internal.reflect.NativeMethodAccessorImpl.invoke0(Native Method)\n\tat java.base/jdk.internal.reflect.NativeMethodAccessorImpl.invoke(NativeMethodAccessorImpl.java:77)\n\tat java.base/jdk.internal.reflect.DelegatingMethodAccessorImpl.invoke(DelegatingMethodAccessorImpl.java:43)\n\tat java.base/java.lang.reflect.Method.invoke(Method.java:569)\n\tat org.testng.internal.invokers.MethodInvocationHelper.invokeMethod(MethodInvocationHelper.java:139)\n\tat org.testng.internal.invokers.MethodInvocationHelper.invokeMethodConsideringTimeout(MethodInvocationHelper.java:69)\n\tat org.testng.internal.invokers.ConfigInvoker.invokeConfigurationMethod(ConfigInvoker.java:361)\n\tat org.testng.internal.invokers.ConfigInvoker.invokeConfigurations(ConfigInvoker.java:296)\n\tat org.testng.internal.invokers.TestInvoker.runConfigMethods(TestInvoker.java:823)\n\tat org.testng.internal.invokers.TestInvoker.invokeMethod(TestInvoker.java:590)\n\tat org.testng.internal.invokers.TestInvoker.invokeTestMethod(TestInvoker.java:221)\n\tat org.testng.internal.invokers.MethodRunner.runInSequence(MethodRunner.java:50)\n\tat org.testng.internal.invokers.TestInvoker$MethodInvocationAgent.invoke(TestInvoker.java:969)\n\tat org.testng.internal.invokers.TestInvoker.invokeTestMethods(TestInvoker.java:194)\n\tat org.testng.internal.invokers.TestMethodWorker.invokeTestMethods(TestMethodWorker.java:148)\n\tat org.testng.internal.invokers.TestMethodWorker.run(TestMethodWorker.java:128)\n\tat java.base/java.util.ArrayList.forEach(ArrayList.java:1511)\n\tat org.testng.TestRunner.privateRun(TestRunner.java:829)\n\tat org.testng.TestRunner.run(TestRunner.java:602)\n\tat org.testng.SuiteRunner.runTest(SuiteRunner.java:437)\n\tat org.testng.SuiteRunner.runSequentially(SuiteRunner.java:431)\n\tat org.testng.SuiteRunner.privateRun(SuiteRunner.java:391)\n\tat org.testng.SuiteRunner.run(SuiteRunner.java:330)\n\tat org.testng.SuiteRunnerWorker.runSuite(SuiteRunnerWorker.java:52)\n\tat org.testng.SuiteRunnerWorker.run(SuiteRunnerWorker.java:95)\n\tat org.testng.TestNG.runSuitesSequentially(TestNG.java:1256)\n\tat org.testng.TestNG.runSuitesLocally(TestNG.java:1176)\n\tat org.testng.TestNG.runSuites(TestNG.java:1099)\n\tat org.testng.TestNG.run(TestNG.java:1067)\n\tat org.apache.maven.surefire.testng.TestNGExecutor.run(TestNGExecutor.java:135)\n\tat org.apache.maven.surefire.testng.TestNGDirectoryTestSuite.executeMulti(TestNGDirectoryTestSuite.java:193)\n\tat org.apache.maven.surefire.testng.TestNGDirectoryTestSuite.execute(TestNGDirectoryTestSuite.java:94)\n\tat org.apache.maven.surefire.testng.TestNGProvider.invoke(TestNGProvider.java:146)\n\tat org.apache.maven.surefire.booter.ForkedBooter.invokeProviderInSameClassLoader(ForkedBooter.java:384)\n\tat org.apache.maven.surefire.booter.ForkedBooter.runSuitesInProcess(ForkedBooter.java:345)\n\tat org.apache.maven.surefire.booter.ForkedBooter.execute(ForkedBooter.java:126)\n\tat org.apache.maven.surefire.booter.ForkedBooter.main(ForkedBooter.java:418)\nCaused by: java.lang.NoSuchMethodException: com.example.teamcity.api.models.TestData.<init>()\n\tat java.base/java.lang.Class.getConstructor0(Class.java:3585)\n\tat java.base/java.lang.Class.getDeclaredConstructor(Class.java:2754)\n\tat com.example.teamcity.api.generators.TestDataGenerator.generate(TestDataGenerator.java:91)\n\t... 38 more\n","steps":[],"attachments":[],"parameters":[],"shouldDisplayMessage":true,"stepsCount":0,"attachmentsCount":0,"hasContent":true}],"afterStages":[{"name":"afterTest","time":{"start":1732745646132,"stop":1732745646132,"duration":0},"description":"","status":"passed","steps":[],"attachments":[],"parameters":[],"shouldDisplayMessage":false,"stepsCount":0,"attachmentsCount":0,"hasContent":false}],"labels":[{"name":"package","value":"com.example.teamcity.api.BuildTypeTest"},{"name":"testClass","value":"com.example.teamcity.api.BuildTypeTest"},{"name":"testMethod","value":"userCreatesTwoBuildTypeWithTheSameIdTest"},{"name":"parentSuite","value":"Surefire suite"},{"name":"suite","value":"Surefire test"},{"name":"subSuite","value":"com.example.teamcity.api.BuildTypeTest"},{"name":"host","value":"fv-az801-978"},{"name":"thread","value":"3618@fv-az801-978.main(1)"},{"name":"framework","value":"testng"},{"name":"language","value":"java"},{"name":"resultFormat","value":"allure2"}],"parameters":[],"links":[],"hidden":false,"retry":false,"extra":{"severity":"normal","retries":[],"categories":[],"history":{"statistic":{"failed":0,"broken":0,"skipped":11,"passed":8,"unknown":0,"total":19},"items":[{"uid":"b625f7f82863afb9","reportUrl":"https://malashko-kristina.github.io/teamcity-testing-framework/api/47//#testresult/b625f7f82863afb9","status":"passed","time":{"start":1732712833852,"stop":1732712834281,"duration":429}},{"uid":"7f3910edf3c9b05","reportUrl":"https://malashko-kristina.github.io/teamcity-testing-framework/api/46//#testresult/7f3910edf3c9b05","status":"passed","time":{"start":1732665351936,"stop":1732665353233,"duration":1297}},{"uid":"63e522c35614b7cc","reportUrl":"https://malashko-kristina.github.io/teamcity-testing-framework/api/45//#testresult/63e522c35614b7cc","status":"passed","time":{"start":1732664538028,"stop":1732664538385,"duration":357}},{"uid":"5a6ff28ace2a6bd","reportUrl":"https://malashko-kristina.github.io/teamcity-testing-framework/api/44//#testresult/5a6ff28ace2a6bd","status":"passed","time":{"start":1732662799406,"stop":1732662799874,"duration":468}},{"uid":"2828bc9b3ec9e67d","reportUrl":"https://malashko-kristina.github.io/teamcity-testing-framework/api/43//#testresult/2828bc9b3ec9e67d","status":"passed","time":{"start":1732661917795,"stop":1732661918218,"duration":423}},{"uid":"a7fa7f8c3070fa48","reportUrl":"https://malashko-kristina.github.io/teamcity-testing-framework/api/42//#testresult/a7fa7f8c3070fa48","status":"passed","time":{"start":1732660875360,"stop":1732660875810,"duration":450}},{"uid":"3bffc375ca27eb20","reportUrl":"https://malashko-kristina.github.io/teamcity-testing-framework/api/41//#testresult/3bffc375ca27eb20","status":"passed","time":{"start":1732574677733,"stop":1732574678183,"duration":450}},{"uid":"eab5d695e2635b32","reportUrl":"https://malashko-kristina.github.io/teamcity-testing-framework/api/40//#testresult/eab5d695e2635b32","status":"passed","time":{"start":1732572423286,"stop":1732572423793,"duration":507}},{"uid":"59c0e25dee8f2c64","reportUrl":"https://malashko-kristina.github.io/teamcity-testing-framework/api/39//#testresult/59c0e25dee8f2c64","status":"skipped","statusDetails":"null: Temporary failure in name resolution","time":{"start":1732570204416,"stop":1732570204417,"duration":1}},{"uid":"e9308407a8b822cd","reportUrl":"https://malashko-kristina.github.io/teamcity-testing-framework/api/37//#testresult/e9308407a8b822cd","status":"skipped","statusDetails":"null: Temporary failure in name resolution","time":{"start":1732550587520,"stop":1732550587520,"duration":0}},{"uid":"83548c19bef173f0","reportUrl":"https://malashko-kristina.github.io/teamcity-testing-framework/api/35//#testresult/83548c19bef173f0","status":"skipped","statusDetails":"Connection timed out","time":{"start":1732549757193,"stop":1732549757194,"duration":1}},{"uid":"d0cebe9e88f47610","reportUrl":"https://malashko-kristina.github.io/teamcity-testing-framework/api/34//#testresult/d0cebe9e88f47610","status":"skipped","statusDetails":"null: Temporary failure in name resolution","time":{"start":1732549031599,"stop":1732549031599,"duration":0}},{"uid":"ad3945a176c3bcbc","reportUrl":"https://malashko-kristina.github.io/teamcity-testing-framework/api/32//#testresult/ad3945a176c3bcbc","status":"skipped","statusDetails":"Connection timed out","time":{"start":1732547860864,"stop":1732547860864,"duration":0}},{"uid":"c699be2aa3a0ba2a","reportUrl":"https://malashko-kristina.github.io/teamcity-testing-framework/api/29//#testresult/c699be2aa3a0ba2a","status":"skipped","statusDetails":"null: Temporary failure in name resolution","time":{"start":1732533347066,"stop":1732533347066,"duration":0}},{"uid":"e6e838a44c9db35","reportUrl":"https://malashko-kristina.github.io/teamcity-testing-framework/api/28//#testresult/e6e838a44c9db35","status":"skipped","statusDetails":"Connection timed out","time":{"start":1732491662405,"stop":1732491662405,"duration":0}},{"uid":"3cf246a1ccc38165","reportUrl":"https://malashko-kristina.github.io/teamcity-testing-framework/api/27//#testresult/3cf246a1ccc38165","status":"skipped","statusDetails":"1 expectation failed.\nExpected status code <200> but was <503>.\n","time":{"start":1732490681774,"stop":1732490681775,"duration":1}},{"uid":"7f732be715ed3a42","reportUrl":"https://malashko-kristina.github.io/teamcity-testing-framework/api/26//#testresult/7f732be715ed3a42","status":"skipped","statusDetails":"1 expectation failed.\nExpected status code <200> but was <503>.\n","time":{"start":1732490301941,"stop":1732490301941,"duration":0}},{"uid":"b4c7b567001340a8","reportUrl":"https://malashko-kristina.github.io/teamcity-testing-framework/api/22//#testresult/b4c7b567001340a8","status":"skipped","statusDetails":"1 expectation failed.\nExpected status code <200> but was <503>.\n","time":{"start":1732404426448,"stop":1732404426449,"duration":1}}]},"tags":[]},"source":"490051aaf99ac01d.json","parameterValues":[]}