{"uid":"609d65f492408624","name":"User should be able to create a project with 'copyAllAssociatedSettings' false","fullName":"com.example.teamcity.api.ProjectTest.userCreatesProjectWithoutCopyAssociatedSettingsTest","historyId":"fafa3dacb79a75d7ff9bceb0b2e64667","time":{"start":1732745646264,"stop":1732745646264,"duration":0},"status":"skipped","statusMessage":"Cannot generate a test data","statusTrace":"java.lang.IllegalStateException: Cannot generate a test data\n\tat com.example.teamcity.api.generators.TestDataGenerator.generate(TestDataGenerator.java:106)\n\tat com.example.teamcity.BaseTest.beforeTest(BaseTest.java:22)\n\tat java.base/jdk.internal.reflect.NativeMethodAccessorImpl.invoke0(Native Method)\n\tat java.base/jdk.internal.reflect.NativeMethodAccessorImpl.invoke(NativeMethodAccessorImpl.java:77)\n\tat java.base/jdk.internal.reflect.DelegatingMethodAccessorImpl.invoke(DelegatingMethodAccessorImpl.java:43)\n\tat java.base/java.lang.reflect.Method.invoke(Method.java:569)\n\tat org.testng.internal.invokers.MethodInvocationHelper.invokeMethod(MethodInvocationHelper.java:139)\n\tat org.testng.internal.invokers.MethodInvocationHelper.invokeMethodConsideringTimeout(MethodInvocationHelper.java:69)\n\tat org.testng.internal.invokers.ConfigInvoker.invokeConfigurationMethod(ConfigInvoker.java:361)\n\tat org.testng.internal.invokers.ConfigInvoker.invokeConfigurations(ConfigInvoker.java:296)\n\tat org.testng.internal.invokers.TestInvoker.runConfigMethods(TestInvoker.java:823)\n\tat org.testng.internal.invokers.TestInvoker.invokeMethod(TestInvoker.java:590)\n\tat org.testng.internal.invokers.TestInvoker.invokeTestMethod(TestInvoker.java:221)\n\tat org.testng.internal.invokers.MethodRunner.runInSequence(MethodRunner.java:50)\n\tat org.testng.internal.invokers.TestInvoker$MethodInvocationAgent.invoke(TestInvoker.java:969)\n\tat org.testng.internal.invokers.TestInvoker.invokeTestMethods(TestInvoker.java:194)\n\tat org.testng.internal.invokers.TestMethodWorker.invokeTestMethods(TestMethodWorker.java:148)\n\tat org.testng.internal.invokers.TestMethodWorker.run(TestMethodWorker.java:128)\n\tat java.base/java.util.ArrayList.forEach(ArrayList.java:1511)\n\tat org.testng.TestRunner.privateRun(TestRunner.java:829)\n\tat org.testng.TestRunner.run(TestRunner.java:602)\n\tat org.testng.SuiteRunner.runTest(SuiteRunner.java:437)\n\tat org.testng.SuiteRunner.runSequentially(SuiteRunner.java:431)\n\tat org.testng.SuiteRunner.privateRun(SuiteRunner.java:391)\n\tat org.testng.SuiteRunner.run(SuiteRunner.java:330)\n\tat org.testng.SuiteRunnerWorker.runSuite(SuiteRunnerWorker.java:52)\n\tat org.testng.SuiteRunnerWorker.run(SuiteRunnerWorker.java:95)\n\tat org.testng.TestNG.runSuitesSequentially(TestNG.java:1256)\n\tat org.testng.TestNG.runSuitesLocally(TestNG.java:1176)\n\tat org.testng.TestNG.runSuites(TestNG.java:1099)\n\tat org.testng.TestNG.run(TestNG.java:1067)\n\tat org.apache.maven.surefire.testng.TestNGExecutor.run(TestNGExecutor.java:135)\n\tat org.apache.maven.surefire.testng.TestNGDirectoryTestSuite.executeMulti(TestNGDirectoryTestSuite.java:193)\n\tat org.apache.maven.surefire.testng.TestNGDirectoryTestSuite.execute(TestNGDirectoryTestSuite.java:94)\n\tat org.apache.maven.surefire.testng.TestNGProvider.invoke(TestNGProvider.java:146)\n\tat org.apache.maven.surefire.booter.ForkedBooter.invokeProviderInSameClassLoader(ForkedBooter.java:384)\n\tat org.apache.maven.surefire.booter.ForkedBooter.runSuitesInProcess(ForkedBooter.java:345)\n\tat org.apache.maven.surefire.booter.ForkedBooter.execute(ForkedBooter.java:126)\n\tat org.apache.maven.surefire.booter.ForkedBooter.main(ForkedBooter.java:418)\nCaused by: java.lang.NoSuchMethodException: com.example.teamcity.api.models.TestData.<init>()\n\tat java.base/java.lang.Class.getConstructor0(Class.java:3585)\n\tat java.base/java.lang.Class.getDeclaredConstructor(Class.java:2754)\n\tat com.example.teamcity.api.generators.TestDataGenerator.generate(TestDataGenerator.java:91)\n\t... 38 more\n","flaky":false,"newFailed":false,"newBroken":false,"newPassed":false,"retriesCount":0,"retriesStatusChange":false,"beforeStages":[{"name":"beforeTest","time":{"start":1732745646261,"stop":1732745646261,"duration":0},"description":"","status":"broken","statusMessage":"Cannot generate a test data","statusTrace":"java.lang.IllegalStateException: Cannot generate a test data\n\tat com.example.teamcity.api.generators.TestDataGenerator.generate(TestDataGenerator.java:106)\n\tat com.example.teamcity.BaseTest.beforeTest(BaseTest.java:22)\n\tat jdk.internal.reflect.GeneratedMethodAccessor71.invoke(Unknown Source)\n\tat java.base/jdk.internal.reflect.DelegatingMethodAccessorImpl.invoke(DelegatingMethodAccessorImpl.java:43)\n\tat java.base/java.lang.reflect.Method.invoke(Method.java:569)\n\tat org.testng.internal.invokers.MethodInvocationHelper.invokeMethod(MethodInvocationHelper.java:139)\n\tat org.testng.internal.invokers.MethodInvocationHelper.invokeMethodConsideringTimeout(MethodInvocationHelper.java:69)\n\tat org.testng.internal.invokers.ConfigInvoker.invokeConfigurationMethod(ConfigInvoker.java:361)\n\tat org.testng.internal.invokers.ConfigInvoker.invokeConfigurations(ConfigInvoker.java:296)\n\tat org.testng.internal.invokers.TestInvoker.runConfigMethods(TestInvoker.java:823)\n\tat org.testng.internal.invokers.TestInvoker.invokeMethod(TestInvoker.java:590)\n\tat org.testng.internal.invokers.TestInvoker.invokeTestMethod(TestInvoker.java:221)\n\tat org.testng.internal.invokers.MethodRunner.runInSequence(MethodRunner.java:50)\n\tat org.testng.internal.invokers.TestInvoker$MethodInvocationAgent.invoke(TestInvoker.java:969)\n\tat org.testng.internal.invokers.TestInvoker.invokeTestMethods(TestInvoker.java:194)\n\tat org.testng.internal.invokers.TestMethodWorker.invokeTestMethods(TestMethodWorker.java:148)\n\tat org.testng.internal.invokers.TestMethodWorker.run(TestMethodWorker.java:128)\n\tat java.base/java.util.ArrayList.forEach(ArrayList.java:1511)\n\tat org.testng.TestRunner.privateRun(TestRunner.java:829)\n\tat org.testng.TestRunner.run(TestRunner.java:602)\n\tat org.testng.SuiteRunner.runTest(SuiteRunner.java:437)\n\tat org.testng.SuiteRunner.runSequentially(SuiteRunner.java:431)\n\tat org.testng.SuiteRunner.privateRun(SuiteRunner.java:391)\n\tat org.testng.SuiteRunner.run(SuiteRunner.java:330)\n\tat org.testng.SuiteRunnerWorker.runSuite(SuiteRunnerWorker.java:52)\n\tat org.testng.SuiteRunnerWorker.run(SuiteRunnerWorker.java:95)\n\tat org.testng.TestNG.runSuitesSequentially(TestNG.java:1256)\n\tat org.testng.TestNG.runSuitesLocally(TestNG.java:1176)\n\tat org.testng.TestNG.runSuites(TestNG.java:1099)\n\tat org.testng.TestNG.run(TestNG.java:1067)\n\tat org.apache.maven.surefire.testng.TestNGExecutor.run(TestNGExecutor.java:135)\n\tat org.apache.maven.surefire.testng.TestNGDirectoryTestSuite.executeMulti(TestNGDirectoryTestSuite.java:193)\n\tat org.apache.maven.surefire.testng.TestNGDirectoryTestSuite.execute(TestNGDirectoryTestSuite.java:94)\n\tat org.apache.maven.surefire.testng.TestNGProvider.invoke(TestNGProvider.java:146)\n\tat org.apache.maven.surefire.booter.ForkedBooter.invokeProviderInSameClassLoader(ForkedBooter.java:384)\n\tat org.apache.maven.surefire.booter.ForkedBooter.runSuitesInProcess(ForkedBooter.java:345)\n\tat org.apache.maven.surefire.booter.ForkedBooter.execute(ForkedBooter.java:126)\n\tat org.apache.maven.surefire.booter.ForkedBooter.main(ForkedBooter.java:418)\nCaused by: java.lang.NoSuchMethodException: com.example.teamcity.api.models.TestData.<init>()\n\tat java.base/java.lang.Class.getConstructor0(Class.java:3585)\n\tat java.base/java.lang.Class.getDeclaredConstructor(Class.java:2754)\n\tat com.example.teamcity.api.generators.TestDataGenerator.generate(TestDataGenerator.java:91)\n\t... 37 more\n","steps":[],"attachments":[],"parameters":[],"shouldDisplayMessage":true,"stepsCount":0,"attachmentsCount":0,"hasContent":true}],"afterStages":[{"name":"afterTest","time":{"start":1732745646265,"stop":1732745646265,"duration":0},"description":"","status":"passed","steps":[],"attachments":[],"parameters":[],"shouldDisplayMessage":false,"stepsCount":0,"attachmentsCount":0,"hasContent":false}],"labels":[{"name":"package","value":"com.example.teamcity.api.ProjectTest"},{"name":"testClass","value":"com.example.teamcity.api.ProjectTest"},{"name":"testMethod","value":"userCreatesProjectWithoutCopyAssociatedSettingsTest"},{"name":"parentSuite","value":"Surefire suite"},{"name":"suite","value":"Surefire test"},{"name":"subSuite","value":"com.example.teamcity.api.ProjectTest"},{"name":"host","value":"fv-az801-978"},{"name":"thread","value":"3618@fv-az801-978.main(1)"},{"name":"framework","value":"testng"},{"name":"language","value":"java"},{"name":"resultFormat","value":"allure2"}],"parameters":[],"links":[],"hidden":false,"retry":false,"extra":{"severity":"normal","retries":[],"categories":[],"history":{"statistic":{"failed":0,"broken":0,"skipped":11,"passed":8,"unknown":0,"total":19},"items":[{"uid":"4be5bb14ac5c9827","reportUrl":"https://malashko-kristina.github.io/teamcity-testing-framework/api/47//#testresult/4be5bb14ac5c9827","status":"passed","time":{"start":1732712844178,"stop":1732712844466,"duration":288}},{"uid":"429514d39a52458b","reportUrl":"https://malashko-kristina.github.io/teamcity-testing-framework/api/46//#testresult/429514d39a52458b","status":"passed","time":{"start":1732665361624,"stop":1732665361885,"duration":261}},{"uid":"4e34c76217e664d0","reportUrl":"https://malashko-kristina.github.io/teamcity-testing-framework/api/45//#testresult/4e34c76217e664d0","status":"passed","time":{"start":1732664547706,"stop":1732664548052,"duration":346}},{"uid":"d778ed9849e4ab17","reportUrl":"https://malashko-kristina.github.io/teamcity-testing-framework/api/44//#testresult/d778ed9849e4ab17","status":"passed","time":{"start":1732662809441,"stop":1732662809702,"duration":261}},{"uid":"efd4095e065ea257","reportUrl":"https://malashko-kristina.github.io/teamcity-testing-framework/api/43//#testresult/efd4095e065ea257","status":"passed","time":{"start":1732661928148,"stop":1732661928360,"duration":212}},{"uid":"430808267bd9e2f3","reportUrl":"https://malashko-kristina.github.io/teamcity-testing-framework/api/42//#testresult/430808267bd9e2f3","status":"passed","time":{"start":1732660884088,"stop":1732660884357,"duration":269}},{"uid":"9706d3ffc331621d","reportUrl":"https://malashko-kristina.github.io/teamcity-testing-framework/api/41//#testresult/9706d3ffc331621d","status":"passed","time":{"start":1732574688011,"stop":1732574688244,"duration":233}},{"uid":"f6dc8fb3ed9253d0","reportUrl":"https://malashko-kristina.github.io/teamcity-testing-framework/api/40//#testresult/f6dc8fb3ed9253d0","status":"passed","time":{"start":1732572433247,"stop":1732572433497,"duration":250}},{"uid":"ebacb9e6157243b","reportUrl":"https://malashko-kristina.github.io/teamcity-testing-framework/api/39//#testresult/ebacb9e6157243b","status":"skipped","statusDetails":"null: Temporary failure in name resolution","time":{"start":1732570204527,"stop":1732570204527,"duration":0}},{"uid":"421250bb96746c19","reportUrl":"https://malashko-kristina.github.io/teamcity-testing-framework/api/37//#testresult/421250bb96746c19","status":"skipped","statusDetails":"null: Temporary failure in name resolution","time":{"start":1732550587640,"stop":1732550587640,"duration":0}},{"uid":"b109adacbb0ade59","reportUrl":"https://malashko-kristina.github.io/teamcity-testing-framework/api/35//#testresult/b109adacbb0ade59","status":"skipped","statusDetails":"Connection timed out","time":{"start":1732549757297,"stop":1732549757298,"duration":1}},{"uid":"bba45bb3f701fdbc","reportUrl":"https://malashko-kristina.github.io/teamcity-testing-framework/api/34//#testresult/bba45bb3f701fdbc","status":"skipped","statusDetails":"null: Temporary failure in name resolution","time":{"start":1732549031708,"stop":1732549031708,"duration":0}},{"uid":"23724b78deed7b77","reportUrl":"https://malashko-kristina.github.io/teamcity-testing-framework/api/32//#testresult/23724b78deed7b77","status":"skipped","statusDetails":"Connection timed out","time":{"start":1732547860979,"stop":1732547860979,"duration":0}},{"uid":"8bf8a9c5d42aca65","reportUrl":"https://malashko-kristina.github.io/teamcity-testing-framework/api/29//#testresult/8bf8a9c5d42aca65","status":"skipped","statusDetails":"null: Temporary failure in name resolution","time":{"start":1732533347179,"stop":1732533347180,"duration":1}},{"uid":"e95d5e9cdcba8614","reportUrl":"https://malashko-kristina.github.io/teamcity-testing-framework/api/28//#testresult/e95d5e9cdcba8614","status":"skipped","statusDetails":"Connection timed out","time":{"start":1732491662530,"stop":1732491662530,"duration":0}},{"uid":"200e9eacb778f90b","reportUrl":"https://malashko-kristina.github.io/teamcity-testing-framework/api/27//#testresult/200e9eacb778f90b","status":"skipped","statusDetails":"1 expectation failed.\nExpected status code <200> but was <503>.\n","time":{"start":1732490681921,"stop":1732490681921,"duration":0}},{"uid":"a2fdb53ab417c467","reportUrl":"https://malashko-kristina.github.io/teamcity-testing-framework/api/26//#testresult/a2fdb53ab417c467","status":"skipped","statusDetails":"1 expectation failed.\nExpected status code <200> but was <503>.\n","time":{"start":1732490302050,"stop":1732490302050,"duration":0}},{"uid":"a2609d12ad45b6c4","reportUrl":"https://malashko-kristina.github.io/teamcity-testing-framework/api/22//#testresult/a2609d12ad45b6c4","status":"skipped","statusDetails":"1 expectation failed.\nExpected status code <200> but was <503>.\n","time":{"start":1732404426548,"stop":1732404426548,"duration":0}}]},"tags":[]},"source":"609d65f492408624.json","parameterValues":[]}