{"uid":"86d53c949c1f4edb","name":"User should not be able to create a project with empty name","fullName":"com.example.teamcity.api.ProjectTest.userCreatesProjectWithEmptyNameTest","historyId":"dc4e128fd1fe23ab1f24b7f1b84cc7ea","time":{"start":1732745646200,"stop":1732745646200,"duration":0},"status":"skipped","statusMessage":"Cannot generate a test data","statusTrace":"java.lang.IllegalStateException: Cannot generate a test data\n\tat com.example.teamcity.api.generators.TestDataGenerator.generate(TestDataGenerator.java:106)\n\tat com.example.teamcity.BaseTest.beforeTest(BaseTest.java:22)\n\tat java.base/jdk.internal.reflect.NativeMethodAccessorImpl.invoke0(Native Method)\n\tat java.base/jdk.internal.reflect.NativeMethodAccessorImpl.invoke(NativeMethodAccessorImpl.java:77)\n\tat java.base/jdk.internal.reflect.DelegatingMethodAccessorImpl.invoke(DelegatingMethodAccessorImpl.java:43)\n\tat java.base/java.lang.reflect.Method.invoke(Method.java:569)\n\tat org.testng.internal.invokers.MethodInvocationHelper.invokeMethod(MethodInvocationHelper.java:139)\n\tat org.testng.internal.invokers.MethodInvocationHelper.invokeMethodConsideringTimeout(MethodInvocationHelper.java:69)\n\tat org.testng.internal.invokers.ConfigInvoker.invokeConfigurationMethod(ConfigInvoker.java:361)\n\tat org.testng.internal.invokers.ConfigInvoker.invokeConfigurations(ConfigInvoker.java:296)\n\tat org.testng.internal.invokers.TestInvoker.runConfigMethods(TestInvoker.java:823)\n\tat org.testng.internal.invokers.TestInvoker.invokeMethod(TestInvoker.java:590)\n\tat org.testng.internal.invokers.TestInvoker.invokeTestMethod(TestInvoker.java:221)\n\tat org.testng.internal.invokers.MethodRunner.runInSequence(MethodRunner.java:50)\n\tat org.testng.internal.invokers.TestInvoker$MethodInvocationAgent.invoke(TestInvoker.java:969)\n\tat org.testng.internal.invokers.TestInvoker.invokeTestMethods(TestInvoker.java:194)\n\tat org.testng.internal.invokers.TestMethodWorker.invokeTestMethods(TestMethodWorker.java:148)\n\tat org.testng.internal.invokers.TestMethodWorker.run(TestMethodWorker.java:128)\n\tat java.base/java.util.ArrayList.forEach(ArrayList.java:1511)\n\tat org.testng.TestRunner.privateRun(TestRunner.java:829)\n\tat org.testng.TestRunner.run(TestRunner.java:602)\n\tat org.testng.SuiteRunner.runTest(SuiteRunner.java:437)\n\tat org.testng.SuiteRunner.runSequentially(SuiteRunner.java:431)\n\tat org.testng.SuiteRunner.privateRun(SuiteRunner.java:391)\n\tat org.testng.SuiteRunner.run(SuiteRunner.java:330)\n\tat org.testng.SuiteRunnerWorker.runSuite(SuiteRunnerWorker.java:52)\n\tat org.testng.SuiteRunnerWorker.run(SuiteRunnerWorker.java:95)\n\tat org.testng.TestNG.runSuitesSequentially(TestNG.java:1256)\n\tat org.testng.TestNG.runSuitesLocally(TestNG.java:1176)\n\tat org.testng.TestNG.runSuites(TestNG.java:1099)\n\tat org.testng.TestNG.run(TestNG.java:1067)\n\tat org.apache.maven.surefire.testng.TestNGExecutor.run(TestNGExecutor.java:135)\n\tat org.apache.maven.surefire.testng.TestNGDirectoryTestSuite.executeMulti(TestNGDirectoryTestSuite.java:193)\n\tat org.apache.maven.surefire.testng.TestNGDirectoryTestSuite.execute(TestNGDirectoryTestSuite.java:94)\n\tat org.apache.maven.surefire.testng.TestNGProvider.invoke(TestNGProvider.java:146)\n\tat org.apache.maven.surefire.booter.ForkedBooter.invokeProviderInSameClassLoader(ForkedBooter.java:384)\n\tat org.apache.maven.surefire.booter.ForkedBooter.runSuitesInProcess(ForkedBooter.java:345)\n\tat org.apache.maven.surefire.booter.ForkedBooter.execute(ForkedBooter.java:126)\n\tat org.apache.maven.surefire.booter.ForkedBooter.main(ForkedBooter.java:418)\nCaused by: java.lang.NoSuchMethodException: com.example.teamcity.api.models.TestData.<init>()\n\tat java.base/java.lang.Class.getConstructor0(Class.java:3585)\n\tat java.base/java.lang.Class.getDeclaredConstructor(Class.java:2754)\n\tat com.example.teamcity.api.generators.TestDataGenerator.generate(TestDataGenerator.java:91)\n\t... 38 more\n","flaky":false,"newFailed":false,"newBroken":false,"newPassed":false,"retriesCount":0,"retriesStatusChange":false,"beforeStages":[{"name":"beforeTest","time":{"start":1732745646197,"stop":1732745646198,"duration":1},"description":"","status":"broken","statusMessage":"Cannot generate a test data","statusTrace":"java.lang.IllegalStateException: Cannot generate a test data\n\tat com.example.teamcity.api.generators.TestDataGenerator.generate(TestDataGenerator.java:106)\n\tat com.example.teamcity.BaseTest.beforeTest(BaseTest.java:22)\n\tat java.base/jdk.internal.reflect.NativeMethodAccessorImpl.invoke0(Native Method)\n\tat java.base/jdk.internal.reflect.NativeMethodAccessorImpl.invoke(NativeMethodAccessorImpl.java:77)\n\tat java.base/jdk.internal.reflect.DelegatingMethodAccessorImpl.invoke(DelegatingMethodAccessorImpl.java:43)\n\tat java.base/java.lang.reflect.Method.invoke(Method.java:569)\n\tat org.testng.internal.invokers.MethodInvocationHelper.invokeMethod(MethodInvocationHelper.java:139)\n\tat org.testng.internal.invokers.MethodInvocationHelper.invokeMethodConsideringTimeout(MethodInvocationHelper.java:69)\n\tat org.testng.internal.invokers.ConfigInvoker.invokeConfigurationMethod(ConfigInvoker.java:361)\n\tat org.testng.internal.invokers.ConfigInvoker.invokeConfigurations(ConfigInvoker.java:296)\n\tat org.testng.internal.invokers.TestInvoker.runConfigMethods(TestInvoker.java:823)\n\tat org.testng.internal.invokers.TestInvoker.invokeMethod(TestInvoker.java:590)\n\tat org.testng.internal.invokers.TestInvoker.invokeTestMethod(TestInvoker.java:221)\n\tat org.testng.internal.invokers.MethodRunner.runInSequence(MethodRunner.java:50)\n\tat org.testng.internal.invokers.TestInvoker$MethodInvocationAgent.invoke(TestInvoker.java:969)\n\tat org.testng.internal.invokers.TestInvoker.invokeTestMethods(TestInvoker.java:194)\n\tat org.testng.internal.invokers.TestMethodWorker.invokeTestMethods(TestMethodWorker.java:148)\n\tat org.testng.internal.invokers.TestMethodWorker.run(TestMethodWorker.java:128)\n\tat java.base/java.util.ArrayList.forEach(ArrayList.java:1511)\n\tat org.testng.TestRunner.privateRun(TestRunner.java:829)\n\tat org.testng.TestRunner.run(TestRunner.java:602)\n\tat org.testng.SuiteRunner.runTest(SuiteRunner.java:437)\n\tat org.testng.SuiteRunner.runSequentially(SuiteRunner.java:431)\n\tat org.testng.SuiteRunner.privateRun(SuiteRunner.java:391)\n\tat org.testng.SuiteRunner.run(SuiteRunner.java:330)\n\tat org.testng.SuiteRunnerWorker.runSuite(SuiteRunnerWorker.java:52)\n\tat org.testng.SuiteRunnerWorker.run(SuiteRunnerWorker.java:95)\n\tat org.testng.TestNG.runSuitesSequentially(TestNG.java:1256)\n\tat org.testng.TestNG.runSuitesLocally(TestNG.java:1176)\n\tat org.testng.TestNG.runSuites(TestNG.java:1099)\n\tat org.testng.TestNG.run(TestNG.java:1067)\n\tat org.apache.maven.surefire.testng.TestNGExecutor.run(TestNGExecutor.java:135)\n\tat org.apache.maven.surefire.testng.TestNGDirectoryTestSuite.executeMulti(TestNGDirectoryTestSuite.java:193)\n\tat org.apache.maven.surefire.testng.TestNGDirectoryTestSuite.execute(TestNGDirectoryTestSuite.java:94)\n\tat org.apache.maven.surefire.testng.TestNGProvider.invoke(TestNGProvider.java:146)\n\tat org.apache.maven.surefire.booter.ForkedBooter.invokeProviderInSameClassLoader(ForkedBooter.java:384)\n\tat org.apache.maven.surefire.booter.ForkedBooter.runSuitesInProcess(ForkedBooter.java:345)\n\tat org.apache.maven.surefire.booter.ForkedBooter.execute(ForkedBooter.java:126)\n\tat org.apache.maven.surefire.booter.ForkedBooter.main(ForkedBooter.java:418)\nCaused by: java.lang.NoSuchMethodException: com.example.teamcity.api.models.TestData.<init>()\n\tat java.base/java.lang.Class.getConstructor0(Class.java:3585)\n\tat java.base/java.lang.Class.getDeclaredConstructor(Class.java:2754)\n\tat com.example.teamcity.api.generators.TestDataGenerator.generate(TestDataGenerator.java:91)\n\t... 38 more\n","steps":[],"attachments":[],"parameters":[],"shouldDisplayMessage":true,"stepsCount":0,"attachmentsCount":0,"hasContent":true}],"afterStages":[{"name":"afterTest","time":{"start":1732745646201,"stop":1732745646201,"duration":0},"description":"","status":"passed","steps":[],"attachments":[],"parameters":[],"shouldDisplayMessage":false,"stepsCount":0,"attachmentsCount":0,"hasContent":false}],"labels":[{"name":"package","value":"com.example.teamcity.api.ProjectTest"},{"name":"testClass","value":"com.example.teamcity.api.ProjectTest"},{"name":"testMethod","value":"userCreatesProjectWithEmptyNameTest"},{"name":"parentSuite","value":"Surefire suite"},{"name":"suite","value":"Surefire test"},{"name":"subSuite","value":"com.example.teamcity.api.ProjectTest"},{"name":"host","value":"fv-az801-978"},{"name":"thread","value":"3618@fv-az801-978.main(1)"},{"name":"framework","value":"testng"},{"name":"language","value":"java"},{"name":"resultFormat","value":"allure2"}],"parameters":[],"links":[],"hidden":false,"retry":false,"extra":{"severity":"normal","retries":[],"categories":[],"history":{"statistic":{"failed":0,"broken":0,"skipped":11,"passed":8,"unknown":0,"total":19},"items":[{"uid":"86cb295b98427191","reportUrl":"https://malashko-kristina.github.io/teamcity-testing-framework/api/47//#testresult/86cb295b98427191","status":"passed","time":{"start":1732712839952,"stop":1732712840112,"duration":160}},{"uid":"df0591a878777e33","reportUrl":"https://malashko-kristina.github.io/teamcity-testing-framework/api/46//#testresult/df0591a878777e33","status":"passed","time":{"start":1732665356987,"stop":1732665357203,"duration":216}},{"uid":"4d7b4d2f72b7c5b2","reportUrl":"https://malashko-kristina.github.io/teamcity-testing-framework/api/45//#testresult/4d7b4d2f72b7c5b2","status":"passed","time":{"start":1732664543174,"stop":1732664543399,"duration":225}},{"uid":"da35ad6d464e766d","reportUrl":"https://malashko-kristina.github.io/teamcity-testing-framework/api/44//#testresult/da35ad6d464e766d","status":"passed","time":{"start":1732662803804,"stop":1732662804052,"duration":248}},{"uid":"c22e858bb9675382","reportUrl":"https://malashko-kristina.github.io/teamcity-testing-framework/api/43//#testresult/c22e858bb9675382","status":"passed","time":{"start":1732661921978,"stop":1732661922150,"duration":172}},{"uid":"c12c78559fd41d3b","reportUrl":"https://malashko-kristina.github.io/teamcity-testing-framework/api/42//#testresult/c12c78559fd41d3b","status":"passed","time":{"start":1732660879578,"stop":1732660879811,"duration":233}},{"uid":"333af57d294dec82","reportUrl":"https://malashko-kristina.github.io/teamcity-testing-framework/api/41//#testresult/333af57d294dec82","status":"passed","time":{"start":1732574683537,"stop":1732574683769,"duration":232}},{"uid":"bd793a1ea35e0e48","reportUrl":"https://malashko-kristina.github.io/teamcity-testing-framework/api/40//#testresult/bd793a1ea35e0e48","status":"passed","time":{"start":1732572428895,"stop":1732572429115,"duration":220}},{"uid":"20add2dd89ca0ea7","reportUrl":"https://malashko-kristina.github.io/teamcity-testing-framework/api/39//#testresult/20add2dd89ca0ea7","status":"skipped","statusDetails":"null: Temporary failure in name resolution","time":{"start":1732570204469,"stop":1732570204469,"duration":0}},{"uid":"45557c0574daf072","reportUrl":"https://malashko-kristina.github.io/teamcity-testing-framework/api/37//#testresult/45557c0574daf072","status":"skipped","statusDetails":"null: Temporary failure in name resolution","time":{"start":1732550587576,"stop":1732550587576,"duration":0}},{"uid":"d013f28677809605","reportUrl":"https://malashko-kristina.github.io/teamcity-testing-framework/api/35//#testresult/d013f28677809605","status":"skipped","statusDetails":"Connection timed out","time":{"start":1732549757241,"stop":1732549757241,"duration":0}},{"uid":"b0a224372c5f1a67","reportUrl":"https://malashko-kristina.github.io/teamcity-testing-framework/api/34//#testresult/b0a224372c5f1a67","status":"skipped","statusDetails":"null: Temporary failure in name resolution","time":{"start":1732549031651,"stop":1732549031651,"duration":0}},{"uid":"8b40f8af7b953ecf","reportUrl":"https://malashko-kristina.github.io/teamcity-testing-framework/api/32//#testresult/8b40f8af7b953ecf","status":"skipped","statusDetails":"Connection timed out","time":{"start":1732547860922,"stop":1732547860922,"duration":0}},{"uid":"646691768a12c04","reportUrl":"https://malashko-kristina.github.io/teamcity-testing-framework/api/29//#testresult/646691768a12c04","status":"skipped","statusDetails":"null: Temporary failure in name resolution","time":{"start":1732533347121,"stop":1732533347121,"duration":0}},{"uid":"b2ea6775381ba449","reportUrl":"https://malashko-kristina.github.io/teamcity-testing-framework/api/28//#testresult/b2ea6775381ba449","status":"skipped","statusDetails":"Connection timed out","time":{"start":1732491662463,"stop":1732491662463,"duration":0}},{"uid":"1aa1b05aa8b2bbe4","reportUrl":"https://malashko-kristina.github.io/teamcity-testing-framework/api/27//#testresult/1aa1b05aa8b2bbe4","status":"skipped","statusDetails":"1 expectation failed.\nExpected status code <200> but was <503>.\n","time":{"start":1732490681828,"stop":1732490681828,"duration":0}},{"uid":"bd72e1f8baa194ec","reportUrl":"https://malashko-kristina.github.io/teamcity-testing-framework/api/26//#testresult/bd72e1f8baa194ec","status":"skipped","statusDetails":"1 expectation failed.\nExpected status code <200> but was <503>.\n","time":{"start":1732490301990,"stop":1732490301990,"duration":0}},{"uid":"d2fbf2fce29584e","reportUrl":"https://malashko-kristina.github.io/teamcity-testing-framework/api/22//#testresult/d2fbf2fce29584e","status":"skipped","statusDetails":"1 expectation failed.\nExpected status code <200> but was <503>.\n","time":{"start":1732404426494,"stop":1732404426494,"duration":0}}]},"tags":[]},"source":"86d53c949c1f4edb.json","parameterValues":[]}