{"uid":"8921d21564ecc94a","name":"User should be able to create a project if name has more than 225 symbols","fullName":"com.example.teamcity.api.ProjectTest.userCreatesProjectWithNameLongerThan225SymbolsTest","historyId":"e778752168cd65da57dbfe1575aad3eb","time":{"start":1732745646248,"stop":1732745646248,"duration":0},"status":"skipped","statusMessage":"Cannot generate a test data","statusTrace":"java.lang.IllegalStateException: Cannot generate a test data\n\tat com.example.teamcity.api.generators.TestDataGenerator.generate(TestDataGenerator.java:106)\n\tat com.example.teamcity.BaseTest.beforeTest(BaseTest.java:22)\n\tat java.base/jdk.internal.reflect.NativeMethodAccessorImpl.invoke0(Native Method)\n\tat java.base/jdk.internal.reflect.NativeMethodAccessorImpl.invoke(NativeMethodAccessorImpl.java:77)\n\tat java.base/jdk.internal.reflect.DelegatingMethodAccessorImpl.invoke(DelegatingMethodAccessorImpl.java:43)\n\tat java.base/java.lang.reflect.Method.invoke(Method.java:569)\n\tat org.testng.internal.invokers.MethodInvocationHelper.invokeMethod(MethodInvocationHelper.java:139)\n\tat org.testng.internal.invokers.MethodInvocationHelper.invokeMethodConsideringTimeout(MethodInvocationHelper.java:69)\n\tat org.testng.internal.invokers.ConfigInvoker.invokeConfigurationMethod(ConfigInvoker.java:361)\n\tat org.testng.internal.invokers.ConfigInvoker.invokeConfigurations(ConfigInvoker.java:296)\n\tat org.testng.internal.invokers.TestInvoker.runConfigMethods(TestInvoker.java:823)\n\tat org.testng.internal.invokers.TestInvoker.invokeMethod(TestInvoker.java:590)\n\tat org.testng.internal.invokers.TestInvoker.invokeTestMethod(TestInvoker.java:221)\n\tat org.testng.internal.invokers.MethodRunner.runInSequence(MethodRunner.java:50)\n\tat org.testng.internal.invokers.TestInvoker$MethodInvocationAgent.invoke(TestInvoker.java:969)\n\tat org.testng.internal.invokers.TestInvoker.invokeTestMethods(TestInvoker.java:194)\n\tat org.testng.internal.invokers.TestMethodWorker.invokeTestMethods(TestMethodWorker.java:148)\n\tat org.testng.internal.invokers.TestMethodWorker.run(TestMethodWorker.java:128)\n\tat java.base/java.util.ArrayList.forEach(ArrayList.java:1511)\n\tat org.testng.TestRunner.privateRun(TestRunner.java:829)\n\tat org.testng.TestRunner.run(TestRunner.java:602)\n\tat org.testng.SuiteRunner.runTest(SuiteRunner.java:437)\n\tat org.testng.SuiteRunner.runSequentially(SuiteRunner.java:431)\n\tat org.testng.SuiteRunner.privateRun(SuiteRunner.java:391)\n\tat org.testng.SuiteRunner.run(SuiteRunner.java:330)\n\tat org.testng.SuiteRunnerWorker.runSuite(SuiteRunnerWorker.java:52)\n\tat org.testng.SuiteRunnerWorker.run(SuiteRunnerWorker.java:95)\n\tat org.testng.TestNG.runSuitesSequentially(TestNG.java:1256)\n\tat org.testng.TestNG.runSuitesLocally(TestNG.java:1176)\n\tat org.testng.TestNG.runSuites(TestNG.java:1099)\n\tat org.testng.TestNG.run(TestNG.java:1067)\n\tat org.apache.maven.surefire.testng.TestNGExecutor.run(TestNGExecutor.java:135)\n\tat org.apache.maven.surefire.testng.TestNGDirectoryTestSuite.executeMulti(TestNGDirectoryTestSuite.java:193)\n\tat org.apache.maven.surefire.testng.TestNGDirectoryTestSuite.execute(TestNGDirectoryTestSuite.java:94)\n\tat org.apache.maven.surefire.testng.TestNGProvider.invoke(TestNGProvider.java:146)\n\tat org.apache.maven.surefire.booter.ForkedBooter.invokeProviderInSameClassLoader(ForkedBooter.java:384)\n\tat org.apache.maven.surefire.booter.ForkedBooter.runSuitesInProcess(ForkedBooter.java:345)\n\tat org.apache.maven.surefire.booter.ForkedBooter.execute(ForkedBooter.java:126)\n\tat org.apache.maven.surefire.booter.ForkedBooter.main(ForkedBooter.java:418)\nCaused by: java.lang.NoSuchMethodException: com.example.teamcity.api.models.TestData.<init>()\n\tat java.base/java.lang.Class.getConstructor0(Class.java:3585)\n\tat java.base/java.lang.Class.getDeclaredConstructor(Class.java:2754)\n\tat com.example.teamcity.api.generators.TestDataGenerator.generate(TestDataGenerator.java:91)\n\t... 38 more\n","flaky":false,"newFailed":false,"newBroken":false,"newPassed":false,"retriesCount":0,"retriesStatusChange":false,"beforeStages":[{"name":"beforeTest","time":{"start":1732745646246,"stop":1732745646246,"duration":0},"description":"","status":"broken","statusMessage":"Cannot generate a test data","statusTrace":"java.lang.IllegalStateException: Cannot generate a test data\n\tat com.example.teamcity.api.generators.TestDataGenerator.generate(TestDataGenerator.java:106)\n\tat com.example.teamcity.BaseTest.beforeTest(BaseTest.java:22)\n\tat jdk.internal.reflect.GeneratedMethodAccessor71.invoke(Unknown Source)\n\tat java.base/jdk.internal.reflect.DelegatingMethodAccessorImpl.invoke(DelegatingMethodAccessorImpl.java:43)\n\tat java.base/java.lang.reflect.Method.invoke(Method.java:569)\n\tat org.testng.internal.invokers.MethodInvocationHelper.invokeMethod(MethodInvocationHelper.java:139)\n\tat org.testng.internal.invokers.MethodInvocationHelper.invokeMethodConsideringTimeout(MethodInvocationHelper.java:69)\n\tat org.testng.internal.invokers.ConfigInvoker.invokeConfigurationMethod(ConfigInvoker.java:361)\n\tat org.testng.internal.invokers.ConfigInvoker.invokeConfigurations(ConfigInvoker.java:296)\n\tat org.testng.internal.invokers.TestInvoker.runConfigMethods(TestInvoker.java:823)\n\tat org.testng.internal.invokers.TestInvoker.invokeMethod(TestInvoker.java:590)\n\tat org.testng.internal.invokers.TestInvoker.invokeTestMethod(TestInvoker.java:221)\n\tat org.testng.internal.invokers.MethodRunner.runInSequence(MethodRunner.java:50)\n\tat org.testng.internal.invokers.TestInvoker$MethodInvocationAgent.invoke(TestInvoker.java:969)\n\tat org.testng.internal.invokers.TestInvoker.invokeTestMethods(TestInvoker.java:194)\n\tat org.testng.internal.invokers.TestMethodWorker.invokeTestMethods(TestMethodWorker.java:148)\n\tat org.testng.internal.invokers.TestMethodWorker.run(TestMethodWorker.java:128)\n\tat java.base/java.util.ArrayList.forEach(ArrayList.java:1511)\n\tat org.testng.TestRunner.privateRun(TestRunner.java:829)\n\tat org.testng.TestRunner.run(TestRunner.java:602)\n\tat org.testng.SuiteRunner.runTest(SuiteRunner.java:437)\n\tat org.testng.SuiteRunner.runSequentially(SuiteRunner.java:431)\n\tat org.testng.SuiteRunner.privateRun(SuiteRunner.java:391)\n\tat org.testng.SuiteRunner.run(SuiteRunner.java:330)\n\tat org.testng.SuiteRunnerWorker.runSuite(SuiteRunnerWorker.java:52)\n\tat org.testng.SuiteRunnerWorker.run(SuiteRunnerWorker.java:95)\n\tat org.testng.TestNG.runSuitesSequentially(TestNG.java:1256)\n\tat org.testng.TestNG.runSuitesLocally(TestNG.java:1176)\n\tat org.testng.TestNG.runSuites(TestNG.java:1099)\n\tat org.testng.TestNG.run(TestNG.java:1067)\n\tat org.apache.maven.surefire.testng.TestNGExecutor.run(TestNGExecutor.java:135)\n\tat org.apache.maven.surefire.testng.TestNGDirectoryTestSuite.executeMulti(TestNGDirectoryTestSuite.java:193)\n\tat org.apache.maven.surefire.testng.TestNGDirectoryTestSuite.execute(TestNGDirectoryTestSuite.java:94)\n\tat org.apache.maven.surefire.testng.TestNGProvider.invoke(TestNGProvider.java:146)\n\tat org.apache.maven.surefire.booter.ForkedBooter.invokeProviderInSameClassLoader(ForkedBooter.java:384)\n\tat org.apache.maven.surefire.booter.ForkedBooter.runSuitesInProcess(ForkedBooter.java:345)\n\tat org.apache.maven.surefire.booter.ForkedBooter.execute(ForkedBooter.java:126)\n\tat org.apache.maven.surefire.booter.ForkedBooter.main(ForkedBooter.java:418)\nCaused by: java.lang.NoSuchMethodException: com.example.teamcity.api.models.TestData.<init>()\n\tat java.base/java.lang.Class.getConstructor0(Class.java:3585)\n\tat java.base/java.lang.Class.getDeclaredConstructor(Class.java:2754)\n\tat com.example.teamcity.api.generators.TestDataGenerator.generate(TestDataGenerator.java:91)\n\t... 37 more\n","steps":[],"attachments":[],"parameters":[],"shouldDisplayMessage":true,"stepsCount":0,"attachmentsCount":0,"hasContent":true}],"afterStages":[{"name":"afterTest","time":{"start":1732745646249,"stop":1732745646249,"duration":0},"description":"","status":"passed","steps":[],"attachments":[],"parameters":[],"shouldDisplayMessage":false,"stepsCount":0,"attachmentsCount":0,"hasContent":false}],"labels":[{"name":"package","value":"com.example.teamcity.api.ProjectTest"},{"name":"testClass","value":"com.example.teamcity.api.ProjectTest"},{"name":"testMethod","value":"userCreatesProjectWithNameLongerThan225SymbolsTest"},{"name":"parentSuite","value":"Surefire suite"},{"name":"suite","value":"Surefire test"},{"name":"subSuite","value":"com.example.teamcity.api.ProjectTest"},{"name":"host","value":"fv-az801-978"},{"name":"thread","value":"3618@fv-az801-978.main(1)"},{"name":"framework","value":"testng"},{"name":"language","value":"java"},{"name":"resultFormat","value":"allure2"}],"parameters":[],"links":[],"hidden":false,"retry":false,"extra":{"severity":"normal","retries":[],"categories":[],"history":{"statistic":{"failed":0,"broken":0,"skipped":11,"passed":8,"unknown":0,"total":19},"items":[{"uid":"1e509d4d33501330","reportUrl":"https://malashko-kristina.github.io/teamcity-testing-framework/api/47//#testresult/1e509d4d33501330","status":"passed","time":{"start":1732712843172,"stop":1732712843511,"duration":339}},{"uid":"1ed386656bac1dc7","reportUrl":"https://malashko-kristina.github.io/teamcity-testing-framework/api/46//#testresult/1ed386656bac1dc7","status":"passed","time":{"start":1732665360558,"stop":1732665360910,"duration":352}},{"uid":"ca3e31abb3295cc9","reportUrl":"https://malashko-kristina.github.io/teamcity-testing-framework/api/45//#testresult/ca3e31abb3295cc9","status":"passed","time":{"start":1732664546750,"stop":1732664547031,"duration":281}},{"uid":"65bff2d1bff14b10","reportUrl":"https://malashko-kristina.github.io/teamcity-testing-framework/api/44//#testresult/65bff2d1bff14b10","status":"passed","time":{"start":1732662808423,"stop":1732662808728,"duration":305}},{"uid":"2b7974a669b6ff24","reportUrl":"https://malashko-kristina.github.io/teamcity-testing-framework/api/43//#testresult/2b7974a669b6ff24","status":"passed","time":{"start":1732661925744,"stop":1732661926017,"duration":273}},{"uid":"9c600b2be314536c","reportUrl":"https://malashko-kristina.github.io/teamcity-testing-framework/api/42//#testresult/9c600b2be314536c","status":"passed","time":{"start":1732660883011,"stop":1732660883284,"duration":273}},{"uid":"d182d6784f5df65e","reportUrl":"https://malashko-kristina.github.io/teamcity-testing-framework/api/41//#testresult/d182d6784f5df65e","status":"passed","time":{"start":1732574687070,"stop":1732574687316,"duration":246}},{"uid":"49d89d682ad6ab91","reportUrl":"https://malashko-kristina.github.io/teamcity-testing-framework/api/40//#testresult/49d89d682ad6ab91","status":"passed","time":{"start":1732572432374,"stop":1732572432666,"duration":292}},{"uid":"4b53a97f28fd2f0f","reportUrl":"https://malashko-kristina.github.io/teamcity-testing-framework/api/39//#testresult/4b53a97f28fd2f0f","status":"skipped","statusDetails":"null: Temporary failure in name resolution","time":{"start":1732570204516,"stop":1732570204516,"duration":0}},{"uid":"84f9d5f45d2f17d3","reportUrl":"https://malashko-kristina.github.io/teamcity-testing-framework/api/37//#testresult/84f9d5f45d2f17d3","status":"skipped","statusDetails":"null: Temporary failure in name resolution","time":{"start":1732550587628,"stop":1732550587628,"duration":0}},{"uid":"5ac56c2c2828084c","reportUrl":"https://malashko-kristina.github.io/teamcity-testing-framework/api/35//#testresult/5ac56c2c2828084c","status":"skipped","statusDetails":"Connection timed out","time":{"start":1732549757287,"stop":1732549757287,"duration":0}},{"uid":"c314ab32b7abc920","reportUrl":"https://malashko-kristina.github.io/teamcity-testing-framework/api/34//#testresult/c314ab32b7abc920","status":"skipped","statusDetails":"null: Temporary failure in name resolution","time":{"start":1732549031699,"stop":1732549031699,"duration":0}},{"uid":"1d135e9697c126e4","reportUrl":"https://malashko-kristina.github.io/teamcity-testing-framework/api/32//#testresult/1d135e9697c126e4","status":"skipped","statusDetails":"Connection timed out","time":{"start":1732547860969,"stop":1732547860970,"duration":1}},{"uid":"d36ed6c070e1d222","reportUrl":"https://malashko-kristina.github.io/teamcity-testing-framework/api/29//#testresult/d36ed6c070e1d222","status":"skipped","statusDetails":"null: Temporary failure in name resolution","time":{"start":1732533347168,"stop":1732533347168,"duration":0}},{"uid":"bf17e6b6d5dfb87e","reportUrl":"https://malashko-kristina.github.io/teamcity-testing-framework/api/28//#testresult/bf17e6b6d5dfb87e","status":"skipped","statusDetails":"Connection timed out","time":{"start":1732491662518,"stop":1732491662518,"duration":0}},{"uid":"e1111d2402d52ed2","reportUrl":"https://malashko-kristina.github.io/teamcity-testing-framework/api/27//#testresult/e1111d2402d52ed2","status":"skipped","statusDetails":"1 expectation failed.\nExpected status code <200> but was <503>.\n","time":{"start":1732490681902,"stop":1732490681902,"duration":0}},{"uid":"e2a8807949dbf65f","reportUrl":"https://malashko-kristina.github.io/teamcity-testing-framework/api/26//#testresult/e2a8807949dbf65f","status":"skipped","statusDetails":"1 expectation failed.\nExpected status code <200> but was <503>.\n","time":{"start":1732490302041,"stop":1732490302041,"duration":0}},{"uid":"adba41f091b50062","reportUrl":"https://malashko-kristina.github.io/teamcity-testing-framework/api/22//#testresult/adba41f091b50062","status":"skipped","statusDetails":"1 expectation failed.\nExpected status code <200> but was <503>.\n","time":{"start":1732404426539,"stop":1732404426539,"duration":0}}]},"tags":[]},"source":"8921d21564ecc94a.json","parameterValues":[]}