{"uid":"98c9e4135d09d286","name":"User should be able to create a project if name has cyrillic symbols","fullName":"com.example.teamcity.api.ProjectTest.userCreatesProjectWithNameHas225SymbolsTest","historyId":"92ecdd8f449b530587c86d4620bd1e2c","time":{"start":1732745646244,"stop":1732745646244,"duration":0},"status":"skipped","statusMessage":"Cannot generate a test data","statusTrace":"java.lang.IllegalStateException: Cannot generate a test data\n\tat com.example.teamcity.api.generators.TestDataGenerator.generate(TestDataGenerator.java:106)\n\tat com.example.teamcity.BaseTest.beforeTest(BaseTest.java:22)\n\tat java.base/jdk.internal.reflect.NativeMethodAccessorImpl.invoke0(Native Method)\n\tat java.base/jdk.internal.reflect.NativeMethodAccessorImpl.invoke(NativeMethodAccessorImpl.java:77)\n\tat java.base/jdk.internal.reflect.DelegatingMethodAccessorImpl.invoke(DelegatingMethodAccessorImpl.java:43)\n\tat java.base/java.lang.reflect.Method.invoke(Method.java:569)\n\tat org.testng.internal.invokers.MethodInvocationHelper.invokeMethod(MethodInvocationHelper.java:139)\n\tat org.testng.internal.invokers.MethodInvocationHelper.invokeMethodConsideringTimeout(MethodInvocationHelper.java:69)\n\tat org.testng.internal.invokers.ConfigInvoker.invokeConfigurationMethod(ConfigInvoker.java:361)\n\tat org.testng.internal.invokers.ConfigInvoker.invokeConfigurations(ConfigInvoker.java:296)\n\tat org.testng.internal.invokers.TestInvoker.runConfigMethods(TestInvoker.java:823)\n\tat org.testng.internal.invokers.TestInvoker.invokeMethod(TestInvoker.java:590)\n\tat org.testng.internal.invokers.TestInvoker.invokeTestMethod(TestInvoker.java:221)\n\tat org.testng.internal.invokers.MethodRunner.runInSequence(MethodRunner.java:50)\n\tat org.testng.internal.invokers.TestInvoker$MethodInvocationAgent.invoke(TestInvoker.java:969)\n\tat org.testng.internal.invokers.TestInvoker.invokeTestMethods(TestInvoker.java:194)\n\tat org.testng.internal.invokers.TestMethodWorker.invokeTestMethods(TestMethodWorker.java:148)\n\tat org.testng.internal.invokers.TestMethodWorker.run(TestMethodWorker.java:128)\n\tat java.base/java.util.ArrayList.forEach(ArrayList.java:1511)\n\tat org.testng.TestRunner.privateRun(TestRunner.java:829)\n\tat org.testng.TestRunner.run(TestRunner.java:602)\n\tat org.testng.SuiteRunner.runTest(SuiteRunner.java:437)\n\tat org.testng.SuiteRunner.runSequentially(SuiteRunner.java:431)\n\tat org.testng.SuiteRunner.privateRun(SuiteRunner.java:391)\n\tat org.testng.SuiteRunner.run(SuiteRunner.java:330)\n\tat org.testng.SuiteRunnerWorker.runSuite(SuiteRunnerWorker.java:52)\n\tat org.testng.SuiteRunnerWorker.run(SuiteRunnerWorker.java:95)\n\tat org.testng.TestNG.runSuitesSequentially(TestNG.java:1256)\n\tat org.testng.TestNG.runSuitesLocally(TestNG.java:1176)\n\tat org.testng.TestNG.runSuites(TestNG.java:1099)\n\tat org.testng.TestNG.run(TestNG.java:1067)\n\tat org.apache.maven.surefire.testng.TestNGExecutor.run(TestNGExecutor.java:135)\n\tat org.apache.maven.surefire.testng.TestNGDirectoryTestSuite.executeMulti(TestNGDirectoryTestSuite.java:193)\n\tat org.apache.maven.surefire.testng.TestNGDirectoryTestSuite.execute(TestNGDirectoryTestSuite.java:94)\n\tat org.apache.maven.surefire.testng.TestNGProvider.invoke(TestNGProvider.java:146)\n\tat org.apache.maven.surefire.booter.ForkedBooter.invokeProviderInSameClassLoader(ForkedBooter.java:384)\n\tat org.apache.maven.surefire.booter.ForkedBooter.runSuitesInProcess(ForkedBooter.java:345)\n\tat org.apache.maven.surefire.booter.ForkedBooter.execute(ForkedBooter.java:126)\n\tat org.apache.maven.surefire.booter.ForkedBooter.main(ForkedBooter.java:418)\nCaused by: java.lang.NoSuchMethodException: com.example.teamcity.api.models.TestData.<init>()\n\tat java.base/java.lang.Class.getConstructor0(Class.java:3585)\n\tat java.base/java.lang.Class.getDeclaredConstructor(Class.java:2754)\n\tat com.example.teamcity.api.generators.TestDataGenerator.generate(TestDataGenerator.java:91)\n\t... 38 more\n","flaky":false,"newFailed":false,"newBroken":false,"newPassed":false,"retriesCount":0,"retriesStatusChange":false,"beforeStages":[{"name":"beforeTest","time":{"start":1732745646242,"stop":1732745646242,"duration":0},"description":"","status":"broken","statusMessage":"Cannot generate a test data","statusTrace":"java.lang.IllegalStateException: Cannot generate a test data\n\tat com.example.teamcity.api.generators.TestDataGenerator.generate(TestDataGenerator.java:106)\n\tat com.example.teamcity.BaseTest.beforeTest(BaseTest.java:22)\n\tat jdk.internal.reflect.GeneratedMethodAccessor71.invoke(Unknown Source)\n\tat java.base/jdk.internal.reflect.DelegatingMethodAccessorImpl.invoke(DelegatingMethodAccessorImpl.java:43)\n\tat java.base/java.lang.reflect.Method.invoke(Method.java:569)\n\tat org.testng.internal.invokers.MethodInvocationHelper.invokeMethod(MethodInvocationHelper.java:139)\n\tat org.testng.internal.invokers.MethodInvocationHelper.invokeMethodConsideringTimeout(MethodInvocationHelper.java:69)\n\tat org.testng.internal.invokers.ConfigInvoker.invokeConfigurationMethod(ConfigInvoker.java:361)\n\tat org.testng.internal.invokers.ConfigInvoker.invokeConfigurations(ConfigInvoker.java:296)\n\tat org.testng.internal.invokers.TestInvoker.runConfigMethods(TestInvoker.java:823)\n\tat org.testng.internal.invokers.TestInvoker.invokeMethod(TestInvoker.java:590)\n\tat org.testng.internal.invokers.TestInvoker.invokeTestMethod(TestInvoker.java:221)\n\tat org.testng.internal.invokers.MethodRunner.runInSequence(MethodRunner.java:50)\n\tat org.testng.internal.invokers.TestInvoker$MethodInvocationAgent.invoke(TestInvoker.java:969)\n\tat org.testng.internal.invokers.TestInvoker.invokeTestMethods(TestInvoker.java:194)\n\tat org.testng.internal.invokers.TestMethodWorker.invokeTestMethods(TestMethodWorker.java:148)\n\tat org.testng.internal.invokers.TestMethodWorker.run(TestMethodWorker.java:128)\n\tat java.base/java.util.ArrayList.forEach(ArrayList.java:1511)\n\tat org.testng.TestRunner.privateRun(TestRunner.java:829)\n\tat org.testng.TestRunner.run(TestRunner.java:602)\n\tat org.testng.SuiteRunner.runTest(SuiteRunner.java:437)\n\tat org.testng.SuiteRunner.runSequentially(SuiteRunner.java:431)\n\tat org.testng.SuiteRunner.privateRun(SuiteRunner.java:391)\n\tat org.testng.SuiteRunner.run(SuiteRunner.java:330)\n\tat org.testng.SuiteRunnerWorker.runSuite(SuiteRunnerWorker.java:52)\n\tat org.testng.SuiteRunnerWorker.run(SuiteRunnerWorker.java:95)\n\tat org.testng.TestNG.runSuitesSequentially(TestNG.java:1256)\n\tat org.testng.TestNG.runSuitesLocally(TestNG.java:1176)\n\tat org.testng.TestNG.runSuites(TestNG.java:1099)\n\tat org.testng.TestNG.run(TestNG.java:1067)\n\tat org.apache.maven.surefire.testng.TestNGExecutor.run(TestNGExecutor.java:135)\n\tat org.apache.maven.surefire.testng.TestNGDirectoryTestSuite.executeMulti(TestNGDirectoryTestSuite.java:193)\n\tat org.apache.maven.surefire.testng.TestNGDirectoryTestSuite.execute(TestNGDirectoryTestSuite.java:94)\n\tat org.apache.maven.surefire.testng.TestNGProvider.invoke(TestNGProvider.java:146)\n\tat org.apache.maven.surefire.booter.ForkedBooter.invokeProviderInSameClassLoader(ForkedBooter.java:384)\n\tat org.apache.maven.surefire.booter.ForkedBooter.runSuitesInProcess(ForkedBooter.java:345)\n\tat org.apache.maven.surefire.booter.ForkedBooter.execute(ForkedBooter.java:126)\n\tat org.apache.maven.surefire.booter.ForkedBooter.main(ForkedBooter.java:418)\nCaused by: java.lang.NoSuchMethodException: com.example.teamcity.api.models.TestData.<init>()\n\tat java.base/java.lang.Class.getConstructor0(Class.java:3585)\n\tat java.base/java.lang.Class.getDeclaredConstructor(Class.java:2754)\n\tat com.example.teamcity.api.generators.TestDataGenerator.generate(TestDataGenerator.java:91)\n\t... 37 more\n","steps":[],"attachments":[],"parameters":[],"shouldDisplayMessage":true,"stepsCount":0,"attachmentsCount":0,"hasContent":true}],"afterStages":[{"name":"afterTest","time":{"start":1732745646245,"stop":1732745646245,"duration":0},"description":"","status":"passed","steps":[],"attachments":[],"parameters":[],"shouldDisplayMessage":false,"stepsCount":0,"attachmentsCount":0,"hasContent":false}],"labels":[{"name":"package","value":"com.example.teamcity.api.ProjectTest"},{"name":"testClass","value":"com.example.teamcity.api.ProjectTest"},{"name":"testMethod","value":"userCreatesProjectWithNameHas225SymbolsTest"},{"name":"parentSuite","value":"Surefire suite"},{"name":"suite","value":"Surefire test"},{"name":"subSuite","value":"com.example.teamcity.api.ProjectTest"},{"name":"host","value":"fv-az801-978"},{"name":"thread","value":"3618@fv-az801-978.main(1)"},{"name":"framework","value":"testng"},{"name":"language","value":"java"},{"name":"resultFormat","value":"allure2"}],"parameters":[],"links":[],"hidden":false,"retry":false,"extra":{"severity":"normal","retries":[],"categories":[],"history":{"statistic":{"failed":0,"broken":0,"skipped":11,"passed":8,"unknown":0,"total":19},"items":[{"uid":"b39cb150c25ec2f3","reportUrl":"https://malashko-kristina.github.io/teamcity-testing-framework/api/47//#testresult/b39cb150c25ec2f3","status":"passed","time":{"start":1732712842750,"stop":1732712843107,"duration":357}},{"uid":"b62c9184e057e9b3","reportUrl":"https://malashko-kristina.github.io/teamcity-testing-framework/api/46//#testresult/b62c9184e057e9b3","status":"passed","time":{"start":1732665360227,"stop":1732665360496,"duration":269}},{"uid":"89807a53c5257f6d","reportUrl":"https://malashko-kristina.github.io/teamcity-testing-framework/api/45//#testresult/89807a53c5257f6d","status":"passed","time":{"start":1732664546425,"stop":1732664546688,"duration":263}},{"uid":"40300603fff9bbcc","reportUrl":"https://malashko-kristina.github.io/teamcity-testing-framework/api/44//#testresult/40300603fff9bbcc","status":"passed","time":{"start":1732662808128,"stop":1732662808342,"duration":214}},{"uid":"716b9fca9bc6c089","reportUrl":"https://malashko-kristina.github.io/teamcity-testing-framework/api/43//#testresult/716b9fca9bc6c089","status":"passed","time":{"start":1732661925416,"stop":1732661925686,"duration":270}},{"uid":"e55d578cc80076be","reportUrl":"https://malashko-kristina.github.io/teamcity-testing-framework/api/42//#testresult/e55d578cc80076be","status":"passed","time":{"start":1732660882645,"stop":1732660882917,"duration":272}},{"uid":"59e4de4f87ba090d","reportUrl":"https://malashko-kristina.github.io/teamcity-testing-framework/api/41//#testresult/59e4de4f87ba090d","status":"passed","time":{"start":1732574686655,"stop":1732574686960,"duration":305}},{"uid":"2ae8df4a54a69c","reportUrl":"https://malashko-kristina.github.io/teamcity-testing-framework/api/40//#testresult/2ae8df4a54a69c","status":"passed","time":{"start":1732572432062,"stop":1732572432321,"duration":259}},{"uid":"c72e9e8f24df2c65","reportUrl":"https://malashko-kristina.github.io/teamcity-testing-framework/api/39//#testresult/c72e9e8f24df2c65","status":"skipped","statusDetails":"null: Temporary failure in name resolution","time":{"start":1732570204512,"stop":1732570204513,"duration":1}},{"uid":"281883438411d589","reportUrl":"https://malashko-kristina.github.io/teamcity-testing-framework/api/37//#testresult/281883438411d589","status":"skipped","statusDetails":"null: Temporary failure in name resolution","time":{"start":1732550587624,"stop":1732550587625,"duration":1}},{"uid":"17b23f1763a5e57b","reportUrl":"https://malashko-kristina.github.io/teamcity-testing-framework/api/35//#testresult/17b23f1763a5e57b","status":"skipped","statusDetails":"Connection timed out","time":{"start":1732549757284,"stop":1732549757284,"duration":0}},{"uid":"8d7e85e85f23d0ce","reportUrl":"https://malashko-kristina.github.io/teamcity-testing-framework/api/34//#testresult/8d7e85e85f23d0ce","status":"skipped","statusDetails":"null: Temporary failure in name resolution","time":{"start":1732549031695,"stop":1732549031695,"duration":0}},{"uid":"e21321187ec89632","reportUrl":"https://malashko-kristina.github.io/teamcity-testing-framework/api/32//#testresult/e21321187ec89632","status":"skipped","statusDetails":"Connection timed out","time":{"start":1732547860966,"stop":1732547860966,"duration":0}},{"uid":"c1f21949e2b30544","reportUrl":"https://malashko-kristina.github.io/teamcity-testing-framework/api/29//#testresult/c1f21949e2b30544","status":"skipped","statusDetails":"null: Temporary failure in name resolution","time":{"start":1732533347165,"stop":1732533347165,"duration":0}},{"uid":"d2edb4e86fdf5579","reportUrl":"https://malashko-kristina.github.io/teamcity-testing-framework/api/28//#testresult/d2edb4e86fdf5579","status":"skipped","statusDetails":"Connection timed out","time":{"start":1732491662514,"stop":1732491662514,"duration":0}},{"uid":"89ef25b87ee866fb","reportUrl":"https://malashko-kristina.github.io/teamcity-testing-framework/api/27//#testresult/89ef25b87ee866fb","status":"skipped","statusDetails":"1 expectation failed.\nExpected status code <200> but was <503>.\n","time":{"start":1732490681895,"stop":1732490681896,"duration":1}},{"uid":"2c51f02d6a582462","reportUrl":"https://malashko-kristina.github.io/teamcity-testing-framework/api/26//#testresult/2c51f02d6a582462","status":"skipped","statusDetails":"1 expectation failed.\nExpected status code <200> but was <503>.\n","time":{"start":1732490302038,"stop":1732490302038,"duration":0}},{"uid":"a8e18b09def7c895","reportUrl":"https://malashko-kristina.github.io/teamcity-testing-framework/api/22//#testresult/a8e18b09def7c895","status":"skipped","statusDetails":"1 expectation failed.\nExpected status code <200> but was <503>.\n","time":{"start":1732404426536,"stop":1732404426536,"duration":0}}]},"tags":[]},"source":"98c9e4135d09d286.json","parameterValues":[]}