{"uid":"9b80051b04905825","name":"User should not be able to create a project with empty id","fullName":"com.example.teamcity.api.ProjectTest.userCreatesProjectWithEmptyIdTest","historyId":"3e34cead5bb4b6b15ebd17e9946f34b5","time":{"start":1732745646186,"stop":1732745646186,"duration":0},"status":"skipped","statusMessage":"Cannot generate a test data","statusTrace":"java.lang.IllegalStateException: Cannot generate a test data\n\tat com.example.teamcity.api.generators.TestDataGenerator.generate(TestDataGenerator.java:106)\n\tat com.example.teamcity.BaseTest.beforeTest(BaseTest.java:22)\n\tat java.base/jdk.internal.reflect.NativeMethodAccessorImpl.invoke0(Native Method)\n\tat java.base/jdk.internal.reflect.NativeMethodAccessorImpl.invoke(NativeMethodAccessorImpl.java:77)\n\tat java.base/jdk.internal.reflect.DelegatingMethodAccessorImpl.invoke(DelegatingMethodAccessorImpl.java:43)\n\tat java.base/java.lang.reflect.Method.invoke(Method.java:569)\n\tat org.testng.internal.invokers.MethodInvocationHelper.invokeMethod(MethodInvocationHelper.java:139)\n\tat org.testng.internal.invokers.MethodInvocationHelper.invokeMethodConsideringTimeout(MethodInvocationHelper.java:69)\n\tat org.testng.internal.invokers.ConfigInvoker.invokeConfigurationMethod(ConfigInvoker.java:361)\n\tat org.testng.internal.invokers.ConfigInvoker.invokeConfigurations(ConfigInvoker.java:296)\n\tat org.testng.internal.invokers.TestInvoker.runConfigMethods(TestInvoker.java:823)\n\tat org.testng.internal.invokers.TestInvoker.invokeMethod(TestInvoker.java:590)\n\tat org.testng.internal.invokers.TestInvoker.invokeTestMethod(TestInvoker.java:221)\n\tat org.testng.internal.invokers.MethodRunner.runInSequence(MethodRunner.java:50)\n\tat org.testng.internal.invokers.TestInvoker$MethodInvocationAgent.invoke(TestInvoker.java:969)\n\tat org.testng.internal.invokers.TestInvoker.invokeTestMethods(TestInvoker.java:194)\n\tat org.testng.internal.invokers.TestMethodWorker.invokeTestMethods(TestMethodWorker.java:148)\n\tat org.testng.internal.invokers.TestMethodWorker.run(TestMethodWorker.java:128)\n\tat java.base/java.util.ArrayList.forEach(ArrayList.java:1511)\n\tat org.testng.TestRunner.privateRun(TestRunner.java:829)\n\tat org.testng.TestRunner.run(TestRunner.java:602)\n\tat org.testng.SuiteRunner.runTest(SuiteRunner.java:437)\n\tat org.testng.SuiteRunner.runSequentially(SuiteRunner.java:431)\n\tat org.testng.SuiteRunner.privateRun(SuiteRunner.java:391)\n\tat org.testng.SuiteRunner.run(SuiteRunner.java:330)\n\tat org.testng.SuiteRunnerWorker.runSuite(SuiteRunnerWorker.java:52)\n\tat org.testng.SuiteRunnerWorker.run(SuiteRunnerWorker.java:95)\n\tat org.testng.TestNG.runSuitesSequentially(TestNG.java:1256)\n\tat org.testng.TestNG.runSuitesLocally(TestNG.java:1176)\n\tat org.testng.TestNG.runSuites(TestNG.java:1099)\n\tat org.testng.TestNG.run(TestNG.java:1067)\n\tat org.apache.maven.surefire.testng.TestNGExecutor.run(TestNGExecutor.java:135)\n\tat org.apache.maven.surefire.testng.TestNGDirectoryTestSuite.executeMulti(TestNGDirectoryTestSuite.java:193)\n\tat org.apache.maven.surefire.testng.TestNGDirectoryTestSuite.execute(TestNGDirectoryTestSuite.java:94)\n\tat org.apache.maven.surefire.testng.TestNGProvider.invoke(TestNGProvider.java:146)\n\tat org.apache.maven.surefire.booter.ForkedBooter.invokeProviderInSameClassLoader(ForkedBooter.java:384)\n\tat org.apache.maven.surefire.booter.ForkedBooter.runSuitesInProcess(ForkedBooter.java:345)\n\tat org.apache.maven.surefire.booter.ForkedBooter.execute(ForkedBooter.java:126)\n\tat org.apache.maven.surefire.booter.ForkedBooter.main(ForkedBooter.java:418)\nCaused by: java.lang.NoSuchMethodException: com.example.teamcity.api.models.TestData.<init>()\n\tat java.base/java.lang.Class.getConstructor0(Class.java:3585)\n\tat java.base/java.lang.Class.getDeclaredConstructor(Class.java:2754)\n\tat com.example.teamcity.api.generators.TestDataGenerator.generate(TestDataGenerator.java:91)\n\t... 38 more\n","flaky":false,"newFailed":false,"newBroken":false,"newPassed":false,"retriesCount":0,"retriesStatusChange":false,"beforeStages":[{"name":"beforeTest","time":{"start":1732745646183,"stop":1732745646183,"duration":0},"description":"","status":"broken","statusMessage":"Cannot generate a test data","statusTrace":"java.lang.IllegalStateException: Cannot generate a test data\n\tat com.example.teamcity.api.generators.TestDataGenerator.generate(TestDataGenerator.java:106)\n\tat com.example.teamcity.BaseTest.beforeTest(BaseTest.java:22)\n\tat java.base/jdk.internal.reflect.NativeMethodAccessorImpl.invoke0(Native Method)\n\tat java.base/jdk.internal.reflect.NativeMethodAccessorImpl.invoke(NativeMethodAccessorImpl.java:77)\n\tat java.base/jdk.internal.reflect.DelegatingMethodAccessorImpl.invoke(DelegatingMethodAccessorImpl.java:43)\n\tat java.base/java.lang.reflect.Method.invoke(Method.java:569)\n\tat org.testng.internal.invokers.MethodInvocationHelper.invokeMethod(MethodInvocationHelper.java:139)\n\tat org.testng.internal.invokers.MethodInvocationHelper.invokeMethodConsideringTimeout(MethodInvocationHelper.java:69)\n\tat org.testng.internal.invokers.ConfigInvoker.invokeConfigurationMethod(ConfigInvoker.java:361)\n\tat org.testng.internal.invokers.ConfigInvoker.invokeConfigurations(ConfigInvoker.java:296)\n\tat org.testng.internal.invokers.TestInvoker.runConfigMethods(TestInvoker.java:823)\n\tat org.testng.internal.invokers.TestInvoker.invokeMethod(TestInvoker.java:590)\n\tat org.testng.internal.invokers.TestInvoker.invokeTestMethod(TestInvoker.java:221)\n\tat org.testng.internal.invokers.MethodRunner.runInSequence(MethodRunner.java:50)\n\tat org.testng.internal.invokers.TestInvoker$MethodInvocationAgent.invoke(TestInvoker.java:969)\n\tat org.testng.internal.invokers.TestInvoker.invokeTestMethods(TestInvoker.java:194)\n\tat org.testng.internal.invokers.TestMethodWorker.invokeTestMethods(TestMethodWorker.java:148)\n\tat org.testng.internal.invokers.TestMethodWorker.run(TestMethodWorker.java:128)\n\tat java.base/java.util.ArrayList.forEach(ArrayList.java:1511)\n\tat org.testng.TestRunner.privateRun(TestRunner.java:829)\n\tat org.testng.TestRunner.run(TestRunner.java:602)\n\tat org.testng.SuiteRunner.runTest(SuiteRunner.java:437)\n\tat org.testng.SuiteRunner.runSequentially(SuiteRunner.java:431)\n\tat org.testng.SuiteRunner.privateRun(SuiteRunner.java:391)\n\tat org.testng.SuiteRunner.run(SuiteRunner.java:330)\n\tat org.testng.SuiteRunnerWorker.runSuite(SuiteRunnerWorker.java:52)\n\tat org.testng.SuiteRunnerWorker.run(SuiteRunnerWorker.java:95)\n\tat org.testng.TestNG.runSuitesSequentially(TestNG.java:1256)\n\tat org.testng.TestNG.runSuitesLocally(TestNG.java:1176)\n\tat org.testng.TestNG.runSuites(TestNG.java:1099)\n\tat org.testng.TestNG.run(TestNG.java:1067)\n\tat org.apache.maven.surefire.testng.TestNGExecutor.run(TestNGExecutor.java:135)\n\tat org.apache.maven.surefire.testng.TestNGDirectoryTestSuite.executeMulti(TestNGDirectoryTestSuite.java:193)\n\tat org.apache.maven.surefire.testng.TestNGDirectoryTestSuite.execute(TestNGDirectoryTestSuite.java:94)\n\tat org.apache.maven.surefire.testng.TestNGProvider.invoke(TestNGProvider.java:146)\n\tat org.apache.maven.surefire.booter.ForkedBooter.invokeProviderInSameClassLoader(ForkedBooter.java:384)\n\tat org.apache.maven.surefire.booter.ForkedBooter.runSuitesInProcess(ForkedBooter.java:345)\n\tat org.apache.maven.surefire.booter.ForkedBooter.execute(ForkedBooter.java:126)\n\tat org.apache.maven.surefire.booter.ForkedBooter.main(ForkedBooter.java:418)\nCaused by: java.lang.NoSuchMethodException: com.example.teamcity.api.models.TestData.<init>()\n\tat java.base/java.lang.Class.getConstructor0(Class.java:3585)\n\tat java.base/java.lang.Class.getDeclaredConstructor(Class.java:2754)\n\tat com.example.teamcity.api.generators.TestDataGenerator.generate(TestDataGenerator.java:91)\n\t... 38 more\n","steps":[],"attachments":[],"parameters":[],"shouldDisplayMessage":true,"stepsCount":0,"attachmentsCount":0,"hasContent":true}],"afterStages":[{"name":"afterTest","time":{"start":1732745646187,"stop":1732745646187,"duration":0},"description":"","status":"passed","steps":[],"attachments":[],"parameters":[],"shouldDisplayMessage":false,"stepsCount":0,"attachmentsCount":0,"hasContent":false}],"labels":[{"name":"package","value":"com.example.teamcity.api.ProjectTest"},{"name":"testClass","value":"com.example.teamcity.api.ProjectTest"},{"name":"testMethod","value":"userCreatesProjectWithEmptyIdTest"},{"name":"parentSuite","value":"Surefire suite"},{"name":"suite","value":"Surefire test"},{"name":"subSuite","value":"com.example.teamcity.api.ProjectTest"},{"name":"host","value":"fv-az801-978"},{"name":"thread","value":"3618@fv-az801-978.main(1)"},{"name":"framework","value":"testng"},{"name":"language","value":"java"},{"name":"resultFormat","value":"allure2"}],"parameters":[],"links":[],"hidden":false,"retry":false,"extra":{"severity":"normal","retries":[],"categories":[],"history":{"statistic":{"failed":0,"broken":0,"skipped":11,"passed":8,"unknown":0,"total":19},"items":[{"uid":"d4260dfcefe7c3cd","reportUrl":"https://malashko-kristina.github.io/teamcity-testing-framework/api/47//#testresult/d4260dfcefe7c3cd","status":"passed","time":{"start":1732712837451,"stop":1732712838418,"duration":967}},{"uid":"71eebad5af0c062d","reportUrl":"https://malashko-kristina.github.io/teamcity-testing-framework/api/46//#testresult/71eebad5af0c062d","status":"passed","time":{"start":1732665356291,"stop":1732665356513,"duration":222}},{"uid":"d2684bc135a5cadf","reportUrl":"https://malashko-kristina.github.io/teamcity-testing-framework/api/45//#testresult/d2684bc135a5cadf","status":"passed","time":{"start":1732664541678,"stop":1732664542605,"duration":927}},{"uid":"4e404dc0fa0a09b3","reportUrl":"https://malashko-kristina.github.io/teamcity-testing-framework/api/44//#testresult/4e404dc0fa0a09b3","status":"passed","time":{"start":1732662803060,"stop":1732662803299,"duration":239}},{"uid":"4b6c2d6a3db398d4","reportUrl":"https://malashko-kristina.github.io/teamcity-testing-framework/api/43//#testresult/4b6c2d6a3db398d4","status":"passed","time":{"start":1732661921159,"stop":1732661921410,"duration":251}},{"uid":"419823efe0f8acc","reportUrl":"https://malashko-kristina.github.io/teamcity-testing-framework/api/42//#testresult/419823efe0f8acc","status":"passed","time":{"start":1732660878856,"stop":1732660879076,"duration":220}},{"uid":"d3b62347956a271f","reportUrl":"https://malashko-kristina.github.io/teamcity-testing-framework/api/41//#testresult/d3b62347956a271f","status":"passed","time":{"start":1732574682040,"stop":1732574682345,"duration":305}},{"uid":"f2d17385c83f1bcc","reportUrl":"https://malashko-kristina.github.io/teamcity-testing-framework/api/40//#testresult/f2d17385c83f1bcc","status":"passed","time":{"start":1732572428159,"stop":1732572428373,"duration":214}},{"uid":"6cd5e6eb7397f8c8","reportUrl":"https://malashko-kristina.github.io/teamcity-testing-framework/api/39//#testresult/6cd5e6eb7397f8c8","status":"skipped","statusDetails":"null: Temporary failure in name resolution","time":{"start":1732570204456,"stop":1732570204456,"duration":0}},{"uid":"27b2ae139d19267a","reportUrl":"https://malashko-kristina.github.io/teamcity-testing-framework/api/37//#testresult/27b2ae139d19267a","status":"skipped","statusDetails":"null: Temporary failure in name resolution","time":{"start":1732550587563,"stop":1732550587563,"duration":0}},{"uid":"22cfbc947c4713a8","reportUrl":"https://malashko-kristina.github.io/teamcity-testing-framework/api/35//#testresult/22cfbc947c4713a8","status":"skipped","statusDetails":"Connection timed out","time":{"start":1732549757229,"stop":1732549757230,"duration":1}},{"uid":"d933ef8c027c0afb","reportUrl":"https://malashko-kristina.github.io/teamcity-testing-framework/api/34//#testresult/d933ef8c027c0afb","status":"skipped","statusDetails":"null: Temporary failure in name resolution","time":{"start":1732549031638,"stop":1732549031639,"duration":1}},{"uid":"eae867c64d76f1c8","reportUrl":"https://malashko-kristina.github.io/teamcity-testing-framework/api/32//#testresult/eae867c64d76f1c8","status":"skipped","statusDetails":"Connection timed out","time":{"start":1732547860908,"stop":1732547860908,"duration":0}},{"uid":"635085af440dde56","reportUrl":"https://malashko-kristina.github.io/teamcity-testing-framework/api/29//#testresult/635085af440dde56","status":"skipped","statusDetails":"null: Temporary failure in name resolution","time":{"start":1732533347109,"stop":1732533347109,"duration":0}},{"uid":"f2205b798e352a08","reportUrl":"https://malashko-kristina.github.io/teamcity-testing-framework/api/28//#testresult/f2205b798e352a08","status":"skipped","statusDetails":"Connection timed out","time":{"start":1732491662450,"stop":1732491662450,"duration":0}},{"uid":"eaf50b2d7435d64d","reportUrl":"https://malashko-kristina.github.io/teamcity-testing-framework/api/27//#testresult/eaf50b2d7435d64d","status":"skipped","statusDetails":"1 expectation failed.\nExpected status code <200> but was <503>.\n","time":{"start":1732490681815,"stop":1732490681816,"duration":1}},{"uid":"836f33bba7fb7973","reportUrl":"https://malashko-kristina.github.io/teamcity-testing-framework/api/26//#testresult/836f33bba7fb7973","status":"skipped","statusDetails":"1 expectation failed.\nExpected status code <200> but was <503>.\n","time":{"start":1732490301978,"stop":1732490301978,"duration":0}},{"uid":"37d2a8ee0af11f65","reportUrl":"https://malashko-kristina.github.io/teamcity-testing-framework/api/22//#testresult/37d2a8ee0af11f65","status":"skipped","statusDetails":"1 expectation failed.\nExpected status code <200> but was <503>.\n","time":{"start":1732404426484,"stop":1732404426484,"duration":0}}]},"tags":[]},"source":"9b80051b04905825.json","parameterValues":[]}