{"uid":"a70551b9bbcac14e","name":"User should be able to create a project if id includes 1 valid symbol","fullName":"com.example.teamcity.api.ProjectTest.userCreatesProjectWithIdLIncludesOneSymbolTest","historyId":"a6c2448901ce8b4197640a6dd49a5685","time":{"start":1732745646219,"stop":1732745646219,"duration":0},"status":"skipped","statusMessage":"Cannot generate a test data","statusTrace":"java.lang.IllegalStateException: Cannot generate a test data\n\tat com.example.teamcity.api.generators.TestDataGenerator.generate(TestDataGenerator.java:106)\n\tat com.example.teamcity.BaseTest.beforeTest(BaseTest.java:22)\n\tat java.base/jdk.internal.reflect.NativeMethodAccessorImpl.invoke0(Native Method)\n\tat java.base/jdk.internal.reflect.NativeMethodAccessorImpl.invoke(NativeMethodAccessorImpl.java:77)\n\tat java.base/jdk.internal.reflect.DelegatingMethodAccessorImpl.invoke(DelegatingMethodAccessorImpl.java:43)\n\tat java.base/java.lang.reflect.Method.invoke(Method.java:569)\n\tat org.testng.internal.invokers.MethodInvocationHelper.invokeMethod(MethodInvocationHelper.java:139)\n\tat org.testng.internal.invokers.MethodInvocationHelper.invokeMethodConsideringTimeout(MethodInvocationHelper.java:69)\n\tat org.testng.internal.invokers.ConfigInvoker.invokeConfigurationMethod(ConfigInvoker.java:361)\n\tat org.testng.internal.invokers.ConfigInvoker.invokeConfigurations(ConfigInvoker.java:296)\n\tat org.testng.internal.invokers.TestInvoker.runConfigMethods(TestInvoker.java:823)\n\tat org.testng.internal.invokers.TestInvoker.invokeMethod(TestInvoker.java:590)\n\tat org.testng.internal.invokers.TestInvoker.invokeTestMethod(TestInvoker.java:221)\n\tat org.testng.internal.invokers.MethodRunner.runInSequence(MethodRunner.java:50)\n\tat org.testng.internal.invokers.TestInvoker$MethodInvocationAgent.invoke(TestInvoker.java:969)\n\tat org.testng.internal.invokers.TestInvoker.invokeTestMethods(TestInvoker.java:194)\n\tat org.testng.internal.invokers.TestMethodWorker.invokeTestMethods(TestMethodWorker.java:148)\n\tat org.testng.internal.invokers.TestMethodWorker.run(TestMethodWorker.java:128)\n\tat java.base/java.util.ArrayList.forEach(ArrayList.java:1511)\n\tat org.testng.TestRunner.privateRun(TestRunner.java:829)\n\tat org.testng.TestRunner.run(TestRunner.java:602)\n\tat org.testng.SuiteRunner.runTest(SuiteRunner.java:437)\n\tat org.testng.SuiteRunner.runSequentially(SuiteRunner.java:431)\n\tat org.testng.SuiteRunner.privateRun(SuiteRunner.java:391)\n\tat org.testng.SuiteRunner.run(SuiteRunner.java:330)\n\tat org.testng.SuiteRunnerWorker.runSuite(SuiteRunnerWorker.java:52)\n\tat org.testng.SuiteRunnerWorker.run(SuiteRunnerWorker.java:95)\n\tat org.testng.TestNG.runSuitesSequentially(TestNG.java:1256)\n\tat org.testng.TestNG.runSuitesLocally(TestNG.java:1176)\n\tat org.testng.TestNG.runSuites(TestNG.java:1099)\n\tat org.testng.TestNG.run(TestNG.java:1067)\n\tat org.apache.maven.surefire.testng.TestNGExecutor.run(TestNGExecutor.java:135)\n\tat org.apache.maven.surefire.testng.TestNGDirectoryTestSuite.executeMulti(TestNGDirectoryTestSuite.java:193)\n\tat org.apache.maven.surefire.testng.TestNGDirectoryTestSuite.execute(TestNGDirectoryTestSuite.java:94)\n\tat org.apache.maven.surefire.testng.TestNGProvider.invoke(TestNGProvider.java:146)\n\tat org.apache.maven.surefire.booter.ForkedBooter.invokeProviderInSameClassLoader(ForkedBooter.java:384)\n\tat org.apache.maven.surefire.booter.ForkedBooter.runSuitesInProcess(ForkedBooter.java:345)\n\tat org.apache.maven.surefire.booter.ForkedBooter.execute(ForkedBooter.java:126)\n\tat org.apache.maven.surefire.booter.ForkedBooter.main(ForkedBooter.java:418)\nCaused by: java.lang.NoSuchMethodException: com.example.teamcity.api.models.TestData.<init>()\n\tat java.base/java.lang.Class.getConstructor0(Class.java:3585)\n\tat java.base/java.lang.Class.getDeclaredConstructor(Class.java:2754)\n\tat com.example.teamcity.api.generators.TestDataGenerator.generate(TestDataGenerator.java:91)\n\t... 38 more\n","flaky":false,"newFailed":false,"newBroken":false,"newPassed":false,"retriesCount":0,"retriesStatusChange":false,"beforeStages":[{"name":"beforeTest","time":{"start":1732745646216,"stop":1732745646216,"duration":0},"description":"","status":"broken","statusMessage":"Cannot generate a test data","statusTrace":"java.lang.IllegalStateException: Cannot generate a test data\n\tat com.example.teamcity.api.generators.TestDataGenerator.generate(TestDataGenerator.java:106)\n\tat com.example.teamcity.BaseTest.beforeTest(BaseTest.java:22)\n\tat jdk.internal.reflect.GeneratedMethodAccessor71.invoke(Unknown Source)\n\tat java.base/jdk.internal.reflect.DelegatingMethodAccessorImpl.invoke(DelegatingMethodAccessorImpl.java:43)\n\tat java.base/java.lang.reflect.Method.invoke(Method.java:569)\n\tat org.testng.internal.invokers.MethodInvocationHelper.invokeMethod(MethodInvocationHelper.java:139)\n\tat org.testng.internal.invokers.MethodInvocationHelper.invokeMethodConsideringTimeout(MethodInvocationHelper.java:69)\n\tat org.testng.internal.invokers.ConfigInvoker.invokeConfigurationMethod(ConfigInvoker.java:361)\n\tat org.testng.internal.invokers.ConfigInvoker.invokeConfigurations(ConfigInvoker.java:296)\n\tat org.testng.internal.invokers.TestInvoker.runConfigMethods(TestInvoker.java:823)\n\tat org.testng.internal.invokers.TestInvoker.invokeMethod(TestInvoker.java:590)\n\tat org.testng.internal.invokers.TestInvoker.invokeTestMethod(TestInvoker.java:221)\n\tat org.testng.internal.invokers.MethodRunner.runInSequence(MethodRunner.java:50)\n\tat org.testng.internal.invokers.TestInvoker$MethodInvocationAgent.invoke(TestInvoker.java:969)\n\tat org.testng.internal.invokers.TestInvoker.invokeTestMethods(TestInvoker.java:194)\n\tat org.testng.internal.invokers.TestMethodWorker.invokeTestMethods(TestMethodWorker.java:148)\n\tat org.testng.internal.invokers.TestMethodWorker.run(TestMethodWorker.java:128)\n\tat java.base/java.util.ArrayList.forEach(ArrayList.java:1511)\n\tat org.testng.TestRunner.privateRun(TestRunner.java:829)\n\tat org.testng.TestRunner.run(TestRunner.java:602)\n\tat org.testng.SuiteRunner.runTest(SuiteRunner.java:437)\n\tat org.testng.SuiteRunner.runSequentially(SuiteRunner.java:431)\n\tat org.testng.SuiteRunner.privateRun(SuiteRunner.java:391)\n\tat org.testng.SuiteRunner.run(SuiteRunner.java:330)\n\tat org.testng.SuiteRunnerWorker.runSuite(SuiteRunnerWorker.java:52)\n\tat org.testng.SuiteRunnerWorker.run(SuiteRunnerWorker.java:95)\n\tat org.testng.TestNG.runSuitesSequentially(TestNG.java:1256)\n\tat org.testng.TestNG.runSuitesLocally(TestNG.java:1176)\n\tat org.testng.TestNG.runSuites(TestNG.java:1099)\n\tat org.testng.TestNG.run(TestNG.java:1067)\n\tat org.apache.maven.surefire.testng.TestNGExecutor.run(TestNGExecutor.java:135)\n\tat org.apache.maven.surefire.testng.TestNGDirectoryTestSuite.executeMulti(TestNGDirectoryTestSuite.java:193)\n\tat org.apache.maven.surefire.testng.TestNGDirectoryTestSuite.execute(TestNGDirectoryTestSuite.java:94)\n\tat org.apache.maven.surefire.testng.TestNGProvider.invoke(TestNGProvider.java:146)\n\tat org.apache.maven.surefire.booter.ForkedBooter.invokeProviderInSameClassLoader(ForkedBooter.java:384)\n\tat org.apache.maven.surefire.booter.ForkedBooter.runSuitesInProcess(ForkedBooter.java:345)\n\tat org.apache.maven.surefire.booter.ForkedBooter.execute(ForkedBooter.java:126)\n\tat org.apache.maven.surefire.booter.ForkedBooter.main(ForkedBooter.java:418)\nCaused by: java.lang.NoSuchMethodException: com.example.teamcity.api.models.TestData.<init>()\n\tat java.base/java.lang.Class.getConstructor0(Class.java:3585)\n\tat java.base/java.lang.Class.getDeclaredConstructor(Class.java:2754)\n\tat com.example.teamcity.api.generators.TestDataGenerator.generate(TestDataGenerator.java:91)\n\t... 37 more\n","steps":[],"attachments":[],"parameters":[],"shouldDisplayMessage":true,"stepsCount":0,"attachmentsCount":0,"hasContent":true}],"afterStages":[{"name":"afterTest","time":{"start":1732745646220,"stop":1732745646220,"duration":0},"description":"","status":"passed","steps":[],"attachments":[],"parameters":[],"shouldDisplayMessage":false,"stepsCount":0,"attachmentsCount":0,"hasContent":false}],"labels":[{"name":"package","value":"com.example.teamcity.api.ProjectTest"},{"name":"testClass","value":"com.example.teamcity.api.ProjectTest"},{"name":"testMethod","value":"userCreatesProjectWithIdLIncludesOneSymbolTest"},{"name":"parentSuite","value":"Surefire suite"},{"name":"suite","value":"Surefire test"},{"name":"subSuite","value":"com.example.teamcity.api.ProjectTest"},{"name":"host","value":"fv-az801-978"},{"name":"thread","value":"3618@fv-az801-978.main(1)"},{"name":"framework","value":"testng"},{"name":"language","value":"java"},{"name":"resultFormat","value":"allure2"}],"parameters":[],"links":[],"hidden":false,"retry":false,"extra":{"severity":"normal","retries":[],"categories":[],"history":{"statistic":{"failed":0,"broken":0,"skipped":11,"passed":8,"unknown":0,"total":19},"items":[{"uid":"6de1f9ac44bbe3a9","reportUrl":"https://malashko-kristina.github.io/teamcity-testing-framework/api/47//#testresult/6de1f9ac44bbe3a9","status":"passed","time":{"start":1732712841034,"stop":1732712841305,"duration":271}},{"uid":"7ef7b0e02fbd4653","reportUrl":"https://malashko-kristina.github.io/teamcity-testing-framework/api/46//#testresult/7ef7b0e02fbd4653","status":"passed","time":{"start":1732665358377,"stop":1732665358633,"duration":256}},{"uid":"a7873c6d4d1b7a63","reportUrl":"https://malashko-kristina.github.io/teamcity-testing-framework/api/45//#testresult/a7873c6d4d1b7a63","status":"passed","time":{"start":1732664544502,"stop":1732664544850,"duration":348}},{"uid":"82ea8558d0fa549","reportUrl":"https://malashko-kristina.github.io/teamcity-testing-framework/api/44//#testresult/82ea8558d0fa549","status":"passed","time":{"start":1732662805189,"stop":1732662805463,"duration":274}},{"uid":"7854fa1694fddef4","reportUrl":"https://malashko-kristina.github.io/teamcity-testing-framework/api/43//#testresult/7854fa1694fddef4","status":"passed","time":{"start":1732661923366,"stop":1732661923872,"duration":506}},{"uid":"d4dc2de4f39d2c3f","reportUrl":"https://malashko-kristina.github.io/teamcity-testing-framework/api/42//#testresult/d4dc2de4f39d2c3f","status":"passed","time":{"start":1732660880840,"stop":1732660881084,"duration":244}},{"uid":"867f37c38fc53b79","reportUrl":"https://malashko-kristina.github.io/teamcity-testing-framework/api/41//#testresult/867f37c38fc53b79","status":"passed","time":{"start":1732574684667,"stop":1732574684908,"duration":241}},{"uid":"852eb9efa2dca89a","reportUrl":"https://malashko-kristina.github.io/teamcity-testing-framework/api/40//#testresult/852eb9efa2dca89a","status":"passed","time":{"start":1732572430216,"stop":1732572430464,"duration":248}},{"uid":"3dd3315206893674","reportUrl":"https://malashko-kristina.github.io/teamcity-testing-framework/api/39//#testresult/3dd3315206893674","status":"skipped","statusDetails":"null: Temporary failure in name resolution","time":{"start":1732570204491,"stop":1732570204491,"duration":0}},{"uid":"e0b60f6aa6ecd3d0","reportUrl":"https://malashko-kristina.github.io/teamcity-testing-framework/api/37//#testresult/e0b60f6aa6ecd3d0","status":"skipped","statusDetails":"null: Temporary failure in name resolution","time":{"start":1732550587600,"stop":1732550587600,"duration":0}},{"uid":"daef3c15124490dc","reportUrl":"https://malashko-kristina.github.io/teamcity-testing-framework/api/35//#testresult/daef3c15124490dc","status":"skipped","statusDetails":"Connection timed out","time":{"start":1732549757261,"stop":1732549757261,"duration":0}},{"uid":"2c3f17a56b7e6bef","reportUrl":"https://malashko-kristina.github.io/teamcity-testing-framework/api/34//#testresult/2c3f17a56b7e6bef","status":"skipped","statusDetails":"null: Temporary failure in name resolution","time":{"start":1732549031674,"stop":1732549031674,"duration":0}},{"uid":"48820f90b82d5c3e","reportUrl":"https://malashko-kristina.github.io/teamcity-testing-framework/api/32//#testresult/48820f90b82d5c3e","status":"skipped","statusDetails":"Connection timed out","time":{"start":1732547860945,"stop":1732547860945,"duration":0}},{"uid":"9009e57492d89ea7","reportUrl":"https://malashko-kristina.github.io/teamcity-testing-framework/api/29//#testresult/9009e57492d89ea7","status":"skipped","statusDetails":"null: Temporary failure in name resolution","time":{"start":1732533347142,"stop":1732533347143,"duration":1}},{"uid":"b54c29b31ee1258f","reportUrl":"https://malashko-kristina.github.io/teamcity-testing-framework/api/28//#testresult/b54c29b31ee1258f","status":"skipped","statusDetails":"Connection timed out","time":{"start":1732491662489,"stop":1732491662489,"duration":0}},{"uid":"38fb94ce37f8773","reportUrl":"https://malashko-kristina.github.io/teamcity-testing-framework/api/27//#testresult/38fb94ce37f8773","status":"skipped","statusDetails":"1 expectation failed.\nExpected status code <200> but was <503>.\n","time":{"start":1732490681859,"stop":1732490681859,"duration":0}},{"uid":"24edaef4aff160ef","reportUrl":"https://malashko-kristina.github.io/teamcity-testing-framework/api/26//#testresult/24edaef4aff160ef","status":"skipped","statusDetails":"1 expectation failed.\nExpected status code <200> but was <503>.\n","time":{"start":1732490302015,"stop":1732490302015,"duration":0}},{"uid":"730556e0d8d4742c","reportUrl":"https://malashko-kristina.github.io/teamcity-testing-framework/api/22//#testresult/730556e0d8d4742c","status":"skipped","statusDetails":"1 expectation failed.\nExpected status code <200> but was <503>.\n","time":{"start":1732404426512,"stop":1732404426513,"duration":1}}]},"tags":[]},"source":"a70551b9bbcac14e.json","parameterValues":[]}