{"uid":"a93d26bd220971fd","name":"Project admin should not be able to create a build type for not their project","fullName":"com.example.teamcity.api.BuildTypeTest.projectAdminCreatesBuildTypForAnotherUserProjectTest","historyId":"4dadb3a9c5fbc74ff8662b89c732d9c9","time":{"start":1732745646103,"stop":1732745646103,"duration":0},"status":"skipped","statusMessage":"Cannot generate a test data","statusTrace":"java.lang.IllegalStateException: Cannot generate a test data\n\tat com.example.teamcity.api.generators.TestDataGenerator.generate(TestDataGenerator.java:106)\n\tat com.example.teamcity.BaseTest.beforeTest(BaseTest.java:22)\n\tat java.base/jdk.internal.reflect.NativeMethodAccessorImpl.invoke0(Native Method)\n\tat java.base/jdk.internal.reflect.NativeMethodAccessorImpl.invoke(NativeMethodAccessorImpl.java:77)\n\tat java.base/jdk.internal.reflect.DelegatingMethodAccessorImpl.invoke(DelegatingMethodAccessorImpl.java:43)\n\tat java.base/java.lang.reflect.Method.invoke(Method.java:569)\n\tat org.testng.internal.invokers.MethodInvocationHelper.invokeMethod(MethodInvocationHelper.java:139)\n\tat org.testng.internal.invokers.MethodInvocationHelper.invokeMethodConsideringTimeout(MethodInvocationHelper.java:69)\n\tat org.testng.internal.invokers.ConfigInvoker.invokeConfigurationMethod(ConfigInvoker.java:361)\n\tat org.testng.internal.invokers.ConfigInvoker.invokeConfigurations(ConfigInvoker.java:296)\n\tat org.testng.internal.invokers.TestInvoker.runConfigMethods(TestInvoker.java:823)\n\tat org.testng.internal.invokers.TestInvoker.invokeMethod(TestInvoker.java:590)\n\tat org.testng.internal.invokers.TestInvoker.invokeTestMethod(TestInvoker.java:221)\n\tat org.testng.internal.invokers.MethodRunner.runInSequence(MethodRunner.java:50)\n\tat org.testng.internal.invokers.TestInvoker$MethodInvocationAgent.invoke(TestInvoker.java:969)\n\tat org.testng.internal.invokers.TestInvoker.invokeTestMethods(TestInvoker.java:194)\n\tat org.testng.internal.invokers.TestMethodWorker.invokeTestMethods(TestMethodWorker.java:148)\n\tat org.testng.internal.invokers.TestMethodWorker.run(TestMethodWorker.java:128)\n\tat java.base/java.util.ArrayList.forEach(ArrayList.java:1511)\n\tat org.testng.TestRunner.privateRun(TestRunner.java:829)\n\tat org.testng.TestRunner.run(TestRunner.java:602)\n\tat org.testng.SuiteRunner.runTest(SuiteRunner.java:437)\n\tat org.testng.SuiteRunner.runSequentially(SuiteRunner.java:431)\n\tat org.testng.SuiteRunner.privateRun(SuiteRunner.java:391)\n\tat org.testng.SuiteRunner.run(SuiteRunner.java:330)\n\tat org.testng.SuiteRunnerWorker.runSuite(SuiteRunnerWorker.java:52)\n\tat org.testng.SuiteRunnerWorker.run(SuiteRunnerWorker.java:95)\n\tat org.testng.TestNG.runSuitesSequentially(TestNG.java:1256)\n\tat org.testng.TestNG.runSuitesLocally(TestNG.java:1176)\n\tat org.testng.TestNG.runSuites(TestNG.java:1099)\n\tat org.testng.TestNG.run(TestNG.java:1067)\n\tat org.apache.maven.surefire.testng.TestNGExecutor.run(TestNGExecutor.java:135)\n\tat org.apache.maven.surefire.testng.TestNGDirectoryTestSuite.executeMulti(TestNGDirectoryTestSuite.java:193)\n\tat org.apache.maven.surefire.testng.TestNGDirectoryTestSuite.execute(TestNGDirectoryTestSuite.java:94)\n\tat org.apache.maven.surefire.testng.TestNGProvider.invoke(TestNGProvider.java:146)\n\tat org.apache.maven.surefire.booter.ForkedBooter.invokeProviderInSameClassLoader(ForkedBooter.java:384)\n\tat org.apache.maven.surefire.booter.ForkedBooter.runSuitesInProcess(ForkedBooter.java:345)\n\tat org.apache.maven.surefire.booter.ForkedBooter.execute(ForkedBooter.java:126)\n\tat org.apache.maven.surefire.booter.ForkedBooter.main(ForkedBooter.java:418)\nCaused by: java.lang.NoSuchMethodException: com.example.teamcity.api.models.TestData.<init>()\n\tat java.base/java.lang.Class.getConstructor0(Class.java:3585)\n\tat java.base/java.lang.Class.getDeclaredConstructor(Class.java:2754)\n\tat com.example.teamcity.api.generators.TestDataGenerator.generate(TestDataGenerator.java:91)\n\t... 38 more\n","flaky":false,"newFailed":false,"newBroken":false,"newPassed":false,"retriesCount":0,"retriesStatusChange":false,"beforeStages":[{"name":"beforeTest","time":{"start":1732745646081,"stop":1732745646087,"duration":6},"description":"","status":"broken","statusMessage":"Cannot generate a test data","statusTrace":"java.lang.IllegalStateException: Cannot generate a test data\n\tat com.example.teamcity.api.generators.TestDataGenerator.generate(TestDataGenerator.java:106)\n\tat com.example.teamcity.BaseTest.beforeTest(BaseTest.java:22)\n\tat java.base/jdk.internal.reflect.NativeMethodAccessorImpl.invoke0(Native Method)\n\tat java.base/jdk.internal.reflect.NativeMethodAccessorImpl.invoke(NativeMethodAccessorImpl.java:77)\n\tat java.base/jdk.internal.reflect.DelegatingMethodAccessorImpl.invoke(DelegatingMethodAccessorImpl.java:43)\n\tat java.base/java.lang.reflect.Method.invoke(Method.java:569)\n\tat org.testng.internal.invokers.MethodInvocationHelper.invokeMethod(MethodInvocationHelper.java:139)\n\tat org.testng.internal.invokers.MethodInvocationHelper.invokeMethodConsideringTimeout(MethodInvocationHelper.java:69)\n\tat org.testng.internal.invokers.ConfigInvoker.invokeConfigurationMethod(ConfigInvoker.java:361)\n\tat org.testng.internal.invokers.ConfigInvoker.invokeConfigurations(ConfigInvoker.java:296)\n\tat org.testng.internal.invokers.TestInvoker.runConfigMethods(TestInvoker.java:823)\n\tat org.testng.internal.invokers.TestInvoker.invokeMethod(TestInvoker.java:590)\n\tat org.testng.internal.invokers.TestInvoker.invokeTestMethod(TestInvoker.java:221)\n\tat org.testng.internal.invokers.MethodRunner.runInSequence(MethodRunner.java:50)\n\tat org.testng.internal.invokers.TestInvoker$MethodInvocationAgent.invoke(TestInvoker.java:969)\n\tat org.testng.internal.invokers.TestInvoker.invokeTestMethods(TestInvoker.java:194)\n\tat org.testng.internal.invokers.TestMethodWorker.invokeTestMethods(TestMethodWorker.java:148)\n\tat org.testng.internal.invokers.TestMethodWorker.run(TestMethodWorker.java:128)\n\tat java.base/java.util.ArrayList.forEach(ArrayList.java:1511)\n\tat org.testng.TestRunner.privateRun(TestRunner.java:829)\n\tat org.testng.TestRunner.run(TestRunner.java:602)\n\tat org.testng.SuiteRunner.runTest(SuiteRunner.java:437)\n\tat org.testng.SuiteRunner.runSequentially(SuiteRunner.java:431)\n\tat org.testng.SuiteRunner.privateRun(SuiteRunner.java:391)\n\tat org.testng.SuiteRunner.run(SuiteRunner.java:330)\n\tat org.testng.SuiteRunnerWorker.runSuite(SuiteRunnerWorker.java:52)\n\tat org.testng.SuiteRunnerWorker.run(SuiteRunnerWorker.java:95)\n\tat org.testng.TestNG.runSuitesSequentially(TestNG.java:1256)\n\tat org.testng.TestNG.runSuitesLocally(TestNG.java:1176)\n\tat org.testng.TestNG.runSuites(TestNG.java:1099)\n\tat org.testng.TestNG.run(TestNG.java:1067)\n\tat org.apache.maven.surefire.testng.TestNGExecutor.run(TestNGExecutor.java:135)\n\tat org.apache.maven.surefire.testng.TestNGDirectoryTestSuite.executeMulti(TestNGDirectoryTestSuite.java:193)\n\tat org.apache.maven.surefire.testng.TestNGDirectoryTestSuite.execute(TestNGDirectoryTestSuite.java:94)\n\tat org.apache.maven.surefire.testng.TestNGProvider.invoke(TestNGProvider.java:146)\n\tat org.apache.maven.surefire.booter.ForkedBooter.invokeProviderInSameClassLoader(ForkedBooter.java:384)\n\tat org.apache.maven.surefire.booter.ForkedBooter.runSuitesInProcess(ForkedBooter.java:345)\n\tat org.apache.maven.surefire.booter.ForkedBooter.execute(ForkedBooter.java:126)\n\tat org.apache.maven.surefire.booter.ForkedBooter.main(ForkedBooter.java:418)\nCaused by: java.lang.NoSuchMethodException: com.example.teamcity.api.models.TestData.<init>()\n\tat java.base/java.lang.Class.getConstructor0(Class.java:3585)\n\tat java.base/java.lang.Class.getDeclaredConstructor(Class.java:2754)\n\tat com.example.teamcity.api.generators.TestDataGenerator.generate(TestDataGenerator.java:91)\n\t... 38 more\n","steps":[],"attachments":[],"parameters":[],"shouldDisplayMessage":true,"stepsCount":0,"attachmentsCount":0,"hasContent":true}],"afterStages":[{"name":"afterTest","time":{"start":1732745646105,"stop":1732745646107,"duration":2},"description":"","status":"passed","steps":[],"attachments":[],"parameters":[],"shouldDisplayMessage":false,"stepsCount":0,"attachmentsCount":0,"hasContent":false}],"labels":[{"name":"package","value":"com.example.teamcity.api.BuildTypeTest"},{"name":"testClass","value":"com.example.teamcity.api.BuildTypeTest"},{"name":"testMethod","value":"projectAdminCreatesBuildTypForAnotherUserProjectTest"},{"name":"parentSuite","value":"Surefire suite"},{"name":"suite","value":"Surefire test"},{"name":"subSuite","value":"com.example.teamcity.api.BuildTypeTest"},{"name":"host","value":"fv-az801-978"},{"name":"thread","value":"3618@fv-az801-978.main(1)"},{"name":"framework","value":"testng"},{"name":"language","value":"java"},{"name":"resultFormat","value":"allure2"}],"parameters":[],"links":[],"hidden":false,"retry":false,"extra":{"severity":"normal","retries":[],"categories":[],"history":{"statistic":{"failed":0,"broken":0,"skipped":11,"passed":8,"unknown":0,"total":19},"items":[{"uid":"b6d67f3787cdff13","reportUrl":"https://malashko-kristina.github.io/teamcity-testing-framework/api/47//#testresult/b6d67f3787cdff13","status":"passed","time":{"start":1732712829424,"stop":1732712831513,"duration":2089}},{"uid":"c288d57417c94b49","reportUrl":"https://malashko-kristina.github.io/teamcity-testing-framework/api/46//#testresult/c288d57417c94b49","status":"passed","time":{"start":1732665347484,"stop":1732665349515,"duration":2031}},{"uid":"9b21cedde7f56756","reportUrl":"https://malashko-kristina.github.io/teamcity-testing-framework/api/45//#testresult/9b21cedde7f56756","status":"passed","time":{"start":1732664533198,"stop":1732664535419,"duration":2221}},{"uid":"8761ca4514310b6a","reportUrl":"https://malashko-kristina.github.io/teamcity-testing-framework/api/44//#testresult/8761ca4514310b6a","status":"passed","time":{"start":1732662794766,"stop":1732662796803,"duration":2037}},{"uid":"42a53f19325c9f46","reportUrl":"https://malashko-kristina.github.io/teamcity-testing-framework/api/43//#testresult/42a53f19325c9f46","status":"passed","time":{"start":1732661913123,"stop":1732661915369,"duration":2246}},{"uid":"6fac3532654383ab","reportUrl":"https://malashko-kristina.github.io/teamcity-testing-framework/api/42//#testresult/6fac3532654383ab","status":"passed","time":{"start":1732660870215,"stop":1732660872276,"duration":2061}},{"uid":"a4796e4e384d10ef","reportUrl":"https://malashko-kristina.github.io/teamcity-testing-framework/api/41//#testresult/a4796e4e384d10ef","status":"passed","time":{"start":1732574672891,"stop":1732574675018,"duration":2127}},{"uid":"dbe7fb38ce35acb7","reportUrl":"https://malashko-kristina.github.io/teamcity-testing-framework/api/40//#testresult/dbe7fb38ce35acb7","status":"passed","time":{"start":1732572418599,"stop":1732572420804,"duration":2205}},{"uid":"d0cdbc0ff761fcca","reportUrl":"https://malashko-kristina.github.io/teamcity-testing-framework/api/39//#testresult/d0cdbc0ff761fcca","status":"skipped","statusDetails":"null: Temporary failure in name resolution","time":{"start":1732570204393,"stop":1732570204394,"duration":1}},{"uid":"cc0ae619752f8ce8","reportUrl":"https://malashko-kristina.github.io/teamcity-testing-framework/api/37//#testresult/cc0ae619752f8ce8","status":"skipped","statusDetails":"null: Temporary failure in name resolution","time":{"start":1732550587496,"stop":1732550587497,"duration":1}},{"uid":"9e91937ab065aa1e","reportUrl":"https://malashko-kristina.github.io/teamcity-testing-framework/api/35//#testresult/9e91937ab065aa1e","status":"skipped","statusDetails":"Connection timed out","time":{"start":1732549757171,"stop":1732549757172,"duration":1}},{"uid":"6b0c3920c1dcd531","reportUrl":"https://malashko-kristina.github.io/teamcity-testing-framework/api/34//#testresult/6b0c3920c1dcd531","status":"skipped","statusDetails":"null: Temporary failure in name resolution","time":{"start":1732549031574,"stop":1732549031575,"duration":1}},{"uid":"d7aa7141a58fb243","reportUrl":"https://malashko-kristina.github.io/teamcity-testing-framework/api/32//#testresult/d7aa7141a58fb243","status":"skipped","statusDetails":"Connection timed out","time":{"start":1732547860840,"stop":1732547860841,"duration":1}},{"uid":"d6e2f56374133985","reportUrl":"https://malashko-kristina.github.io/teamcity-testing-framework/api/29//#testresult/d6e2f56374133985","status":"skipped","statusDetails":"null: Temporary failure in name resolution","time":{"start":1732533347041,"stop":1732533347042,"duration":1}},{"uid":"3997aee63b57f385","reportUrl":"https://malashko-kristina.github.io/teamcity-testing-framework/api/28//#testresult/3997aee63b57f385","status":"skipped","statusDetails":"Connection timed out","time":{"start":1732491662378,"stop":1732491662379,"duration":1}},{"uid":"fa681320bce6271","reportUrl":"https://malashko-kristina.github.io/teamcity-testing-framework/api/27//#testresult/fa681320bce6271","status":"skipped","statusDetails":"1 expectation failed.\nExpected status code <200> but was <503>.\n","time":{"start":1732490681747,"stop":1732490681747,"duration":0}},{"uid":"c193b39987fe10a4","reportUrl":"https://malashko-kristina.github.io/teamcity-testing-framework/api/26//#testresult/c193b39987fe10a4","status":"skipped","statusDetails":"1 expectation failed.\nExpected status code <200> but was <503>.\n","time":{"start":1732490301922,"stop":1732490301922,"duration":0}},{"uid":"fb13bfd0f5651048","reportUrl":"https://malashko-kristina.github.io/teamcity-testing-framework/api/22//#testresult/fb13bfd0f5651048","status":"skipped","statusDetails":"1 expectation failed.\nExpected status code <200> but was <503>.\n","time":{"start":1732404426429,"stop":1732404426429,"duration":0}}]},"tags":[]},"source":"a93d26bd220971fd.json","parameterValues":[]}