{"uid":"b151fdc9b91fa880","name":"User should be able to create build type","fullName":"com.example.teamcity.api.BuildTypeTest.userCreatesBuildTypeTest","historyId":"abad5a18ab99c33b535302b1f573e63d","time":{"start":1732745646124,"stop":1732745646124,"duration":0},"status":"skipped","statusMessage":"Cannot generate a test data","statusTrace":"java.lang.IllegalStateException: Cannot generate a test data\n\tat com.example.teamcity.api.generators.TestDataGenerator.generate(TestDataGenerator.java:106)\n\tat com.example.teamcity.BaseTest.beforeTest(BaseTest.java:22)\n\tat java.base/jdk.internal.reflect.NativeMethodAccessorImpl.invoke0(Native Method)\n\tat java.base/jdk.internal.reflect.NativeMethodAccessorImpl.invoke(NativeMethodAccessorImpl.java:77)\n\tat java.base/jdk.internal.reflect.DelegatingMethodAccessorImpl.invoke(DelegatingMethodAccessorImpl.java:43)\n\tat java.base/java.lang.reflect.Method.invoke(Method.java:569)\n\tat org.testng.internal.invokers.MethodInvocationHelper.invokeMethod(MethodInvocationHelper.java:139)\n\tat org.testng.internal.invokers.MethodInvocationHelper.invokeMethodConsideringTimeout(MethodInvocationHelper.java:69)\n\tat org.testng.internal.invokers.ConfigInvoker.invokeConfigurationMethod(ConfigInvoker.java:361)\n\tat org.testng.internal.invokers.ConfigInvoker.invokeConfigurations(ConfigInvoker.java:296)\n\tat org.testng.internal.invokers.TestInvoker.runConfigMethods(TestInvoker.java:823)\n\tat org.testng.internal.invokers.TestInvoker.invokeMethod(TestInvoker.java:590)\n\tat org.testng.internal.invokers.TestInvoker.invokeTestMethod(TestInvoker.java:221)\n\tat org.testng.internal.invokers.MethodRunner.runInSequence(MethodRunner.java:50)\n\tat org.testng.internal.invokers.TestInvoker$MethodInvocationAgent.invoke(TestInvoker.java:969)\n\tat org.testng.internal.invokers.TestInvoker.invokeTestMethods(TestInvoker.java:194)\n\tat org.testng.internal.invokers.TestMethodWorker.invokeTestMethods(TestMethodWorker.java:148)\n\tat org.testng.internal.invokers.TestMethodWorker.run(TestMethodWorker.java:128)\n\tat java.base/java.util.ArrayList.forEach(ArrayList.java:1511)\n\tat org.testng.TestRunner.privateRun(TestRunner.java:829)\n\tat org.testng.TestRunner.run(TestRunner.java:602)\n\tat org.testng.SuiteRunner.runTest(SuiteRunner.java:437)\n\tat org.testng.SuiteRunner.runSequentially(SuiteRunner.java:431)\n\tat org.testng.SuiteRunner.privateRun(SuiteRunner.java:391)\n\tat org.testng.SuiteRunner.run(SuiteRunner.java:330)\n\tat org.testng.SuiteRunnerWorker.runSuite(SuiteRunnerWorker.java:52)\n\tat org.testng.SuiteRunnerWorker.run(SuiteRunnerWorker.java:95)\n\tat org.testng.TestNG.runSuitesSequentially(TestNG.java:1256)\n\tat org.testng.TestNG.runSuitesLocally(TestNG.java:1176)\n\tat org.testng.TestNG.runSuites(TestNG.java:1099)\n\tat org.testng.TestNG.run(TestNG.java:1067)\n\tat org.apache.maven.surefire.testng.TestNGExecutor.run(TestNGExecutor.java:135)\n\tat org.apache.maven.surefire.testng.TestNGDirectoryTestSuite.executeMulti(TestNGDirectoryTestSuite.java:193)\n\tat org.apache.maven.surefire.testng.TestNGDirectoryTestSuite.execute(TestNGDirectoryTestSuite.java:94)\n\tat org.apache.maven.surefire.testng.TestNGProvider.invoke(TestNGProvider.java:146)\n\tat org.apache.maven.surefire.booter.ForkedBooter.invokeProviderInSameClassLoader(ForkedBooter.java:384)\n\tat org.apache.maven.surefire.booter.ForkedBooter.runSuitesInProcess(ForkedBooter.java:345)\n\tat org.apache.maven.surefire.booter.ForkedBooter.execute(ForkedBooter.java:126)\n\tat org.apache.maven.surefire.booter.ForkedBooter.main(ForkedBooter.java:418)\nCaused by: java.lang.NoSuchMethodException: com.example.teamcity.api.models.TestData.<init>()\n\tat java.base/java.lang.Class.getConstructor0(Class.java:3585)\n\tat java.base/java.lang.Class.getDeclaredConstructor(Class.java:2754)\n\tat com.example.teamcity.api.generators.TestDataGenerator.generate(TestDataGenerator.java:91)\n\t... 38 more\n","flaky":false,"newFailed":false,"newBroken":false,"newPassed":false,"retriesCount":0,"retriesStatusChange":false,"beforeStages":[{"name":"beforeTest","time":{"start":1732745646120,"stop":1732745646120,"duration":0},"description":"","status":"broken","statusMessage":"Cannot generate a test data","statusTrace":"java.lang.IllegalStateException: Cannot generate a test data\n\tat com.example.teamcity.api.generators.TestDataGenerator.generate(TestDataGenerator.java:106)\n\tat com.example.teamcity.BaseTest.beforeTest(BaseTest.java:22)\n\tat java.base/jdk.internal.reflect.NativeMethodAccessorImpl.invoke0(Native Method)\n\tat java.base/jdk.internal.reflect.NativeMethodAccessorImpl.invoke(NativeMethodAccessorImpl.java:77)\n\tat java.base/jdk.internal.reflect.DelegatingMethodAccessorImpl.invoke(DelegatingMethodAccessorImpl.java:43)\n\tat java.base/java.lang.reflect.Method.invoke(Method.java:569)\n\tat org.testng.internal.invokers.MethodInvocationHelper.invokeMethod(MethodInvocationHelper.java:139)\n\tat org.testng.internal.invokers.MethodInvocationHelper.invokeMethodConsideringTimeout(MethodInvocationHelper.java:69)\n\tat org.testng.internal.invokers.ConfigInvoker.invokeConfigurationMethod(ConfigInvoker.java:361)\n\tat org.testng.internal.invokers.ConfigInvoker.invokeConfigurations(ConfigInvoker.java:296)\n\tat org.testng.internal.invokers.TestInvoker.runConfigMethods(TestInvoker.java:823)\n\tat org.testng.internal.invokers.TestInvoker.invokeMethod(TestInvoker.java:590)\n\tat org.testng.internal.invokers.TestInvoker.invokeTestMethod(TestInvoker.java:221)\n\tat org.testng.internal.invokers.MethodRunner.runInSequence(MethodRunner.java:50)\n\tat org.testng.internal.invokers.TestInvoker$MethodInvocationAgent.invoke(TestInvoker.java:969)\n\tat org.testng.internal.invokers.TestInvoker.invokeTestMethods(TestInvoker.java:194)\n\tat org.testng.internal.invokers.TestMethodWorker.invokeTestMethods(TestMethodWorker.java:148)\n\tat org.testng.internal.invokers.TestMethodWorker.run(TestMethodWorker.java:128)\n\tat java.base/java.util.ArrayList.forEach(ArrayList.java:1511)\n\tat org.testng.TestRunner.privateRun(TestRunner.java:829)\n\tat org.testng.TestRunner.run(TestRunner.java:602)\n\tat org.testng.SuiteRunner.runTest(SuiteRunner.java:437)\n\tat org.testng.SuiteRunner.runSequentially(SuiteRunner.java:431)\n\tat org.testng.SuiteRunner.privateRun(SuiteRunner.java:391)\n\tat org.testng.SuiteRunner.run(SuiteRunner.java:330)\n\tat org.testng.SuiteRunnerWorker.runSuite(SuiteRunnerWorker.java:52)\n\tat org.testng.SuiteRunnerWorker.run(SuiteRunnerWorker.java:95)\n\tat org.testng.TestNG.runSuitesSequentially(TestNG.java:1256)\n\tat org.testng.TestNG.runSuitesLocally(TestNG.java:1176)\n\tat org.testng.TestNG.runSuites(TestNG.java:1099)\n\tat org.testng.TestNG.run(TestNG.java:1067)\n\tat org.apache.maven.surefire.testng.TestNGExecutor.run(TestNGExecutor.java:135)\n\tat org.apache.maven.surefire.testng.TestNGDirectoryTestSuite.executeMulti(TestNGDirectoryTestSuite.java:193)\n\tat org.apache.maven.surefire.testng.TestNGDirectoryTestSuite.execute(TestNGDirectoryTestSuite.java:94)\n\tat org.apache.maven.surefire.testng.TestNGProvider.invoke(TestNGProvider.java:146)\n\tat org.apache.maven.surefire.booter.ForkedBooter.invokeProviderInSameClassLoader(ForkedBooter.java:384)\n\tat org.apache.maven.surefire.booter.ForkedBooter.runSuitesInProcess(ForkedBooter.java:345)\n\tat org.apache.maven.surefire.booter.ForkedBooter.execute(ForkedBooter.java:126)\n\tat org.apache.maven.surefire.booter.ForkedBooter.main(ForkedBooter.java:418)\nCaused by: java.lang.NoSuchMethodException: com.example.teamcity.api.models.TestData.<init>()\n\tat java.base/java.lang.Class.getConstructor0(Class.java:3585)\n\tat java.base/java.lang.Class.getDeclaredConstructor(Class.java:2754)\n\tat com.example.teamcity.api.generators.TestDataGenerator.generate(TestDataGenerator.java:91)\n\t... 38 more\n","steps":[],"attachments":[],"parameters":[],"shouldDisplayMessage":true,"stepsCount":0,"attachmentsCount":0,"hasContent":true}],"afterStages":[{"name":"afterTest","time":{"start":1732745646125,"stop":1732745646125,"duration":0},"description":"","status":"passed","steps":[],"attachments":[],"parameters":[],"shouldDisplayMessage":false,"stepsCount":0,"attachmentsCount":0,"hasContent":false}],"labels":[{"name":"package","value":"com.example.teamcity.api.BuildTypeTest"},{"name":"testClass","value":"com.example.teamcity.api.BuildTypeTest"},{"name":"testMethod","value":"userCreatesBuildTypeTest"},{"name":"parentSuite","value":"Surefire suite"},{"name":"suite","value":"Surefire test"},{"name":"subSuite","value":"com.example.teamcity.api.BuildTypeTest"},{"name":"host","value":"fv-az801-978"},{"name":"thread","value":"3618@fv-az801-978.main(1)"},{"name":"framework","value":"testng"},{"name":"language","value":"java"},{"name":"resultFormat","value":"allure2"}],"parameters":[],"links":[],"hidden":false,"retry":false,"extra":{"severity":"normal","retries":[],"categories":[],"history":{"statistic":{"failed":0,"broken":0,"skipped":11,"passed":8,"unknown":0,"total":19},"items":[{"uid":"1740157e714bfd26","reportUrl":"https://malashko-kristina.github.io/teamcity-testing-framework/api/47//#testresult/1740157e714bfd26","status":"passed","time":{"start":1732712833212,"stop":1732712833653,"duration":441}},{"uid":"844d6bf242989f8a","reportUrl":"https://malashko-kristina.github.io/teamcity-testing-framework/api/46//#testresult/844d6bf242989f8a","status":"passed","time":{"start":1732665351404,"stop":1732665351760,"duration":356}},{"uid":"8e8c4bc7c00e2be5","reportUrl":"https://malashko-kristina.github.io/teamcity-testing-framework/api/45//#testresult/8e8c4bc7c00e2be5","status":"passed","time":{"start":1732664537384,"stop":1732664537903,"duration":519}},{"uid":"1f04c25c4375b936","reportUrl":"https://malashko-kristina.github.io/teamcity-testing-framework/api/44//#testresult/1f04c25c4375b936","status":"passed","time":{"start":1732662798770,"stop":1732662799261,"duration":491}},{"uid":"7f58a6cf5f072c60","reportUrl":"https://malashko-kristina.github.io/teamcity-testing-framework/api/43//#testresult/7f58a6cf5f072c60","status":"passed","time":{"start":1732661917108,"stop":1732661917588,"duration":480}},{"uid":"7fafe9ddf46b652d","reportUrl":"https://malashko-kristina.github.io/teamcity-testing-framework/api/42//#testresult/7fafe9ddf46b652d","status":"passed","time":{"start":1732660874725,"stop":1732660875125,"duration":400}},{"uid":"8a7bfb7b35a3ecc8","reportUrl":"https://malashko-kristina.github.io/teamcity-testing-framework/api/41//#testresult/8a7bfb7b35a3ecc8","status":"passed","time":{"start":1732574676995,"stop":1732574677471,"duration":476}},{"uid":"6afac75a4a995a6e","reportUrl":"https://malashko-kristina.github.io/teamcity-testing-framework/api/40//#testresult/6afac75a4a995a6e","status":"passed","time":{"start":1732572422627,"stop":1732572423118,"duration":491}},{"uid":"9014d2cde399067f","reportUrl":"https://malashko-kristina.github.io/teamcity-testing-framework/api/39//#testresult/9014d2cde399067f","status":"skipped","statusDetails":"null: Temporary failure in name resolution","time":{"start":1732570204411,"stop":1732570204411,"duration":0}},{"uid":"f648375927a11ac9","reportUrl":"https://malashko-kristina.github.io/teamcity-testing-framework/api/37//#testresult/f648375927a11ac9","status":"skipped","statusDetails":"null: Temporary failure in name resolution","time":{"start":1732550587514,"stop":1732550587515,"duration":1}},{"uid":"fe73eea656383770","reportUrl":"https://malashko-kristina.github.io/teamcity-testing-framework/api/35//#testresult/fe73eea656383770","status":"skipped","statusDetails":"Connection timed out","time":{"start":1732549757188,"stop":1732549757188,"duration":0}},{"uid":"714af9ebff7c524f","reportUrl":"https://malashko-kristina.github.io/teamcity-testing-framework/api/34//#testresult/714af9ebff7c524f","status":"skipped","statusDetails":"null: Temporary failure in name resolution","time":{"start":1732549031593,"stop":1732549031593,"duration":0}},{"uid":"be1cc04349e8870d","reportUrl":"https://malashko-kristina.github.io/teamcity-testing-framework/api/32//#testresult/be1cc04349e8870d","status":"skipped","statusDetails":"Connection timed out","time":{"start":1732547860858,"stop":1732547860858,"duration":0}},{"uid":"be9fc6892a382cbc","reportUrl":"https://malashko-kristina.github.io/teamcity-testing-framework/api/29//#testresult/be9fc6892a382cbc","status":"skipped","statusDetails":"null: Temporary failure in name resolution","time":{"start":1732533347060,"stop":1732533347060,"duration":0}},{"uid":"87cea269ff86bb8f","reportUrl":"https://malashko-kristina.github.io/teamcity-testing-framework/api/28//#testresult/87cea269ff86bb8f","status":"skipped","statusDetails":"Connection timed out","time":{"start":1732491662398,"stop":1732491662399,"duration":1}},{"uid":"17626173ae1c3b4c","reportUrl":"https://malashko-kristina.github.io/teamcity-testing-framework/api/27//#testresult/17626173ae1c3b4c","status":"skipped","statusDetails":"1 expectation failed.\nExpected status code <200> but was <503>.\n","time":{"start":1732490681768,"stop":1732490681769,"duration":1}},{"uid":"d0c2591ec005c4c3","reportUrl":"https://malashko-kristina.github.io/teamcity-testing-framework/api/26//#testresult/d0c2591ec005c4c3","status":"skipped","statusDetails":"1 expectation failed.\nExpected status code <200> but was <503>.\n","time":{"start":1732490301936,"stop":1732490301936,"duration":0}},{"uid":"1093ad7a52da92a","reportUrl":"https://malashko-kristina.github.io/teamcity-testing-framework/api/22//#testresult/1093ad7a52da92a","status":"skipped","statusDetails":"1 expectation failed.\nExpected status code <200> but was <503>.\n","time":{"start":1732404426443,"stop":1732404426444,"duration":1}}]},"tags":[]},"source":"b151fdc9b91fa880.json","parameterValues":[]}