{"uid":"c08b6ab1437ec41c","name":"User should not be able to create a project if id has more than 225 symbols","fullName":"com.example.teamcity.api.ProjectTest.userCreatesProjectWithIdLongerThan225SymbolsTest","historyId":"4b64279b5dcd4d0eb4c187f6932a5d22","time":{"start":1732745646227,"stop":1732745646227,"duration":0},"status":"skipped","statusMessage":"Cannot generate a test data","statusTrace":"java.lang.IllegalStateException: Cannot generate a test data\n\tat com.example.teamcity.api.generators.TestDataGenerator.generate(TestDataGenerator.java:106)\n\tat com.example.teamcity.BaseTest.beforeTest(BaseTest.java:22)\n\tat java.base/jdk.internal.reflect.NativeMethodAccessorImpl.invoke0(Native Method)\n\tat java.base/jdk.internal.reflect.NativeMethodAccessorImpl.invoke(NativeMethodAccessorImpl.java:77)\n\tat java.base/jdk.internal.reflect.DelegatingMethodAccessorImpl.invoke(DelegatingMethodAccessorImpl.java:43)\n\tat java.base/java.lang.reflect.Method.invoke(Method.java:569)\n\tat org.testng.internal.invokers.MethodInvocationHelper.invokeMethod(MethodInvocationHelper.java:139)\n\tat org.testng.internal.invokers.MethodInvocationHelper.invokeMethodConsideringTimeout(MethodInvocationHelper.java:69)\n\tat org.testng.internal.invokers.ConfigInvoker.invokeConfigurationMethod(ConfigInvoker.java:361)\n\tat org.testng.internal.invokers.ConfigInvoker.invokeConfigurations(ConfigInvoker.java:296)\n\tat org.testng.internal.invokers.TestInvoker.runConfigMethods(TestInvoker.java:823)\n\tat org.testng.internal.invokers.TestInvoker.invokeMethod(TestInvoker.java:590)\n\tat org.testng.internal.invokers.TestInvoker.invokeTestMethod(TestInvoker.java:221)\n\tat org.testng.internal.invokers.MethodRunner.runInSequence(MethodRunner.java:50)\n\tat org.testng.internal.invokers.TestInvoker$MethodInvocationAgent.invoke(TestInvoker.java:969)\n\tat org.testng.internal.invokers.TestInvoker.invokeTestMethods(TestInvoker.java:194)\n\tat org.testng.internal.invokers.TestMethodWorker.invokeTestMethods(TestMethodWorker.java:148)\n\tat org.testng.internal.invokers.TestMethodWorker.run(TestMethodWorker.java:128)\n\tat java.base/java.util.ArrayList.forEach(ArrayList.java:1511)\n\tat org.testng.TestRunner.privateRun(TestRunner.java:829)\n\tat org.testng.TestRunner.run(TestRunner.java:602)\n\tat org.testng.SuiteRunner.runTest(SuiteRunner.java:437)\n\tat org.testng.SuiteRunner.runSequentially(SuiteRunner.java:431)\n\tat org.testng.SuiteRunner.privateRun(SuiteRunner.java:391)\n\tat org.testng.SuiteRunner.run(SuiteRunner.java:330)\n\tat org.testng.SuiteRunnerWorker.runSuite(SuiteRunnerWorker.java:52)\n\tat org.testng.SuiteRunnerWorker.run(SuiteRunnerWorker.java:95)\n\tat org.testng.TestNG.runSuitesSequentially(TestNG.java:1256)\n\tat org.testng.TestNG.runSuitesLocally(TestNG.java:1176)\n\tat org.testng.TestNG.runSuites(TestNG.java:1099)\n\tat org.testng.TestNG.run(TestNG.java:1067)\n\tat org.apache.maven.surefire.testng.TestNGExecutor.run(TestNGExecutor.java:135)\n\tat org.apache.maven.surefire.testng.TestNGDirectoryTestSuite.executeMulti(TestNGDirectoryTestSuite.java:193)\n\tat org.apache.maven.surefire.testng.TestNGDirectoryTestSuite.execute(TestNGDirectoryTestSuite.java:94)\n\tat org.apache.maven.surefire.testng.TestNGProvider.invoke(TestNGProvider.java:146)\n\tat org.apache.maven.surefire.booter.ForkedBooter.invokeProviderInSameClassLoader(ForkedBooter.java:384)\n\tat org.apache.maven.surefire.booter.ForkedBooter.runSuitesInProcess(ForkedBooter.java:345)\n\tat org.apache.maven.surefire.booter.ForkedBooter.execute(ForkedBooter.java:126)\n\tat org.apache.maven.surefire.booter.ForkedBooter.main(ForkedBooter.java:418)\nCaused by: java.lang.NoSuchMethodException: com.example.teamcity.api.models.TestData.<init>()\n\tat java.base/java.lang.Class.getConstructor0(Class.java:3585)\n\tat java.base/java.lang.Class.getDeclaredConstructor(Class.java:2754)\n\tat com.example.teamcity.api.generators.TestDataGenerator.generate(TestDataGenerator.java:91)\n\t... 38 more\n","flaky":false,"newFailed":false,"newBroken":false,"newPassed":false,"retriesCount":0,"retriesStatusChange":false,"beforeStages":[{"name":"beforeTest","time":{"start":1732745646225,"stop":1732745646225,"duration":0},"description":"","status":"broken","statusMessage":"Cannot generate a test data","statusTrace":"java.lang.IllegalStateException: Cannot generate a test data\n\tat com.example.teamcity.api.generators.TestDataGenerator.generate(TestDataGenerator.java:106)\n\tat com.example.teamcity.BaseTest.beforeTest(BaseTest.java:22)\n\tat jdk.internal.reflect.GeneratedMethodAccessor71.invoke(Unknown Source)\n\tat java.base/jdk.internal.reflect.DelegatingMethodAccessorImpl.invoke(DelegatingMethodAccessorImpl.java:43)\n\tat java.base/java.lang.reflect.Method.invoke(Method.java:569)\n\tat org.testng.internal.invokers.MethodInvocationHelper.invokeMethod(MethodInvocationHelper.java:139)\n\tat org.testng.internal.invokers.MethodInvocationHelper.invokeMethodConsideringTimeout(MethodInvocationHelper.java:69)\n\tat org.testng.internal.invokers.ConfigInvoker.invokeConfigurationMethod(ConfigInvoker.java:361)\n\tat org.testng.internal.invokers.ConfigInvoker.invokeConfigurations(ConfigInvoker.java:296)\n\tat org.testng.internal.invokers.TestInvoker.runConfigMethods(TestInvoker.java:823)\n\tat org.testng.internal.invokers.TestInvoker.invokeMethod(TestInvoker.java:590)\n\tat org.testng.internal.invokers.TestInvoker.invokeTestMethod(TestInvoker.java:221)\n\tat org.testng.internal.invokers.MethodRunner.runInSequence(MethodRunner.java:50)\n\tat org.testng.internal.invokers.TestInvoker$MethodInvocationAgent.invoke(TestInvoker.java:969)\n\tat org.testng.internal.invokers.TestInvoker.invokeTestMethods(TestInvoker.java:194)\n\tat org.testng.internal.invokers.TestMethodWorker.invokeTestMethods(TestMethodWorker.java:148)\n\tat org.testng.internal.invokers.TestMethodWorker.run(TestMethodWorker.java:128)\n\tat java.base/java.util.ArrayList.forEach(ArrayList.java:1511)\n\tat org.testng.TestRunner.privateRun(TestRunner.java:829)\n\tat org.testng.TestRunner.run(TestRunner.java:602)\n\tat org.testng.SuiteRunner.runTest(SuiteRunner.java:437)\n\tat org.testng.SuiteRunner.runSequentially(SuiteRunner.java:431)\n\tat org.testng.SuiteRunner.privateRun(SuiteRunner.java:391)\n\tat org.testng.SuiteRunner.run(SuiteRunner.java:330)\n\tat org.testng.SuiteRunnerWorker.runSuite(SuiteRunnerWorker.java:52)\n\tat org.testng.SuiteRunnerWorker.run(SuiteRunnerWorker.java:95)\n\tat org.testng.TestNG.runSuitesSequentially(TestNG.java:1256)\n\tat org.testng.TestNG.runSuitesLocally(TestNG.java:1176)\n\tat org.testng.TestNG.runSuites(TestNG.java:1099)\n\tat org.testng.TestNG.run(TestNG.java:1067)\n\tat org.apache.maven.surefire.testng.TestNGExecutor.run(TestNGExecutor.java:135)\n\tat org.apache.maven.surefire.testng.TestNGDirectoryTestSuite.executeMulti(TestNGDirectoryTestSuite.java:193)\n\tat org.apache.maven.surefire.testng.TestNGDirectoryTestSuite.execute(TestNGDirectoryTestSuite.java:94)\n\tat org.apache.maven.surefire.testng.TestNGProvider.invoke(TestNGProvider.java:146)\n\tat org.apache.maven.surefire.booter.ForkedBooter.invokeProviderInSameClassLoader(ForkedBooter.java:384)\n\tat org.apache.maven.surefire.booter.ForkedBooter.runSuitesInProcess(ForkedBooter.java:345)\n\tat org.apache.maven.surefire.booter.ForkedBooter.execute(ForkedBooter.java:126)\n\tat org.apache.maven.surefire.booter.ForkedBooter.main(ForkedBooter.java:418)\nCaused by: java.lang.NoSuchMethodException: com.example.teamcity.api.models.TestData.<init>()\n\tat java.base/java.lang.Class.getConstructor0(Class.java:3585)\n\tat java.base/java.lang.Class.getDeclaredConstructor(Class.java:2754)\n\tat com.example.teamcity.api.generators.TestDataGenerator.generate(TestDataGenerator.java:91)\n\t... 37 more\n","steps":[],"attachments":[],"parameters":[],"shouldDisplayMessage":true,"stepsCount":0,"attachmentsCount":0,"hasContent":true}],"afterStages":[{"name":"afterTest","time":{"start":1732745646228,"stop":1732745646228,"duration":0},"description":"","status":"passed","steps":[],"attachments":[],"parameters":[],"shouldDisplayMessage":false,"stepsCount":0,"attachmentsCount":0,"hasContent":false}],"labels":[{"name":"package","value":"com.example.teamcity.api.ProjectTest"},{"name":"testClass","value":"com.example.teamcity.api.ProjectTest"},{"name":"testMethod","value":"userCreatesProjectWithIdLongerThan225SymbolsTest"},{"name":"parentSuite","value":"Surefire suite"},{"name":"suite","value":"Surefire test"},{"name":"subSuite","value":"com.example.teamcity.api.ProjectTest"},{"name":"host","value":"fv-az801-978"},{"name":"thread","value":"3618@fv-az801-978.main(1)"},{"name":"framework","value":"testng"},{"name":"language","value":"java"},{"name":"resultFormat","value":"allure2"}],"parameters":[],"links":[],"hidden":false,"retry":false,"extra":{"severity":"normal","retries":[],"categories":[],"history":{"statistic":{"failed":0,"broken":0,"skipped":11,"passed":8,"unknown":0,"total":19},"items":[{"uid":"713ecc2dc1fcaed2","reportUrl":"https://malashko-kristina.github.io/teamcity-testing-framework/api/47//#testresult/713ecc2dc1fcaed2","status":"passed","time":{"start":1732712841681,"stop":1732712841882,"duration":201}},{"uid":"969ce8122313ee71","reportUrl":"https://malashko-kristina.github.io/teamcity-testing-framework/api/46//#testresult/969ce8122313ee71","status":"passed","time":{"start":1732665359056,"stop":1732665359281,"duration":225}},{"uid":"d604979cee37012c","reportUrl":"https://malashko-kristina.github.io/teamcity-testing-framework/api/45//#testresult/d604979cee37012c","status":"passed","time":{"start":1732664545332,"stop":1732664545568,"duration":236}},{"uid":"5599a9c352573fc4","reportUrl":"https://malashko-kristina.github.io/teamcity-testing-framework/api/44//#testresult/5599a9c352573fc4","status":"passed","time":{"start":1732662805955,"stop":1732662806177,"duration":222}},{"uid":"7e781d63475d4bb5","reportUrl":"https://malashko-kristina.github.io/teamcity-testing-framework/api/43//#testresult/7e781d63475d4bb5","status":"passed","time":{"start":1732661924371,"stop":1732661924562,"duration":191}},{"uid":"88197cc2f7f7ec2a","reportUrl":"https://malashko-kristina.github.io/teamcity-testing-framework/api/42//#testresult/88197cc2f7f7ec2a","status":"passed","time":{"start":1732660881527,"stop":1732660881829,"duration":302}},{"uid":"7849adf9f25d9d8b","reportUrl":"https://malashko-kristina.github.io/teamcity-testing-framework/api/41//#testresult/7849adf9f25d9d8b","status":"passed","time":{"start":1732574685359,"stop":1732574685742,"duration":383}},{"uid":"42b681c47591b848","reportUrl":"https://malashko-kristina.github.io/teamcity-testing-framework/api/40//#testresult/42b681c47591b848","status":"passed","time":{"start":1732572430920,"stop":1732572431252,"duration":332}},{"uid":"a541d4f4037b90b6","reportUrl":"https://malashko-kristina.github.io/teamcity-testing-framework/api/39//#testresult/a541d4f4037b90b6","status":"skipped","statusDetails":"null: Temporary failure in name resolution","time":{"start":1732570204498,"stop":1732570204498,"duration":0}},{"uid":"653b93720c1a9558","reportUrl":"https://malashko-kristina.github.io/teamcity-testing-framework/api/37//#testresult/653b93720c1a9558","status":"skipped","statusDetails":"null: Temporary failure in name resolution","time":{"start":1732550587608,"stop":1732550587608,"duration":0}},{"uid":"afd33a032558e917","reportUrl":"https://malashko-kristina.github.io/teamcity-testing-framework/api/35//#testresult/afd33a032558e917","status":"skipped","statusDetails":"Connection timed out","time":{"start":1732549757269,"stop":1732549757269,"duration":0}},{"uid":"4ad7843d5c3031","reportUrl":"https://malashko-kristina.github.io/teamcity-testing-framework/api/34//#testresult/4ad7843d5c3031","status":"skipped","statusDetails":"null: Temporary failure in name resolution","time":{"start":1732549031681,"stop":1732549031681,"duration":0}},{"uid":"6fab53c804640ab4","reportUrl":"https://malashko-kristina.github.io/teamcity-testing-framework/api/32//#testresult/6fab53c804640ab4","status":"skipped","statusDetails":"Connection timed out","time":{"start":1732547860952,"stop":1732547860953,"duration":1}},{"uid":"20c3e72a455b10fb","reportUrl":"https://malashko-kristina.github.io/teamcity-testing-framework/api/29//#testresult/20c3e72a455b10fb","status":"skipped","statusDetails":"null: Temporary failure in name resolution","time":{"start":1732533347150,"stop":1732533347150,"duration":0}},{"uid":"9201507d8b7350fe","reportUrl":"https://malashko-kristina.github.io/teamcity-testing-framework/api/28//#testresult/9201507d8b7350fe","status":"skipped","statusDetails":"Connection timed out","time":{"start":1732491662498,"stop":1732491662498,"duration":0}},{"uid":"f79ffaf7d05af65f","reportUrl":"https://malashko-kristina.github.io/teamcity-testing-framework/api/27//#testresult/f79ffaf7d05af65f","status":"skipped","statusDetails":"1 expectation failed.\nExpected status code <200> but was <503>.\n","time":{"start":1732490681867,"stop":1732490681867,"duration":0}},{"uid":"a1ea58423733fc9","reportUrl":"https://malashko-kristina.github.io/teamcity-testing-framework/api/26//#testresult/a1ea58423733fc9","status":"skipped","statusDetails":"1 expectation failed.\nExpected status code <200> but was <503>.\n","time":{"start":1732490302026,"stop":1732490302026,"duration":0}},{"uid":"544e5c41b0df7350","reportUrl":"https://malashko-kristina.github.io/teamcity-testing-framework/api/22//#testresult/544e5c41b0df7350","status":"skipped","statusDetails":"1 expectation failed.\nExpected status code <200> but was <503>.\n","time":{"start":1732404426518,"stop":1732404426519,"duration":1}}]},"tags":[]},"source":"c08b6ab1437ec41c.json","parameterValues":[]}