{"uid":"c82c7dadfc61f124","name":"Project admin should be able to create a build type for their project","fullName":"com.example.teamcity.api.BuildTypeTest.projectAdminCreatesBuildType","historyId":"2dd9cfb2b4ee8b3823793484d5274895","time":{"start":1732745646117,"stop":1732745646117,"duration":0},"status":"skipped","statusMessage":"Cannot generate a test data","statusTrace":"java.lang.IllegalStateException: Cannot generate a test data\n\tat com.example.teamcity.api.generators.TestDataGenerator.generate(TestDataGenerator.java:106)\n\tat com.example.teamcity.BaseTest.beforeTest(BaseTest.java:22)\n\tat java.base/jdk.internal.reflect.NativeMethodAccessorImpl.invoke0(Native Method)\n\tat java.base/jdk.internal.reflect.NativeMethodAccessorImpl.invoke(NativeMethodAccessorImpl.java:77)\n\tat java.base/jdk.internal.reflect.DelegatingMethodAccessorImpl.invoke(DelegatingMethodAccessorImpl.java:43)\n\tat java.base/java.lang.reflect.Method.invoke(Method.java:569)\n\tat org.testng.internal.invokers.MethodInvocationHelper.invokeMethod(MethodInvocationHelper.java:139)\n\tat org.testng.internal.invokers.MethodInvocationHelper.invokeMethodConsideringTimeout(MethodInvocationHelper.java:69)\n\tat org.testng.internal.invokers.ConfigInvoker.invokeConfigurationMethod(ConfigInvoker.java:361)\n\tat org.testng.internal.invokers.ConfigInvoker.invokeConfigurations(ConfigInvoker.java:296)\n\tat org.testng.internal.invokers.TestInvoker.runConfigMethods(TestInvoker.java:823)\n\tat org.testng.internal.invokers.TestInvoker.invokeMethod(TestInvoker.java:590)\n\tat org.testng.internal.invokers.TestInvoker.invokeTestMethod(TestInvoker.java:221)\n\tat org.testng.internal.invokers.MethodRunner.runInSequence(MethodRunner.java:50)\n\tat org.testng.internal.invokers.TestInvoker$MethodInvocationAgent.invoke(TestInvoker.java:969)\n\tat org.testng.internal.invokers.TestInvoker.invokeTestMethods(TestInvoker.java:194)\n\tat org.testng.internal.invokers.TestMethodWorker.invokeTestMethods(TestMethodWorker.java:148)\n\tat org.testng.internal.invokers.TestMethodWorker.run(TestMethodWorker.java:128)\n\tat java.base/java.util.ArrayList.forEach(ArrayList.java:1511)\n\tat org.testng.TestRunner.privateRun(TestRunner.java:829)\n\tat org.testng.TestRunner.run(TestRunner.java:602)\n\tat org.testng.SuiteRunner.runTest(SuiteRunner.java:437)\n\tat org.testng.SuiteRunner.runSequentially(SuiteRunner.java:431)\n\tat org.testng.SuiteRunner.privateRun(SuiteRunner.java:391)\n\tat org.testng.SuiteRunner.run(SuiteRunner.java:330)\n\tat org.testng.SuiteRunnerWorker.runSuite(SuiteRunnerWorker.java:52)\n\tat org.testng.SuiteRunnerWorker.run(SuiteRunnerWorker.java:95)\n\tat org.testng.TestNG.runSuitesSequentially(TestNG.java:1256)\n\tat org.testng.TestNG.runSuitesLocally(TestNG.java:1176)\n\tat org.testng.TestNG.runSuites(TestNG.java:1099)\n\tat org.testng.TestNG.run(TestNG.java:1067)\n\tat org.apache.maven.surefire.testng.TestNGExecutor.run(TestNGExecutor.java:135)\n\tat org.apache.maven.surefire.testng.TestNGDirectoryTestSuite.executeMulti(TestNGDirectoryTestSuite.java:193)\n\tat org.apache.maven.surefire.testng.TestNGDirectoryTestSuite.execute(TestNGDirectoryTestSuite.java:94)\n\tat org.apache.maven.surefire.testng.TestNGProvider.invoke(TestNGProvider.java:146)\n\tat org.apache.maven.surefire.booter.ForkedBooter.invokeProviderInSameClassLoader(ForkedBooter.java:384)\n\tat org.apache.maven.surefire.booter.ForkedBooter.runSuitesInProcess(ForkedBooter.java:345)\n\tat org.apache.maven.surefire.booter.ForkedBooter.execute(ForkedBooter.java:126)\n\tat org.apache.maven.surefire.booter.ForkedBooter.main(ForkedBooter.java:418)\nCaused by: java.lang.NoSuchMethodException: com.example.teamcity.api.models.TestData.<init>()\n\tat java.base/java.lang.Class.getConstructor0(Class.java:3585)\n\tat java.base/java.lang.Class.getDeclaredConstructor(Class.java:2754)\n\tat com.example.teamcity.api.generators.TestDataGenerator.generate(TestDataGenerator.java:91)\n\t... 38 more\n","flaky":false,"newFailed":false,"newBroken":false,"newPassed":false,"retriesCount":0,"retriesStatusChange":false,"beforeStages":[{"name":"beforeTest","time":{"start":1732745646112,"stop":1732745646112,"duration":0},"description":"","status":"broken","statusMessage":"Cannot generate a test data","statusTrace":"java.lang.IllegalStateException: Cannot generate a test data\n\tat com.example.teamcity.api.generators.TestDataGenerator.generate(TestDataGenerator.java:106)\n\tat com.example.teamcity.BaseTest.beforeTest(BaseTest.java:22)\n\tat java.base/jdk.internal.reflect.NativeMethodAccessorImpl.invoke0(Native Method)\n\tat java.base/jdk.internal.reflect.NativeMethodAccessorImpl.invoke(NativeMethodAccessorImpl.java:77)\n\tat java.base/jdk.internal.reflect.DelegatingMethodAccessorImpl.invoke(DelegatingMethodAccessorImpl.java:43)\n\tat java.base/java.lang.reflect.Method.invoke(Method.java:569)\n\tat org.testng.internal.invokers.MethodInvocationHelper.invokeMethod(MethodInvocationHelper.java:139)\n\tat org.testng.internal.invokers.MethodInvocationHelper.invokeMethodConsideringTimeout(MethodInvocationHelper.java:69)\n\tat org.testng.internal.invokers.ConfigInvoker.invokeConfigurationMethod(ConfigInvoker.java:361)\n\tat org.testng.internal.invokers.ConfigInvoker.invokeConfigurations(ConfigInvoker.java:296)\n\tat org.testng.internal.invokers.TestInvoker.runConfigMethods(TestInvoker.java:823)\n\tat org.testng.internal.invokers.TestInvoker.invokeMethod(TestInvoker.java:590)\n\tat org.testng.internal.invokers.TestInvoker.invokeTestMethod(TestInvoker.java:221)\n\tat org.testng.internal.invokers.MethodRunner.runInSequence(MethodRunner.java:50)\n\tat org.testng.internal.invokers.TestInvoker$MethodInvocationAgent.invoke(TestInvoker.java:969)\n\tat org.testng.internal.invokers.TestInvoker.invokeTestMethods(TestInvoker.java:194)\n\tat org.testng.internal.invokers.TestMethodWorker.invokeTestMethods(TestMethodWorker.java:148)\n\tat org.testng.internal.invokers.TestMethodWorker.run(TestMethodWorker.java:128)\n\tat java.base/java.util.ArrayList.forEach(ArrayList.java:1511)\n\tat org.testng.TestRunner.privateRun(TestRunner.java:829)\n\tat org.testng.TestRunner.run(TestRunner.java:602)\n\tat org.testng.SuiteRunner.runTest(SuiteRunner.java:437)\n\tat org.testng.SuiteRunner.runSequentially(SuiteRunner.java:431)\n\tat org.testng.SuiteRunner.privateRun(SuiteRunner.java:391)\n\tat org.testng.SuiteRunner.run(SuiteRunner.java:330)\n\tat org.testng.SuiteRunnerWorker.runSuite(SuiteRunnerWorker.java:52)\n\tat org.testng.SuiteRunnerWorker.run(SuiteRunnerWorker.java:95)\n\tat org.testng.TestNG.runSuitesSequentially(TestNG.java:1256)\n\tat org.testng.TestNG.runSuitesLocally(TestNG.java:1176)\n\tat org.testng.TestNG.runSuites(TestNG.java:1099)\n\tat org.testng.TestNG.run(TestNG.java:1067)\n\tat org.apache.maven.surefire.testng.TestNGExecutor.run(TestNGExecutor.java:135)\n\tat org.apache.maven.surefire.testng.TestNGDirectoryTestSuite.executeMulti(TestNGDirectoryTestSuite.java:193)\n\tat org.apache.maven.surefire.testng.TestNGDirectoryTestSuite.execute(TestNGDirectoryTestSuite.java:94)\n\tat org.apache.maven.surefire.testng.TestNGProvider.invoke(TestNGProvider.java:146)\n\tat org.apache.maven.surefire.booter.ForkedBooter.invokeProviderInSameClassLoader(ForkedBooter.java:384)\n\tat org.apache.maven.surefire.booter.ForkedBooter.runSuitesInProcess(ForkedBooter.java:345)\n\tat org.apache.maven.surefire.booter.ForkedBooter.execute(ForkedBooter.java:126)\n\tat org.apache.maven.surefire.booter.ForkedBooter.main(ForkedBooter.java:418)\nCaused by: java.lang.NoSuchMethodException: com.example.teamcity.api.models.TestData.<init>()\n\tat java.base/java.lang.Class.getConstructor0(Class.java:3585)\n\tat java.base/java.lang.Class.getDeclaredConstructor(Class.java:2754)\n\tat com.example.teamcity.api.generators.TestDataGenerator.generate(TestDataGenerator.java:91)\n\t... 38 more\n","steps":[],"attachments":[],"parameters":[],"shouldDisplayMessage":true,"stepsCount":0,"attachmentsCount":0,"hasContent":true}],"afterStages":[{"name":"afterTest","time":{"start":1732745646118,"stop":1732745646118,"duration":0},"description":"","status":"passed","steps":[],"attachments":[],"parameters":[],"shouldDisplayMessage":false,"stepsCount":0,"attachmentsCount":0,"hasContent":false}],"labels":[{"name":"package","value":"com.example.teamcity.api.BuildTypeTest"},{"name":"testClass","value":"com.example.teamcity.api.BuildTypeTest"},{"name":"testMethod","value":"projectAdminCreatesBuildType"},{"name":"parentSuite","value":"Surefire suite"},{"name":"suite","value":"Surefire test"},{"name":"subSuite","value":"com.example.teamcity.api.BuildTypeTest"},{"name":"host","value":"fv-az801-978"},{"name":"thread","value":"3618@fv-az801-978.main(1)"},{"name":"framework","value":"testng"},{"name":"language","value":"java"},{"name":"resultFormat","value":"allure2"}],"parameters":[],"links":[],"hidden":false,"retry":false,"extra":{"severity":"normal","retries":[],"categories":[],"history":{"statistic":{"failed":0,"broken":0,"skipped":11,"passed":8,"unknown":0,"total":19},"items":[{"uid":"9899a88d1761248d","reportUrl":"https://malashko-kristina.github.io/teamcity-testing-framework/api/47//#testresult/9899a88d1761248d","status":"passed","time":{"start":1732712831917,"stop":1732712832965,"duration":1048}},{"uid":"440e4d19157c43fa","reportUrl":"https://malashko-kristina.github.io/teamcity-testing-framework/api/46//#testresult/440e4d19157c43fa","status":"passed","time":{"start":1732665350066,"stop":1732665351129,"duration":1063}},{"uid":"dfd19aba60239252","reportUrl":"https://malashko-kristina.github.io/teamcity-testing-framework/api/45//#testresult/dfd19aba60239252","status":"passed","time":{"start":1732664535743,"stop":1732664537067,"duration":1324}},{"uid":"c8cc5a2b5e081fc4","reportUrl":"https://malashko-kristina.github.io/teamcity-testing-framework/api/44//#testresult/c8cc5a2b5e081fc4","status":"passed","time":{"start":1732662797401,"stop":1732662798564,"duration":1163}},{"uid":"e76ed652b8cb0e91","reportUrl":"https://malashko-kristina.github.io/teamcity-testing-framework/api/43//#testresult/e76ed652b8cb0e91","status":"passed","time":{"start":1732661915775,"stop":1732661916864,"duration":1089}},{"uid":"7f6eebd1bea081ed","reportUrl":"https://malashko-kristina.github.io/teamcity-testing-framework/api/42//#testresult/7f6eebd1bea081ed","status":"passed","time":{"start":1732660873225,"stop":1732660874370,"duration":1145}},{"uid":"ad2b8521e7107151","reportUrl":"https://malashko-kristina.github.io/teamcity-testing-framework/api/41//#testresult/ad2b8521e7107151","status":"passed","time":{"start":1732574675531,"stop":1732574676709,"duration":1178}},{"uid":"149703d511e1413a","reportUrl":"https://malashko-kristina.github.io/teamcity-testing-framework/api/40//#testresult/149703d511e1413a","status":"passed","time":{"start":1732572421255,"stop":1732572422336,"duration":1081}},{"uid":"8b4aa94b3c3e7e62","reportUrl":"https://malashko-kristina.github.io/teamcity-testing-framework/api/39//#testresult/8b4aa94b3c3e7e62","status":"skipped","statusDetails":"null: Temporary failure in name resolution","time":{"start":1732570204405,"stop":1732570204406,"duration":1}},{"uid":"edc15ac980c510e2","reportUrl":"https://malashko-kristina.github.io/teamcity-testing-framework/api/37//#testresult/edc15ac980c510e2","status":"skipped","statusDetails":"null: Temporary failure in name resolution","time":{"start":1732550587508,"stop":1732550587509,"duration":1}},{"uid":"a19634a3c5791a65","reportUrl":"https://malashko-kristina.github.io/teamcity-testing-framework/api/35//#testresult/a19634a3c5791a65","status":"skipped","statusDetails":"Connection timed out","time":{"start":1732549757182,"stop":1732549757183,"duration":1}},{"uid":"e560a5f6a5598a7b","reportUrl":"https://malashko-kristina.github.io/teamcity-testing-framework/api/34//#testresult/e560a5f6a5598a7b","status":"skipped","statusDetails":"null: Temporary failure in name resolution","time":{"start":1732549031587,"stop":1732549031587,"duration":0}},{"uid":"28255d7c2ac8a849","reportUrl":"https://malashko-kristina.github.io/teamcity-testing-framework/api/32//#testresult/28255d7c2ac8a849","status":"skipped","statusDetails":"Connection timed out","time":{"start":1732547860852,"stop":1732547860853,"duration":1}},{"uid":"e19f6a200d9e45e5","reportUrl":"https://malashko-kristina.github.io/teamcity-testing-framework/api/29//#testresult/e19f6a200d9e45e5","status":"skipped","statusDetails":"null: Temporary failure in name resolution","time":{"start":1732533347054,"stop":1732533347054,"duration":0}},{"uid":"57a7f2727f82761c","reportUrl":"https://malashko-kristina.github.io/teamcity-testing-framework/api/28//#testresult/57a7f2727f82761c","status":"skipped","statusDetails":"Connection timed out","time":{"start":1732491662391,"stop":1732491662391,"duration":0}},{"uid":"f7e556184f1dd4ab","reportUrl":"https://malashko-kristina.github.io/teamcity-testing-framework/api/27//#testresult/f7e556184f1dd4ab","status":"skipped","statusDetails":"1 expectation failed.\nExpected status code <200> but was <503>.\n","time":{"start":1732490681761,"stop":1732490681762,"duration":1}},{"uid":"2723c75b0aa82f3e","reportUrl":"https://malashko-kristina.github.io/teamcity-testing-framework/api/26//#testresult/2723c75b0aa82f3e","status":"skipped","statusDetails":"1 expectation failed.\nExpected status code <200> but was <503>.\n","time":{"start":1732490301932,"stop":1732490301932,"duration":0}},{"uid":"f6f89839297c5079","reportUrl":"https://malashko-kristina.github.io/teamcity-testing-framework/api/22//#testresult/f6f89839297c5079","status":"skipped","statusDetails":"1 expectation failed.\nExpected status code <200> but was <503>.\n","time":{"start":1732404426439,"stop":1732404426439,"duration":0}}]},"tags":[]},"source":"c82c7dadfc61f124.json","parameterValues":[]}