{"uid":"d4cd83fe1d3946b7","name":"User should not be able to create a project if id cyrillic symbols","fullName":"com.example.teamcity.api.ProjectTest.userCreatesProjectWithIdLCyrillicSymbolsTest","historyId":"26fa868adf8d0b955eb57f1b1b518e51","time":{"start":1732745646210,"stop":1732745646210,"duration":0},"status":"skipped","statusMessage":"Cannot generate a test data","statusTrace":"java.lang.IllegalStateException: Cannot generate a test data\n\tat com.example.teamcity.api.generators.TestDataGenerator.generate(TestDataGenerator.java:106)\n\tat com.example.teamcity.BaseTest.beforeTest(BaseTest.java:22)\n\tat java.base/jdk.internal.reflect.NativeMethodAccessorImpl.invoke0(Native Method)\n\tat java.base/jdk.internal.reflect.NativeMethodAccessorImpl.invoke(NativeMethodAccessorImpl.java:77)\n\tat java.base/jdk.internal.reflect.DelegatingMethodAccessorImpl.invoke(DelegatingMethodAccessorImpl.java:43)\n\tat java.base/java.lang.reflect.Method.invoke(Method.java:569)\n\tat org.testng.internal.invokers.MethodInvocationHelper.invokeMethod(MethodInvocationHelper.java:139)\n\tat org.testng.internal.invokers.MethodInvocationHelper.invokeMethodConsideringTimeout(MethodInvocationHelper.java:69)\n\tat org.testng.internal.invokers.ConfigInvoker.invokeConfigurationMethod(ConfigInvoker.java:361)\n\tat org.testng.internal.invokers.ConfigInvoker.invokeConfigurations(ConfigInvoker.java:296)\n\tat org.testng.internal.invokers.TestInvoker.runConfigMethods(TestInvoker.java:823)\n\tat org.testng.internal.invokers.TestInvoker.invokeMethod(TestInvoker.java:590)\n\tat org.testng.internal.invokers.TestInvoker.invokeTestMethod(TestInvoker.java:221)\n\tat org.testng.internal.invokers.MethodRunner.runInSequence(MethodRunner.java:50)\n\tat org.testng.internal.invokers.TestInvoker$MethodInvocationAgent.invoke(TestInvoker.java:969)\n\tat org.testng.internal.invokers.TestInvoker.invokeTestMethods(TestInvoker.java:194)\n\tat org.testng.internal.invokers.TestMethodWorker.invokeTestMethods(TestMethodWorker.java:148)\n\tat org.testng.internal.invokers.TestMethodWorker.run(TestMethodWorker.java:128)\n\tat java.base/java.util.ArrayList.forEach(ArrayList.java:1511)\n\tat org.testng.TestRunner.privateRun(TestRunner.java:829)\n\tat org.testng.TestRunner.run(TestRunner.java:602)\n\tat org.testng.SuiteRunner.runTest(SuiteRunner.java:437)\n\tat org.testng.SuiteRunner.runSequentially(SuiteRunner.java:431)\n\tat org.testng.SuiteRunner.privateRun(SuiteRunner.java:391)\n\tat org.testng.SuiteRunner.run(SuiteRunner.java:330)\n\tat org.testng.SuiteRunnerWorker.runSuite(SuiteRunnerWorker.java:52)\n\tat org.testng.SuiteRunnerWorker.run(SuiteRunnerWorker.java:95)\n\tat org.testng.TestNG.runSuitesSequentially(TestNG.java:1256)\n\tat org.testng.TestNG.runSuitesLocally(TestNG.java:1176)\n\tat org.testng.TestNG.runSuites(TestNG.java:1099)\n\tat org.testng.TestNG.run(TestNG.java:1067)\n\tat org.apache.maven.surefire.testng.TestNGExecutor.run(TestNGExecutor.java:135)\n\tat org.apache.maven.surefire.testng.TestNGDirectoryTestSuite.executeMulti(TestNGDirectoryTestSuite.java:193)\n\tat org.apache.maven.surefire.testng.TestNGDirectoryTestSuite.execute(TestNGDirectoryTestSuite.java:94)\n\tat org.apache.maven.surefire.testng.TestNGProvider.invoke(TestNGProvider.java:146)\n\tat org.apache.maven.surefire.booter.ForkedBooter.invokeProviderInSameClassLoader(ForkedBooter.java:384)\n\tat org.apache.maven.surefire.booter.ForkedBooter.runSuitesInProcess(ForkedBooter.java:345)\n\tat org.apache.maven.surefire.booter.ForkedBooter.execute(ForkedBooter.java:126)\n\tat org.apache.maven.surefire.booter.ForkedBooter.main(ForkedBooter.java:418)\nCaused by: java.lang.NoSuchMethodException: com.example.teamcity.api.models.TestData.<init>()\n\tat java.base/java.lang.Class.getConstructor0(Class.java:3585)\n\tat java.base/java.lang.Class.getDeclaredConstructor(Class.java:2754)\n\tat com.example.teamcity.api.generators.TestDataGenerator.generate(TestDataGenerator.java:91)\n\t... 38 more\n","flaky":false,"newFailed":false,"newBroken":false,"newPassed":false,"retriesCount":0,"retriesStatusChange":false,"beforeStages":[{"name":"beforeTest","time":{"start":1732745646208,"stop":1732745646208,"duration":0},"description":"","status":"broken","statusMessage":"Cannot generate a test data","statusTrace":"java.lang.IllegalStateException: Cannot generate a test data\n\tat com.example.teamcity.api.generators.TestDataGenerator.generate(TestDataGenerator.java:106)\n\tat com.example.teamcity.BaseTest.beforeTest(BaseTest.java:22)\n\tat jdk.internal.reflect.GeneratedMethodAccessor71.invoke(Unknown Source)\n\tat java.base/jdk.internal.reflect.DelegatingMethodAccessorImpl.invoke(DelegatingMethodAccessorImpl.java:43)\n\tat java.base/java.lang.reflect.Method.invoke(Method.java:569)\n\tat org.testng.internal.invokers.MethodInvocationHelper.invokeMethod(MethodInvocationHelper.java:139)\n\tat org.testng.internal.invokers.MethodInvocationHelper.invokeMethodConsideringTimeout(MethodInvocationHelper.java:69)\n\tat org.testng.internal.invokers.ConfigInvoker.invokeConfigurationMethod(ConfigInvoker.java:361)\n\tat org.testng.internal.invokers.ConfigInvoker.invokeConfigurations(ConfigInvoker.java:296)\n\tat org.testng.internal.invokers.TestInvoker.runConfigMethods(TestInvoker.java:823)\n\tat org.testng.internal.invokers.TestInvoker.invokeMethod(TestInvoker.java:590)\n\tat org.testng.internal.invokers.TestInvoker.invokeTestMethod(TestInvoker.java:221)\n\tat org.testng.internal.invokers.MethodRunner.runInSequence(MethodRunner.java:50)\n\tat org.testng.internal.invokers.TestInvoker$MethodInvocationAgent.invoke(TestInvoker.java:969)\n\tat org.testng.internal.invokers.TestInvoker.invokeTestMethods(TestInvoker.java:194)\n\tat org.testng.internal.invokers.TestMethodWorker.invokeTestMethods(TestMethodWorker.java:148)\n\tat org.testng.internal.invokers.TestMethodWorker.run(TestMethodWorker.java:128)\n\tat java.base/java.util.ArrayList.forEach(ArrayList.java:1511)\n\tat org.testng.TestRunner.privateRun(TestRunner.java:829)\n\tat org.testng.TestRunner.run(TestRunner.java:602)\n\tat org.testng.SuiteRunner.runTest(SuiteRunner.java:437)\n\tat org.testng.SuiteRunner.runSequentially(SuiteRunner.java:431)\n\tat org.testng.SuiteRunner.privateRun(SuiteRunner.java:391)\n\tat org.testng.SuiteRunner.run(SuiteRunner.java:330)\n\tat org.testng.SuiteRunnerWorker.runSuite(SuiteRunnerWorker.java:52)\n\tat org.testng.SuiteRunnerWorker.run(SuiteRunnerWorker.java:95)\n\tat org.testng.TestNG.runSuitesSequentially(TestNG.java:1256)\n\tat org.testng.TestNG.runSuitesLocally(TestNG.java:1176)\n\tat org.testng.TestNG.runSuites(TestNG.java:1099)\n\tat org.testng.TestNG.run(TestNG.java:1067)\n\tat org.apache.maven.surefire.testng.TestNGExecutor.run(TestNGExecutor.java:135)\n\tat org.apache.maven.surefire.testng.TestNGDirectoryTestSuite.executeMulti(TestNGDirectoryTestSuite.java:193)\n\tat org.apache.maven.surefire.testng.TestNGDirectoryTestSuite.execute(TestNGDirectoryTestSuite.java:94)\n\tat org.apache.maven.surefire.testng.TestNGProvider.invoke(TestNGProvider.java:146)\n\tat org.apache.maven.surefire.booter.ForkedBooter.invokeProviderInSameClassLoader(ForkedBooter.java:384)\n\tat org.apache.maven.surefire.booter.ForkedBooter.runSuitesInProcess(ForkedBooter.java:345)\n\tat org.apache.maven.surefire.booter.ForkedBooter.execute(ForkedBooter.java:126)\n\tat org.apache.maven.surefire.booter.ForkedBooter.main(ForkedBooter.java:418)\nCaused by: java.lang.NoSuchMethodException: com.example.teamcity.api.models.TestData.<init>()\n\tat java.base/java.lang.Class.getConstructor0(Class.java:3585)\n\tat java.base/java.lang.Class.getDeclaredConstructor(Class.java:2754)\n\tat com.example.teamcity.api.generators.TestDataGenerator.generate(TestDataGenerator.java:91)\n\t... 37 more\n","steps":[],"attachments":[],"parameters":[],"shouldDisplayMessage":true,"stepsCount":0,"attachmentsCount":0,"hasContent":true}],"afterStages":[{"name":"afterTest","time":{"start":1732745646211,"stop":1732745646211,"duration":0},"description":"","status":"passed","steps":[],"attachments":[],"parameters":[],"shouldDisplayMessage":false,"stepsCount":0,"attachmentsCount":0,"hasContent":false}],"labels":[{"name":"package","value":"com.example.teamcity.api.ProjectTest"},{"name":"testClass","value":"com.example.teamcity.api.ProjectTest"},{"name":"testMethod","value":"userCreatesProjectWithIdLCyrillicSymbolsTest"},{"name":"parentSuite","value":"Surefire suite"},{"name":"suite","value":"Surefire test"},{"name":"subSuite","value":"com.example.teamcity.api.ProjectTest"},{"name":"host","value":"fv-az801-978"},{"name":"thread","value":"3618@fv-az801-978.main(1)"},{"name":"framework","value":"testng"},{"name":"language","value":"java"},{"name":"resultFormat","value":"allure2"}],"parameters":[],"links":[],"hidden":false,"retry":false,"extra":{"severity":"normal","retries":[],"categories":[],"history":{"statistic":{"failed":0,"broken":0,"skipped":11,"passed":8,"unknown":0,"total":19},"items":[{"uid":"bf1aa0c6d38b7a32","reportUrl":"https://malashko-kristina.github.io/teamcity-testing-framework/api/47//#testresult/bf1aa0c6d38b7a32","status":"passed","time":{"start":1732712840393,"stop":1732712840588,"duration":195}},{"uid":"473cdf8ca918c325","reportUrl":"https://malashko-kristina.github.io/teamcity-testing-framework/api/46//#testresult/473cdf8ca918c325","status":"passed","time":{"start":1732665357669,"stop":1732665357920,"duration":251}},{"uid":"bfdf913d49daa4ae","reportUrl":"https://malashko-kristina.github.io/teamcity-testing-framework/api/45//#testresult/bfdf913d49daa4ae","status":"passed","time":{"start":1732664543804,"stop":1732664544144,"duration":340}},{"uid":"ec7352217f72121d","reportUrl":"https://malashko-kristina.github.io/teamcity-testing-framework/api/44//#testresult/ec7352217f72121d","status":"passed","time":{"start":1732662804518,"stop":1732662804719,"duration":201}},{"uid":"118cc58b0a4cbd5e","reportUrl":"https://malashko-kristina.github.io/teamcity-testing-framework/api/43//#testresult/118cc58b0a4cbd5e","status":"passed","time":{"start":1732661922547,"stop":1732661922826,"duration":279}},{"uid":"9d7689358bc286b6","reportUrl":"https://malashko-kristina.github.io/teamcity-testing-framework/api/42//#testresult/9d7689358bc286b6","status":"passed","time":{"start":1732660880214,"stop":1732660880401,"duration":187}},{"uid":"7f175a7b4ebc74f6","reportUrl":"https://malashko-kristina.github.io/teamcity-testing-framework/api/41//#testresult/7f175a7b4ebc74f6","status":"passed","time":{"start":1732574684158,"stop":1732574684354,"duration":196}},{"uid":"9a4c253f708e3485","reportUrl":"https://malashko-kristina.github.io/teamcity-testing-framework/api/40//#testresult/9a4c253f708e3485","status":"passed","time":{"start":1732572429568,"stop":1732572429828,"duration":260}},{"uid":"99cc24a0a01184d2","reportUrl":"https://malashko-kristina.github.io/teamcity-testing-framework/api/39//#testresult/99cc24a0a01184d2","status":"skipped","statusDetails":"null: Temporary failure in name resolution","time":{"start":1732570204483,"stop":1732570204484,"duration":1}},{"uid":"7fb9cdbf5abdb8f6","reportUrl":"https://malashko-kristina.github.io/teamcity-testing-framework/api/37//#testresult/7fb9cdbf5abdb8f6","status":"skipped","statusDetails":"null: Temporary failure in name resolution","time":{"start":1732550587591,"stop":1732550587592,"duration":1}},{"uid":"cf6d7c88c7c28c94","reportUrl":"https://malashko-kristina.github.io/teamcity-testing-framework/api/35//#testresult/cf6d7c88c7c28c94","status":"skipped","statusDetails":"Connection timed out","time":{"start":1732549757254,"stop":1732549757254,"duration":0}},{"uid":"b2f8b8e7adfad969","reportUrl":"https://malashko-kristina.github.io/teamcity-testing-framework/api/34//#testresult/b2f8b8e7adfad969","status":"skipped","statusDetails":"null: Temporary failure in name resolution","time":{"start":1732549031666,"stop":1732549031666,"duration":0}},{"uid":"91000628ee662c12","reportUrl":"https://malashko-kristina.github.io/teamcity-testing-framework/api/32//#testresult/91000628ee662c12","status":"skipped","statusDetails":"Connection timed out","time":{"start":1732547860937,"stop":1732547860937,"duration":0}},{"uid":"2d9d6af0ad5e5558","reportUrl":"https://malashko-kristina.github.io/teamcity-testing-framework/api/29//#testresult/2d9d6af0ad5e5558","status":"skipped","statusDetails":"null: Temporary failure in name resolution","time":{"start":1732533347135,"stop":1732533347135,"duration":0}},{"uid":"87da7885ab574d80","reportUrl":"https://malashko-kristina.github.io/teamcity-testing-framework/api/28//#testresult/87da7885ab574d80","status":"skipped","statusDetails":"Connection timed out","time":{"start":1732491662480,"stop":1732491662480,"duration":0}},{"uid":"50c2d20b46c489bf","reportUrl":"https://malashko-kristina.github.io/teamcity-testing-framework/api/27//#testresult/50c2d20b46c489bf","status":"skipped","statusDetails":"1 expectation failed.\nExpected status code <200> but was <503>.\n","time":{"start":1732490681844,"stop":1732490681844,"duration":0}},{"uid":"acd2c7961be6df81","reportUrl":"https://malashko-kristina.github.io/teamcity-testing-framework/api/26//#testresult/acd2c7961be6df81","status":"skipped","statusDetails":"1 expectation failed.\nExpected status code <200> but was <503>.\n","time":{"start":1732490302005,"stop":1732490302005,"duration":0}},{"uid":"a3d4524b3aa5531","reportUrl":"https://malashko-kristina.github.io/teamcity-testing-framework/api/22//#testresult/a3d4524b3aa5531","status":"skipped","statusDetails":"1 expectation failed.\nExpected status code <200> but was <503>.\n","time":{"start":1732404426506,"stop":1732404426507,"duration":1}}]},"tags":[]},"source":"d4cd83fe1d3946b7.json","parameterValues":[]}