{"uid":"d7fb5a18ac870be1","name":"User should not be able to create a copy with empty info about source project","fullName":"com.example.teamcity.api.ProjectTest.userCreatesACopyOfCreatedProjectWithEmptyInfoTest","historyId":"7e80bdaf03dda98cbee7f059f600c911","time":{"start":1732745646170,"stop":1732745646170,"duration":0},"status":"skipped","statusMessage":"Cannot generate a test data","statusTrace":"java.lang.IllegalStateException: Cannot generate a test data\n\tat com.example.teamcity.api.generators.TestDataGenerator.generate(TestDataGenerator.java:106)\n\tat com.example.teamcity.BaseTest.beforeTest(BaseTest.java:22)\n\tat java.base/jdk.internal.reflect.NativeMethodAccessorImpl.invoke0(Native Method)\n\tat java.base/jdk.internal.reflect.NativeMethodAccessorImpl.invoke(NativeMethodAccessorImpl.java:77)\n\tat java.base/jdk.internal.reflect.DelegatingMethodAccessorImpl.invoke(DelegatingMethodAccessorImpl.java:43)\n\tat java.base/java.lang.reflect.Method.invoke(Method.java:569)\n\tat org.testng.internal.invokers.MethodInvocationHelper.invokeMethod(MethodInvocationHelper.java:139)\n\tat org.testng.internal.invokers.MethodInvocationHelper.invokeMethodConsideringTimeout(MethodInvocationHelper.java:69)\n\tat org.testng.internal.invokers.ConfigInvoker.invokeConfigurationMethod(ConfigInvoker.java:361)\n\tat org.testng.internal.invokers.ConfigInvoker.invokeConfigurations(ConfigInvoker.java:296)\n\tat org.testng.internal.invokers.TestInvoker.runConfigMethods(TestInvoker.java:823)\n\tat org.testng.internal.invokers.TestInvoker.invokeMethod(TestInvoker.java:590)\n\tat org.testng.internal.invokers.TestInvoker.invokeTestMethod(TestInvoker.java:221)\n\tat org.testng.internal.invokers.MethodRunner.runInSequence(MethodRunner.java:50)\n\tat org.testng.internal.invokers.TestInvoker$MethodInvocationAgent.invoke(TestInvoker.java:969)\n\tat org.testng.internal.invokers.TestInvoker.invokeTestMethods(TestInvoker.java:194)\n\tat org.testng.internal.invokers.TestMethodWorker.invokeTestMethods(TestMethodWorker.java:148)\n\tat org.testng.internal.invokers.TestMethodWorker.run(TestMethodWorker.java:128)\n\tat java.base/java.util.ArrayList.forEach(ArrayList.java:1511)\n\tat org.testng.TestRunner.privateRun(TestRunner.java:829)\n\tat org.testng.TestRunner.run(TestRunner.java:602)\n\tat org.testng.SuiteRunner.runTest(SuiteRunner.java:437)\n\tat org.testng.SuiteRunner.runSequentially(SuiteRunner.java:431)\n\tat org.testng.SuiteRunner.privateRun(SuiteRunner.java:391)\n\tat org.testng.SuiteRunner.run(SuiteRunner.java:330)\n\tat org.testng.SuiteRunnerWorker.runSuite(SuiteRunnerWorker.java:52)\n\tat org.testng.SuiteRunnerWorker.run(SuiteRunnerWorker.java:95)\n\tat org.testng.TestNG.runSuitesSequentially(TestNG.java:1256)\n\tat org.testng.TestNG.runSuitesLocally(TestNG.java:1176)\n\tat org.testng.TestNG.runSuites(TestNG.java:1099)\n\tat org.testng.TestNG.run(TestNG.java:1067)\n\tat org.apache.maven.surefire.testng.TestNGExecutor.run(TestNGExecutor.java:135)\n\tat org.apache.maven.surefire.testng.TestNGDirectoryTestSuite.executeMulti(TestNGDirectoryTestSuite.java:193)\n\tat org.apache.maven.surefire.testng.TestNGDirectoryTestSuite.execute(TestNGDirectoryTestSuite.java:94)\n\tat org.apache.maven.surefire.testng.TestNGProvider.invoke(TestNGProvider.java:146)\n\tat org.apache.maven.surefire.booter.ForkedBooter.invokeProviderInSameClassLoader(ForkedBooter.java:384)\n\tat org.apache.maven.surefire.booter.ForkedBooter.runSuitesInProcess(ForkedBooter.java:345)\n\tat org.apache.maven.surefire.booter.ForkedBooter.execute(ForkedBooter.java:126)\n\tat org.apache.maven.surefire.booter.ForkedBooter.main(ForkedBooter.java:418)\nCaused by: java.lang.NoSuchMethodException: com.example.teamcity.api.models.TestData.<init>()\n\tat java.base/java.lang.Class.getConstructor0(Class.java:3585)\n\tat java.base/java.lang.Class.getDeclaredConstructor(Class.java:2754)\n\tat com.example.teamcity.api.generators.TestDataGenerator.generate(TestDataGenerator.java:91)\n\t... 38 more\n","flaky":false,"newFailed":false,"newBroken":false,"newPassed":false,"retriesCount":0,"retriesStatusChange":false,"beforeStages":[{"name":"beforeTest","time":{"start":1732745646167,"stop":1732745646167,"duration":0},"description":"","status":"broken","statusMessage":"Cannot generate a test data","statusTrace":"java.lang.IllegalStateException: Cannot generate a test data\n\tat com.example.teamcity.api.generators.TestDataGenerator.generate(TestDataGenerator.java:106)\n\tat com.example.teamcity.BaseTest.beforeTest(BaseTest.java:22)\n\tat java.base/jdk.internal.reflect.NativeMethodAccessorImpl.invoke0(Native Method)\n\tat java.base/jdk.internal.reflect.NativeMethodAccessorImpl.invoke(NativeMethodAccessorImpl.java:77)\n\tat java.base/jdk.internal.reflect.DelegatingMethodAccessorImpl.invoke(DelegatingMethodAccessorImpl.java:43)\n\tat java.base/java.lang.reflect.Method.invoke(Method.java:569)\n\tat org.testng.internal.invokers.MethodInvocationHelper.invokeMethod(MethodInvocationHelper.java:139)\n\tat org.testng.internal.invokers.MethodInvocationHelper.invokeMethodConsideringTimeout(MethodInvocationHelper.java:69)\n\tat org.testng.internal.invokers.ConfigInvoker.invokeConfigurationMethod(ConfigInvoker.java:361)\n\tat org.testng.internal.invokers.ConfigInvoker.invokeConfigurations(ConfigInvoker.java:296)\n\tat org.testng.internal.invokers.TestInvoker.runConfigMethods(TestInvoker.java:823)\n\tat org.testng.internal.invokers.TestInvoker.invokeMethod(TestInvoker.java:590)\n\tat org.testng.internal.invokers.TestInvoker.invokeTestMethod(TestInvoker.java:221)\n\tat org.testng.internal.invokers.MethodRunner.runInSequence(MethodRunner.java:50)\n\tat org.testng.internal.invokers.TestInvoker$MethodInvocationAgent.invoke(TestInvoker.java:969)\n\tat org.testng.internal.invokers.TestInvoker.invokeTestMethods(TestInvoker.java:194)\n\tat org.testng.internal.invokers.TestMethodWorker.invokeTestMethods(TestMethodWorker.java:148)\n\tat org.testng.internal.invokers.TestMethodWorker.run(TestMethodWorker.java:128)\n\tat java.base/java.util.ArrayList.forEach(ArrayList.java:1511)\n\tat org.testng.TestRunner.privateRun(TestRunner.java:829)\n\tat org.testng.TestRunner.run(TestRunner.java:602)\n\tat org.testng.SuiteRunner.runTest(SuiteRunner.java:437)\n\tat org.testng.SuiteRunner.runSequentially(SuiteRunner.java:431)\n\tat org.testng.SuiteRunner.privateRun(SuiteRunner.java:391)\n\tat org.testng.SuiteRunner.run(SuiteRunner.java:330)\n\tat org.testng.SuiteRunnerWorker.runSuite(SuiteRunnerWorker.java:52)\n\tat org.testng.SuiteRunnerWorker.run(SuiteRunnerWorker.java:95)\n\tat org.testng.TestNG.runSuitesSequentially(TestNG.java:1256)\n\tat org.testng.TestNG.runSuitesLocally(TestNG.java:1176)\n\tat org.testng.TestNG.runSuites(TestNG.java:1099)\n\tat org.testng.TestNG.run(TestNG.java:1067)\n\tat org.apache.maven.surefire.testng.TestNGExecutor.run(TestNGExecutor.java:135)\n\tat org.apache.maven.surefire.testng.TestNGDirectoryTestSuite.executeMulti(TestNGDirectoryTestSuite.java:193)\n\tat org.apache.maven.surefire.testng.TestNGDirectoryTestSuite.execute(TestNGDirectoryTestSuite.java:94)\n\tat org.apache.maven.surefire.testng.TestNGProvider.invoke(TestNGProvider.java:146)\n\tat org.apache.maven.surefire.booter.ForkedBooter.invokeProviderInSameClassLoader(ForkedBooter.java:384)\n\tat org.apache.maven.surefire.booter.ForkedBooter.runSuitesInProcess(ForkedBooter.java:345)\n\tat org.apache.maven.surefire.booter.ForkedBooter.execute(ForkedBooter.java:126)\n\tat org.apache.maven.surefire.booter.ForkedBooter.main(ForkedBooter.java:418)\nCaused by: java.lang.NoSuchMethodException: com.example.teamcity.api.models.TestData.<init>()\n\tat java.base/java.lang.Class.getConstructor0(Class.java:3585)\n\tat java.base/java.lang.Class.getDeclaredConstructor(Class.java:2754)\n\tat com.example.teamcity.api.generators.TestDataGenerator.generate(TestDataGenerator.java:91)\n\t... 38 more\n","steps":[],"attachments":[],"parameters":[],"shouldDisplayMessage":true,"stepsCount":0,"attachmentsCount":0,"hasContent":true}],"afterStages":[{"name":"afterTest","time":{"start":1732745646172,"stop":1732745646172,"duration":0},"description":"","status":"passed","steps":[],"attachments":[],"parameters":[],"shouldDisplayMessage":false,"stepsCount":0,"attachmentsCount":0,"hasContent":false}],"labels":[{"name":"package","value":"com.example.teamcity.api.ProjectTest"},{"name":"testClass","value":"com.example.teamcity.api.ProjectTest"},{"name":"testMethod","value":"userCreatesACopyOfCreatedProjectWithEmptyInfoTest"},{"name":"parentSuite","value":"Surefire suite"},{"name":"suite","value":"Surefire test"},{"name":"subSuite","value":"com.example.teamcity.api.ProjectTest"},{"name":"host","value":"fv-az801-978"},{"name":"thread","value":"3618@fv-az801-978.main(1)"},{"name":"framework","value":"testng"},{"name":"language","value":"java"},{"name":"resultFormat","value":"allure2"}],"parameters":[],"links":[],"hidden":false,"retry":false,"extra":{"severity":"normal","retries":[],"categories":[],"history":{"statistic":{"failed":0,"broken":0,"skipped":11,"passed":8,"unknown":0,"total":19},"items":[{"uid":"aee7f2526063a4d6","reportUrl":"https://malashko-kristina.github.io/teamcity-testing-framework/api/47//#testresult/aee7f2526063a4d6","status":"passed","time":{"start":1732712836330,"stop":1732712836550,"duration":220}},{"uid":"1978cf619161ef54","reportUrl":"https://malashko-kristina.github.io/teamcity-testing-framework/api/46//#testresult/1978cf619161ef54","status":"passed","time":{"start":1732665355149,"stop":1732665355446,"duration":297}},{"uid":"6782aedbe0fd6f9f","reportUrl":"https://malashko-kristina.github.io/teamcity-testing-framework/api/45//#testresult/6782aedbe0fd6f9f","status":"passed","time":{"start":1732664540285,"stop":1732664540504,"duration":219}},{"uid":"a09b63b3db7028e2","reportUrl":"https://malashko-kristina.github.io/teamcity-testing-framework/api/44//#testresult/a09b63b3db7028e2","status":"passed","time":{"start":1732662801801,"stop":1732662802080,"duration":279}},{"uid":"b21881fd6f4c8cf3","reportUrl":"https://malashko-kristina.github.io/teamcity-testing-framework/api/43//#testresult/b21881fd6f4c8cf3","status":"passed","time":{"start":1732661920137,"stop":1732661920350,"duration":213}},{"uid":"f1a32aa580d83c1b","reportUrl":"https://malashko-kristina.github.io/teamcity-testing-framework/api/42//#testresult/f1a32aa580d83c1b","status":"passed","time":{"start":1732660877638,"stop":1732660877882,"duration":244}},{"uid":"5400ef19f43c7a1b","reportUrl":"https://malashko-kristina.github.io/teamcity-testing-framework/api/41//#testresult/5400ef19f43c7a1b","status":"passed","time":{"start":1732574680256,"stop":1732574680476,"duration":220}},{"uid":"5977bad4b39eb7fd","reportUrl":"https://malashko-kristina.github.io/teamcity-testing-framework/api/40//#testresult/5977bad4b39eb7fd","status":"passed","time":{"start":1732572426923,"stop":1732572427144,"duration":221}},{"uid":"a1e1b7e2ea6230e","reportUrl":"https://malashko-kristina.github.io/teamcity-testing-framework/api/39//#testresult/a1e1b7e2ea6230e","status":"skipped","statusDetails":"null: Temporary failure in name resolution","time":{"start":1732570204444,"stop":1732570204445,"duration":1}},{"uid":"6eb4991f2898cdad","reportUrl":"https://malashko-kristina.github.io/teamcity-testing-framework/api/37//#testresult/6eb4991f2898cdad","status":"skipped","statusDetails":"null: Temporary failure in name resolution","time":{"start":1732550587548,"stop":1732550587548,"duration":0}},{"uid":"5c68a3895c79b924","reportUrl":"https://malashko-kristina.github.io/teamcity-testing-framework/api/35//#testresult/5c68a3895c79b924","status":"skipped","statusDetails":"Connection timed out","time":{"start":1732549757218,"stop":1732549757219,"duration":1}},{"uid":"53625803e2b4325b","reportUrl":"https://malashko-kristina.github.io/teamcity-testing-framework/api/34//#testresult/53625803e2b4325b","status":"skipped","statusDetails":"null: Temporary failure in name resolution","time":{"start":1732549031626,"stop":1732549031627,"duration":1}},{"uid":"fc27d9ceccd63b5","reportUrl":"https://malashko-kristina.github.io/teamcity-testing-framework/api/32//#testresult/fc27d9ceccd63b5","status":"skipped","statusDetails":"Connection timed out","time":{"start":1732547860895,"stop":1732547860896,"duration":1}},{"uid":"9bf645687292aa41","reportUrl":"https://malashko-kristina.github.io/teamcity-testing-framework/api/29//#testresult/9bf645687292aa41","status":"skipped","statusDetails":"null: Temporary failure in name resolution","time":{"start":1732533347097,"stop":1732533347097,"duration":0}},{"uid":"bec90ef0cbdb7c04","reportUrl":"https://malashko-kristina.github.io/teamcity-testing-framework/api/28//#testresult/bec90ef0cbdb7c04","status":"skipped","statusDetails":"Connection timed out","time":{"start":1732491662436,"stop":1732491662436,"duration":0}},{"uid":"2726b8d68a2ac74c","reportUrl":"https://malashko-kristina.github.io/teamcity-testing-framework/api/27//#testresult/2726b8d68a2ac74c","status":"skipped","statusDetails":"1 expectation failed.\nExpected status code <200> but was <503>.\n","time":{"start":1732490681802,"stop":1732490681802,"duration":0}},{"uid":"300074f3ba165a67","reportUrl":"https://malashko-kristina.github.io/teamcity-testing-framework/api/26//#testresult/300074f3ba165a67","status":"skipped","statusDetails":"1 expectation failed.\nExpected status code <200> but was <503>.\n","time":{"start":1732490301967,"stop":1732490301967,"duration":0}},{"uid":"e19ec7bbcd41822d","reportUrl":"https://malashko-kristina.github.io/teamcity-testing-framework/api/22//#testresult/e19ec7bbcd41822d","status":"skipped","statusDetails":"1 expectation failed.\nExpected status code <200> but was <503>.\n","time":{"start":1732404426473,"stop":1732404426473,"duration":0}}]},"tags":[]},"source":"d7fb5a18ac870be1.json","parameterValues":[]}