{"uid":"d91847261049e471","name":"User should be able to create a project if id has 225 symbols","fullName":"com.example.teamcity.api.ProjectTest.userCreatesProjectWithIdLength225SymbolsTest","historyId":"c9a857e2c9b86250125c271b691789ba","time":{"start":1732745646223,"stop":1732745646223,"duration":0},"status":"skipped","statusMessage":"Cannot generate a test data","statusTrace":"java.lang.IllegalStateException: Cannot generate a test data\n\tat com.example.teamcity.api.generators.TestDataGenerator.generate(TestDataGenerator.java:106)\n\tat com.example.teamcity.BaseTest.beforeTest(BaseTest.java:22)\n\tat java.base/jdk.internal.reflect.NativeMethodAccessorImpl.invoke0(Native Method)\n\tat java.base/jdk.internal.reflect.NativeMethodAccessorImpl.invoke(NativeMethodAccessorImpl.java:77)\n\tat java.base/jdk.internal.reflect.DelegatingMethodAccessorImpl.invoke(DelegatingMethodAccessorImpl.java:43)\n\tat java.base/java.lang.reflect.Method.invoke(Method.java:569)\n\tat org.testng.internal.invokers.MethodInvocationHelper.invokeMethod(MethodInvocationHelper.java:139)\n\tat org.testng.internal.invokers.MethodInvocationHelper.invokeMethodConsideringTimeout(MethodInvocationHelper.java:69)\n\tat org.testng.internal.invokers.ConfigInvoker.invokeConfigurationMethod(ConfigInvoker.java:361)\n\tat org.testng.internal.invokers.ConfigInvoker.invokeConfigurations(ConfigInvoker.java:296)\n\tat org.testng.internal.invokers.TestInvoker.runConfigMethods(TestInvoker.java:823)\n\tat org.testng.internal.invokers.TestInvoker.invokeMethod(TestInvoker.java:590)\n\tat org.testng.internal.invokers.TestInvoker.invokeTestMethod(TestInvoker.java:221)\n\tat org.testng.internal.invokers.MethodRunner.runInSequence(MethodRunner.java:50)\n\tat org.testng.internal.invokers.TestInvoker$MethodInvocationAgent.invoke(TestInvoker.java:969)\n\tat org.testng.internal.invokers.TestInvoker.invokeTestMethods(TestInvoker.java:194)\n\tat org.testng.internal.invokers.TestMethodWorker.invokeTestMethods(TestMethodWorker.java:148)\n\tat org.testng.internal.invokers.TestMethodWorker.run(TestMethodWorker.java:128)\n\tat java.base/java.util.ArrayList.forEach(ArrayList.java:1511)\n\tat org.testng.TestRunner.privateRun(TestRunner.java:829)\n\tat org.testng.TestRunner.run(TestRunner.java:602)\n\tat org.testng.SuiteRunner.runTest(SuiteRunner.java:437)\n\tat org.testng.SuiteRunner.runSequentially(SuiteRunner.java:431)\n\tat org.testng.SuiteRunner.privateRun(SuiteRunner.java:391)\n\tat org.testng.SuiteRunner.run(SuiteRunner.java:330)\n\tat org.testng.SuiteRunnerWorker.runSuite(SuiteRunnerWorker.java:52)\n\tat org.testng.SuiteRunnerWorker.run(SuiteRunnerWorker.java:95)\n\tat org.testng.TestNG.runSuitesSequentially(TestNG.java:1256)\n\tat org.testng.TestNG.runSuitesLocally(TestNG.java:1176)\n\tat org.testng.TestNG.runSuites(TestNG.java:1099)\n\tat org.testng.TestNG.run(TestNG.java:1067)\n\tat org.apache.maven.surefire.testng.TestNGExecutor.run(TestNGExecutor.java:135)\n\tat org.apache.maven.surefire.testng.TestNGDirectoryTestSuite.executeMulti(TestNGDirectoryTestSuite.java:193)\n\tat org.apache.maven.surefire.testng.TestNGDirectoryTestSuite.execute(TestNGDirectoryTestSuite.java:94)\n\tat org.apache.maven.surefire.testng.TestNGProvider.invoke(TestNGProvider.java:146)\n\tat org.apache.maven.surefire.booter.ForkedBooter.invokeProviderInSameClassLoader(ForkedBooter.java:384)\n\tat org.apache.maven.surefire.booter.ForkedBooter.runSuitesInProcess(ForkedBooter.java:345)\n\tat org.apache.maven.surefire.booter.ForkedBooter.execute(ForkedBooter.java:126)\n\tat org.apache.maven.surefire.booter.ForkedBooter.main(ForkedBooter.java:418)\nCaused by: java.lang.NoSuchMethodException: com.example.teamcity.api.models.TestData.<init>()\n\tat java.base/java.lang.Class.getConstructor0(Class.java:3585)\n\tat java.base/java.lang.Class.getDeclaredConstructor(Class.java:2754)\n\tat com.example.teamcity.api.generators.TestDataGenerator.generate(TestDataGenerator.java:91)\n\t... 38 more\n","flaky":false,"newFailed":false,"newBroken":false,"newPassed":false,"retriesCount":0,"retriesStatusChange":false,"beforeStages":[{"name":"beforeTest","time":{"start":1732745646221,"stop":1732745646221,"duration":0},"description":"","status":"broken","statusMessage":"Cannot generate a test data","statusTrace":"java.lang.IllegalStateException: Cannot generate a test data\n\tat com.example.teamcity.api.generators.TestDataGenerator.generate(TestDataGenerator.java:106)\n\tat com.example.teamcity.BaseTest.beforeTest(BaseTest.java:22)\n\tat jdk.internal.reflect.GeneratedMethodAccessor71.invoke(Unknown Source)\n\tat java.base/jdk.internal.reflect.DelegatingMethodAccessorImpl.invoke(DelegatingMethodAccessorImpl.java:43)\n\tat java.base/java.lang.reflect.Method.invoke(Method.java:569)\n\tat org.testng.internal.invokers.MethodInvocationHelper.invokeMethod(MethodInvocationHelper.java:139)\n\tat org.testng.internal.invokers.MethodInvocationHelper.invokeMethodConsideringTimeout(MethodInvocationHelper.java:69)\n\tat org.testng.internal.invokers.ConfigInvoker.invokeConfigurationMethod(ConfigInvoker.java:361)\n\tat org.testng.internal.invokers.ConfigInvoker.invokeConfigurations(ConfigInvoker.java:296)\n\tat org.testng.internal.invokers.TestInvoker.runConfigMethods(TestInvoker.java:823)\n\tat org.testng.internal.invokers.TestInvoker.invokeMethod(TestInvoker.java:590)\n\tat org.testng.internal.invokers.TestInvoker.invokeTestMethod(TestInvoker.java:221)\n\tat org.testng.internal.invokers.MethodRunner.runInSequence(MethodRunner.java:50)\n\tat org.testng.internal.invokers.TestInvoker$MethodInvocationAgent.invoke(TestInvoker.java:969)\n\tat org.testng.internal.invokers.TestInvoker.invokeTestMethods(TestInvoker.java:194)\n\tat org.testng.internal.invokers.TestMethodWorker.invokeTestMethods(TestMethodWorker.java:148)\n\tat org.testng.internal.invokers.TestMethodWorker.run(TestMethodWorker.java:128)\n\tat java.base/java.util.ArrayList.forEach(ArrayList.java:1511)\n\tat org.testng.TestRunner.privateRun(TestRunner.java:829)\n\tat org.testng.TestRunner.run(TestRunner.java:602)\n\tat org.testng.SuiteRunner.runTest(SuiteRunner.java:437)\n\tat org.testng.SuiteRunner.runSequentially(SuiteRunner.java:431)\n\tat org.testng.SuiteRunner.privateRun(SuiteRunner.java:391)\n\tat org.testng.SuiteRunner.run(SuiteRunner.java:330)\n\tat org.testng.SuiteRunnerWorker.runSuite(SuiteRunnerWorker.java:52)\n\tat org.testng.SuiteRunnerWorker.run(SuiteRunnerWorker.java:95)\n\tat org.testng.TestNG.runSuitesSequentially(TestNG.java:1256)\n\tat org.testng.TestNG.runSuitesLocally(TestNG.java:1176)\n\tat org.testng.TestNG.runSuites(TestNG.java:1099)\n\tat org.testng.TestNG.run(TestNG.java:1067)\n\tat org.apache.maven.surefire.testng.TestNGExecutor.run(TestNGExecutor.java:135)\n\tat org.apache.maven.surefire.testng.TestNGDirectoryTestSuite.executeMulti(TestNGDirectoryTestSuite.java:193)\n\tat org.apache.maven.surefire.testng.TestNGDirectoryTestSuite.execute(TestNGDirectoryTestSuite.java:94)\n\tat org.apache.maven.surefire.testng.TestNGProvider.invoke(TestNGProvider.java:146)\n\tat org.apache.maven.surefire.booter.ForkedBooter.invokeProviderInSameClassLoader(ForkedBooter.java:384)\n\tat org.apache.maven.surefire.booter.ForkedBooter.runSuitesInProcess(ForkedBooter.java:345)\n\tat org.apache.maven.surefire.booter.ForkedBooter.execute(ForkedBooter.java:126)\n\tat org.apache.maven.surefire.booter.ForkedBooter.main(ForkedBooter.java:418)\nCaused by: java.lang.NoSuchMethodException: com.example.teamcity.api.models.TestData.<init>()\n\tat java.base/java.lang.Class.getConstructor0(Class.java:3585)\n\tat java.base/java.lang.Class.getDeclaredConstructor(Class.java:2754)\n\tat com.example.teamcity.api.generators.TestDataGenerator.generate(TestDataGenerator.java:91)\n\t... 37 more\n","steps":[],"attachments":[],"parameters":[],"shouldDisplayMessage":true,"stepsCount":0,"attachmentsCount":0,"hasContent":true}],"afterStages":[{"name":"afterTest","time":{"start":1732745646224,"stop":1732745646224,"duration":0},"description":"","status":"passed","steps":[],"attachments":[],"parameters":[],"shouldDisplayMessage":false,"stepsCount":0,"attachmentsCount":0,"hasContent":false}],"labels":[{"name":"package","value":"com.example.teamcity.api.ProjectTest"},{"name":"testClass","value":"com.example.teamcity.api.ProjectTest"},{"name":"testMethod","value":"userCreatesProjectWithIdLength225SymbolsTest"},{"name":"parentSuite","value":"Surefire suite"},{"name":"suite","value":"Surefire test"},{"name":"subSuite","value":"com.example.teamcity.api.ProjectTest"},{"name":"host","value":"fv-az801-978"},{"name":"thread","value":"3618@fv-az801-978.main(1)"},{"name":"framework","value":"testng"},{"name":"language","value":"java"},{"name":"resultFormat","value":"allure2"}],"parameters":[],"links":[],"hidden":false,"retry":false,"extra":{"severity":"normal","retries":[],"categories":[],"history":{"statistic":{"failed":0,"broken":0,"skipped":11,"passed":8,"unknown":0,"total":19},"items":[{"uid":"80f5e130b74a7aca","reportUrl":"https://malashko-kristina.github.io/teamcity-testing-framework/api/47//#testresult/80f5e130b74a7aca","status":"passed","time":{"start":1732712841362,"stop":1732712841601,"duration":239}},{"uid":"e49ec2815addfe72","reportUrl":"https://malashko-kristina.github.io/teamcity-testing-framework/api/46//#testresult/e49ec2815addfe72","status":"passed","time":{"start":1732665358698,"stop":1732665359000,"duration":302}},{"uid":"9c17e51feaa307dd","reportUrl":"https://malashko-kristina.github.io/teamcity-testing-framework/api/45//#testresult/9c17e51feaa307dd","status":"passed","time":{"start":1732664544918,"stop":1732664545269,"duration":351}},{"uid":"69e070d3c6cfb562","reportUrl":"https://malashko-kristina.github.io/teamcity-testing-framework/api/44//#testresult/69e070d3c6cfb562","status":"passed","time":{"start":1732662805581,"stop":1732662805877,"duration":296}},{"uid":"e7a20bb8919f89ea","reportUrl":"https://malashko-kristina.github.io/teamcity-testing-framework/api/43//#testresult/e7a20bb8919f89ea","status":"passed","time":{"start":1732661923948,"stop":1732661924283,"duration":335}},{"uid":"8c711b0c3bfc21e1","reportUrl":"https://malashko-kristina.github.io/teamcity-testing-framework/api/42//#testresult/8c711b0c3bfc21e1","status":"passed","time":{"start":1732660881157,"stop":1732660881456,"duration":299}},{"uid":"557c4abed7e71506","reportUrl":"https://malashko-kristina.github.io/teamcity-testing-framework/api/41//#testresult/557c4abed7e71506","status":"passed","time":{"start":1732574684963,"stop":1732574685281,"duration":318}},{"uid":"65ff28ec6683bad4","reportUrl":"https://malashko-kristina.github.io/teamcity-testing-framework/api/40//#testresult/65ff28ec6683bad4","status":"passed","time":{"start":1732572430537,"stop":1732572430864,"duration":327}},{"uid":"e25360c3731753c4","reportUrl":"https://malashko-kristina.github.io/teamcity-testing-framework/api/39//#testresult/e25360c3731753c4","status":"skipped","statusDetails":"null: Temporary failure in name resolution","time":{"start":1732570204494,"stop":1732570204495,"duration":1}},{"uid":"584774bc15d0bd9e","reportUrl":"https://malashko-kristina.github.io/teamcity-testing-framework/api/37//#testresult/584774bc15d0bd9e","status":"skipped","statusDetails":"null: Temporary failure in name resolution","time":{"start":1732550587604,"stop":1732550587604,"duration":0}},{"uid":"dedc05e11376d23e","reportUrl":"https://malashko-kristina.github.io/teamcity-testing-framework/api/35//#testresult/dedc05e11376d23e","status":"skipped","statusDetails":"Connection timed out","time":{"start":1732549757265,"stop":1732549757265,"duration":0}},{"uid":"d6145beb5192bca2","reportUrl":"https://malashko-kristina.github.io/teamcity-testing-framework/api/34//#testresult/d6145beb5192bca2","status":"skipped","statusDetails":"null: Temporary failure in name resolution","time":{"start":1732549031677,"stop":1732549031677,"duration":0}},{"uid":"977d48a508f0a60d","reportUrl":"https://malashko-kristina.github.io/teamcity-testing-framework/api/32//#testresult/977d48a508f0a60d","status":"skipped","statusDetails":"Connection timed out","time":{"start":1732547860948,"stop":1732547860949,"duration":1}},{"uid":"e33a87eeb35c0cff","reportUrl":"https://malashko-kristina.github.io/teamcity-testing-framework/api/29//#testresult/e33a87eeb35c0cff","status":"skipped","statusDetails":"null: Temporary failure in name resolution","time":{"start":1732533347146,"stop":1732533347146,"duration":0}},{"uid":"be9f947e24ae7ae0","reportUrl":"https://malashko-kristina.github.io/teamcity-testing-framework/api/28//#testresult/be9f947e24ae7ae0","status":"skipped","statusDetails":"Connection timed out","time":{"start":1732491662493,"stop":1732491662494,"duration":1}},{"uid":"4e83d3b63068129e","reportUrl":"https://malashko-kristina.github.io/teamcity-testing-framework/api/27//#testresult/4e83d3b63068129e","status":"skipped","statusDetails":"1 expectation failed.\nExpected status code <200> but was <503>.\n","time":{"start":1732490681863,"stop":1732490681863,"duration":0}},{"uid":"27e72c108a5e2d4","reportUrl":"https://malashko-kristina.github.io/teamcity-testing-framework/api/26//#testresult/27e72c108a5e2d4","status":"skipped","statusDetails":"1 expectation failed.\nExpected status code <200> but was <503>.\n","time":{"start":1732490302022,"stop":1732490302023,"duration":1}},{"uid":"185bcfb0da809f2d","reportUrl":"https://malashko-kristina.github.io/teamcity-testing-framework/api/22//#testresult/185bcfb0da809f2d","status":"skipped","statusDetails":"1 expectation failed.\nExpected status code <200> but was <503>.\n","time":{"start":1732404426515,"stop":1732404426516,"duration":1}}]},"tags":[]},"source":"d91847261049e471.json","parameterValues":[]}