{"uid":"db48d10476e4b24d","name":"User should be able to create a project if id includes latin letters, digits","fullName":"com.example.teamcity.api.ProjectTest.userCreatesProjectWithIdLIncludesDigitsLatinLettersTest","historyId":"557c666895d792e0635686d908d13754","time":{"start":1732745646214,"stop":1732745646215,"duration":1},"status":"skipped","statusMessage":"Cannot generate a test data","statusTrace":"java.lang.IllegalStateException: Cannot generate a test data\n\tat com.example.teamcity.api.generators.TestDataGenerator.generate(TestDataGenerator.java:106)\n\tat com.example.teamcity.BaseTest.beforeTest(BaseTest.java:22)\n\tat java.base/jdk.internal.reflect.NativeMethodAccessorImpl.invoke0(Native Method)\n\tat java.base/jdk.internal.reflect.NativeMethodAccessorImpl.invoke(NativeMethodAccessorImpl.java:77)\n\tat java.base/jdk.internal.reflect.DelegatingMethodAccessorImpl.invoke(DelegatingMethodAccessorImpl.java:43)\n\tat java.base/java.lang.reflect.Method.invoke(Method.java:569)\n\tat org.testng.internal.invokers.MethodInvocationHelper.invokeMethod(MethodInvocationHelper.java:139)\n\tat org.testng.internal.invokers.MethodInvocationHelper.invokeMethodConsideringTimeout(MethodInvocationHelper.java:69)\n\tat org.testng.internal.invokers.ConfigInvoker.invokeConfigurationMethod(ConfigInvoker.java:361)\n\tat org.testng.internal.invokers.ConfigInvoker.invokeConfigurations(ConfigInvoker.java:296)\n\tat org.testng.internal.invokers.TestInvoker.runConfigMethods(TestInvoker.java:823)\n\tat org.testng.internal.invokers.TestInvoker.invokeMethod(TestInvoker.java:590)\n\tat org.testng.internal.invokers.TestInvoker.invokeTestMethod(TestInvoker.java:221)\n\tat org.testng.internal.invokers.MethodRunner.runInSequence(MethodRunner.java:50)\n\tat org.testng.internal.invokers.TestInvoker$MethodInvocationAgent.invoke(TestInvoker.java:969)\n\tat org.testng.internal.invokers.TestInvoker.invokeTestMethods(TestInvoker.java:194)\n\tat org.testng.internal.invokers.TestMethodWorker.invokeTestMethods(TestMethodWorker.java:148)\n\tat org.testng.internal.invokers.TestMethodWorker.run(TestMethodWorker.java:128)\n\tat java.base/java.util.ArrayList.forEach(ArrayList.java:1511)\n\tat org.testng.TestRunner.privateRun(TestRunner.java:829)\n\tat org.testng.TestRunner.run(TestRunner.java:602)\n\tat org.testng.SuiteRunner.runTest(SuiteRunner.java:437)\n\tat org.testng.SuiteRunner.runSequentially(SuiteRunner.java:431)\n\tat org.testng.SuiteRunner.privateRun(SuiteRunner.java:391)\n\tat org.testng.SuiteRunner.run(SuiteRunner.java:330)\n\tat org.testng.SuiteRunnerWorker.runSuite(SuiteRunnerWorker.java:52)\n\tat org.testng.SuiteRunnerWorker.run(SuiteRunnerWorker.java:95)\n\tat org.testng.TestNG.runSuitesSequentially(TestNG.java:1256)\n\tat org.testng.TestNG.runSuitesLocally(TestNG.java:1176)\n\tat org.testng.TestNG.runSuites(TestNG.java:1099)\n\tat org.testng.TestNG.run(TestNG.java:1067)\n\tat org.apache.maven.surefire.testng.TestNGExecutor.run(TestNGExecutor.java:135)\n\tat org.apache.maven.surefire.testng.TestNGDirectoryTestSuite.executeMulti(TestNGDirectoryTestSuite.java:193)\n\tat org.apache.maven.surefire.testng.TestNGDirectoryTestSuite.execute(TestNGDirectoryTestSuite.java:94)\n\tat org.apache.maven.surefire.testng.TestNGProvider.invoke(TestNGProvider.java:146)\n\tat org.apache.maven.surefire.booter.ForkedBooter.invokeProviderInSameClassLoader(ForkedBooter.java:384)\n\tat org.apache.maven.surefire.booter.ForkedBooter.runSuitesInProcess(ForkedBooter.java:345)\n\tat org.apache.maven.surefire.booter.ForkedBooter.execute(ForkedBooter.java:126)\n\tat org.apache.maven.surefire.booter.ForkedBooter.main(ForkedBooter.java:418)\nCaused by: java.lang.NoSuchMethodException: com.example.teamcity.api.models.TestData.<init>()\n\tat java.base/java.lang.Class.getConstructor0(Class.java:3585)\n\tat java.base/java.lang.Class.getDeclaredConstructor(Class.java:2754)\n\tat com.example.teamcity.api.generators.TestDataGenerator.generate(TestDataGenerator.java:91)\n\t... 38 more\n","flaky":false,"newFailed":false,"newBroken":false,"newPassed":false,"retriesCount":0,"retriesStatusChange":false,"beforeStages":[{"name":"beforeTest","time":{"start":1732745646212,"stop":1732745646212,"duration":0},"description":"","status":"broken","statusMessage":"Cannot generate a test data","statusTrace":"java.lang.IllegalStateException: Cannot generate a test data\n\tat com.example.teamcity.api.generators.TestDataGenerator.generate(TestDataGenerator.java:106)\n\tat com.example.teamcity.BaseTest.beforeTest(BaseTest.java:22)\n\tat jdk.internal.reflect.GeneratedMethodAccessor71.invoke(Unknown Source)\n\tat java.base/jdk.internal.reflect.DelegatingMethodAccessorImpl.invoke(DelegatingMethodAccessorImpl.java:43)\n\tat java.base/java.lang.reflect.Method.invoke(Method.java:569)\n\tat org.testng.internal.invokers.MethodInvocationHelper.invokeMethod(MethodInvocationHelper.java:139)\n\tat org.testng.internal.invokers.MethodInvocationHelper.invokeMethodConsideringTimeout(MethodInvocationHelper.java:69)\n\tat org.testng.internal.invokers.ConfigInvoker.invokeConfigurationMethod(ConfigInvoker.java:361)\n\tat org.testng.internal.invokers.ConfigInvoker.invokeConfigurations(ConfigInvoker.java:296)\n\tat org.testng.internal.invokers.TestInvoker.runConfigMethods(TestInvoker.java:823)\n\tat org.testng.internal.invokers.TestInvoker.invokeMethod(TestInvoker.java:590)\n\tat org.testng.internal.invokers.TestInvoker.invokeTestMethod(TestInvoker.java:221)\n\tat org.testng.internal.invokers.MethodRunner.runInSequence(MethodRunner.java:50)\n\tat org.testng.internal.invokers.TestInvoker$MethodInvocationAgent.invoke(TestInvoker.java:969)\n\tat org.testng.internal.invokers.TestInvoker.invokeTestMethods(TestInvoker.java:194)\n\tat org.testng.internal.invokers.TestMethodWorker.invokeTestMethods(TestMethodWorker.java:148)\n\tat org.testng.internal.invokers.TestMethodWorker.run(TestMethodWorker.java:128)\n\tat java.base/java.util.ArrayList.forEach(ArrayList.java:1511)\n\tat org.testng.TestRunner.privateRun(TestRunner.java:829)\n\tat org.testng.TestRunner.run(TestRunner.java:602)\n\tat org.testng.SuiteRunner.runTest(SuiteRunner.java:437)\n\tat org.testng.SuiteRunner.runSequentially(SuiteRunner.java:431)\n\tat org.testng.SuiteRunner.privateRun(SuiteRunner.java:391)\n\tat org.testng.SuiteRunner.run(SuiteRunner.java:330)\n\tat org.testng.SuiteRunnerWorker.runSuite(SuiteRunnerWorker.java:52)\n\tat org.testng.SuiteRunnerWorker.run(SuiteRunnerWorker.java:95)\n\tat org.testng.TestNG.runSuitesSequentially(TestNG.java:1256)\n\tat org.testng.TestNG.runSuitesLocally(TestNG.java:1176)\n\tat org.testng.TestNG.runSuites(TestNG.java:1099)\n\tat org.testng.TestNG.run(TestNG.java:1067)\n\tat org.apache.maven.surefire.testng.TestNGExecutor.run(TestNGExecutor.java:135)\n\tat org.apache.maven.surefire.testng.TestNGDirectoryTestSuite.executeMulti(TestNGDirectoryTestSuite.java:193)\n\tat org.apache.maven.surefire.testng.TestNGDirectoryTestSuite.execute(TestNGDirectoryTestSuite.java:94)\n\tat org.apache.maven.surefire.testng.TestNGProvider.invoke(TestNGProvider.java:146)\n\tat org.apache.maven.surefire.booter.ForkedBooter.invokeProviderInSameClassLoader(ForkedBooter.java:384)\n\tat org.apache.maven.surefire.booter.ForkedBooter.runSuitesInProcess(ForkedBooter.java:345)\n\tat org.apache.maven.surefire.booter.ForkedBooter.execute(ForkedBooter.java:126)\n\tat org.apache.maven.surefire.booter.ForkedBooter.main(ForkedBooter.java:418)\nCaused by: java.lang.NoSuchMethodException: com.example.teamcity.api.models.TestData.<init>()\n\tat java.base/java.lang.Class.getConstructor0(Class.java:3585)\n\tat java.base/java.lang.Class.getDeclaredConstructor(Class.java:2754)\n\tat com.example.teamcity.api.generators.TestDataGenerator.generate(TestDataGenerator.java:91)\n\t... 37 more\n","steps":[],"attachments":[],"parameters":[],"shouldDisplayMessage":true,"stepsCount":0,"attachmentsCount":0,"hasContent":true}],"afterStages":[{"name":"afterTest","time":{"start":1732745646215,"stop":1732745646215,"duration":0},"description":"","status":"passed","steps":[],"attachments":[],"parameters":[],"shouldDisplayMessage":false,"stepsCount":0,"attachmentsCount":0,"hasContent":false}],"labels":[{"name":"package","value":"com.example.teamcity.api.ProjectTest"},{"name":"testClass","value":"com.example.teamcity.api.ProjectTest"},{"name":"testMethod","value":"userCreatesProjectWithIdLIncludesDigitsLatinLettersTest"},{"name":"parentSuite","value":"Surefire suite"},{"name":"suite","value":"Surefire test"},{"name":"subSuite","value":"com.example.teamcity.api.ProjectTest"},{"name":"host","value":"fv-az801-978"},{"name":"thread","value":"3618@fv-az801-978.main(1)"},{"name":"framework","value":"testng"},{"name":"language","value":"java"},{"name":"resultFormat","value":"allure2"}],"parameters":[],"links":[],"hidden":false,"retry":false,"extra":{"severity":"normal","retries":[],"categories":[],"history":{"statistic":{"failed":0,"broken":0,"skipped":11,"passed":8,"unknown":0,"total":19},"items":[{"uid":"d9e83783a94c5af0","reportUrl":"https://malashko-kristina.github.io/teamcity-testing-framework/api/47//#testresult/d9e83783a94c5af0","status":"passed","time":{"start":1732712840637,"stop":1732712840970,"duration":333}},{"uid":"d54904963cfd9f24","reportUrl":"https://malashko-kristina.github.io/teamcity-testing-framework/api/46//#testresult/d54904963cfd9f24","status":"passed","time":{"start":1732665358010,"stop":1732665358285,"duration":275}},{"uid":"fd22a5e52b39b2fe","reportUrl":"https://malashko-kristina.github.io/teamcity-testing-framework/api/45//#testresult/fd22a5e52b39b2fe","status":"passed","time":{"start":1732664544200,"stop":1732664544452,"duration":252}},{"uid":"c1aa148d47b200c6","reportUrl":"https://malashko-kristina.github.io/teamcity-testing-framework/api/44//#testresult/c1aa148d47b200c6","status":"passed","time":{"start":1732662804782,"stop":1732662805114,"duration":332}},{"uid":"1f043c08d11c9c0c","reportUrl":"https://malashko-kristina.github.io/teamcity-testing-framework/api/43//#testresult/1f043c08d11c9c0c","status":"passed","time":{"start":1732661922879,"stop":1732661923244,"duration":365}},{"uid":"6679c07e2764de6b","reportUrl":"https://malashko-kristina.github.io/teamcity-testing-framework/api/42//#testresult/6679c07e2764de6b","status":"passed","time":{"start":1732660880447,"stop":1732660880732,"duration":285}},{"uid":"8eae02aa824e155a","reportUrl":"https://malashko-kristina.github.io/teamcity-testing-framework/api/41//#testresult/8eae02aa824e155a","status":"passed","time":{"start":1732574684393,"stop":1732574684625,"duration":232}},{"uid":"ddeff1a45611c700","reportUrl":"https://malashko-kristina.github.io/teamcity-testing-framework/api/40//#testresult/ddeff1a45611c700","status":"passed","time":{"start":1732572429863,"stop":1732572430153,"duration":290}},{"uid":"97cfb310c3e62217","reportUrl":"https://malashko-kristina.github.io/teamcity-testing-framework/api/39//#testresult/97cfb310c3e62217","status":"skipped","statusDetails":"null: Temporary failure in name resolution","time":{"start":1732570204487,"stop":1732570204487,"duration":0}},{"uid":"7146b9e175d7d005","reportUrl":"https://malashko-kristina.github.io/teamcity-testing-framework/api/37//#testresult/7146b9e175d7d005","status":"skipped","statusDetails":"null: Temporary failure in name resolution","time":{"start":1732550587596,"stop":1732550587596,"duration":0}},{"uid":"3a00dbf17fac120f","reportUrl":"https://malashko-kristina.github.io/teamcity-testing-framework/api/35//#testresult/3a00dbf17fac120f","status":"skipped","statusDetails":"Connection timed out","time":{"start":1732549757257,"stop":1732549757257,"duration":0}},{"uid":"8a03c44311b567f8","reportUrl":"https://malashko-kristina.github.io/teamcity-testing-framework/api/34//#testresult/8a03c44311b567f8","status":"skipped","statusDetails":"null: Temporary failure in name resolution","time":{"start":1732549031670,"stop":1732549031670,"duration":0}},{"uid":"110e59ef7d807509","reportUrl":"https://malashko-kristina.github.io/teamcity-testing-framework/api/32//#testresult/110e59ef7d807509","status":"skipped","statusDetails":"Connection timed out","time":{"start":1732547860941,"stop":1732547860941,"duration":0}},{"uid":"63b6d1ddb838d259","reportUrl":"https://malashko-kristina.github.io/teamcity-testing-framework/api/29//#testresult/63b6d1ddb838d259","status":"skipped","statusDetails":"null: Temporary failure in name resolution","time":{"start":1732533347139,"stop":1732533347139,"duration":0}},{"uid":"2539575444b2b2f","reportUrl":"https://malashko-kristina.github.io/teamcity-testing-framework/api/28//#testresult/2539575444b2b2f","status":"skipped","statusDetails":"Connection timed out","time":{"start":1732491662485,"stop":1732491662485,"duration":0}},{"uid":"4d8d5102bdff6937","reportUrl":"https://malashko-kristina.github.io/teamcity-testing-framework/api/27//#testresult/4d8d5102bdff6937","status":"skipped","statusDetails":"1 expectation failed.\nExpected status code <200> but was <503>.\n","time":{"start":1732490681852,"stop":1732490681852,"duration":0}},{"uid":"5c63067eb85ff957","reportUrl":"https://malashko-kristina.github.io/teamcity-testing-framework/api/26//#testresult/5c63067eb85ff957","status":"skipped","statusDetails":"1 expectation failed.\nExpected status code <200> but was <503>.\n","time":{"start":1732490302009,"stop":1732490302009,"duration":0}},{"uid":"24946eb067ec62f","reportUrl":"https://malashko-kristina.github.io/teamcity-testing-framework/api/22//#testresult/24946eb067ec62f","status":"skipped","statusDetails":"1 expectation failed.\nExpected status code <200> but was <503>.\n","time":{"start":1732404426510,"stop":1732404426510,"duration":0}}]},"tags":[]},"source":"db48d10476e4b24d.json","parameterValues":[]}