{"uid":"efb232c1b74cef0","name":"User should be able to create a project if id includes repeating symbols","fullName":"com.example.teamcity.api.ProjectTest.userCreatesProjectWithIdIncludesRepeatingSymbolsTest","historyId":"c17c898223500baaf393d300e7e87175","time":{"start":1732745646206,"stop":1732745646206,"duration":0},"status":"skipped","statusMessage":"Cannot generate a test data","statusTrace":"java.lang.IllegalStateException: Cannot generate a test data\n\tat com.example.teamcity.api.generators.TestDataGenerator.generate(TestDataGenerator.java:106)\n\tat com.example.teamcity.BaseTest.beforeTest(BaseTest.java:22)\n\tat java.base/jdk.internal.reflect.NativeMethodAccessorImpl.invoke0(Native Method)\n\tat java.base/jdk.internal.reflect.NativeMethodAccessorImpl.invoke(NativeMethodAccessorImpl.java:77)\n\tat java.base/jdk.internal.reflect.DelegatingMethodAccessorImpl.invoke(DelegatingMethodAccessorImpl.java:43)\n\tat java.base/java.lang.reflect.Method.invoke(Method.java:569)\n\tat org.testng.internal.invokers.MethodInvocationHelper.invokeMethod(MethodInvocationHelper.java:139)\n\tat org.testng.internal.invokers.MethodInvocationHelper.invokeMethodConsideringTimeout(MethodInvocationHelper.java:69)\n\tat org.testng.internal.invokers.ConfigInvoker.invokeConfigurationMethod(ConfigInvoker.java:361)\n\tat org.testng.internal.invokers.ConfigInvoker.invokeConfigurations(ConfigInvoker.java:296)\n\tat org.testng.internal.invokers.TestInvoker.runConfigMethods(TestInvoker.java:823)\n\tat org.testng.internal.invokers.TestInvoker.invokeMethod(TestInvoker.java:590)\n\tat org.testng.internal.invokers.TestInvoker.invokeTestMethod(TestInvoker.java:221)\n\tat org.testng.internal.invokers.MethodRunner.runInSequence(MethodRunner.java:50)\n\tat org.testng.internal.invokers.TestInvoker$MethodInvocationAgent.invoke(TestInvoker.java:969)\n\tat org.testng.internal.invokers.TestInvoker.invokeTestMethods(TestInvoker.java:194)\n\tat org.testng.internal.invokers.TestMethodWorker.invokeTestMethods(TestMethodWorker.java:148)\n\tat org.testng.internal.invokers.TestMethodWorker.run(TestMethodWorker.java:128)\n\tat java.base/java.util.ArrayList.forEach(ArrayList.java:1511)\n\tat org.testng.TestRunner.privateRun(TestRunner.java:829)\n\tat org.testng.TestRunner.run(TestRunner.java:602)\n\tat org.testng.SuiteRunner.runTest(SuiteRunner.java:437)\n\tat org.testng.SuiteRunner.runSequentially(SuiteRunner.java:431)\n\tat org.testng.SuiteRunner.privateRun(SuiteRunner.java:391)\n\tat org.testng.SuiteRunner.run(SuiteRunner.java:330)\n\tat org.testng.SuiteRunnerWorker.runSuite(SuiteRunnerWorker.java:52)\n\tat org.testng.SuiteRunnerWorker.run(SuiteRunnerWorker.java:95)\n\tat org.testng.TestNG.runSuitesSequentially(TestNG.java:1256)\n\tat org.testng.TestNG.runSuitesLocally(TestNG.java:1176)\n\tat org.testng.TestNG.runSuites(TestNG.java:1099)\n\tat org.testng.TestNG.run(TestNG.java:1067)\n\tat org.apache.maven.surefire.testng.TestNGExecutor.run(TestNGExecutor.java:135)\n\tat org.apache.maven.surefire.testng.TestNGDirectoryTestSuite.executeMulti(TestNGDirectoryTestSuite.java:193)\n\tat org.apache.maven.surefire.testng.TestNGDirectoryTestSuite.execute(TestNGDirectoryTestSuite.java:94)\n\tat org.apache.maven.surefire.testng.TestNGProvider.invoke(TestNGProvider.java:146)\n\tat org.apache.maven.surefire.booter.ForkedBooter.invokeProviderInSameClassLoader(ForkedBooter.java:384)\n\tat org.apache.maven.surefire.booter.ForkedBooter.runSuitesInProcess(ForkedBooter.java:345)\n\tat org.apache.maven.surefire.booter.ForkedBooter.execute(ForkedBooter.java:126)\n\tat org.apache.maven.surefire.booter.ForkedBooter.main(ForkedBooter.java:418)\nCaused by: java.lang.NoSuchMethodException: com.example.teamcity.api.models.TestData.<init>()\n\tat java.base/java.lang.Class.getConstructor0(Class.java:3585)\n\tat java.base/java.lang.Class.getDeclaredConstructor(Class.java:2754)\n\tat com.example.teamcity.api.generators.TestDataGenerator.generate(TestDataGenerator.java:91)\n\t... 38 more\n","flaky":false,"newFailed":false,"newBroken":false,"newPassed":false,"retriesCount":0,"retriesStatusChange":false,"beforeStages":[{"name":"beforeTest","time":{"start":1732745646202,"stop":1732745646203,"duration":1},"description":"","status":"broken","statusMessage":"Cannot generate a test data","statusTrace":"java.lang.IllegalStateException: Cannot generate a test data\n\tat com.example.teamcity.api.generators.TestDataGenerator.generate(TestDataGenerator.java:106)\n\tat com.example.teamcity.BaseTest.beforeTest(BaseTest.java:22)\n\tat java.base/jdk.internal.reflect.NativeMethodAccessorImpl.invoke0(Native Method)\n\tat java.base/jdk.internal.reflect.NativeMethodAccessorImpl.invoke(NativeMethodAccessorImpl.java:77)\n\tat java.base/jdk.internal.reflect.DelegatingMethodAccessorImpl.invoke(DelegatingMethodAccessorImpl.java:43)\n\tat java.base/java.lang.reflect.Method.invoke(Method.java:569)\n\tat org.testng.internal.invokers.MethodInvocationHelper.invokeMethod(MethodInvocationHelper.java:139)\n\tat org.testng.internal.invokers.MethodInvocationHelper.invokeMethodConsideringTimeout(MethodInvocationHelper.java:69)\n\tat org.testng.internal.invokers.ConfigInvoker.invokeConfigurationMethod(ConfigInvoker.java:361)\n\tat org.testng.internal.invokers.ConfigInvoker.invokeConfigurations(ConfigInvoker.java:296)\n\tat org.testng.internal.invokers.TestInvoker.runConfigMethods(TestInvoker.java:823)\n\tat org.testng.internal.invokers.TestInvoker.invokeMethod(TestInvoker.java:590)\n\tat org.testng.internal.invokers.TestInvoker.invokeTestMethod(TestInvoker.java:221)\n\tat org.testng.internal.invokers.MethodRunner.runInSequence(MethodRunner.java:50)\n\tat org.testng.internal.invokers.TestInvoker$MethodInvocationAgent.invoke(TestInvoker.java:969)\n\tat org.testng.internal.invokers.TestInvoker.invokeTestMethods(TestInvoker.java:194)\n\tat org.testng.internal.invokers.TestMethodWorker.invokeTestMethods(TestMethodWorker.java:148)\n\tat org.testng.internal.invokers.TestMethodWorker.run(TestMethodWorker.java:128)\n\tat java.base/java.util.ArrayList.forEach(ArrayList.java:1511)\n\tat org.testng.TestRunner.privateRun(TestRunner.java:829)\n\tat org.testng.TestRunner.run(TestRunner.java:602)\n\tat org.testng.SuiteRunner.runTest(SuiteRunner.java:437)\n\tat org.testng.SuiteRunner.runSequentially(SuiteRunner.java:431)\n\tat org.testng.SuiteRunner.privateRun(SuiteRunner.java:391)\n\tat org.testng.SuiteRunner.run(SuiteRunner.java:330)\n\tat org.testng.SuiteRunnerWorker.runSuite(SuiteRunnerWorker.java:52)\n\tat org.testng.SuiteRunnerWorker.run(SuiteRunnerWorker.java:95)\n\tat org.testng.TestNG.runSuitesSequentially(TestNG.java:1256)\n\tat org.testng.TestNG.runSuitesLocally(TestNG.java:1176)\n\tat org.testng.TestNG.runSuites(TestNG.java:1099)\n\tat org.testng.TestNG.run(TestNG.java:1067)\n\tat org.apache.maven.surefire.testng.TestNGExecutor.run(TestNGExecutor.java:135)\n\tat org.apache.maven.surefire.testng.TestNGDirectoryTestSuite.executeMulti(TestNGDirectoryTestSuite.java:193)\n\tat org.apache.maven.surefire.testng.TestNGDirectoryTestSuite.execute(TestNGDirectoryTestSuite.java:94)\n\tat org.apache.maven.surefire.testng.TestNGProvider.invoke(TestNGProvider.java:146)\n\tat org.apache.maven.surefire.booter.ForkedBooter.invokeProviderInSameClassLoader(ForkedBooter.java:384)\n\tat org.apache.maven.surefire.booter.ForkedBooter.runSuitesInProcess(ForkedBooter.java:345)\n\tat org.apache.maven.surefire.booter.ForkedBooter.execute(ForkedBooter.java:126)\n\tat org.apache.maven.surefire.booter.ForkedBooter.main(ForkedBooter.java:418)\nCaused by: java.lang.NoSuchMethodException: com.example.teamcity.api.models.TestData.<init>()\n\tat java.base/java.lang.Class.getConstructor0(Class.java:3585)\n\tat java.base/java.lang.Class.getDeclaredConstructor(Class.java:2754)\n\tat com.example.teamcity.api.generators.TestDataGenerator.generate(TestDataGenerator.java:91)\n\t... 38 more\n","steps":[],"attachments":[],"parameters":[],"shouldDisplayMessage":true,"stepsCount":0,"attachmentsCount":0,"hasContent":true}],"afterStages":[{"name":"afterTest","time":{"start":1732745646206,"stop":1732745646207,"duration":1},"description":"","status":"passed","steps":[],"attachments":[],"parameters":[],"shouldDisplayMessage":false,"stepsCount":0,"attachmentsCount":0,"hasContent":false}],"labels":[{"name":"package","value":"com.example.teamcity.api.ProjectTest"},{"name":"testClass","value":"com.example.teamcity.api.ProjectTest"},{"name":"testMethod","value":"userCreatesProjectWithIdIncludesRepeatingSymbolsTest"},{"name":"parentSuite","value":"Surefire suite"},{"name":"suite","value":"Surefire test"},{"name":"subSuite","value":"com.example.teamcity.api.ProjectTest"},{"name":"host","value":"fv-az801-978"},{"name":"thread","value":"3618@fv-az801-978.main(1)"},{"name":"framework","value":"testng"},{"name":"language","value":"java"},{"name":"resultFormat","value":"allure2"}],"parameters":[],"links":[],"hidden":false,"retry":false,"extra":{"severity":"normal","retries":[],"categories":[],"history":{"statistic":{"failed":0,"broken":0,"skipped":11,"passed":8,"unknown":0,"total":19},"items":[{"uid":"14aaefec02c83689","reportUrl":"https://malashko-kristina.github.io/teamcity-testing-framework/api/47//#testresult/14aaefec02c83689","status":"passed","time":{"start":1732712840145,"stop":1732712840334,"duration":189}},{"uid":"81cffbf19a0f78ee","reportUrl":"https://malashko-kristina.github.io/teamcity-testing-framework/api/46//#testresult/81cffbf19a0f78ee","status":"passed","time":{"start":1732665357265,"stop":1732665357580,"duration":315}},{"uid":"41ff031561beb686","reportUrl":"https://malashko-kristina.github.io/teamcity-testing-framework/api/45//#testresult/41ff031561beb686","status":"passed","time":{"start":1732664543453,"stop":1732664543731,"duration":278}},{"uid":"1800e99803f545e4","reportUrl":"https://malashko-kristina.github.io/teamcity-testing-framework/api/44//#testresult/1800e99803f545e4","status":"passed","time":{"start":1732662804117,"stop":1732662804445,"duration":328}},{"uid":"197b213ea6807de","reportUrl":"https://malashko-kristina.github.io/teamcity-testing-framework/api/43//#testresult/197b213ea6807de","status":"passed","time":{"start":1732661922196,"stop":1732661922489,"duration":293}},{"uid":"fb169ca36233ffd7","reportUrl":"https://malashko-kristina.github.io/teamcity-testing-framework/api/42//#testresult/fb169ca36233ffd7","status":"passed","time":{"start":1732660879854,"stop":1732660880125,"duration":271}},{"uid":"298c069478cc0736","reportUrl":"https://malashko-kristina.github.io/teamcity-testing-framework/api/41//#testresult/298c069478cc0736","status":"passed","time":{"start":1732574683808,"stop":1732574684068,"duration":260}},{"uid":"7817b7b48e19cda6","reportUrl":"https://malashko-kristina.github.io/teamcity-testing-framework/api/40//#testresult/7817b7b48e19cda6","status":"passed","time":{"start":1732572429190,"stop":1732572429482,"duration":292}},{"uid":"7002d4dbf7eb69d3","reportUrl":"https://malashko-kristina.github.io/teamcity-testing-framework/api/39//#testresult/7002d4dbf7eb69d3","status":"skipped","statusDetails":"null: Temporary failure in name resolution","time":{"start":1732570204479,"stop":1732570204479,"duration":0}},{"uid":"2a4d8ab3f7a70082","reportUrl":"https://malashko-kristina.github.io/teamcity-testing-framework/api/37//#testresult/2a4d8ab3f7a70082","status":"skipped","statusDetails":"null: Temporary failure in name resolution","time":{"start":1732550587587,"stop":1732550587587,"duration":0}},{"uid":"3cd258a5919d438b","reportUrl":"https://malashko-kristina.github.io/teamcity-testing-framework/api/35//#testresult/3cd258a5919d438b","status":"skipped","statusDetails":"Connection timed out","time":{"start":1732549757250,"stop":1732549757250,"duration":0}},{"uid":"f2b5cfe4c221e973","reportUrl":"https://malashko-kristina.github.io/teamcity-testing-framework/api/34//#testresult/f2b5cfe4c221e973","status":"skipped","statusDetails":"null: Temporary failure in name resolution","time":{"start":1732549031661,"stop":1732549031661,"duration":0}},{"uid":"17d6a82b5076890e","reportUrl":"https://malashko-kristina.github.io/teamcity-testing-framework/api/32//#testresult/17d6a82b5076890e","status":"skipped","statusDetails":"Connection timed out","time":{"start":1732547860932,"stop":1732547860933,"duration":1}},{"uid":"7ef98856a5e7b72b","reportUrl":"https://malashko-kristina.github.io/teamcity-testing-framework/api/29//#testresult/7ef98856a5e7b72b","status":"skipped","statusDetails":"null: Temporary failure in name resolution","time":{"start":1732533347131,"stop":1732533347131,"duration":0}},{"uid":"2d6ed8077f27bda5","reportUrl":"https://malashko-kristina.github.io/teamcity-testing-framework/api/28//#testresult/2d6ed8077f27bda5","status":"skipped","statusDetails":"Connection timed out","time":{"start":1732491662475,"stop":1732491662475,"duration":0}},{"uid":"cb0016585dc99478","reportUrl":"https://malashko-kristina.github.io/teamcity-testing-framework/api/27//#testresult/cb0016585dc99478","status":"skipped","statusDetails":"1 expectation failed.\nExpected status code <200> but was <503>.\n","time":{"start":1732490681840,"stop":1732490681840,"duration":0}},{"uid":"24553ac9065a107b","reportUrl":"https://malashko-kristina.github.io/teamcity-testing-framework/api/26//#testresult/24553ac9065a107b","status":"skipped","statusDetails":"1 expectation failed.\nExpected status code <200> but was <503>.\n","time":{"start":1732490301999,"stop":1732490301999,"duration":0}},{"uid":"c8e30c5b455d0870","reportUrl":"https://malashko-kristina.github.io/teamcity-testing-framework/api/22//#testresult/c8e30c5b455d0870","status":"skipped","statusDetails":"1 expectation failed.\nExpected status code <200> but was <503>.\n","time":{"start":1732404426503,"stop":1732404426503,"duration":0}}]},"tags":[]},"source":"efb232c1b74cef0.json","parameterValues":[]}