{"uid":"f1b17aedf7a60d8e","name":"User should not be able to create 2 projects with the same id","fullName":"com.example.teamcity.api.ProjectTest.userCreatesProjectWithTheSameIdTest","historyId":"35ef2bb9e132334a48c1be8c02c1c132","time":{"start":1732745646252,"stop":1732745646252,"duration":0},"status":"skipped","statusMessage":"Cannot generate a test data","statusTrace":"java.lang.IllegalStateException: Cannot generate a test data\n\tat com.example.teamcity.api.generators.TestDataGenerator.generate(TestDataGenerator.java:106)\n\tat com.example.teamcity.BaseTest.beforeTest(BaseTest.java:22)\n\tat java.base/jdk.internal.reflect.NativeMethodAccessorImpl.invoke0(Native Method)\n\tat java.base/jdk.internal.reflect.NativeMethodAccessorImpl.invoke(NativeMethodAccessorImpl.java:77)\n\tat java.base/jdk.internal.reflect.DelegatingMethodAccessorImpl.invoke(DelegatingMethodAccessorImpl.java:43)\n\tat java.base/java.lang.reflect.Method.invoke(Method.java:569)\n\tat org.testng.internal.invokers.MethodInvocationHelper.invokeMethod(MethodInvocationHelper.java:139)\n\tat org.testng.internal.invokers.MethodInvocationHelper.invokeMethodConsideringTimeout(MethodInvocationHelper.java:69)\n\tat org.testng.internal.invokers.ConfigInvoker.invokeConfigurationMethod(ConfigInvoker.java:361)\n\tat org.testng.internal.invokers.ConfigInvoker.invokeConfigurations(ConfigInvoker.java:296)\n\tat org.testng.internal.invokers.TestInvoker.runConfigMethods(TestInvoker.java:823)\n\tat org.testng.internal.invokers.TestInvoker.invokeMethod(TestInvoker.java:590)\n\tat org.testng.internal.invokers.TestInvoker.invokeTestMethod(TestInvoker.java:221)\n\tat org.testng.internal.invokers.MethodRunner.runInSequence(MethodRunner.java:50)\n\tat org.testng.internal.invokers.TestInvoker$MethodInvocationAgent.invoke(TestInvoker.java:969)\n\tat org.testng.internal.invokers.TestInvoker.invokeTestMethods(TestInvoker.java:194)\n\tat org.testng.internal.invokers.TestMethodWorker.invokeTestMethods(TestMethodWorker.java:148)\n\tat org.testng.internal.invokers.TestMethodWorker.run(TestMethodWorker.java:128)\n\tat java.base/java.util.ArrayList.forEach(ArrayList.java:1511)\n\tat org.testng.TestRunner.privateRun(TestRunner.java:829)\n\tat org.testng.TestRunner.run(TestRunner.java:602)\n\tat org.testng.SuiteRunner.runTest(SuiteRunner.java:437)\n\tat org.testng.SuiteRunner.runSequentially(SuiteRunner.java:431)\n\tat org.testng.SuiteRunner.privateRun(SuiteRunner.java:391)\n\tat org.testng.SuiteRunner.run(SuiteRunner.java:330)\n\tat org.testng.SuiteRunnerWorker.runSuite(SuiteRunnerWorker.java:52)\n\tat org.testng.SuiteRunnerWorker.run(SuiteRunnerWorker.java:95)\n\tat org.testng.TestNG.runSuitesSequentially(TestNG.java:1256)\n\tat org.testng.TestNG.runSuitesLocally(TestNG.java:1176)\n\tat org.testng.TestNG.runSuites(TestNG.java:1099)\n\tat org.testng.TestNG.run(TestNG.java:1067)\n\tat org.apache.maven.surefire.testng.TestNGExecutor.run(TestNGExecutor.java:135)\n\tat org.apache.maven.surefire.testng.TestNGDirectoryTestSuite.executeMulti(TestNGDirectoryTestSuite.java:193)\n\tat org.apache.maven.surefire.testng.TestNGDirectoryTestSuite.execute(TestNGDirectoryTestSuite.java:94)\n\tat org.apache.maven.surefire.testng.TestNGProvider.invoke(TestNGProvider.java:146)\n\tat org.apache.maven.surefire.booter.ForkedBooter.invokeProviderInSameClassLoader(ForkedBooter.java:384)\n\tat org.apache.maven.surefire.booter.ForkedBooter.runSuitesInProcess(ForkedBooter.java:345)\n\tat org.apache.maven.surefire.booter.ForkedBooter.execute(ForkedBooter.java:126)\n\tat org.apache.maven.surefire.booter.ForkedBooter.main(ForkedBooter.java:418)\nCaused by: java.lang.NoSuchMethodException: com.example.teamcity.api.models.TestData.<init>()\n\tat java.base/java.lang.Class.getConstructor0(Class.java:3585)\n\tat java.base/java.lang.Class.getDeclaredConstructor(Class.java:2754)\n\tat com.example.teamcity.api.generators.TestDataGenerator.generate(TestDataGenerator.java:91)\n\t... 38 more\n","flaky":false,"newFailed":false,"newBroken":false,"newPassed":false,"retriesCount":0,"retriesStatusChange":false,"beforeStages":[{"name":"beforeTest","time":{"start":1732745646250,"stop":1732745646250,"duration":0},"description":"","status":"broken","statusMessage":"Cannot generate a test data","statusTrace":"java.lang.IllegalStateException: Cannot generate a test data\n\tat com.example.teamcity.api.generators.TestDataGenerator.generate(TestDataGenerator.java:106)\n\tat com.example.teamcity.BaseTest.beforeTest(BaseTest.java:22)\n\tat jdk.internal.reflect.GeneratedMethodAccessor71.invoke(Unknown Source)\n\tat java.base/jdk.internal.reflect.DelegatingMethodAccessorImpl.invoke(DelegatingMethodAccessorImpl.java:43)\n\tat java.base/java.lang.reflect.Method.invoke(Method.java:569)\n\tat org.testng.internal.invokers.MethodInvocationHelper.invokeMethod(MethodInvocationHelper.java:139)\n\tat org.testng.internal.invokers.MethodInvocationHelper.invokeMethodConsideringTimeout(MethodInvocationHelper.java:69)\n\tat org.testng.internal.invokers.ConfigInvoker.invokeConfigurationMethod(ConfigInvoker.java:361)\n\tat org.testng.internal.invokers.ConfigInvoker.invokeConfigurations(ConfigInvoker.java:296)\n\tat org.testng.internal.invokers.TestInvoker.runConfigMethods(TestInvoker.java:823)\n\tat org.testng.internal.invokers.TestInvoker.invokeMethod(TestInvoker.java:590)\n\tat org.testng.internal.invokers.TestInvoker.invokeTestMethod(TestInvoker.java:221)\n\tat org.testng.internal.invokers.MethodRunner.runInSequence(MethodRunner.java:50)\n\tat org.testng.internal.invokers.TestInvoker$MethodInvocationAgent.invoke(TestInvoker.java:969)\n\tat org.testng.internal.invokers.TestInvoker.invokeTestMethods(TestInvoker.java:194)\n\tat org.testng.internal.invokers.TestMethodWorker.invokeTestMethods(TestMethodWorker.java:148)\n\tat org.testng.internal.invokers.TestMethodWorker.run(TestMethodWorker.java:128)\n\tat java.base/java.util.ArrayList.forEach(ArrayList.java:1511)\n\tat org.testng.TestRunner.privateRun(TestRunner.java:829)\n\tat org.testng.TestRunner.run(TestRunner.java:602)\n\tat org.testng.SuiteRunner.runTest(SuiteRunner.java:437)\n\tat org.testng.SuiteRunner.runSequentially(SuiteRunner.java:431)\n\tat org.testng.SuiteRunner.privateRun(SuiteRunner.java:391)\n\tat org.testng.SuiteRunner.run(SuiteRunner.java:330)\n\tat org.testng.SuiteRunnerWorker.runSuite(SuiteRunnerWorker.java:52)\n\tat org.testng.SuiteRunnerWorker.run(SuiteRunnerWorker.java:95)\n\tat org.testng.TestNG.runSuitesSequentially(TestNG.java:1256)\n\tat org.testng.TestNG.runSuitesLocally(TestNG.java:1176)\n\tat org.testng.TestNG.runSuites(TestNG.java:1099)\n\tat org.testng.TestNG.run(TestNG.java:1067)\n\tat org.apache.maven.surefire.testng.TestNGExecutor.run(TestNGExecutor.java:135)\n\tat org.apache.maven.surefire.testng.TestNGDirectoryTestSuite.executeMulti(TestNGDirectoryTestSuite.java:193)\n\tat org.apache.maven.surefire.testng.TestNGDirectoryTestSuite.execute(TestNGDirectoryTestSuite.java:94)\n\tat org.apache.maven.surefire.testng.TestNGProvider.invoke(TestNGProvider.java:146)\n\tat org.apache.maven.surefire.booter.ForkedBooter.invokeProviderInSameClassLoader(ForkedBooter.java:384)\n\tat org.apache.maven.surefire.booter.ForkedBooter.runSuitesInProcess(ForkedBooter.java:345)\n\tat org.apache.maven.surefire.booter.ForkedBooter.execute(ForkedBooter.java:126)\n\tat org.apache.maven.surefire.booter.ForkedBooter.main(ForkedBooter.java:418)\nCaused by: java.lang.NoSuchMethodException: com.example.teamcity.api.models.TestData.<init>()\n\tat java.base/java.lang.Class.getConstructor0(Class.java:3585)\n\tat java.base/java.lang.Class.getDeclaredConstructor(Class.java:2754)\n\tat com.example.teamcity.api.generators.TestDataGenerator.generate(TestDataGenerator.java:91)\n\t... 37 more\n","steps":[],"attachments":[],"parameters":[],"shouldDisplayMessage":true,"stepsCount":0,"attachmentsCount":0,"hasContent":true}],"afterStages":[{"name":"afterTest","time":{"start":1732745646253,"stop":1732745646253,"duration":0},"description":"","status":"passed","steps":[],"attachments":[],"parameters":[],"shouldDisplayMessage":false,"stepsCount":0,"attachmentsCount":0,"hasContent":false}],"labels":[{"name":"package","value":"com.example.teamcity.api.ProjectTest"},{"name":"testClass","value":"com.example.teamcity.api.ProjectTest"},{"name":"testMethod","value":"userCreatesProjectWithTheSameIdTest"},{"name":"parentSuite","value":"Surefire suite"},{"name":"suite","value":"Surefire test"},{"name":"subSuite","value":"com.example.teamcity.api.ProjectTest"},{"name":"host","value":"fv-az801-978"},{"name":"thread","value":"3618@fv-az801-978.main(1)"},{"name":"framework","value":"testng"},{"name":"language","value":"java"},{"name":"resultFormat","value":"allure2"}],"parameters":[],"links":[],"hidden":false,"retry":false,"extra":{"severity":"normal","retries":[],"categories":[],"history":{"statistic":{"failed":0,"broken":0,"skipped":11,"passed":8,"unknown":0,"total":19},"items":[{"uid":"ff80f430fdd80260","reportUrl":"https://malashko-kristina.github.io/teamcity-testing-framework/api/47//#testresult/ff80f430fdd80260","status":"passed","time":{"start":1732712843605,"stop":1732712843824,"duration":219}},{"uid":"2510526da9129e1b","reportUrl":"https://malashko-kristina.github.io/teamcity-testing-framework/api/46//#testresult/2510526da9129e1b","status":"passed","time":{"start":1732665360968,"stop":1732665361199,"duration":231}},{"uid":"7c33ecfa131c0da8","reportUrl":"https://malashko-kristina.github.io/teamcity-testing-framework/api/45//#testresult/7c33ecfa131c0da8","status":"passed","time":{"start":1732664547112,"stop":1732664547332,"duration":220}},{"uid":"ba94894c8e27f7fc","reportUrl":"https://malashko-kristina.github.io/teamcity-testing-framework/api/44//#testresult/ba94894c8e27f7fc","status":"passed","time":{"start":1732662808796,"stop":1732662809031,"duration":235}},{"uid":"76d0b0e2fbd69fc2","reportUrl":"https://malashko-kristina.github.io/teamcity-testing-framework/api/43//#testresult/76d0b0e2fbd69fc2","status":"passed","time":{"start":1732661926078,"stop":1732661927076,"duration":998}},{"uid":"aba8d3c4dd2a7437","reportUrl":"https://malashko-kristina.github.io/teamcity-testing-framework/api/42//#testresult/aba8d3c4dd2a7437","status":"passed","time":{"start":1732660883345,"stop":1732660883625,"duration":280}},{"uid":"a7a973a0b2870f9f","reportUrl":"https://malashko-kristina.github.io/teamcity-testing-framework/api/41//#testresult/a7a973a0b2870f9f","status":"passed","time":{"start":1732574687377,"stop":1732574687636,"duration":259}},{"uid":"cf1c5966db93335f","reportUrl":"https://malashko-kristina.github.io/teamcity-testing-framework/api/40//#testresult/cf1c5966db93335f","status":"passed","time":{"start":1732572432726,"stop":1732572432925,"duration":199}},{"uid":"9969d0c9929d405d","reportUrl":"https://malashko-kristina.github.io/teamcity-testing-framework/api/39//#testresult/9969d0c9929d405d","status":"skipped","statusDetails":"null: Temporary failure in name resolution","time":{"start":1732570204520,"stop":1732570204520,"duration":0}},{"uid":"4b57fce53487a2b4","reportUrl":"https://malashko-kristina.github.io/teamcity-testing-framework/api/37//#testresult/4b57fce53487a2b4","status":"skipped","statusDetails":"null: Temporary failure in name resolution","time":{"start":1732550587632,"stop":1732550587632,"duration":0}},{"uid":"14309884c9bfccad","reportUrl":"https://malashko-kristina.github.io/teamcity-testing-framework/api/35//#testresult/14309884c9bfccad","status":"skipped","statusDetails":"Connection timed out","time":{"start":1732549757290,"stop":1732549757291,"duration":1}},{"uid":"3cd992ec5c29b3b7","reportUrl":"https://malashko-kristina.github.io/teamcity-testing-framework/api/34//#testresult/3cd992ec5c29b3b7","status":"skipped","statusDetails":"null: Temporary failure in name resolution","time":{"start":1732549031702,"stop":1732549031702,"duration":0}},{"uid":"34034b4083861138","reportUrl":"https://malashko-kristina.github.io/teamcity-testing-framework/api/32//#testresult/34034b4083861138","status":"skipped","statusDetails":"Connection timed out","time":{"start":1732547860973,"stop":1732547860973,"duration":0}},{"uid":"5c1f7ee80dc2a5e3","reportUrl":"https://malashko-kristina.github.io/teamcity-testing-framework/api/29//#testresult/5c1f7ee80dc2a5e3","status":"skipped","statusDetails":"null: Temporary failure in name resolution","time":{"start":1732533347172,"stop":1732533347172,"duration":0}},{"uid":"16552a03c1c2371b","reportUrl":"https://malashko-kristina.github.io/teamcity-testing-framework/api/28//#testresult/16552a03c1c2371b","status":"skipped","statusDetails":"Connection timed out","time":{"start":1732491662522,"stop":1732491662522,"duration":0}},{"uid":"66c912688200c554","reportUrl":"https://malashko-kristina.github.io/teamcity-testing-framework/api/27//#testresult/66c912688200c554","status":"skipped","statusDetails":"1 expectation failed.\nExpected status code <200> but was <503>.\n","time":{"start":1732490681907,"stop":1732490681907,"duration":0}},{"uid":"f966694612cc5a01","reportUrl":"https://malashko-kristina.github.io/teamcity-testing-framework/api/26//#testresult/f966694612cc5a01","status":"skipped","statusDetails":"1 expectation failed.\nExpected status code <200> but was <503>.\n","time":{"start":1732490302044,"stop":1732490302044,"duration":0}},{"uid":"b1a47a2a29f4e138","reportUrl":"https://malashko-kristina.github.io/teamcity-testing-framework/api/22//#testresult/b1a47a2a29f4e138","status":"skipped","statusDetails":"1 expectation failed.\nExpected status code <200> but was <503>.\n","time":{"start":1732404426542,"stop":1732404426543,"duration":1}}]},"tags":[]},"source":"f1b17aedf7a60d8e.json","parameterValues":[]}