{"uid":"f7b1703a59066a92","name":"User should not be able to create a project if id starts with _","fullName":"com.example.teamcity.api.ProjectTest.userCreatesProjectWithIdStartsWith_Test","historyId":"f32ade85e785657e5be870dae9a6103f","time":{"start":1732745646236,"stop":1732745646236,"duration":0},"status":"skipped","statusMessage":"Cannot generate a test data","statusTrace":"java.lang.IllegalStateException: Cannot generate a test data\n\tat com.example.teamcity.api.generators.TestDataGenerator.generate(TestDataGenerator.java:106)\n\tat com.example.teamcity.BaseTest.beforeTest(BaseTest.java:22)\n\tat java.base/jdk.internal.reflect.NativeMethodAccessorImpl.invoke0(Native Method)\n\tat java.base/jdk.internal.reflect.NativeMethodAccessorImpl.invoke(NativeMethodAccessorImpl.java:77)\n\tat java.base/jdk.internal.reflect.DelegatingMethodAccessorImpl.invoke(DelegatingMethodAccessorImpl.java:43)\n\tat java.base/java.lang.reflect.Method.invoke(Method.java:569)\n\tat org.testng.internal.invokers.MethodInvocationHelper.invokeMethod(MethodInvocationHelper.java:139)\n\tat org.testng.internal.invokers.MethodInvocationHelper.invokeMethodConsideringTimeout(MethodInvocationHelper.java:69)\n\tat org.testng.internal.invokers.ConfigInvoker.invokeConfigurationMethod(ConfigInvoker.java:361)\n\tat org.testng.internal.invokers.ConfigInvoker.invokeConfigurations(ConfigInvoker.java:296)\n\tat org.testng.internal.invokers.TestInvoker.runConfigMethods(TestInvoker.java:823)\n\tat org.testng.internal.invokers.TestInvoker.invokeMethod(TestInvoker.java:590)\n\tat org.testng.internal.invokers.TestInvoker.invokeTestMethod(TestInvoker.java:221)\n\tat org.testng.internal.invokers.MethodRunner.runInSequence(MethodRunner.java:50)\n\tat org.testng.internal.invokers.TestInvoker$MethodInvocationAgent.invoke(TestInvoker.java:969)\n\tat org.testng.internal.invokers.TestInvoker.invokeTestMethods(TestInvoker.java:194)\n\tat org.testng.internal.invokers.TestMethodWorker.invokeTestMethods(TestMethodWorker.java:148)\n\tat org.testng.internal.invokers.TestMethodWorker.run(TestMethodWorker.java:128)\n\tat java.base/java.util.ArrayList.forEach(ArrayList.java:1511)\n\tat org.testng.TestRunner.privateRun(TestRunner.java:829)\n\tat org.testng.TestRunner.run(TestRunner.java:602)\n\tat org.testng.SuiteRunner.runTest(SuiteRunner.java:437)\n\tat org.testng.SuiteRunner.runSequentially(SuiteRunner.java:431)\n\tat org.testng.SuiteRunner.privateRun(SuiteRunner.java:391)\n\tat org.testng.SuiteRunner.run(SuiteRunner.java:330)\n\tat org.testng.SuiteRunnerWorker.runSuite(SuiteRunnerWorker.java:52)\n\tat org.testng.SuiteRunnerWorker.run(SuiteRunnerWorker.java:95)\n\tat org.testng.TestNG.runSuitesSequentially(TestNG.java:1256)\n\tat org.testng.TestNG.runSuitesLocally(TestNG.java:1176)\n\tat org.testng.TestNG.runSuites(TestNG.java:1099)\n\tat org.testng.TestNG.run(TestNG.java:1067)\n\tat org.apache.maven.surefire.testng.TestNGExecutor.run(TestNGExecutor.java:135)\n\tat org.apache.maven.surefire.testng.TestNGDirectoryTestSuite.executeMulti(TestNGDirectoryTestSuite.java:193)\n\tat org.apache.maven.surefire.testng.TestNGDirectoryTestSuite.execute(TestNGDirectoryTestSuite.java:94)\n\tat org.apache.maven.surefire.testng.TestNGProvider.invoke(TestNGProvider.java:146)\n\tat org.apache.maven.surefire.booter.ForkedBooter.invokeProviderInSameClassLoader(ForkedBooter.java:384)\n\tat org.apache.maven.surefire.booter.ForkedBooter.runSuitesInProcess(ForkedBooter.java:345)\n\tat org.apache.maven.surefire.booter.ForkedBooter.execute(ForkedBooter.java:126)\n\tat org.apache.maven.surefire.booter.ForkedBooter.main(ForkedBooter.java:418)\nCaused by: java.lang.NoSuchMethodException: com.example.teamcity.api.models.TestData.<init>()\n\tat java.base/java.lang.Class.getConstructor0(Class.java:3585)\n\tat java.base/java.lang.Class.getDeclaredConstructor(Class.java:2754)\n\tat com.example.teamcity.api.generators.TestDataGenerator.generate(TestDataGenerator.java:91)\n\t... 38 more\n","flaky":false,"newFailed":false,"newBroken":false,"newPassed":false,"retriesCount":0,"retriesStatusChange":false,"beforeStages":[{"name":"beforeTest","time":{"start":1732745646233,"stop":1732745646234,"duration":1},"description":"","status":"broken","statusMessage":"Cannot generate a test data","statusTrace":"java.lang.IllegalStateException: Cannot generate a test data\n\tat com.example.teamcity.api.generators.TestDataGenerator.generate(TestDataGenerator.java:106)\n\tat com.example.teamcity.BaseTest.beforeTest(BaseTest.java:22)\n\tat jdk.internal.reflect.GeneratedMethodAccessor71.invoke(Unknown Source)\n\tat java.base/jdk.internal.reflect.DelegatingMethodAccessorImpl.invoke(DelegatingMethodAccessorImpl.java:43)\n\tat java.base/java.lang.reflect.Method.invoke(Method.java:569)\n\tat org.testng.internal.invokers.MethodInvocationHelper.invokeMethod(MethodInvocationHelper.java:139)\n\tat org.testng.internal.invokers.MethodInvocationHelper.invokeMethodConsideringTimeout(MethodInvocationHelper.java:69)\n\tat org.testng.internal.invokers.ConfigInvoker.invokeConfigurationMethod(ConfigInvoker.java:361)\n\tat org.testng.internal.invokers.ConfigInvoker.invokeConfigurations(ConfigInvoker.java:296)\n\tat org.testng.internal.invokers.TestInvoker.runConfigMethods(TestInvoker.java:823)\n\tat org.testng.internal.invokers.TestInvoker.invokeMethod(TestInvoker.java:590)\n\tat org.testng.internal.invokers.TestInvoker.invokeTestMethod(TestInvoker.java:221)\n\tat org.testng.internal.invokers.MethodRunner.runInSequence(MethodRunner.java:50)\n\tat org.testng.internal.invokers.TestInvoker$MethodInvocationAgent.invoke(TestInvoker.java:969)\n\tat org.testng.internal.invokers.TestInvoker.invokeTestMethods(TestInvoker.java:194)\n\tat org.testng.internal.invokers.TestMethodWorker.invokeTestMethods(TestMethodWorker.java:148)\n\tat org.testng.internal.invokers.TestMethodWorker.run(TestMethodWorker.java:128)\n\tat java.base/java.util.ArrayList.forEach(ArrayList.java:1511)\n\tat org.testng.TestRunner.privateRun(TestRunner.java:829)\n\tat org.testng.TestRunner.run(TestRunner.java:602)\n\tat org.testng.SuiteRunner.runTest(SuiteRunner.java:437)\n\tat org.testng.SuiteRunner.runSequentially(SuiteRunner.java:431)\n\tat org.testng.SuiteRunner.privateRun(SuiteRunner.java:391)\n\tat org.testng.SuiteRunner.run(SuiteRunner.java:330)\n\tat org.testng.SuiteRunnerWorker.runSuite(SuiteRunnerWorker.java:52)\n\tat org.testng.SuiteRunnerWorker.run(SuiteRunnerWorker.java:95)\n\tat org.testng.TestNG.runSuitesSequentially(TestNG.java:1256)\n\tat org.testng.TestNG.runSuitesLocally(TestNG.java:1176)\n\tat org.testng.TestNG.runSuites(TestNG.java:1099)\n\tat org.testng.TestNG.run(TestNG.java:1067)\n\tat org.apache.maven.surefire.testng.TestNGExecutor.run(TestNGExecutor.java:135)\n\tat org.apache.maven.surefire.testng.TestNGDirectoryTestSuite.executeMulti(TestNGDirectoryTestSuite.java:193)\n\tat org.apache.maven.surefire.testng.TestNGDirectoryTestSuite.execute(TestNGDirectoryTestSuite.java:94)\n\tat org.apache.maven.surefire.testng.TestNGProvider.invoke(TestNGProvider.java:146)\n\tat org.apache.maven.surefire.booter.ForkedBooter.invokeProviderInSameClassLoader(ForkedBooter.java:384)\n\tat org.apache.maven.surefire.booter.ForkedBooter.runSuitesInProcess(ForkedBooter.java:345)\n\tat org.apache.maven.surefire.booter.ForkedBooter.execute(ForkedBooter.java:126)\n\tat org.apache.maven.surefire.booter.ForkedBooter.main(ForkedBooter.java:418)\nCaused by: java.lang.NoSuchMethodException: com.example.teamcity.api.models.TestData.<init>()\n\tat java.base/java.lang.Class.getConstructor0(Class.java:3585)\n\tat java.base/java.lang.Class.getDeclaredConstructor(Class.java:2754)\n\tat com.example.teamcity.api.generators.TestDataGenerator.generate(TestDataGenerator.java:91)\n\t... 37 more\n","steps":[],"attachments":[],"parameters":[],"shouldDisplayMessage":true,"stepsCount":0,"attachmentsCount":0,"hasContent":true}],"afterStages":[{"name":"afterTest","time":{"start":1732745646237,"stop":1732745646237,"duration":0},"description":"","status":"passed","steps":[],"attachments":[],"parameters":[],"shouldDisplayMessage":false,"stepsCount":0,"attachmentsCount":0,"hasContent":false}],"labels":[{"name":"package","value":"com.example.teamcity.api.ProjectTest"},{"name":"testClass","value":"com.example.teamcity.api.ProjectTest"},{"name":"testMethod","value":"userCreatesProjectWithIdStartsWith_Test"},{"name":"parentSuite","value":"Surefire suite"},{"name":"suite","value":"Surefire test"},{"name":"subSuite","value":"com.example.teamcity.api.ProjectTest"},{"name":"host","value":"fv-az801-978"},{"name":"thread","value":"3618@fv-az801-978.main(1)"},{"name":"framework","value":"testng"},{"name":"language","value":"java"},{"name":"resultFormat","value":"allure2"}],"parameters":[],"links":[],"hidden":false,"retry":false,"extra":{"severity":"normal","retries":[],"categories":[],"history":{"statistic":{"failed":0,"broken":0,"skipped":11,"passed":8,"unknown":0,"total":19},"items":[{"uid":"aac97df4ec9e2185","reportUrl":"https://malashko-kristina.github.io/teamcity-testing-framework/api/47//#testresult/aac97df4ec9e2185","status":"passed","time":{"start":1732712842226,"stop":1732712842455,"duration":229}},{"uid":"ef3ddf8656d8f5bf","reportUrl":"https://malashko-kristina.github.io/teamcity-testing-framework/api/46//#testresult/ef3ddf8656d8f5bf","status":"passed","time":{"start":1732665359590,"stop":1732665359803,"duration":213}},{"uid":"1c62da9a3422567c","reportUrl":"https://malashko-kristina.github.io/teamcity-testing-framework/api/45//#testresult/1c62da9a3422567c","status":"passed","time":{"start":1732664545886,"stop":1732664546133,"duration":247}},{"uid":"6b58b05d2d55e0bc","reportUrl":"https://malashko-kristina.github.io/teamcity-testing-framework/api/44//#testresult/6b58b05d2d55e0bc","status":"passed","time":{"start":1732662806527,"stop":1732662806821,"duration":294}},{"uid":"d33c4804fdddabdf","reportUrl":"https://malashko-kristina.github.io/teamcity-testing-framework/api/43//#testresult/d33c4804fdddabdf","status":"passed","time":{"start":1732661924807,"stop":1732661925078,"duration":271}},{"uid":"1faaa6e9baa59c0d","reportUrl":"https://malashko-kristina.github.io/teamcity-testing-framework/api/42//#testresult/1faaa6e9baa59c0d","status":"passed","time":{"start":1732660882070,"stop":1732660882291,"duration":221}},{"uid":"8e30074cd727d9c1","reportUrl":"https://malashko-kristina.github.io/teamcity-testing-framework/api/41//#testresult/8e30074cd727d9c1","status":"passed","time":{"start":1732574686043,"stop":1732574686250,"duration":207}},{"uid":"f3ab592a0859f6e5","reportUrl":"https://malashko-kristina.github.io/teamcity-testing-framework/api/40//#testresult/f3ab592a0859f6e5","status":"passed","time":{"start":1732572431463,"stop":1732572431758,"duration":295}},{"uid":"699a1bcd96d600e","reportUrl":"https://malashko-kristina.github.io/teamcity-testing-framework/api/39//#testresult/699a1bcd96d600e","status":"skipped","statusDetails":"null: Temporary failure in name resolution","time":{"start":1732570204505,"stop":1732570204505,"duration":0}},{"uid":"8e3bd555f23318bd","reportUrl":"https://malashko-kristina.github.io/teamcity-testing-framework/api/37//#testresult/8e3bd555f23318bd","status":"skipped","statusDetails":"null: Temporary failure in name resolution","time":{"start":1732550587616,"stop":1732550587617,"duration":1}},{"uid":"a12e49b7b1ad3c9c","reportUrl":"https://malashko-kristina.github.io/teamcity-testing-framework/api/35//#testresult/a12e49b7b1ad3c9c","status":"skipped","statusDetails":"Connection timed out","time":{"start":1732549757276,"stop":1732549757276,"duration":0}},{"uid":"58689b7e144ce32","reportUrl":"https://malashko-kristina.github.io/teamcity-testing-framework/api/34//#testresult/58689b7e144ce32","status":"skipped","statusDetails":"null: Temporary failure in name resolution","time":{"start":1732549031688,"stop":1732549031688,"duration":0}},{"uid":"4f65edee56b8ce81","reportUrl":"https://malashko-kristina.github.io/teamcity-testing-framework/api/32//#testresult/4f65edee56b8ce81","status":"skipped","statusDetails":"Connection timed out","time":{"start":1732547860959,"stop":1732547860959,"duration":0}},{"uid":"41fa38f54ab4f076","reportUrl":"https://malashko-kristina.github.io/teamcity-testing-framework/api/29//#testresult/41fa38f54ab4f076","status":"skipped","statusDetails":"null: Temporary failure in name resolution","time":{"start":1732533347157,"stop":1732533347158,"duration":1}},{"uid":"178eb434970fb491","reportUrl":"https://malashko-kristina.github.io/teamcity-testing-framework/api/28//#testresult/178eb434970fb491","status":"skipped","statusDetails":"Connection timed out","time":{"start":1732491662506,"stop":1732491662506,"duration":0}},{"uid":"e74d8e1dd09536a","reportUrl":"https://malashko-kristina.github.io/teamcity-testing-framework/api/27//#testresult/e74d8e1dd09536a","status":"skipped","statusDetails":"1 expectation failed.\nExpected status code <200> but was <503>.\n","time":{"start":1732490681879,"stop":1732490681879,"duration":0}},{"uid":"e873f2d6893433a0","reportUrl":"https://malashko-kristina.github.io/teamcity-testing-framework/api/26//#testresult/e873f2d6893433a0","status":"skipped","statusDetails":"1 expectation failed.\nExpected status code <200> but was <503>.\n","time":{"start":1732490302032,"stop":1732490302032,"duration":0}},{"uid":"5b2488dedcc2b90b","reportUrl":"https://malashko-kristina.github.io/teamcity-testing-framework/api/22//#testresult/5b2488dedcc2b90b","status":"skipped","statusDetails":"1 expectation failed.\nExpected status code <200> but was <503>.\n","time":{"start":1732404426525,"stop":1732404426525,"duration":0}}]},"tags":[]},"source":"f7b1703a59066a92.json","parameterValues":[]}