{"uid":"f968cf3c7b4bef54","name":"User should not be able to create 2 projects with the same name","fullName":"com.example.teamcity.api.ProjectTest.userCreatesProjectWithTheSameNameTest","historyId":"298ba75920145af7d542e1df0d7c6f76","time":{"start":1732745646256,"stop":1732745646256,"duration":0},"status":"skipped","statusMessage":"Cannot generate a test data","statusTrace":"java.lang.IllegalStateException: Cannot generate a test data\n\tat com.example.teamcity.api.generators.TestDataGenerator.generate(TestDataGenerator.java:106)\n\tat com.example.teamcity.BaseTest.beforeTest(BaseTest.java:22)\n\tat java.base/jdk.internal.reflect.NativeMethodAccessorImpl.invoke0(Native Method)\n\tat java.base/jdk.internal.reflect.NativeMethodAccessorImpl.invoke(NativeMethodAccessorImpl.java:77)\n\tat java.base/jdk.internal.reflect.DelegatingMethodAccessorImpl.invoke(DelegatingMethodAccessorImpl.java:43)\n\tat java.base/java.lang.reflect.Method.invoke(Method.java:569)\n\tat org.testng.internal.invokers.MethodInvocationHelper.invokeMethod(MethodInvocationHelper.java:139)\n\tat org.testng.internal.invokers.MethodInvocationHelper.invokeMethodConsideringTimeout(MethodInvocationHelper.java:69)\n\tat org.testng.internal.invokers.ConfigInvoker.invokeConfigurationMethod(ConfigInvoker.java:361)\n\tat org.testng.internal.invokers.ConfigInvoker.invokeConfigurations(ConfigInvoker.java:296)\n\tat org.testng.internal.invokers.TestInvoker.runConfigMethods(TestInvoker.java:823)\n\tat org.testng.internal.invokers.TestInvoker.invokeMethod(TestInvoker.java:590)\n\tat org.testng.internal.invokers.TestInvoker.invokeTestMethod(TestInvoker.java:221)\n\tat org.testng.internal.invokers.MethodRunner.runInSequence(MethodRunner.java:50)\n\tat org.testng.internal.invokers.TestInvoker$MethodInvocationAgent.invoke(TestInvoker.java:969)\n\tat org.testng.internal.invokers.TestInvoker.invokeTestMethods(TestInvoker.java:194)\n\tat org.testng.internal.invokers.TestMethodWorker.invokeTestMethods(TestMethodWorker.java:148)\n\tat org.testng.internal.invokers.TestMethodWorker.run(TestMethodWorker.java:128)\n\tat java.base/java.util.ArrayList.forEach(ArrayList.java:1511)\n\tat org.testng.TestRunner.privateRun(TestRunner.java:829)\n\tat org.testng.TestRunner.run(TestRunner.java:602)\n\tat org.testng.SuiteRunner.runTest(SuiteRunner.java:437)\n\tat org.testng.SuiteRunner.runSequentially(SuiteRunner.java:431)\n\tat org.testng.SuiteRunner.privateRun(SuiteRunner.java:391)\n\tat org.testng.SuiteRunner.run(SuiteRunner.java:330)\n\tat org.testng.SuiteRunnerWorker.runSuite(SuiteRunnerWorker.java:52)\n\tat org.testng.SuiteRunnerWorker.run(SuiteRunnerWorker.java:95)\n\tat org.testng.TestNG.runSuitesSequentially(TestNG.java:1256)\n\tat org.testng.TestNG.runSuitesLocally(TestNG.java:1176)\n\tat org.testng.TestNG.runSuites(TestNG.java:1099)\n\tat org.testng.TestNG.run(TestNG.java:1067)\n\tat org.apache.maven.surefire.testng.TestNGExecutor.run(TestNGExecutor.java:135)\n\tat org.apache.maven.surefire.testng.TestNGDirectoryTestSuite.executeMulti(TestNGDirectoryTestSuite.java:193)\n\tat org.apache.maven.surefire.testng.TestNGDirectoryTestSuite.execute(TestNGDirectoryTestSuite.java:94)\n\tat org.apache.maven.surefire.testng.TestNGProvider.invoke(TestNGProvider.java:146)\n\tat org.apache.maven.surefire.booter.ForkedBooter.invokeProviderInSameClassLoader(ForkedBooter.java:384)\n\tat org.apache.maven.surefire.booter.ForkedBooter.runSuitesInProcess(ForkedBooter.java:345)\n\tat org.apache.maven.surefire.booter.ForkedBooter.execute(ForkedBooter.java:126)\n\tat org.apache.maven.surefire.booter.ForkedBooter.main(ForkedBooter.java:418)\nCaused by: java.lang.NoSuchMethodException: com.example.teamcity.api.models.TestData.<init>()\n\tat java.base/java.lang.Class.getConstructor0(Class.java:3585)\n\tat java.base/java.lang.Class.getDeclaredConstructor(Class.java:2754)\n\tat com.example.teamcity.api.generators.TestDataGenerator.generate(TestDataGenerator.java:91)\n\t... 38 more\n","flaky":false,"newFailed":false,"newBroken":false,"newPassed":false,"retriesCount":0,"retriesStatusChange":false,"beforeStages":[{"name":"beforeTest","time":{"start":1732745646254,"stop":1732745646254,"duration":0},"description":"","status":"broken","statusMessage":"Cannot generate a test data","statusTrace":"java.lang.IllegalStateException: Cannot generate a test data\n\tat com.example.teamcity.api.generators.TestDataGenerator.generate(TestDataGenerator.java:106)\n\tat com.example.teamcity.BaseTest.beforeTest(BaseTest.java:22)\n\tat jdk.internal.reflect.GeneratedMethodAccessor71.invoke(Unknown Source)\n\tat java.base/jdk.internal.reflect.DelegatingMethodAccessorImpl.invoke(DelegatingMethodAccessorImpl.java:43)\n\tat java.base/java.lang.reflect.Method.invoke(Method.java:569)\n\tat org.testng.internal.invokers.MethodInvocationHelper.invokeMethod(MethodInvocationHelper.java:139)\n\tat org.testng.internal.invokers.MethodInvocationHelper.invokeMethodConsideringTimeout(MethodInvocationHelper.java:69)\n\tat org.testng.internal.invokers.ConfigInvoker.invokeConfigurationMethod(ConfigInvoker.java:361)\n\tat org.testng.internal.invokers.ConfigInvoker.invokeConfigurations(ConfigInvoker.java:296)\n\tat org.testng.internal.invokers.TestInvoker.runConfigMethods(TestInvoker.java:823)\n\tat org.testng.internal.invokers.TestInvoker.invokeMethod(TestInvoker.java:590)\n\tat org.testng.internal.invokers.TestInvoker.invokeTestMethod(TestInvoker.java:221)\n\tat org.testng.internal.invokers.MethodRunner.runInSequence(MethodRunner.java:50)\n\tat org.testng.internal.invokers.TestInvoker$MethodInvocationAgent.invoke(TestInvoker.java:969)\n\tat org.testng.internal.invokers.TestInvoker.invokeTestMethods(TestInvoker.java:194)\n\tat org.testng.internal.invokers.TestMethodWorker.invokeTestMethods(TestMethodWorker.java:148)\n\tat org.testng.internal.invokers.TestMethodWorker.run(TestMethodWorker.java:128)\n\tat java.base/java.util.ArrayList.forEach(ArrayList.java:1511)\n\tat org.testng.TestRunner.privateRun(TestRunner.java:829)\n\tat org.testng.TestRunner.run(TestRunner.java:602)\n\tat org.testng.SuiteRunner.runTest(SuiteRunner.java:437)\n\tat org.testng.SuiteRunner.runSequentially(SuiteRunner.java:431)\n\tat org.testng.SuiteRunner.privateRun(SuiteRunner.java:391)\n\tat org.testng.SuiteRunner.run(SuiteRunner.java:330)\n\tat org.testng.SuiteRunnerWorker.runSuite(SuiteRunnerWorker.java:52)\n\tat org.testng.SuiteRunnerWorker.run(SuiteRunnerWorker.java:95)\n\tat org.testng.TestNG.runSuitesSequentially(TestNG.java:1256)\n\tat org.testng.TestNG.runSuitesLocally(TestNG.java:1176)\n\tat org.testng.TestNG.runSuites(TestNG.java:1099)\n\tat org.testng.TestNG.run(TestNG.java:1067)\n\tat org.apache.maven.surefire.testng.TestNGExecutor.run(TestNGExecutor.java:135)\n\tat org.apache.maven.surefire.testng.TestNGDirectoryTestSuite.executeMulti(TestNGDirectoryTestSuite.java:193)\n\tat org.apache.maven.surefire.testng.TestNGDirectoryTestSuite.execute(TestNGDirectoryTestSuite.java:94)\n\tat org.apache.maven.surefire.testng.TestNGProvider.invoke(TestNGProvider.java:146)\n\tat org.apache.maven.surefire.booter.ForkedBooter.invokeProviderInSameClassLoader(ForkedBooter.java:384)\n\tat org.apache.maven.surefire.booter.ForkedBooter.runSuitesInProcess(ForkedBooter.java:345)\n\tat org.apache.maven.surefire.booter.ForkedBooter.execute(ForkedBooter.java:126)\n\tat org.apache.maven.surefire.booter.ForkedBooter.main(ForkedBooter.java:418)\nCaused by: java.lang.NoSuchMethodException: com.example.teamcity.api.models.TestData.<init>()\n\tat java.base/java.lang.Class.getConstructor0(Class.java:3585)\n\tat java.base/java.lang.Class.getDeclaredConstructor(Class.java:2754)\n\tat com.example.teamcity.api.generators.TestDataGenerator.generate(TestDataGenerator.java:91)\n\t... 37 more\n","steps":[],"attachments":[],"parameters":[],"shouldDisplayMessage":true,"stepsCount":0,"attachmentsCount":0,"hasContent":true}],"afterStages":[{"name":"afterTest","time":{"start":1732745646257,"stop":1732745646257,"duration":0},"description":"","status":"passed","steps":[],"attachments":[],"parameters":[],"shouldDisplayMessage":false,"stepsCount":0,"attachmentsCount":0,"hasContent":false}],"labels":[{"name":"package","value":"com.example.teamcity.api.ProjectTest"},{"name":"testClass","value":"com.example.teamcity.api.ProjectTest"},{"name":"testMethod","value":"userCreatesProjectWithTheSameNameTest"},{"name":"parentSuite","value":"Surefire suite"},{"name":"suite","value":"Surefire test"},{"name":"subSuite","value":"com.example.teamcity.api.ProjectTest"},{"name":"host","value":"fv-az801-978"},{"name":"thread","value":"3618@fv-az801-978.main(1)"},{"name":"framework","value":"testng"},{"name":"language","value":"java"},{"name":"resultFormat","value":"allure2"}],"parameters":[],"links":[],"hidden":false,"retry":false,"extra":{"severity":"normal","retries":[],"categories":[],"history":{"statistic":{"failed":0,"broken":0,"skipped":11,"passed":8,"unknown":0,"total":19},"items":[{"uid":"510e39fb890e0922","reportUrl":"https://malashko-kristina.github.io/teamcity-testing-framework/api/47//#testresult/510e39fb890e0922","status":"passed","time":{"start":1732712843879,"stop":1732712844110,"duration":231}},{"uid":"19af4bac0805da76","reportUrl":"https://malashko-kristina.github.io/teamcity-testing-framework/api/46//#testresult/19af4bac0805da76","status":"passed","time":{"start":1732665361304,"stop":1732665361523,"duration":219}},{"uid":"1a8243c1d41fb632","reportUrl":"https://malashko-kristina.github.io/teamcity-testing-framework/api/45//#testresult/1a8243c1d41fb632","status":"passed","time":{"start":1732664547384,"stop":1732664547623,"duration":239}},{"uid":"37df85bfc1d8a559","reportUrl":"https://malashko-kristina.github.io/teamcity-testing-framework/api/44//#testresult/37df85bfc1d8a559","status":"passed","time":{"start":1732662809113,"stop":1732662809383,"duration":270}},{"uid":"5c89edf59d1eb02","reportUrl":"https://malashko-kristina.github.io/teamcity-testing-framework/api/43//#testresult/5c89edf59d1eb02","status":"passed","time":{"start":1732661927132,"stop":1732661927355,"duration":223}},{"uid":"7a84cb16fc7ec706","reportUrl":"https://malashko-kristina.github.io/teamcity-testing-framework/api/42//#testresult/7a84cb16fc7ec706","status":"passed","time":{"start":1732660883716,"stop":1732660884014,"duration":298}},{"uid":"7b5e099531984ed0","reportUrl":"https://malashko-kristina.github.io/teamcity-testing-framework/api/41//#testresult/7b5e099531984ed0","status":"passed","time":{"start":1732574687694,"stop":1732574687883,"duration":189}},{"uid":"7f3553b81ceee9be","reportUrl":"https://malashko-kristina.github.io/teamcity-testing-framework/api/40//#testresult/7f3553b81ceee9be","status":"passed","time":{"start":1732572432984,"stop":1732572433168,"duration":184}},{"uid":"8ad9627b8364e82d","reportUrl":"https://malashko-kristina.github.io/teamcity-testing-framework/api/39//#testresult/8ad9627b8364e82d","status":"skipped","statusDetails":"null: Temporary failure in name resolution","time":{"start":1732570204523,"stop":1732570204523,"duration":0}},{"uid":"832bc6cf97d15a44","reportUrl":"https://malashko-kristina.github.io/teamcity-testing-framework/api/37//#testresult/832bc6cf97d15a44","status":"skipped","statusDetails":"null: Temporary failure in name resolution","time":{"start":1732550587636,"stop":1732550587636,"duration":0}},{"uid":"37fe6be4e9e2f07c","reportUrl":"https://malashko-kristina.github.io/teamcity-testing-framework/api/35//#testresult/37fe6be4e9e2f07c","status":"skipped","statusDetails":"Connection timed out","time":{"start":1732549757294,"stop":1732549757294,"duration":0}},{"uid":"f8a8cb3297900a27","reportUrl":"https://malashko-kristina.github.io/teamcity-testing-framework/api/34//#testresult/f8a8cb3297900a27","status":"skipped","statusDetails":"null: Temporary failure in name resolution","time":{"start":1732549031705,"stop":1732549031705,"duration":0}},{"uid":"57ee22a429f48d22","reportUrl":"https://malashko-kristina.github.io/teamcity-testing-framework/api/32//#testresult/57ee22a429f48d22","status":"skipped","statusDetails":"Connection timed out","time":{"start":1732547860976,"stop":1732547860976,"duration":0}},{"uid":"fb83191d9896aba8","reportUrl":"https://malashko-kristina.github.io/teamcity-testing-framework/api/29//#testresult/fb83191d9896aba8","status":"skipped","statusDetails":"null: Temporary failure in name resolution","time":{"start":1732533347175,"stop":1732533347176,"duration":1}},{"uid":"fb8ad2a011c96ab","reportUrl":"https://malashko-kristina.github.io/teamcity-testing-framework/api/28//#testresult/fb8ad2a011c96ab","status":"skipped","statusDetails":"Connection timed out","time":{"start":1732491662526,"stop":1732491662526,"duration":0}},{"uid":"82ff990013509f56","reportUrl":"https://malashko-kristina.github.io/teamcity-testing-framework/api/27//#testresult/82ff990013509f56","status":"skipped","statusDetails":"1 expectation failed.\nExpected status code <200> but was <503>.\n","time":{"start":1732490681916,"stop":1732490681916,"duration":0}},{"uid":"4272ff43c0bca134","reportUrl":"https://malashko-kristina.github.io/teamcity-testing-framework/api/26//#testresult/4272ff43c0bca134","status":"skipped","statusDetails":"1 expectation failed.\nExpected status code <200> but was <503>.\n","time":{"start":1732490302047,"stop":1732490302047,"duration":0}},{"uid":"910c212a86603918","reportUrl":"https://malashko-kristina.github.io/teamcity-testing-framework/api/22//#testresult/910c212a86603918","status":"skipped","statusDetails":"1 expectation failed.\nExpected status code <200> but was <503>.\n","time":{"start":1732404426545,"stop":1732404426545,"duration":0}}]},"tags":[]},"source":"f968cf3c7b4bef54.json","parameterValues":[]}