{"uid":"fd6ca04ab31ccd1","name":"User should not be able to create project as Project Viewer","fullName":"com.example.teamcity.api.ProjectTest.projectDeveloperCreatesProjectAsProjectViewerTest","historyId":"df6455faf2aca2db10488dc56ccc32e9","time":{"start":1732745646151,"stop":1732745646151,"duration":0},"status":"skipped","statusMessage":"Cannot generate a test data","statusTrace":"java.lang.IllegalStateException: Cannot generate a test data\n\tat com.example.teamcity.api.generators.TestDataGenerator.generate(TestDataGenerator.java:106)\n\tat com.example.teamcity.BaseTest.beforeTest(BaseTest.java:22)\n\tat java.base/jdk.internal.reflect.NativeMethodAccessorImpl.invoke0(Native Method)\n\tat java.base/jdk.internal.reflect.NativeMethodAccessorImpl.invoke(NativeMethodAccessorImpl.java:77)\n\tat java.base/jdk.internal.reflect.DelegatingMethodAccessorImpl.invoke(DelegatingMethodAccessorImpl.java:43)\n\tat java.base/java.lang.reflect.Method.invoke(Method.java:569)\n\tat org.testng.internal.invokers.MethodInvocationHelper.invokeMethod(MethodInvocationHelper.java:139)\n\tat org.testng.internal.invokers.MethodInvocationHelper.invokeMethodConsideringTimeout(MethodInvocationHelper.java:69)\n\tat org.testng.internal.invokers.ConfigInvoker.invokeConfigurationMethod(ConfigInvoker.java:361)\n\tat org.testng.internal.invokers.ConfigInvoker.invokeConfigurations(ConfigInvoker.java:296)\n\tat org.testng.internal.invokers.TestInvoker.runConfigMethods(TestInvoker.java:823)\n\tat org.testng.internal.invokers.TestInvoker.invokeMethod(TestInvoker.java:590)\n\tat org.testng.internal.invokers.TestInvoker.invokeTestMethod(TestInvoker.java:221)\n\tat org.testng.internal.invokers.MethodRunner.runInSequence(MethodRunner.java:50)\n\tat org.testng.internal.invokers.TestInvoker$MethodInvocationAgent.invoke(TestInvoker.java:969)\n\tat org.testng.internal.invokers.TestInvoker.invokeTestMethods(TestInvoker.java:194)\n\tat org.testng.internal.invokers.TestMethodWorker.invokeTestMethods(TestMethodWorker.java:148)\n\tat org.testng.internal.invokers.TestMethodWorker.run(TestMethodWorker.java:128)\n\tat java.base/java.util.ArrayList.forEach(ArrayList.java:1511)\n\tat org.testng.TestRunner.privateRun(TestRunner.java:829)\n\tat org.testng.TestRunner.run(TestRunner.java:602)\n\tat org.testng.SuiteRunner.runTest(SuiteRunner.java:437)\n\tat org.testng.SuiteRunner.runSequentially(SuiteRunner.java:431)\n\tat org.testng.SuiteRunner.privateRun(SuiteRunner.java:391)\n\tat org.testng.SuiteRunner.run(SuiteRunner.java:330)\n\tat org.testng.SuiteRunnerWorker.runSuite(SuiteRunnerWorker.java:52)\n\tat org.testng.SuiteRunnerWorker.run(SuiteRunnerWorker.java:95)\n\tat org.testng.TestNG.runSuitesSequentially(TestNG.java:1256)\n\tat org.testng.TestNG.runSuitesLocally(TestNG.java:1176)\n\tat org.testng.TestNG.runSuites(TestNG.java:1099)\n\tat org.testng.TestNG.run(TestNG.java:1067)\n\tat org.apache.maven.surefire.testng.TestNGExecutor.run(TestNGExecutor.java:135)\n\tat org.apache.maven.surefire.testng.TestNGDirectoryTestSuite.executeMulti(TestNGDirectoryTestSuite.java:193)\n\tat org.apache.maven.surefire.testng.TestNGDirectoryTestSuite.execute(TestNGDirectoryTestSuite.java:94)\n\tat org.apache.maven.surefire.testng.TestNGProvider.invoke(TestNGProvider.java:146)\n\tat org.apache.maven.surefire.booter.ForkedBooter.invokeProviderInSameClassLoader(ForkedBooter.java:384)\n\tat org.apache.maven.surefire.booter.ForkedBooter.runSuitesInProcess(ForkedBooter.java:345)\n\tat org.apache.maven.surefire.booter.ForkedBooter.execute(ForkedBooter.java:126)\n\tat org.apache.maven.surefire.booter.ForkedBooter.main(ForkedBooter.java:418)\nCaused by: java.lang.NoSuchMethodException: com.example.teamcity.api.models.TestData.<init>()\n\tat java.base/java.lang.Class.getConstructor0(Class.java:3585)\n\tat java.base/java.lang.Class.getDeclaredConstructor(Class.java:2754)\n\tat com.example.teamcity.api.generators.TestDataGenerator.generate(TestDataGenerator.java:91)\n\t... 38 more\n","flaky":false,"newFailed":false,"newBroken":false,"newPassed":false,"retriesCount":0,"retriesStatusChange":false,"beforeStages":[{"name":"beforeTest","time":{"start":1732745646147,"stop":1732745646148,"duration":1},"description":"","status":"broken","statusMessage":"Cannot generate a test data","statusTrace":"java.lang.IllegalStateException: Cannot generate a test data\n\tat com.example.teamcity.api.generators.TestDataGenerator.generate(TestDataGenerator.java:106)\n\tat com.example.teamcity.BaseTest.beforeTest(BaseTest.java:22)\n\tat java.base/jdk.internal.reflect.NativeMethodAccessorImpl.invoke0(Native Method)\n\tat java.base/jdk.internal.reflect.NativeMethodAccessorImpl.invoke(NativeMethodAccessorImpl.java:77)\n\tat java.base/jdk.internal.reflect.DelegatingMethodAccessorImpl.invoke(DelegatingMethodAccessorImpl.java:43)\n\tat java.base/java.lang.reflect.Method.invoke(Method.java:569)\n\tat org.testng.internal.invokers.MethodInvocationHelper.invokeMethod(MethodInvocationHelper.java:139)\n\tat org.testng.internal.invokers.MethodInvocationHelper.invokeMethodConsideringTimeout(MethodInvocationHelper.java:69)\n\tat org.testng.internal.invokers.ConfigInvoker.invokeConfigurationMethod(ConfigInvoker.java:361)\n\tat org.testng.internal.invokers.ConfigInvoker.invokeConfigurations(ConfigInvoker.java:296)\n\tat org.testng.internal.invokers.TestInvoker.runConfigMethods(TestInvoker.java:823)\n\tat org.testng.internal.invokers.TestInvoker.invokeMethod(TestInvoker.java:590)\n\tat org.testng.internal.invokers.TestInvoker.invokeTestMethod(TestInvoker.java:221)\n\tat org.testng.internal.invokers.MethodRunner.runInSequence(MethodRunner.java:50)\n\tat org.testng.internal.invokers.TestInvoker$MethodInvocationAgent.invoke(TestInvoker.java:969)\n\tat org.testng.internal.invokers.TestInvoker.invokeTestMethods(TestInvoker.java:194)\n\tat org.testng.internal.invokers.TestMethodWorker.invokeTestMethods(TestMethodWorker.java:148)\n\tat org.testng.internal.invokers.TestMethodWorker.run(TestMethodWorker.java:128)\n\tat java.base/java.util.ArrayList.forEach(ArrayList.java:1511)\n\tat org.testng.TestRunner.privateRun(TestRunner.java:829)\n\tat org.testng.TestRunner.run(TestRunner.java:602)\n\tat org.testng.SuiteRunner.runTest(SuiteRunner.java:437)\n\tat org.testng.SuiteRunner.runSequentially(SuiteRunner.java:431)\n\tat org.testng.SuiteRunner.privateRun(SuiteRunner.java:391)\n\tat org.testng.SuiteRunner.run(SuiteRunner.java:330)\n\tat org.testng.SuiteRunnerWorker.runSuite(SuiteRunnerWorker.java:52)\n\tat org.testng.SuiteRunnerWorker.run(SuiteRunnerWorker.java:95)\n\tat org.testng.TestNG.runSuitesSequentially(TestNG.java:1256)\n\tat org.testng.TestNG.runSuitesLocally(TestNG.java:1176)\n\tat org.testng.TestNG.runSuites(TestNG.java:1099)\n\tat org.testng.TestNG.run(TestNG.java:1067)\n\tat org.apache.maven.surefire.testng.TestNGExecutor.run(TestNGExecutor.java:135)\n\tat org.apache.maven.surefire.testng.TestNGDirectoryTestSuite.executeMulti(TestNGDirectoryTestSuite.java:193)\n\tat org.apache.maven.surefire.testng.TestNGDirectoryTestSuite.execute(TestNGDirectoryTestSuite.java:94)\n\tat org.apache.maven.surefire.testng.TestNGProvider.invoke(TestNGProvider.java:146)\n\tat org.apache.maven.surefire.booter.ForkedBooter.invokeProviderInSameClassLoader(ForkedBooter.java:384)\n\tat org.apache.maven.surefire.booter.ForkedBooter.runSuitesInProcess(ForkedBooter.java:345)\n\tat org.apache.maven.surefire.booter.ForkedBooter.execute(ForkedBooter.java:126)\n\tat org.apache.maven.surefire.booter.ForkedBooter.main(ForkedBooter.java:418)\nCaused by: java.lang.NoSuchMethodException: com.example.teamcity.api.models.TestData.<init>()\n\tat java.base/java.lang.Class.getConstructor0(Class.java:3585)\n\tat java.base/java.lang.Class.getDeclaredConstructor(Class.java:2754)\n\tat com.example.teamcity.api.generators.TestDataGenerator.generate(TestDataGenerator.java:91)\n\t... 38 more\n","steps":[],"attachments":[],"parameters":[],"shouldDisplayMessage":true,"stepsCount":0,"attachmentsCount":0,"hasContent":true}],"afterStages":[{"name":"afterTest","time":{"start":1732745646152,"stop":1732745646152,"duration":0},"description":"","status":"passed","steps":[],"attachments":[],"parameters":[],"shouldDisplayMessage":false,"stepsCount":0,"attachmentsCount":0,"hasContent":false}],"labels":[{"name":"package","value":"com.example.teamcity.api.ProjectTest"},{"name":"testClass","value":"com.example.teamcity.api.ProjectTest"},{"name":"testMethod","value":"projectDeveloperCreatesProjectAsProjectViewerTest"},{"name":"parentSuite","value":"Surefire suite"},{"name":"suite","value":"Surefire test"},{"name":"subSuite","value":"com.example.teamcity.api.ProjectTest"},{"name":"host","value":"fv-az801-978"},{"name":"thread","value":"3618@fv-az801-978.main(1)"},{"name":"framework","value":"testng"},{"name":"language","value":"java"},{"name":"resultFormat","value":"allure2"}],"parameters":[],"links":[],"hidden":false,"retry":false,"extra":{"severity":"normal","retries":[],"categories":[],"history":{"statistic":{"failed":0,"broken":0,"skipped":11,"passed":8,"unknown":0,"total":19},"items":[{"uid":"fed4484f78cd4940","reportUrl":"https://malashko-kristina.github.io/teamcity-testing-framework/api/47//#testresult/fed4484f78cd4940","status":"passed","time":{"start":1732712835208,"stop":1732712835479,"duration":271}},{"uid":"377d501ad170c7d3","reportUrl":"https://malashko-kristina.github.io/teamcity-testing-framework/api/46//#testresult/377d501ad170c7d3","status":"passed","time":{"start":1732665354087,"stop":1732665354419,"duration":332}},{"uid":"4458f84ede4f17f9","reportUrl":"https://malashko-kristina.github.io/teamcity-testing-framework/api/45//#testresult/4458f84ede4f17f9","status":"passed","time":{"start":1732664539197,"stop":1732664539433,"duration":236}},{"uid":"cf896f9c84dfb2f6","reportUrl":"https://malashko-kristina.github.io/teamcity-testing-framework/api/44//#testresult/cf896f9c84dfb2f6","status":"passed","time":{"start":1732662800727,"stop":1732662800940,"duration":213}},{"uid":"a98440e5453dd193","reportUrl":"https://malashko-kristina.github.io/teamcity-testing-framework/api/43//#testresult/a98440e5453dd193","status":"passed","time":{"start":1732661919157,"stop":1732661919439,"duration":282}},{"uid":"f65f3428b5d8b175","reportUrl":"https://malashko-kristina.github.io/teamcity-testing-framework/api/42//#testresult/f65f3428b5d8b175","status":"passed","time":{"start":1732660876643,"stop":1732660876841,"duration":198}},{"uid":"ac01010df6d97bdf","reportUrl":"https://malashko-kristina.github.io/teamcity-testing-framework/api/41//#testresult/ac01010df6d97bdf","status":"passed","time":{"start":1732574679153,"stop":1732574679402,"duration":249}},{"uid":"616c1641acae9ee0","reportUrl":"https://malashko-kristina.github.io/teamcity-testing-framework/api/40//#testresult/616c1641acae9ee0","status":"passed","time":{"start":1732572425146,"stop":1732572425468,"duration":322}},{"uid":"ce6f2071db657aa0","reportUrl":"https://malashko-kristina.github.io/teamcity-testing-framework/api/39//#testresult/ce6f2071db657aa0","status":"skipped","statusDetails":"null: Temporary failure in name resolution","time":{"start":1732570204432,"stop":1732570204432,"duration":0}},{"uid":"7220556215da19c8","reportUrl":"https://malashko-kristina.github.io/teamcity-testing-framework/api/37//#testresult/7220556215da19c8","status":"skipped","statusDetails":"null: Temporary failure in name resolution","time":{"start":1732550587534,"stop":1732550587535,"duration":1}},{"uid":"a15577d4dad97a4a","reportUrl":"https://malashko-kristina.github.io/teamcity-testing-framework/api/35//#testresult/a15577d4dad97a4a","status":"skipped","statusDetails":"Connection timed out","time":{"start":1732549757207,"stop":1732549757207,"duration":0}},{"uid":"1b3fb0d533629338","reportUrl":"https://malashko-kristina.github.io/teamcity-testing-framework/api/34//#testresult/1b3fb0d533629338","status":"skipped","statusDetails":"null: Temporary failure in name resolution","time":{"start":1732549031614,"stop":1732549031615,"duration":1}},{"uid":"682392b7d1f00be9","reportUrl":"https://malashko-kristina.github.io/teamcity-testing-framework/api/32//#testresult/682392b7d1f00be9","status":"skipped","statusDetails":"Connection timed out","time":{"start":1732547860878,"stop":1732547860878,"duration":0}},{"uid":"5b3be25d6b5d8547","reportUrl":"https://malashko-kristina.github.io/teamcity-testing-framework/api/29//#testresult/5b3be25d6b5d8547","status":"skipped","statusDetails":"null: Temporary failure in name resolution","time":{"start":1732533347085,"stop":1732533347086,"duration":1}},{"uid":"9e002ee23d4124ba","reportUrl":"https://malashko-kristina.github.io/teamcity-testing-framework/api/28//#testresult/9e002ee23d4124ba","status":"skipped","statusDetails":"Connection timed out","time":{"start":1732491662421,"stop":1732491662422,"duration":1}},{"uid":"4823692df52aff6","reportUrl":"https://malashko-kristina.github.io/teamcity-testing-framework/api/27//#testresult/4823692df52aff6","status":"skipped","statusDetails":"1 expectation failed.\nExpected status code <200> but was <503>.\n","time":{"start":1732490681790,"stop":1732490681790,"duration":0}},{"uid":"d1bbc96bf399fe61","reportUrl":"https://malashko-kristina.github.io/teamcity-testing-framework/api/26//#testresult/d1bbc96bf399fe61","status":"skipped","statusDetails":"1 expectation failed.\nExpected status code <200> but was <503>.\n","time":{"start":1732490301955,"stop":1732490301955,"duration":0}},{"uid":"b29d487559f7b909","reportUrl":"https://malashko-kristina.github.io/teamcity-testing-framework/api/22//#testresult/b29d487559f7b909","status":"skipped","statusDetails":"1 expectation failed.\nExpected status code <200> but was <503>.\n","time":{"start":1732404426462,"stop":1732404426462,"duration":0}}]},"tags":[]},"source":"fd6ca04ab31ccd1.json","parameterValues":[]}