{"uid":"789b12dfc88ae1fc","name":"User should not be able to create manually a build type with empty buildType name","fullName":"com.example.teamcity.ui.CreateBuildTypeTest.userCreatesBuildTypeWithEmptyBuildTypeName","historyId":"1d064c7d0b605380993eb3fd8fcfb0c4","time":{"start":1732662052663,"stop":1732662062650,"duration":9987},"status":"failed","statusMessage":"Element not found {a[data-hint-container-id='create-project']}\nExpected: visible\nScreenshot: file:/home/runner/work/teamcity-testing-framework/teamcity-testing-framework/build/reports/tests/1732662062280.2.png\nPage source: file:/home/runner/work/teamcity-testing-framework/teamcity-testing-framework/build/reports/tests/1732662062280.2.html\nTimeout: 4 s.\nCaused by: NoSuchElementException: no such element: Unable to locate element: {\"method\":\"css selector\",\"selector\":\"a[data-hint-container-id='create-project']\"}","statusTrace":"Element not found {a[data-hint-container-id='create-project']}\nExpected: visible\nScreenshot: file:/home/runner/work/teamcity-testing-framework/teamcity-testing-framework/build/reports/tests/1732662062280.2.png\nPage source: file:/home/runner/work/teamcity-testing-framework/teamcity-testing-framework/build/reports/tests/1732662062280.2.html\nTimeout: 4 s.\nCaused by: NoSuchElementException: no such element: Unable to locate element: {\"method\":\"css selector\",\"selector\":\"a[data-hint-container-id='create-project']\"}\n\tat com.codeborne.selenide.impl.WebElementSource.createElementNotFoundError(WebElementSource.java:90)\n\tat com.codeborne.selenide.impl.ElementFinder.createElementNotFoundError(ElementFinder.java:142)\n\tat com.codeborne.selenide.impl.WebElementSource.handleError(WebElementSource.java:142)\n\tat com.codeborne.selenide.impl.WebElementSource.checkConditionAndReturnElement(WebElementSource.java:126)\n\tat com.codeborne.selenide.impl.WebElementSource.checkCondition(WebElementSource.java:103)\n\tat com.codeborne.selenide.commands.Should.execute(Should.java:30)\n\tat com.codeborne.selenide.commands.Should.execute(Should.java:14)\n\tat com.codeborne.selenide.commands.Commands.execute(Commands.java:162)\n\tat com.codeborne.selenide.impl.SelenideElementProxy.dispatchAndRetry(SelenideElementProxy.java:134)\n\tat com.codeborne.selenide.impl.SelenideElementProxy.invoke(SelenideElementProxy.java:86)\n\tat jdk.proxy2/jdk.proxy2.$Proxy34.shouldBe(Unknown Source)\n\tat com.example.teamcity.ui.pages.admin.CreateBasePage.switchToCreateBuildTypeManually(CreateBasePage.java:54)\n\tat com.example.teamcity.ui.pages.admin.CreateBuildTypePage.createFormManually(CreateBuildTypePage.java:24)\n\tat com.example.teamcity.ui.CreateBuildTypeTest.userCreatesBuildTypeWithEmptyBuildTypeName(CreateBuildTypeTest.java:138)\n\tat java.base/jdk.internal.reflect.NativeMethodAccessorImpl.invoke0(Native Method)\n\tat java.base/jdk.internal.reflect.NativeMethodAccessorImpl.invoke(NativeMethodAccessorImpl.java:77)\n\tat java.base/jdk.internal.reflect.DelegatingMethodAccessorImpl.invoke(DelegatingMethodAccessorImpl.java:43)\n\tat java.base/java.lang.reflect.Method.invoke(Method.java:569)\n\tat org.testng.internal.invokers.MethodInvocationHelper.invokeMethod(MethodInvocationHelper.java:139)\n\tat org.testng.internal.invokers.TestInvoker.invokeMethod(TestInvoker.java:677)\n\tat org.testng.internal.invokers.TestInvoker.invokeTestMethod(TestInvoker.java:221)\n\tat org.testng.internal.invokers.MethodRunner.runInSequence(MethodRunner.java:50)\n\tat org.testng.internal.invokers.TestInvoker$MethodInvocationAgent.invoke(TestInvoker.java:969)\n\tat org.testng.internal.invokers.TestInvoker.invokeTestMethods(TestInvoker.java:194)\n\tat org.testng.internal.invokers.TestMethodWorker.invokeTestMethods(TestMethodWorker.java:148)\n\tat org.testng.internal.invokers.TestMethodWorker.run(TestMethodWorker.java:128)\n\tat java.base/java.util.ArrayList.forEach(ArrayList.java:1511)\n\tat org.testng.TestRunner.privateRun(TestRunner.java:829)\n\tat org.testng.TestRunner.run(TestRunner.java:602)\n\tat org.testng.SuiteRunner.runTest(SuiteRunner.java:437)\n\tat org.testng.SuiteRunner.runSequentially(SuiteRunner.java:431)\n\tat org.testng.SuiteRunner.privateRun(SuiteRunner.java:391)\n\tat org.testng.SuiteRunner.run(SuiteRunner.java:330)\n\tat org.testng.SuiteRunnerWorker.runSuite(SuiteRunnerWorker.java:52)\n\tat org.testng.SuiteRunnerWorker.run(SuiteRunnerWorker.java:95)\n\tat org.testng.TestNG.runSuitesSequentially(TestNG.java:1256)\n\tat org.testng.TestNG.runSuitesLocally(TestNG.java:1176)\n\tat org.testng.TestNG.runSuites(TestNG.java:1099)\n\tat org.testng.TestNG.run(TestNG.java:1067)\n\tat org.apache.maven.surefire.testng.TestNGExecutor.run(TestNGExecutor.java:135)\n\tat org.apache.maven.surefire.testng.TestNGDirectoryTestSuite.executeMulti(TestNGDirectoryTestSuite.java:193)\n\tat org.apache.maven.surefire.testng.TestNGDirectoryTestSuite.execute(TestNGDirectoryTestSuite.java:94)\n\tat org.apache.maven.surefire.testng.TestNGProvider.invoke(TestNGProvider.java:146)\n\tat org.apache.maven.surefire.booter.ForkedBooter.invokeProviderInSameClassLoader(ForkedBooter.java:384)\n\tat org.apache.maven.surefire.booter.ForkedBooter.runSuitesInProcess(ForkedBooter.java:345)\n\tat org.apache.maven.surefire.booter.ForkedBooter.execute(ForkedBooter.java:126)\n\tat org.apache.maven.surefire.booter.ForkedBooter.main(ForkedBooter.java:418)\nCaused by: org.openqa.selenium.NoSuchElementException: no such element: Unable to locate element: {\"method\":\"css selector\",\"selector\":\"a[data-hint-container-id='create-project']\"}\n  (Session info: chrome=121.0.6167.85)\nFor documentation on this error, please visit: https://www.selenium.dev/documentation/webdriver/troubleshooting/errors#no-such-element-exception\nBuild info: version: '4.13.0', revision: 'ba948ece5b*'\nSystem info: os.name: 'Linux', os.arch: 'amd64', os.version: '6.5.0-1025-azure', java.version: '17.0.13'\nDriver info: org.openqa.selenium.remote.RemoteWebDriver\nCommand: [b6a2921d897dbd676a8a0006518c84a5, findElement {using=css selector, value=a[data-hint-container-id='create-project']}]\nCapabilities {acceptInsecureCerts: true, browserName: chrome, browserVersion: 121.0.6167.85, chrome: {chromedriverVersion: 121.0.6167.85 (3f98d690ad7e..., userDataDir: /tmp/.org.chromium.Chromium...}, fedcm:accounts: true, goog:chromeOptions: {debuggerAddress: localhost:34627}, networkConnectionEnabled: false, pageLoadStrategy: normal, platformName: linux, proxy: Proxy(), se:cdp: ws://localhost:4444/devtool..., se:cdpVersion: 121.0.6167.85, setWindowRect: true, strictFileInteractability: false, timeouts: {implicit: 0, pageLoad: 300000, script: 30000}, unhandledPromptBehavior: accept, webauthn:extension:credBlob: true, webauthn:extension:largeBlob: true, webauthn:extension:minPinLength: true, webauthn:extension:prf: true, webauthn:virtualAuthenticators: true}\nSession ID: b6a2921d897dbd676a8a0006518c84a5\n\tat jdk.internal.reflect.GeneratedConstructorAccessor59.newInstance(Unknown Source)\n\tat java.base/jdk.internal.reflect.DelegatingConstructorAccessorImpl.newInstance(DelegatingConstructorAccessorImpl.java:45)\n\tat java.base/java.lang.reflect.Constructor.newInstanceWithCaller(Constructor.java:500)\n\tat java.base/java.lang.reflect.Constructor.newInstance(Constructor.java:481)\n\tat org.openqa.selenium.remote.codec.w3c.W3CHttpResponseCodec.createException(W3CHttpResponseCodec.java:200)\n\tat org.openqa.selenium.remote.codec.w3c.W3CHttpResponseCodec.decode(W3CHttpResponseCodec.java:133)\n\tat org.openqa.selenium.remote.codec.w3c.W3CHttpResponseCodec.decode(W3CHttpResponseCodec.java:52)\n\tat org.openqa.selenium.remote.HttpCommandExecutor.execute(HttpCommandExecutor.java:191)\n\tat org.openqa.selenium.remote.RemoteWebDriver.execute(RemoteWebDriver.java:602)\n\tat org.openqa.selenium.remote.ElementLocation$ElementFinder$2.findElement(ElementLocation.java:165)\n\tat org.openqa.selenium.remote.ElementLocation.findElement(ElementLocation.java:59)\n\tat org.openqa.selenium.remote.RemoteWebDriver.findElement(RemoteWebDriver.java:359)\n\tat org.openqa.selenium.remote.RemoteWebDriver.findElement(RemoteWebDriver.java:353)\n\tat com.codeborne.selenide.impl.WebElementSelector.findElement(WebElementSelector.java:73)\n\tat com.codeborne.selenide.impl.WebElementSelector.findElement(WebElementSelector.java:46)\n\tat com.codeborne.selenide.impl.WebElementSelector.findElement(WebElementSelector.java:35)\n\tat com.codeborne.selenide.impl.ElementFinder.getWebElement(ElementFinder.java:122)\n\tat com.codeborne.selenide.impl.WebElementSource.checkConditionAndReturnElement(WebElementSource.java:115)\n\t... 43 more\n","flaky":true,"newFailed":true,"newBroken":false,"newPassed":false,"retriesCount":0,"retriesStatusChange":false,"beforeStages":[{"name":"beforeTest","time":{"start":1732662052661,"stop":1732662052662,"duration":1},"description":"","status":"passed","steps":[],"attachments":[],"parameters":[],"shouldDisplayMessage":false,"stepsCount":0,"attachmentsCount":0,"hasContent":false}],"testStage":{"status":"failed","statusMessage":"Element not found {a[data-hint-container-id='create-project']}\nExpected: visible\nScreenshot: file:/home/runner/work/teamcity-testing-framework/teamcity-testing-framework/build/reports/tests/1732662062280.2.png\nPage source: file:/home/runner/work/teamcity-testing-framework/teamcity-testing-framework/build/reports/tests/1732662062280.2.html\nTimeout: 4 s.\nCaused by: NoSuchElementException: no such element: Unable to locate element: {\"method\":\"css selector\",\"selector\":\"a[data-hint-container-id='create-project']\"}","statusTrace":"Element not found {a[data-hint-container-id='create-project']}\nExpected: visible\nScreenshot: file:/home/runner/work/teamcity-testing-framework/teamcity-testing-framework/build/reports/tests/1732662062280.2.png\nPage source: file:/home/runner/work/teamcity-testing-framework/teamcity-testing-framework/build/reports/tests/1732662062280.2.html\nTimeout: 4 s.\nCaused by: NoSuchElementException: no such element: Unable to locate element: {\"method\":\"css selector\",\"selector\":\"a[data-hint-container-id='create-project']\"}\n\tat com.codeborne.selenide.impl.WebElementSource.createElementNotFoundError(WebElementSource.java:90)\n\tat com.codeborne.selenide.impl.ElementFinder.createElementNotFoundError(ElementFinder.java:142)\n\tat com.codeborne.selenide.impl.WebElementSource.handleError(WebElementSource.java:142)\n\tat com.codeborne.selenide.impl.WebElementSource.checkConditionAndReturnElement(WebElementSource.java:126)\n\tat com.codeborne.selenide.impl.WebElementSource.checkCondition(WebElementSource.java:103)\n\tat com.codeborne.selenide.commands.Should.execute(Should.java:30)\n\tat com.codeborne.selenide.commands.Should.execute(Should.java:14)\n\tat com.codeborne.selenide.commands.Commands.execute(Commands.java:162)\n\tat com.codeborne.selenide.impl.SelenideElementProxy.dispatchAndRetry(SelenideElementProxy.java:134)\n\tat com.codeborne.selenide.impl.SelenideElementProxy.invoke(SelenideElementProxy.java:86)\n\tat jdk.proxy2/jdk.proxy2.$Proxy34.shouldBe(Unknown Source)\n\tat com.example.teamcity.ui.pages.admin.CreateBasePage.switchToCreateBuildTypeManually(CreateBasePage.java:54)\n\tat com.example.teamcity.ui.pages.admin.CreateBuildTypePage.createFormManually(CreateBuildTypePage.java:24)\n\tat com.example.teamcity.ui.CreateBuildTypeTest.userCreatesBuildTypeWithEmptyBuildTypeName(CreateBuildTypeTest.java:138)\n\tat java.base/jdk.internal.reflect.NativeMethodAccessorImpl.invoke0(Native Method)\n\tat java.base/jdk.internal.reflect.NativeMethodAccessorImpl.invoke(NativeMethodAccessorImpl.java:77)\n\tat java.base/jdk.internal.reflect.DelegatingMethodAccessorImpl.invoke(DelegatingMethodAccessorImpl.java:43)\n\tat java.base/java.lang.reflect.Method.invoke(Method.java:569)\n\tat org.testng.internal.invokers.MethodInvocationHelper.invokeMethod(MethodInvocationHelper.java:139)\n\tat org.testng.internal.invokers.TestInvoker.invokeMethod(TestInvoker.java:677)\n\tat org.testng.internal.invokers.TestInvoker.invokeTestMethod(TestInvoker.java:221)\n\tat org.testng.internal.invokers.MethodRunner.runInSequence(MethodRunner.java:50)\n\tat org.testng.internal.invokers.TestInvoker$MethodInvocationAgent.invoke(TestInvoker.java:969)\n\tat org.testng.internal.invokers.TestInvoker.invokeTestMethods(TestInvoker.java:194)\n\tat org.testng.internal.invokers.TestMethodWorker.invokeTestMethods(TestMethodWorker.java:148)\n\tat org.testng.internal.invokers.TestMethodWorker.run(TestMethodWorker.java:128)\n\tat java.base/java.util.ArrayList.forEach(ArrayList.java:1511)\n\tat org.testng.TestRunner.privateRun(TestRunner.java:829)\n\tat org.testng.TestRunner.run(TestRunner.java:602)\n\tat org.testng.SuiteRunner.runTest(SuiteRunner.java:437)\n\tat org.testng.SuiteRunner.runSequentially(SuiteRunner.java:431)\n\tat org.testng.SuiteRunner.privateRun(SuiteRunner.java:391)\n\tat org.testng.SuiteRunner.run(SuiteRunner.java:330)\n\tat org.testng.SuiteRunnerWorker.runSuite(SuiteRunnerWorker.java:52)\n\tat org.testng.SuiteRunnerWorker.run(SuiteRunnerWorker.java:95)\n\tat org.testng.TestNG.runSuitesSequentially(TestNG.java:1256)\n\tat org.testng.TestNG.runSuitesLocally(TestNG.java:1176)\n\tat org.testng.TestNG.runSuites(TestNG.java:1099)\n\tat org.testng.TestNG.run(TestNG.java:1067)\n\tat org.apache.maven.surefire.testng.TestNGExecutor.run(TestNGExecutor.java:135)\n\tat org.apache.maven.surefire.testng.TestNGDirectoryTestSuite.executeMulti(TestNGDirectoryTestSuite.java:193)\n\tat org.apache.maven.surefire.testng.TestNGDirectoryTestSuite.execute(TestNGDirectoryTestSuite.java:94)\n\tat org.apache.maven.surefire.testng.TestNGProvider.invoke(TestNGProvider.java:146)\n\tat org.apache.maven.surefire.booter.ForkedBooter.invokeProviderInSameClassLoader(ForkedBooter.java:384)\n\tat org.apache.maven.surefire.booter.ForkedBooter.runSuitesInProcess(ForkedBooter.java:345)\n\tat org.apache.maven.surefire.booter.ForkedBooter.execute(ForkedBooter.java:126)\n\tat org.apache.maven.surefire.booter.ForkedBooter.main(ForkedBooter.java:418)\nCaused by: org.openqa.selenium.NoSuchElementException: no such element: Unable to locate element: {\"method\":\"css selector\",\"selector\":\"a[data-hint-container-id='create-project']\"}\n  (Session info: chrome=121.0.6167.85)\nFor documentation on this error, please visit: https://www.selenium.dev/documentation/webdriver/troubleshooting/errors#no-such-element-exception\nBuild info: version: '4.13.0', revision: 'ba948ece5b*'\nSystem info: os.name: 'Linux', os.arch: 'amd64', os.version: '6.5.0-1025-azure', java.version: '17.0.13'\nDriver info: org.openqa.selenium.remote.RemoteWebDriver\nCommand: [b6a2921d897dbd676a8a0006518c84a5, findElement {using=css selector, value=a[data-hint-container-id='create-project']}]\nCapabilities {acceptInsecureCerts: true, browserName: chrome, browserVersion: 121.0.6167.85, chrome: {chromedriverVersion: 121.0.6167.85 (3f98d690ad7e..., userDataDir: /tmp/.org.chromium.Chromium...}, fedcm:accounts: true, goog:chromeOptions: {debuggerAddress: localhost:34627}, networkConnectionEnabled: false, pageLoadStrategy: normal, platformName: linux, proxy: Proxy(), se:cdp: ws://localhost:4444/devtool..., se:cdpVersion: 121.0.6167.85, setWindowRect: true, strictFileInteractability: false, timeouts: {implicit: 0, pageLoad: 300000, script: 30000}, unhandledPromptBehavior: accept, webauthn:extension:credBlob: true, webauthn:extension:largeBlob: true, webauthn:extension:minPinLength: true, webauthn:extension:prf: true, webauthn:virtualAuthenticators: true}\nSession ID: b6a2921d897dbd676a8a0006518c84a5\n\tat jdk.internal.reflect.GeneratedConstructorAccessor59.newInstance(Unknown Source)\n\tat java.base/jdk.internal.reflect.DelegatingConstructorAccessorImpl.newInstance(DelegatingConstructorAccessorImpl.java:45)\n\tat java.base/java.lang.reflect.Constructor.newInstanceWithCaller(Constructor.java:500)\n\tat java.base/java.lang.reflect.Constructor.newInstance(Constructor.java:481)\n\tat org.openqa.selenium.remote.codec.w3c.W3CHttpResponseCodec.createException(W3CHttpResponseCodec.java:200)\n\tat org.openqa.selenium.remote.codec.w3c.W3CHttpResponseCodec.decode(W3CHttpResponseCodec.java:133)\n\tat org.openqa.selenium.remote.codec.w3c.W3CHttpResponseCodec.decode(W3CHttpResponseCodec.java:52)\n\tat org.openqa.selenium.remote.HttpCommandExecutor.execute(HttpCommandExecutor.java:191)\n\tat org.openqa.selenium.remote.RemoteWebDriver.execute(RemoteWebDriver.java:602)\n\tat org.openqa.selenium.remote.ElementLocation$ElementFinder$2.findElement(ElementLocation.java:165)\n\tat org.openqa.selenium.remote.ElementLocation.findElement(ElementLocation.java:59)\n\tat org.openqa.selenium.remote.RemoteWebDriver.findElement(RemoteWebDriver.java:359)\n\tat org.openqa.selenium.remote.RemoteWebDriver.findElement(RemoteWebDriver.java:353)\n\tat com.codeborne.selenide.impl.WebElementSelector.findElement(WebElementSelector.java:73)\n\tat com.codeborne.selenide.impl.WebElementSelector.findElement(WebElementSelector.java:46)\n\tat com.codeborne.selenide.impl.WebElementSelector.findElement(WebElementSelector.java:35)\n\tat com.codeborne.selenide.impl.ElementFinder.getWebElement(ElementFinder.java:122)\n\tat com.codeborne.selenide.impl.WebElementSource.checkConditionAndReturnElement(WebElementSource.java:115)\n\t... 43 more\n","steps":[{"name":"Login as a user, create a project and build type","time":{"start":1732662052665,"stop":1732662052665,"duration":0},"status":"passed","steps":[],"attachments":[],"parameters":[],"shouldDisplayMessage":false,"stepsCount":0,"attachmentsCount":0,"hasContent":false},{"name":"Open a login page","time":{"start":1732662052751,"stop":1732662054729,"duration":1978},"status":"passed","steps":[{"name":"$(\"open\") http://172.17.0.1:8111/login.html","time":{"start":1732662052751,"stop":1732662054729,"duration":1978},"status":"passed","steps":[{"name":"$(\"webdriver\") create()","time":{"start":1732662052754,"stop":1732662054017,"duration":1263},"status":"passed","steps":[],"attachments":[],"parameters":[],"shouldDisplayMessage":false,"stepsCount":0,"attachmentsCount":0,"hasContent":false}],"attachments":[],"parameters":[],"shouldDisplayMessage":false,"stepsCount":1,"attachmentsCount":0,"hasContent":true}],"attachments":[],"parameters":[],"shouldDisplayMessage":false,"stepsCount":2,"attachmentsCount":0,"hasContent":true},{"name":"Login as a user","time":{"start":1732662054729,"stop":1732662055278,"duration":549},"status":"passed","steps":[{"name":"$(\"#username\") val(test_HTefHddofu)","time":{"start":1732662054729,"stop":1732662055094,"duration":365},"status":"passed","steps":[],"attachments":[],"parameters":[],"shouldDisplayMessage":false,"stepsCount":0,"attachmentsCount":0,"hasContent":false},{"name":"$(\"#password\") val(test_tFCanAPniF)","time":{"start":1732662055094,"stop":1732662055193,"duration":99},"status":"passed","steps":[],"attachments":[],"parameters":[],"shouldDisplayMessage":false,"stepsCount":0,"attachmentsCount":0,"hasContent":false},{"name":"$(\".loginButton\") click()","time":{"start":1732662055193,"stop":1732662055278,"duration":85},"status":"passed","steps":[],"attachments":[],"parameters":[],"shouldDisplayMessage":false,"stepsCount":0,"attachmentsCount":0,"hasContent":false}],"attachments":[],"parameters":[{"name":"user","value":"User(id=0, username=test_HTefHddofu, password=test_tFCanAPniF, roles=Roles(role=[Role(roleId=SYSTEM_ADMIN, scope=g)]))"}],"shouldDisplayMessage":false,"stepsCount":3,"attachmentsCount":0,"hasContent":true},{"name":"$(\"open\") http://172.17.0.1:8111/admin/createObjectMenu.html?projectId=_Root&showMode=createProjectMenu","time":{"start":1732662055309,"stop":1732662056127,"duration":818},"status":"passed","steps":[],"attachments":[],"parameters":[],"shouldDisplayMessage":false,"stepsCount":0,"attachmentsCount":0,"hasContent":false},{"name":"$(\"a[data-hint-container-id='create-project']\") should be(visible)","time":{"start":1732662056128,"stop":1732662056296,"duration":168},"status":"passed","steps":[],"attachments":[],"parameters":[],"shouldDisplayMessage":false,"stepsCount":0,"attachmentsCount":0,"hasContent":false},{"name":"$(\"a[data-hint-container-id='create-project']\") click()","time":{"start":1732662056296,"stop":1732662056402,"duration":106},"status":"passed","steps":[],"attachments":[],"parameters":[],"shouldDisplayMessage":false,"stepsCount":0,"attachmentsCount":0,"hasContent":false},{"name":"$(\"input[id='name']\") val(test_NTEjVrnawu)","time":{"start":1732662056402,"stop":1732662056547,"duration":145},"status":"passed","steps":[],"attachments":[],"parameters":[],"shouldDisplayMessage":false,"stepsCount":0,"attachmentsCount":0,"hasContent":false},{"name":"$(\"#externalId\") val(test_oODStYoOLr)","time":{"start":1732662056547,"stop":1732662056652,"duration":105},"status":"passed","steps":[],"attachments":[],"parameters":[],"shouldDisplayMessage":false,"stepsCount":0,"attachmentsCount":0,"hasContent":false},{"name":"$(\"input[class*='submitButton']\") should be(visible)","time":{"start":1732662056652,"stop":1732662056671,"duration":19},"status":"passed","steps":[],"attachments":[],"parameters":[],"shouldDisplayMessage":false,"stepsCount":0,"attachmentsCount":0,"hasContent":false},{"name":"$(\"input[class*='submitButton']\") click()","time":{"start":1732662056671,"stop":1732662056730,"duration":59},"status":"passed","steps":[],"attachments":[],"parameters":[],"shouldDisplayMessage":false,"stepsCount":0,"attachmentsCount":0,"hasContent":false},{"name":"$(\"#message_projectCreated\") should have(text \"Project \"test_NTEjVrnawu\" has been successfully created. You can now create a build configuration.\")","time":{"start":1732662056730,"stop":1732662057542,"duration":812},"status":"passed","steps":[],"attachments":[],"parameters":[],"shouldDisplayMessage":false,"stepsCount":0,"attachmentsCount":0,"hasContent":false},{"name":"Check number of buildTypes","time":{"start":1732662057602,"stop":1732662057602,"duration":0},"status":"passed","steps":[],"attachments":[],"parameters":[],"shouldDisplayMessage":false,"stepsCount":0,"attachmentsCount":0,"hasContent":false},{"name":"Check that buildType wasn't created with empty buildType name","time":{"start":1732662057618,"stop":1732662057618,"duration":0},"status":"passed","steps":[],"attachments":[],"parameters":[],"shouldDisplayMessage":false,"stepsCount":0,"attachmentsCount":0,"hasContent":false},{"name":"$(\"open\") http://172.17.0.1:8111/admin/createObjectMenu.html?projectId=test_oODStYoOLr&showMode=createBuildTypeMenu","time":{"start":1732662057618,"stop":1732662058168,"duration":550},"status":"passed","steps":[],"attachments":[],"parameters":[],"shouldDisplayMessage":false,"stepsCount":0,"attachmentsCount":0,"hasContent":false},{"name":"$(\"a[data-hint-container-id='create-project']\") should be(visible)","time":{"start":1732662058168,"stop":1732662062649,"duration":4481},"status":"failed","statusMessage":"Element not found {a[data-hint-container-id='create-project']}\nExpected: visible\nScreenshot: file:/home/runner/work/teamcity-testing-framework/teamcity-testing-framework/build/reports/tests/1732662062280.2.png\nPage source: file:/home/runner/work/teamcity-testing-framework/teamcity-testing-framework/build/reports/tests/1732662062280.2.html\nTimeout: 4 s.\nCaused by: NoSuchElementException: no such element: Unable to locate element: {\"method\":\"css selector\",\"selector\":\"a[data-hint-container-id='create-project']\"}","statusTrace":"Element not found {a[data-hint-container-id='create-project']}\nExpected: visible\nScreenshot: file:/home/runner/work/teamcity-testing-framework/teamcity-testing-framework/build/reports/tests/1732662062280.2.png\nPage source: file:/home/runner/work/teamcity-testing-framework/teamcity-testing-framework/build/reports/tests/1732662062280.2.html\nTimeout: 4 s.\nCaused by: NoSuchElementException: no such element: Unable to locate element: {\"method\":\"css selector\",\"selector\":\"a[data-hint-container-id='create-project']\"}\n\tat com.codeborne.selenide.impl.WebElementSource.createElementNotFoundError(WebElementSource.java:90)\n\tat com.codeborne.selenide.impl.ElementFinder.createElementNotFoundError(ElementFinder.java:142)\n\tat com.codeborne.selenide.impl.WebElementSource.handleError(WebElementSource.java:142)\n\tat com.codeborne.selenide.impl.WebElementSource.checkConditionAndReturnElement(WebElementSource.java:126)\n\tat com.codeborne.selenide.impl.WebElementSource.checkCondition(WebElementSource.java:103)\n\tat com.codeborne.selenide.commands.Should.execute(Should.java:30)\n\tat com.codeborne.selenide.commands.Should.execute(Should.java:14)\n\tat com.codeborne.selenide.commands.Commands.execute(Commands.java:162)\n\tat com.codeborne.selenide.impl.SelenideElementProxy.dispatchAndRetry(SelenideElementProxy.java:134)\n\tat com.codeborne.selenide.impl.SelenideElementProxy.invoke(SelenideElementProxy.java:86)\n\tat jdk.proxy2/jdk.proxy2.$Proxy34.shouldBe(Unknown Source)\n\tat com.example.teamcity.ui.pages.admin.CreateBasePage.switchToCreateBuildTypeManually(CreateBasePage.java:54)\n\tat com.example.teamcity.ui.pages.admin.CreateBuildTypePage.createFormManually(CreateBuildTypePage.java:24)\n\tat com.example.teamcity.ui.CreateBuildTypeTest.userCreatesBuildTypeWithEmptyBuildTypeName(CreateBuildTypeTest.java:138)\n\tat java.base/jdk.internal.reflect.NativeMethodAccessorImpl.invoke0(Native Method)\n\tat java.base/jdk.internal.reflect.NativeMethodAccessorImpl.invoke(NativeMethodAccessorImpl.java:77)\n\tat java.base/jdk.internal.reflect.DelegatingMethodAccessorImpl.invoke(DelegatingMethodAccessorImpl.java:43)\n\tat java.base/java.lang.reflect.Method.invoke(Method.java:569)\n\tat org.testng.internal.invokers.MethodInvocationHelper.invokeMethod(MethodInvocationHelper.java:139)\n\tat org.testng.internal.invokers.TestInvoker.invokeMethod(TestInvoker.java:677)\n\tat org.testng.internal.invokers.TestInvoker.invokeTestMethod(TestInvoker.java:221)\n\tat org.testng.internal.invokers.MethodRunner.runInSequence(MethodRunner.java:50)\n\tat org.testng.internal.invokers.TestInvoker$MethodInvocationAgent.invoke(TestInvoker.java:969)\n\tat org.testng.internal.invokers.TestInvoker.invokeTestMethods(TestInvoker.java:194)\n\tat org.testng.internal.invokers.TestMethodWorker.invokeTestMethods(TestMethodWorker.java:148)\n\tat org.testng.internal.invokers.TestMethodWorker.run(TestMethodWorker.java:128)\n\tat java.base/java.util.ArrayList.forEach(ArrayList.java:1511)\n\tat org.testng.TestRunner.privateRun(TestRunner.java:829)\n\tat org.testng.TestRunner.run(TestRunner.java:602)\n\tat org.testng.SuiteRunner.runTest(SuiteRunner.java:437)\n\tat org.testng.SuiteRunner.runSequentially(SuiteRunner.java:431)\n\tat org.testng.SuiteRunner.privateRun(SuiteRunner.java:391)\n\tat org.testng.SuiteRunner.run(SuiteRunner.java:330)\n\tat org.testng.SuiteRunnerWorker.runSuite(SuiteRunnerWorker.java:52)\n\tat org.testng.SuiteRunnerWorker.run(SuiteRunnerWorker.java:95)\n\tat org.testng.TestNG.runSuitesSequentially(TestNG.java:1256)\n\tat org.testng.TestNG.runSuitesLocally(TestNG.java:1176)\n\tat org.testng.TestNG.runSuites(TestNG.java:1099)\n\tat org.testng.TestNG.run(TestNG.java:1067)\n\tat org.apache.maven.surefire.testng.TestNGExecutor.run(TestNGExecutor.java:135)\n\tat org.apache.maven.surefire.testng.TestNGDirectoryTestSuite.executeMulti(TestNGDirectoryTestSuite.java:193)\n\tat org.apache.maven.surefire.testng.TestNGDirectoryTestSuite.execute(TestNGDirectoryTestSuite.java:94)\n\tat org.apache.maven.surefire.testng.TestNGProvider.invoke(TestNGProvider.java:146)\n\tat org.apache.maven.surefire.booter.ForkedBooter.invokeProviderInSameClassLoader(ForkedBooter.java:384)\n\tat org.apache.maven.surefire.booter.ForkedBooter.runSuitesInProcess(ForkedBooter.java:345)\n\tat org.apache.maven.surefire.booter.ForkedBooter.execute(ForkedBooter.java:126)\n\tat org.apache.maven.surefire.booter.ForkedBooter.main(ForkedBooter.java:418)\nCaused by: org.openqa.selenium.NoSuchElementException: no such element: Unable to locate element: {\"method\":\"css selector\",\"selector\":\"a[data-hint-container-id='create-project']\"}\n  (Session info: chrome=121.0.6167.85)\nFor documentation on this error, please visit: https://www.selenium.dev/documentation/webdriver/troubleshooting/errors#no-such-element-exception\nBuild info: version: '4.13.0', revision: 'ba948ece5b*'\nSystem info: os.name: 'Linux', os.arch: 'amd64', os.version: '6.5.0-1025-azure', java.version: '17.0.13'\nDriver info: org.openqa.selenium.remote.RemoteWebDriver\nCommand: [b6a2921d897dbd676a8a0006518c84a5, findElement {using=css selector, value=a[data-hint-container-id='create-project']}]\nCapabilities {acceptInsecureCerts: true, browserName: chrome, browserVersion: 121.0.6167.85, chrome: {chromedriverVersion: 121.0.6167.85 (3f98d690ad7e..., userDataDir: /tmp/.org.chromium.Chromium...}, fedcm:accounts: true, goog:chromeOptions: {debuggerAddress: localhost:34627}, networkConnectionEnabled: false, pageLoadStrategy: normal, platformName: linux, proxy: Proxy(), se:cdp: ws://localhost:4444/devtool..., se:cdpVersion: 121.0.6167.85, setWindowRect: true, strictFileInteractability: false, timeouts: {implicit: 0, pageLoad: 300000, script: 30000}, unhandledPromptBehavior: accept, webauthn:extension:credBlob: true, webauthn:extension:largeBlob: true, webauthn:extension:minPinLength: true, webauthn:extension:prf: true, webauthn:virtualAuthenticators: true}\nSession ID: b6a2921d897dbd676a8a0006518c84a5\n\tat jdk.internal.reflect.GeneratedConstructorAccessor59.newInstance(Unknown Source)\n\tat java.base/jdk.internal.reflect.DelegatingConstructorAccessorImpl.newInstance(DelegatingConstructorAccessorImpl.java:45)\n\tat java.base/java.lang.reflect.Constructor.newInstanceWithCaller(Constructor.java:500)\n\tat java.base/java.lang.reflect.Constructor.newInstance(Constructor.java:481)\n\tat org.openqa.selenium.remote.codec.w3c.W3CHttpResponseCodec.createException(W3CHttpResponseCodec.java:200)\n\tat org.openqa.selenium.remote.codec.w3c.W3CHttpResponseCodec.decode(W3CHttpResponseCodec.java:133)\n\tat org.openqa.selenium.remote.codec.w3c.W3CHttpResponseCodec.decode(W3CHttpResponseCodec.java:52)\n\tat org.openqa.selenium.remote.HttpCommandExecutor.execute(HttpCommandExecutor.java:191)\n\tat org.openqa.selenium.remote.RemoteWebDriver.execute(RemoteWebDriver.java:602)\n\tat org.openqa.selenium.remote.ElementLocation$ElementFinder$2.findElement(ElementLocation.java:165)\n\tat org.openqa.selenium.remote.ElementLocation.findElement(ElementLocation.java:59)\n\tat org.openqa.selenium.remote.RemoteWebDriver.findElement(RemoteWebDriver.java:359)\n\tat org.openqa.selenium.remote.RemoteWebDriver.findElement(RemoteWebDriver.java:353)\n\tat com.codeborne.selenide.impl.WebElementSelector.findElement(WebElementSelector.java:73)\n\tat com.codeborne.selenide.impl.WebElementSelector.findElement(WebElementSelector.java:46)\n\tat com.codeborne.selenide.impl.WebElementSelector.findElement(WebElementSelector.java:35)\n\tat com.codeborne.selenide.impl.ElementFinder.getWebElement(ElementFinder.java:122)\n\tat com.codeborne.selenide.impl.WebElementSource.checkConditionAndReturnElement(WebElementSource.java:115)\n\t... 43 more\n","steps":[],"attachments":[{"uid":"e9d458fd4f7bb967","name":"Screenshot","source":"e9d458fd4f7bb967.png","type":"image/png","size":91561},{"uid":"e1cc8d406925e10d","name":"Page source","source":"e1cc8d406925e10d.html","type":"text/html","size":216388}],"parameters":[],"shouldDisplayMessage":true,"stepsCount":0,"attachmentsCount":2,"hasContent":true}],"attachments":[{"uid":"e466b3c4e7953b3b","name":"Request","source":"e466b3c4e7953b3b.html","type":"text/html","size":1351},{"uid":"5c992b8169bb5e93","name":"HTTP/1.1 200 ","source":"5c992b8169bb5e93.html","type":"text/html","size":2124},{"uid":"2aaf5cfa48b04b09","name":"Request","source":"2aaf5cfa48b04b09.html","type":"text/html","size":1165},{"uid":"73609ea551a6cd90","name":"HTTP/1.1 200 ","source":"73609ea551a6cd90.html","type":"text/html","size":2270},{"uid":"463c2a1cb198d7b6","name":"Request","source":"463c2a1cb198d7b6.html","type":"text/html","size":614},{"uid":"510755dd3731d93b","name":"HTTP/1.1 200 ","source":"510755dd3731d93b.html","type":"text/html","size":2270},{"uid":"b0fa6caa2472dfd4","name":"Request","source":"b0fa6caa2472dfd4.html","type":"text/html","size":1599},{"uid":"9f238e2e408f5b12","name":"HTTP/1.1 200 ","source":"9f238e2e408f5b12.html","type":"text/html","size":3000},{"uid":"d56a41c2d6411f29","name":"Request","source":"d56a41c2d6411f29.html","type":"text/html","size":574},{"uid":"a443b4fbda2ac9fd","name":"HTTP/1.1 200 ","source":"a443b4fbda2ac9fd.html","type":"text/html","size":1170}],"parameters":[],"shouldDisplayMessage":false,"stepsCount":20,"attachmentsCount":12,"hasContent":true},"afterStages":[{"name":"closeWebDriver","time":{"start":1732662062653,"stop":1732662062706,"duration":53},"description":"","status":"passed","steps":[{"name":"$(\"webdriver\") close()","time":{"start":1732662062653,"stop":1732662062706,"duration":53},"status":"passed","steps":[],"attachments":[],"parameters":[],"shouldDisplayMessage":false,"stepsCount":0,"attachmentsCount":0,"hasContent":false}],"attachments":[],"parameters":[],"shouldDisplayMessage":false,"stepsCount":1,"attachmentsCount":0,"hasContent":true},{"name":"afterTest","time":{"start":1732662062709,"stop":1732662062804,"duration":95},"description":"","status":"passed","steps":[],"attachments":[{"uid":"f584a6bf399a17c1","name":"Request","source":"f584a6bf399a17c1.html","type":"text/html","size":610},{"uid":"c56c47717a039edb","name":"HTTP/1.1 204 ","source":"c56c47717a039edb.html","type":"text/html","size":478},{"uid":"3928b6f7600983cd","name":"Request","source":"3928b6f7600983cd.html","type":"text/html","size":606},{"uid":"3e5f4b1ef049f58b","name":"HTTP/1.1 204 ","source":"3e5f4b1ef049f58b.html","type":"text/html","size":478},{"uid":"8f19f953639ab89a","name":"Request","source":"8f19f953639ab89a.html","type":"text/html","size":572},{"uid":"ccb18d473177fd75","name":"HTTP/1.1 404 ","source":"ccb18d473177fd75.html","type":"text/html","size":823}],"parameters":[],"shouldDisplayMessage":false,"stepsCount":0,"attachmentsCount":6,"hasContent":true}],"labels":[{"name":"package","value":"com.example.teamcity.ui.CreateBuildTypeTest"},{"name":"testClass","value":"com.example.teamcity.ui.CreateBuildTypeTest"},{"name":"testMethod","value":"userCreatesBuildTypeWithEmptyBuildTypeName"},{"name":"parentSuite","value":"Surefire suite"},{"name":"suite","value":"Surefire test"},{"name":"subSuite","value":"com.example.teamcity.ui.CreateBuildTypeTest"},{"name":"host","value":"fv-az730-633"},{"name":"thread","value":"4304@fv-az730-633.main(1)"},{"name":"framework","value":"testng"},{"name":"language","value":"java"},{"name":"resultFormat","value":"allure2"}],"parameters":[],"links":[],"hidden":false,"retry":false,"extra":{"severity":"normal","retries":[],"categories":[{"name":"Product defects","matchedStatuses":[],"flaky":false}],"history":{"statistic":{"failed":3,"broken":7,"skipped":0,"passed":1,"unknown":0,"total":11},"items":[{"uid":"f6d4f45521385d07","reportUrl":"https://malashko-kristina.github.io/teamcity-testing-framework/ui/42//#testresult/f6d4f45521385d07","status":"passed","time":{"start":1732661009817,"stop":1732661017044,"duration":7227}},{"uid":"32307d88b488e02a","reportUrl":"https://malashko-kristina.github.io/teamcity-testing-framework/ui/41//#testresult/32307d88b488e02a","status":"failed","statusDetails":"Element not found {a[data-hint-container-id='create-project']}\nExpected: clickable: interactable and enabled\nScreenshot: file:/home/runner/work/teamcity-testing-framework/teamcity-testing-framework/build/reports/tests/1732574798246.4.png\nPage source: file:/home/runner/work/teamcity-testing-framework/teamcity-testing-framework/build/reports/tests/1732574798246.4.html\nTimeout: 4 s.\nCaused by: NoSuchElementException: no such element: Unable to locate element: {\"method\":\"css selector\",\"selector\":\"a[data-hint-container-id='create-project']\"}","time":{"start":1732574790988,"stop":1732574798571,"duration":7583}},{"uid":"214bf6405d5eb433","reportUrl":"https://malashko-kristina.github.io/teamcity-testing-framework/ui/40//#testresult/214bf6405d5eb433","status":"failed","statusDetails":"Element not found {a[href = '#createManually']}\nExpected: clickable: interactable and enabled\nScreenshot: file:/home/runner/work/teamcity-testing-framework/teamcity-testing-framework/build/reports/tests/1732572544929.3.png\nPage source: file:/home/runner/work/teamcity-testing-framework/teamcity-testing-framework/build/reports/tests/1732572544929.3.html\nTimeout: 4 s.\nCaused by: NoSuchElementException: no such element: Unable to locate element: {\"method\":\"css selector\",\"selector\":\"a[href = '#createManually']\"}","time":{"start":1732572537276,"stop":1732572545276,"duration":8000}},{"uid":"190df09d21c86bc9","reportUrl":"https://malashko-kristina.github.io/teamcity-testing-framework/ui/39//#testresult/190df09d21c86bc9","status":"broken","statusDetails":"null","time":{"start":1732570193459,"stop":1732570193475,"duration":16}},{"uid":"248ec3a18c6e9e78","reportUrl":"https://malashko-kristina.github.io/teamcity-testing-framework/ui/38//#testresult/248ec3a18c6e9e78","status":"broken","statusDetails":"null","time":{"start":1732569657815,"stop":1732569657831,"duration":16}},{"uid":"6e7bddae30d08998","reportUrl":"https://malashko-kristina.github.io/teamcity-testing-framework/ui/35//#testresult/6e7bddae30d08998","status":"broken","statusDetails":"Connection timed out","time":{"start":1732550701069,"stop":1732550836231,"duration":135162}},{"uid":"ed094074c9d1c10f","reportUrl":"https://malashko-kristina.github.io/teamcity-testing-framework/ui/37//#testresult/ed094074c9d1c10f","status":"broken","statusDetails":"null","time":{"start":1732550569773,"stop":1732550569793,"duration":20}},{"uid":"fd872c2ebcf6da7f","reportUrl":"https://malashko-kristina.github.io/teamcity-testing-framework/ui/36//#testresult/fd872c2ebcf6da7f","status":"broken","statusDetails":"Error at index 4 in: \"8111host=172.17.0.1:8111\"","time":{"start":1732550294216,"stop":1732550294222,"duration":6}},{"uid":"41f4bcdfb44bc120","reportUrl":"https://malashko-kristina.github.io/teamcity-testing-framework/ui/32//#testresult/41f4bcdfb44bc120","status":"broken","statusDetails":"Connection timed out","time":{"start":1732548823625,"stop":1732548958787,"duration":135162}},{"uid":"714de066ba33fa8b","reportUrl":"https://malashko-kristina.github.io/teamcity-testing-framework/ui/34//#testresult/714de066ba33fa8b","status":"broken","statusDetails":"null","time":{"start":1732549020754,"stop":1732549020771,"duration":17}}]},"tags":[]},"source":"789b12dfc88ae1fc.json","parameterValues":[]}